<?xml version="1.0" encoding="utf-8"?>
<ArrayOfSystemRequest>
  <SystemRequest>
    <RequestTime>2017-11-08</RequestTime>
    <Path>/fdr/pages/displayfiles.aspx</Path>
    <User>SARSGOV\s1037927</User>
    <Url>http://localhost/fdr/pages/displayfiles.aspx?submissionId=10039&amp;bck=L2Zkci9wYWdlcy92aWV3c3VibWlzc2lvbnMuYXNweA==</Url>
    <Time>00:00:17 AM +02</Time>
  </SystemRequest>
  <SystemRequest>
    <RequestTime>2017-11-08</RequestTime>
    <Path>/fdr/pages/viewsubmissions.aspx</Path>
    <User>SARSGOV\s1037927</User>
    <Url>http://localhost/fdr/pages/viewsubmissions.aspx</Url>
    <Time>00:00:18 AM +02</Time>
  </SystemRequest>
  <SystemRequest>
    <RequestTime>2017-11-08</RequestTime>
    <Path>/fdr/pages/displayfiles.aspx</Path>
    <User>SARSGOV\s1037927</User>
    <Url>http://localhost/fdr/pages/displayfiles.aspx?submissionId=10039&amp;bck=L2Zkci9wYWdlcy92aWV3c3VibWlzc2lvbnMuYXNweA==</Url>
    <Time>00:00:58 AM +02</Time>
  </SystemRequest>
  <SystemRequest>
    <RequestTime>2017-11-08</RequestTime>
    <Path>/FDR/Default.aspx</Path>
    <User>SARSGOV\s1037927</User>
    <Url>http://localhost/FDR/Default.aspx</Url>
    <Time>00:08:56 AM +02</Time>
  </SystemRequest>
  <SystemRequest>
    <RequestTime>2017-11-08</RequestTime>
    <Path>/FDR/Default.aspx</Path>
    <User>SARSGOV\s1037927</User>
    <Url>http://localhost/FDR/Default.aspx</Url>
    <Time>00:11:24 AM +02</Time>
  </SystemRequest>
  <SystemRequest>
    <RequestTime>2017-11-08</RequestTime>
    <Path>/FDR/Default.aspx</Path>
    <User>SARSGOV\s1037927</User>
    <Url>http://localhost/FDR/Default.aspx</Url>
    <Time>00:14:17 AM +02</Time>
  </SystemRequest>
  <SystemRequest>
    <RequestTime>2017-11-08</RequestTime>
    <Path>/FDR/Default.aspx</Path>
    <User>SARSGOV\s1037927</User>
    <Url>http://localhost/FDR/Default.aspx</Url>
    <Time>00:22:15 AM +02</Time>
  </SystemRequest>
  <SystemRequest>
    <RequestTime>2017-11-08</RequestTime>
    <Path>/FDR/Default.aspx</Path>
    <User>SARSGOV\s1037927</User>
    <Url>http://localhost/FDR/Default.aspx</Url>
    <Time>00:23:05 AM +02</Time>
  </SystemRequest>
  <SystemRequest>
    <RequestTime>2017-11-08</RequestTime>
    <Path>/FDR/Default.aspx</Path>
    <User>SARSGOV\s1037927</User>
    <Url>http://localhost/FDR/Default.aspx</Url>
    <Time>00:26:26 AM +02</Time>
  </SystemRequest>
  <SystemRequest>
    <RequestTime>2017-11-08</RequestTime>
    <Path>/FDR/Default.aspx</Path>
    <User>SARSGOV\s1037927</User>
    <Url>http://localhost/FDR/Default.aspx</Url>
    <Time>00:40:45 AM +02</Time>
  </SystemRequest>
  <SystemRequest>
    <RequestTime>2017-11-08</RequestTime>
    <Path>/FDR/Default.aspx</Path>
    <User>SARSGOV\S1037927</User>
    <Url>http://localhost/FDR/Default.aspx</Url>
    <Time>08:53:47 AM +02</Time>
  </SystemRequest>
  <SystemRequest>
    <RequestTime>2017-11-08</RequestTime>
    <Path>/FDR/Default.aspx</Path>
    <User>SARSGOV\S1037927</User>
    <Url>http://localhost/FDR/Default.aspx</Url>
    <Time>08:54:33 AM +02</Time>
  </SystemRequest>
  <SystemRequest>
    <RequestTime>2017-11-08</RequestTime>
    <Path>/FDR/Default.aspx</Path>
    <User>SARSGOV\S1037927</User>
    <Url>http://localhost/FDR/Default.aspx</Url>
    <Time>08:54:45 AM +02</Time>
  </SystemRequest>
  <SystemRequest>
    <RequestTime>2017-11-08</RequestTime>
    <Path>/FDR/Default.aspx</Path>
    <User>SARSGOV\S1037927</User>
    <Url>http://localhost/FDR/Default.aspx</Url>
    <Time>08:56:04 AM +02</Time>
  </SystemRequest>
  <SystemRequest>
    <RequestTime>2017-11-08</RequestTime>
    <Path>/FDR/Default.aspx</Path>
    <User>SARSGOV\S1037927</User>
    <Url>http://localhost/FDR/Default.aspx</Url>
    <Time>08:56:36 AM +02</Time>
  </SystemRequest>
  <SystemRequest>
    <RequestTime>2017-11-08</RequestTime>
    <Path>/FDR/Default.aspx</Path>
    <User>SARSGOV\S1037927</User>
    <Url>http://localhost/FDR/Default.aspx</Url>
    <Time>08:59:44 AM +02</Time>
  </SystemRequest>
  <SystemRequest>
    <RequestTime>2017-11-08</RequestTime>
    <Path>/FDR/Default.aspx</Path>
    <User>SARSGOV\S1037927</User>
    <Url>http://localhost/FDR/Default.aspx</Url>
    <Time>10:34:01 AM +02</Time>
  </SystemRequest>
  <SystemRequest>
    <RequestTime>2017-11-08</RequestTime>
    <Path>/FDR/Default.aspx</Path>
    <User>SARSGOV\S1037927</User>
    <Url>http://localhost/FDR/Default.aspx</Url>
    <Time>10:35:37 AM +02</Time>
  </SystemRequest>
  <SystemRequest>
    <RequestTime>2017-11-08</RequestTime>
    <Path>/FDR/Default.aspx</Path>
    <User>SARSGOV\S1037927</User>
    <Url>http://localhost/FDR/Default.aspx</Url>
    <Time>10:50:58 AM +02</Time>
  </SystemRequest>
  <SystemRequest>
    <RequestTime>2017-11-08</RequestTime>
    <Path>/FDR/Default.aspx</Path>
    <User>SARSGOV\S1037927</User>
    <Url>http://localhost/FDR/Default.aspx</Url>
    <Time>11:15:51 AM +02</Time>
  </SystemRequest>
  <SystemRequest>
    <RequestTime>2017-11-08</RequestTime>
    <Path>/FDR/Default.aspx</Path>
    <User>SARSGOV\S1037927</User>
    <Url>http://localhost/FDR/Default.aspx</Url>
    <Time>11:48:46 AM +02</Time>
  </SystemRequest>
  <SystemRequest>
    <RequestTime>2017-11-08</RequestTime>
    <Path>/FDR/Default.aspx</Path>
    <User>SARSGOV\S1037927</User>
    <Url>http://localhost/FDR/Default.aspx</Url>
    <Time>12:09:24 PM +02</Time>
  </SystemRequest>
  <SystemRequest>
    <RequestTime>2017-11-08</RequestTime>
    <Path>/FDR/Default.aspx</Path>
    <User>SARSGOV\S1037927</User>
    <Url>http://localhost/FDR/Default.aspx</Url>
    <Time>15:19:55 PM +02</Time>
  </SystemRequest>
  <SystemRequest>
    <RequestTime>2017-11-08</RequestTime>
    <Path>/fdr/pages/viewedincomingcbcdeclataions.aspx</Path>
    <User>SARSGOV\S1037927</User>
    <Url>http://localhost/fdr/pages/viewedincomingcbcdeclataions.aspx</Url>
    <Time>15:20:13 PM +02</Time>
  </SystemRequest>
  <SystemRequest>
    <RequestTime>2017-11-08</RequestTime>
    <Path>/fdr/pages/viewedincomingcbcdeclataions.aspx</Path>
    <User>SARSGOV\S1037927</User>
    <Url>http://localhost/fdr/pages/viewedincomingcbcdeclataions.aspx</Url>
    <Time>15:20:18 PM +02</Time>
  </SystemRequest>
  <SystemRequest>
    <RequestTime>2017-11-08</RequestTime>
    <Path>/FDR/pages/cbcForm.aspx</Path>
    <User>SARSGOV\S1037927</User>
    <Url>http://localhost/FDR/pages/cbcForm.aspx?refno=9428429840&amp;year=2018</Url>
    <Time>15:20:18 PM +02</Time>
  </SystemRequest>
  <SystemRequest>
    <RequestTime>2017-11-08</RequestTime>
    <Path>/FDR/mnelistservice.asmx/GetCBCDataByTaxRefNo</Path>
    <User>SARSGOV\S1037927</User>
    <Url>http://localhost/FDR/mnelistservice.asmx/GetCBCDataByTaxRefNo</Url>
    <Time>15:20:19 PM +02</Time>
  </SystemRequest>
  <SystemRequest>
    <RequestTime>2017-11-08</RequestTime>
    <Path>/fdr/pages/viewedincomingcbcdeclataions.aspx</Path>
    <User>SARSGOV\S1037927</User>
    <Url>http://localhost/fdr/pages/viewedincomingcbcdeclataions.aspx</Url>
    <Time>15:20:25 PM +02</Time>
  </SystemRequest>
  <SystemRequest>
    <RequestTime>2017-11-08</RequestTime>
    <Path>/FDR/pages/cbcForm.aspx</Path>
    <User>SARSGOV\S1037927</User>
    <Url>http://localhost/FDR/pages/cbcForm.aspx?refno=9691167143&amp;year=2017</Url>
    <Time>15:20:25 PM +02</Time>
  </SystemRequest>
  <SystemRequest>
    <RequestTime>2017-11-08</RequestTime>
    <Path>/FDR/mnelistservice.asmx/GetCBCDataByTaxRefNo</Path>
    <User>SARSGOV\S1037927</User>
    <Url>http://localhost/FDR/mnelistservice.asmx/GetCBCDataByTaxRefNo</Url>
    <Time>15:20:26 PM +02</Time>
  </SystemRequest>
  <SystemRequest>
    <RequestTime>2017-11-08</RequestTime>
    <Path>/FDR/Default.aspx</Path>
    <User>SARSGOV\S1037927</User>
    <Url>http://localhost/FDR/Default.aspx</Url>
    <Time>15:20:55 PM +02</Time>
  </SystemRequest>
  <SystemRequest>
    <RequestTime>2017-11-08</RequestTime>
    <Path>/fdr/pages/viewedincomingcbcdeclataions.aspx</Path>
    <User>SARSGOV\S1037927</User>
    <Url>http://localhost/fdr/pages/viewedincomingcbcdeclataions.aspx</Url>
    <Time>15:20:59 PM +02</Time>
  </SystemRequest>
  <SystemRequest>
    <RequestTime>2017-11-08</RequestTime>
    <Path>/fdr/pages/viewedincomingcbcdeclataions.aspx</Path>
    <User>SARSGOV\S1037927</User>
    <Url>http://localhost/fdr/pages/viewedincomingcbcdeclataions.aspx</Url>
    <Time>15:21:04 PM +02</Time>
  </SystemRequest>
  <SystemRequest>
    <RequestTime>2017-11-08</RequestTime>
    <Path>/FDR/pages/cbcForm.aspx</Path>
    <User>SARSGOV\S1037927</User>
    <Url>http://localhost/FDR/pages/cbcForm.aspx?refno=9691167143&amp;year=2016</Url>
    <Time>15:21:04 PM +02</Time>
  </SystemRequest>
  <SystemRequest>
    <RequestTime>2017-11-08</RequestTime>
    <Path>/FDR/mnelistservice.asmx/GetCBCDataByTaxRefNo</Path>
    <User>SARSGOV\S1037927</User>
    <Url>http://localhost/FDR/mnelistservice.asmx/GetCBCDataByTaxRefNo</Url>
    <Time>15:21:05 PM +02</Time>
  </SystemRequest>
  <SystemRequest>
    <RequestTime>2017-11-08</RequestTime>
    <Path>/FDR/Default.aspx</Path>
    <User>SARSGOV\S1037927</User>
    <Url>http://localhost/FDR/Default.aspx</Url>
    <Time>15:21:46 PM +02</Time>
  </SystemRequest>
  <SystemRequest>
    <RequestTime>2017-11-08</RequestTime>
    <Path>/FDR/Default.aspx</Path>
    <User>SARSGOV\S1037927</User>
    <Url>http://localhost/FDR/Default.aspx</Url>
    <Time>15:21:48 PM +02</Time>
  </SystemRequest>
  <SystemRequest>
    <RequestTime>2017-11-08</RequestTime>
    <Path>/FDR/Default.aspx</Path>
    <User>SARSGOV\S1037927</User>
    <Url>http://localhost/FDR/Default.aspx</Url>
    <Time>16:58:11 PM +02</Time>
  </SystemRequest>
  <SystemRequest>
    <RequestTime>2017-11-08</RequestTime>
    <Path>/fdr/pages/enquiremasterandlocalfiles.aspx</Path>
    <User>SARSGOV\S1037927</User>
    <Url>http://localhost/fdr/pages/enquiremasterandlocalfiles.aspx</Url>
    <Time>17:04:54 PM +02</Time>
  </SystemRequest>
  <SystemRequest>
    <RequestTime>2017-11-08</RequestTime>
    <Path>/fdr/pages/incomingcbcdeclataions.aspx</Path>
    <User>SARSGOV\S1037927</User>
    <Url>http://localhost/fdr/pages/incomingcbcdeclataions.aspx</Url>
    <Time>17:05:00 PM +02</Time>
  </SystemRequest>
  <SystemRequest>
    <RequestTime>2017-11-08</RequestTime>
    <Path>/fdr/pages/viewedincomingcbcdeclataions.aspx</Path>
    <User>SARSGOV\S1037927</User>
    <Url>http://localhost/fdr/pages/viewedincomingcbcdeclataions.aspx</Url>
    <Time>17:05:03 PM +02</Time>
  </SystemRequest>
  <SystemRequest>
    <RequestTime>2017-11-08</RequestTime>
    <Path>/fdr/pages/viewedincomingcbcdeclataions.aspx</Path>
    <User>SARSGOV\S1037927</User>
    <Url>http://localhost/fdr/pages/viewedincomingcbcdeclataions.aspx</Url>
    <Time>17:05:07 PM +02</Time>
  </SystemRequest>
  <SystemRequest>
    <RequestTime>2017-11-08</RequestTime>
    <Path>/FDR/pages/cbcForm.aspx</Path>
    <User>SARSGOV\S1037927</User>
    <Url>http://localhost/FDR/pages/cbcForm.aspx?refno=9844817149&amp;year=2017</Url>
    <Time>17:05:07 PM +02</Time>
  </SystemRequest>
  <SystemRequest>
    <RequestTime>2017-11-08</RequestTime>
    <Path>/FDR/mnelistservice.asmx/GetCBCDataByTaxRefNo</Path>
    <User>SARSGOV\S1037927</User>
    <Url>http://localhost/FDR/mnelistservice.asmx/GetCBCDataByTaxRefNo</Url>
    <Time>17:05:08 PM +02</Time>
  </SystemRequest>
  <SystemRequest>
    <RequestTime>2017-11-08</RequestTime>
    <Path>/FDR/Default.aspx</Path>
    <User>SARSGOV\S1037927</User>
    <Url>http://localhost/FDR/Default.aspx</Url>
    <Time>17:07:06 PM +02</Time>
  </SystemRequest>
  <SystemRequest>
    <RequestTime>2017-11-08</RequestTime>
    <Path>/FDR/Default.aspx</Path>
    <User>SARSGOV\S1037927</User>
    <Url>http://localhost/FDR/Default.aspx</Url>
    <Time>17:07:45 PM +02</Time>
  </SystemRequest>
  <SystemRequest>
    <RequestTime>2017-11-08</RequestTime>
    <Path>/FDR/Default.aspx</Path>
    <User>SARSGOV\S1037927</User>
    <Url>http://localhost/FDR/Default.aspx</Url>
    <Time>17:07:56 PM +02</Time>
  </SystemRequest>
  <SystemRequest>
    <RequestTime>2017-11-08</RequestTime>
    <Path>/fdr/pages/viewsubmissions.aspx</Path>
    <User>SARSGOV\S1037927</User>
    <Url>http://localhost/fdr/pages/viewsubmissions.aspx</Url>
    <Time>17:08:08 PM +02</Time>
  </SystemRequest>
  <SystemRequest>
    <RequestTime>2017-11-08</RequestTime>
    <Path>/fdr/pages/inprogress.aspx</Path>
    <User>SARSGOV\S1037927</User>
    <Url>http://localhost/fdr/pages/inprogress.aspx</Url>
    <Time>17:08:11 PM +02</Time>
  </SystemRequest>
  <SystemRequest>
    <RequestTime>2017-11-08</RequestTime>
    <Path>/fdr/pages/inprogress.aspx</Path>
    <User>SARSGOV\S1037927</User>
    <Url>http://localhost/fdr/pages/inprogress.aspx</Url>
    <Time>17:08:13 PM +02</Time>
  </SystemRequest>
  <SystemRequest>
    <RequestTime>2017-11-08</RequestTime>
    <Path>/fdr/pages/displayfiles.aspx</Path>
    <User>SARSGOV\S1037927</User>
    <Url>http://localhost/fdr/pages/displayfiles.aspx?submissionId=10052&amp;bck=L2Zkci9wYWdlcy9pbnByb2dyZXNzLmFzcHg=</Url>
    <Time>17:08:13 PM +02</Time>
  </SystemRequest>
  <SystemRequest>
    <RequestTime>2017-11-08</RequestTime>
    <Path>/fdr/Default.aspx</Path>
    <User>SARSGOV\S1037927</User>
    <Url>http://localhost/fdr/Default.aspx</Url>
    <Time>17:08:17 PM +02</Time>
  </SystemRequest>
  <SystemRequest>
    <RequestTime>2017-11-08</RequestTime>
    <Path>/FDR/Default.aspx</Path>
    <User>SARSGOV\S1037927</User>
    <Url>http://localhost/FDR/Default.aspx</Url>
    <Time>17:13:35 PM +02</Time>
  </SystemRequest>
  <SystemRequest>
    <RequestTime>2017-11-08</RequestTime>
    <Path>/FDR/Default.aspx</Path>
    <User>SARSGOV\S1037927</User>
    <Url>http://localhost/FDR/Default.aspx</Url>
    <Time>17:25:25 PM +02</Time>
  </SystemRequest>
  <SystemRequest>
    <RequestTime>2017-11-08</RequestTime>
    <Path>/fdr/pages/enquiremasterandlocalfiles.aspx</Path>
    <User>SARSGOV\S1037927</User>
    <Url>http://localhost/fdr/pages/enquiremasterandlocalfiles.aspx</Url>
    <Time>17:25:44 PM +02</Time>
  </SystemRequest>
  <SystemRequest>
    <RequestTime>2017-11-08</RequestTime>
    <Path>/fdr/pages/enquiremasterandlocalfiles.aspx</Path>
    <User>SARSGOV\S1037927</User>
    <Url>http://localhost/fdr/pages/enquiremasterandlocalfiles.aspx</Url>
    <Time>17:25:47 PM +02</Time>
  </SystemRequest>
  <SystemRequest>
    <RequestTime>2017-11-08</RequestTime>
    <Path>/fdr/pages/displayfiles.aspx</Path>
    <User>SARSGOV\S1037927</User>
    <Url>http://localhost/fdr/pages/displayfiles.aspx?submissionId=10049&amp;bck=L2Zkci9wYWdlcy9lbnF1aXJlbWFzdGVyYW5kbG9jYWxmaWxlcy5hc3B4</Url>
    <Time>17:25:47 PM +02</Time>
  </SystemRequest>
  <SystemRequest>
    <RequestTime>2017-11-08</RequestTime>
    <Path>/fdr/pages/viewsubmissions.aspx</Path>
    <User>SARSGOV\S1037927</User>
    <Url>http://localhost/fdr/pages/viewsubmissions.aspx</Url>
    <Time>17:25:59 PM +02</Time>
  </SystemRequest>
  <SystemRequest>
    <RequestTime>2017-11-08</RequestTime>
    <Path>/fdr/pages/viewsubmissions.aspx</Path>
    <User>SARSGOV\S1037927</User>
    <Url>http://localhost/fdr/pages/viewsubmissions.aspx</Url>
    <Time>17:26:01 PM +02</Time>
  </SystemRequest>
  <SystemRequest>
    <RequestTime>2017-11-08</RequestTime>
    <Path>/fdr/pages/displayfiles.aspx</Path>
    <User>SARSGOV\S1037927</User>
    <Url>http://localhost/fdr/pages/displayfiles.aspx?submissionId=10035&amp;bck=L2Zkci9wYWdlcy92aWV3c3VibWlzc2lvbnMuYXNweA==</Url>
    <Time>17:26:01 PM +02</Time>
  </SystemRequest>
  <SystemRequest>
    <RequestTime>2017-11-08</RequestTime>
    <Path>/fdr/pages/displayfiles.aspx</Path>
    <User>SARSGOV\S1037927</User>
    <Url>http://localhost/fdr/pages/displayfiles.aspx?submissionId=10035&amp;bck=L2Zkci9wYWdlcy92aWV3c3VibWlzc2lvbnMuYXNweA==</Url>
    <Time>17:26:10 PM +02</Time>
  </SystemRequest>
  <SystemRequest>
    <RequestTime>2017-11-08</RequestTime>
    <Path>/FDR/Default.aspx</Path>
    <User>SARSGOV\S1037927</User>
    <Url>http://localhost/FDR/Default.aspx</Url>
    <Time>17:28:17 PM +02</Time>
  </SystemRequest>
  <SystemRequest>
    <RequestTime>2017-11-08</RequestTime>
    <Path>/fdr/pages/viewedincomingcbcdeclataions.aspx</Path>
    <User>SARSGOV\S1037927</User>
    <Url>http://localhost/fdr/pages/viewedincomingcbcdeclataions.aspx</Url>
    <Time>17:28:27 PM +02</Time>
  </SystemRequest>
  <SystemRequest>
    <RequestTime>2017-11-08</RequestTime>
    <Path>/fdr/pages/enquiremasterandlocalfiles.aspx</Path>
    <User>SARSGOV\S1037927</User>
    <Url>http://localhost/fdr/pages/enquiremasterandlocalfiles.aspx</Url>
    <Time>17:28:30 PM +02</Time>
  </SystemRequest>
  <SystemRequest>
    <RequestTime>2017-11-08</RequestTime>
    <Path>/fdr/pages/viewsubmissions.aspx</Path>
    <User>SARSGOV\S1037927</User>
    <Url>http://localhost/fdr/pages/viewsubmissions.aspx</Url>
    <Time>17:28:33 PM +02</Time>
  </SystemRequest>
  <SystemRequest>
    <RequestTime>2017-11-08</RequestTime>
    <Path>/fdr/pages/viewsubmissions.aspx</Path>
    <User>SARSGOV\S1037927</User>
    <Url>http://localhost/fdr/pages/viewsubmissions.aspx</Url>
    <Time>17:28:35 PM +02</Time>
  </SystemRequest>
  <SystemRequest>
    <RequestTime>2017-11-08</RequestTime>
    <Path>/fdr/pages/displayfiles.aspx</Path>
    <User>SARSGOV\S1037927</User>
    <Url>http://localhost/fdr/pages/displayfiles.aspx?submissionId=10026&amp;bck=L2Zkci9wYWdlcy92aWV3c3VibWlzc2lvbnMuYXNweA==</Url>
    <Time>17:28:35 PM +02</Time>
  </SystemRequest>
  <SystemRequest>
    <RequestTime>2017-11-08</RequestTime>
    <Path>/fdr/pages/displayfiles.aspx</Path>
    <User>SARSGOV\S1037927</User>
    <Url>http://localhost/fdr/pages/displayfiles.aspx?submissionId=10026&amp;bck=L2Zkci9wYWdlcy92aWV3c3VibWlzc2lvbnMuYXNweA==</Url>
    <Time>17:28:42 PM +02</Time>
  </SystemRequest>
  <SystemRequest>
    <RequestTime>2017-11-08</RequestTime>
    <Path>/fdr/Default.aspx</Path>
    <User>SARSGOV\S1037927</User>
    <Url>http://localhost/fdr/Default.aspx</Url>
    <Time>17:30:54 PM +02</Time>
  </SystemRequest>
  <SystemRequest>
    <RequestTime>2017-11-08</RequestTime>
    <Path>/FDR/Default.aspx</Path>
    <User>SARSGOV\S1037927</User>
    <Url>http://localhost/FDR/Default.aspx</Url>
    <Time>17:44:32 PM +02</Time>
  </SystemRequest>
  <SystemRequest>
    <RequestTime>2017-11-08</RequestTime>
    <Path>/FDR/Default.aspx</Path>
    <User>SARSGOV\S1037927</User>
    <Url>http://localhost/FDR/Default.aspx</Url>
    <Time>17:44:52 PM +02</Time>
  </SystemRequest>
  <SystemRequest>
    <RequestTime>2017-11-08</RequestTime>
    <Path>/fdr/pages/viewsubmissions.aspx</Path>
    <User>SARSGOV\S1037927</User>
    <Url>http://localhost/fdr/pages/viewsubmissions.aspx</Url>
    <Time>17:44:56 PM +02</Time>
  </SystemRequest>
  <SystemRequest>
    <RequestTime>2017-11-08</RequestTime>
    <Path>/fdr/pages/viewsubmissions.aspx</Path>
    <User>SARSGOV\S1037927</User>
    <Url>http://localhost/fdr/pages/viewsubmissions.aspx</Url>
    <Time>17:44:59 PM +02</Time>
  </SystemRequest>
  <SystemRequest>
    <RequestTime>2017-11-08</RequestTime>
    <Path>/fdr/pages/displayfiles.aspx</Path>
    <User>SARSGOV\S1037927</User>
    <Url>http://localhost/fdr/pages/displayfiles.aspx?submissionId=10023&amp;bck=L2Zkci9wYWdlcy92aWV3c3VibWlzc2lvbnMuYXNweA==</Url>
    <Time>17:44:59 PM +02</Time>
  </SystemRequest>
  <SystemRequest>
    <RequestTime>2017-11-08</RequestTime>
    <Path>/fdr/pages/inprogress.aspx</Path>
    <User>SARSGOV\S1037927</User>
    <Url>http://localhost/fdr/pages/inprogress.aspx</Url>
    <Time>17:45:02 PM +02</Time>
  </SystemRequest>
  <SystemRequest>
    <RequestTime>2017-11-08</RequestTime>
    <Path>/fdr/pages/acceptedsubmissions.aspx</Path>
    <User>SARSGOV\S1037927</User>
    <Url>http://localhost/fdr/pages/acceptedsubmissions.aspx</Url>
    <Time>17:45:04 PM +02</Time>
  </SystemRequest>
  <SystemRequest>
    <RequestTime>2017-11-08</RequestTime>
    <Path>/fdr/pages/acceptedwithwarnings.aspx</Path>
    <User>SARSGOV\S1037927</User>
    <Url>http://localhost/fdr/pages/acceptedwithwarnings.aspx</Url>
    <Time>17:45:05 PM +02</Time>
  </SystemRequest>
  <SystemRequest>
    <RequestTime>2017-11-08</RequestTime>
    <Path>/fdr/pages/inprogress.aspx</Path>
    <User>SARSGOV\S1037927</User>
    <Url>http://localhost/fdr/pages/inprogress.aspx</Url>
    <Time>17:45:10 PM +02</Time>
  </SystemRequest>
  <SystemRequest>
    <RequestTime>2017-11-08</RequestTime>
    <Path>/fdr/pages/inprogress.aspx</Path>
    <User>SARSGOV\S1037927</User>
    <Url>http://localhost/fdr/pages/inprogress.aspx</Url>
    <Time>17:45:11 PM +02</Time>
  </SystemRequest>
  <SystemRequest>
    <RequestTime>2017-11-08</RequestTime>
    <Path>/fdr/pages/displayfiles.aspx</Path>
    <User>SARSGOV\S1037927</User>
    <Url>http://localhost/fdr/pages/displayfiles.aspx?submissionId=10052&amp;bck=L2Zkci9wYWdlcy9pbnByb2dyZXNzLmFzcHg=</Url>
    <Time>17:45:11 PM +02</Time>
  </SystemRequest>
  <SystemRequest>
    <RequestTime>2017-11-08</RequestTime>
    <Path>/fdr/pages/displayfiles.aspx</Path>
    <User>SARSGOV\S1037927</User>
    <Url>http://localhost/fdr/pages/displayfiles.aspx?submissionId=10052&amp;bck=L2Zkci9wYWdlcy9pbnByb2dyZXNzLmFzcHg=</Url>
    <Time>17:45:23 PM +02</Time>
  </SystemRequest>
  <SystemRequest>
    <RequestTime>2017-11-08</RequestTime>
    <Path>/fdr/pages/displayfiles.aspx</Path>
    <User>SARSGOV\S1037927</User>
    <Url>http://localhost/fdr/pages/displayfiles.aspx?submissionId=10052&amp;bck=L2Zkci9wYWdlcy9pbnByb2dyZXNzLmFzcHg=</Url>
    <Time>17:45:34 PM +02</Time>
  </SystemRequest>
  <SystemRequest>
    <RequestTime>2017-11-08</RequestTime>
    <Path>/FDR/Default.aspx</Path>
    <User>SARSGOV\S1037927</User>
    <Url>http://localhost/FDR/Default.aspx</Url>
    <Time>17:46:15 PM +02</Time>
  </SystemRequest>
  <SystemRequest>
    <RequestTime>2017-11-08</RequestTime>
    <Path>/fdr/pages/viewsubmissions.aspx</Path>
    <User>SARSGOV\S1037927</User>
    <Url>http://localhost/fdr/pages/viewsubmissions.aspx</Url>
    <Time>17:46:20 PM +02</Time>
  </SystemRequest>
  <SystemRequest>
    <RequestTime>2017-11-08</RequestTime>
    <Path>/fdr/pages/viewsubmissions.aspx</Path>
    <User>SARSGOV\S1037927</User>
    <Url>http://localhost/fdr/pages/viewsubmissions.aspx</Url>
    <Time>17:46:26 PM +02</Time>
  </SystemRequest>
  <SystemRequest>
    <RequestTime>2017-11-08</RequestTime>
    <Path>/fdr/pages/displayfiles.aspx</Path>
    <User>SARSGOV\S1037927</User>
    <Url>http://localhost/fdr/pages/displayfiles.aspx?submissionId=10053&amp;bck=L2Zkci9wYWdlcy92aWV3c3VibWlzc2lvbnMuYXNweA==</Url>
    <Time>17:46:26 PM +02</Time>
  </SystemRequest>
  <SystemRequest>
    <RequestTime>2017-11-08</RequestTime>
    <Path>/fdr/pages/displayfiles.aspx</Path>
    <User>SARSGOV\S1037927</User>
    <Url>http://localhost/fdr/pages/displayfiles.aspx?submissionId=10053&amp;bck=L2Zkci9wYWdlcy92aWV3c3VibWlzc2lvbnMuYXNweA==</Url>
    <Time>17:46:35 PM +02</Time>
  </SystemRequest>
  <SystemRequest>
    <RequestTime>2017-11-08</RequestTime>
    <Path>/fdr/Default.aspx</Path>
    <User>SARSGOV\S1037927</User>
    <Url>http://localhost/fdr/Default.aspx</Url>
    <Time>18:02:23 PM +02</Time>
  </SystemRequest>
  <SystemRequest>
    <RequestTime>2017-11-08</RequestTime>
    <Path>/fdr/pages/viewedincomingcbcdeclataions.aspx</Path>
    <User>SARSGOV\S1037927</User>
    <Url>http://localhost/fdr/pages/viewedincomingcbcdeclataions.aspx</Url>
    <Time>18:02:25 PM +02</Time>
  </SystemRequest>
  <SystemRequest>
    <RequestTime>2017-11-08</RequestTime>
    <Path>/fdr/pages/viewedincomingcbcdeclataions.aspx</Path>
    <User>SARSGOV\S1037927</User>
    <Url>http://localhost/fdr/pages/viewedincomingcbcdeclataions.aspx</Url>
    <Time>18:02:28 PM +02</Time>
  </SystemRequest>
  <SystemRequest>
    <RequestTime>2017-11-08</RequestTime>
    <Path>/FDR/pages/cbcForm.aspx</Path>
    <User>SARSGOV\S1037927</User>
    <Url>http://localhost/FDR/pages/cbcForm.aspx?refno=9080191837&amp;year=2018</Url>
    <Time>18:02:28 PM +02</Time>
  </SystemRequest>
  <SystemRequest>
    <RequestTime>2017-11-08</RequestTime>
    <Path>/FDR/Default.aspx</Path>
    <User>SARSGOV\S1037927</User>
    <Url>http://localhost/FDR/Default.aspx</Url>
    <Time>18:02:33 PM +02</Time>
  </SystemRequest>
  <SystemRequest>
    <RequestTime>2017-11-08</RequestTime>
    <Path>/FDR/Default.aspx</Path>
    <User>SARSGOV\S1037927</User>
    <Url>http://localhost/FDR/Default.aspx</Url>
    <Time>18:03:07 PM +02</Time>
  </SystemRequest>
  <SystemRequest>
    <RequestTime>2017-11-08</RequestTime>
    <Path>/fdr/pages/viewedincomingcbcdeclataions.aspx</Path>
    <User>SARSGOV\S1037927</User>
    <Url>http://localhost/fdr/pages/viewedincomingcbcdeclataions.aspx</Url>
    <Time>18:03:11 PM +02</Time>
  </SystemRequest>
  <SystemRequest>
    <RequestTime>2017-11-08</RequestTime>
    <Path>/fdr/pages/viewedincomingcbcdeclataions.aspx</Path>
    <User>SARSGOV\S1037927</User>
    <Url>http://localhost/fdr/pages/viewedincomingcbcdeclataions.aspx</Url>
    <Time>18:03:14 PM +02</Time>
  </SystemRequest>
  <SystemRequest>
    <RequestTime>2017-11-08</RequestTime>
    <Path>/FDR/pages/cbcForm.aspx</Path>
    <User>SARSGOV\S1037927</User>
    <Url>http://localhost/FDR/pages/cbcForm.aspx?refno=9068321141&amp;year=2015</Url>
    <Time>18:03:15 PM +02</Time>
  </SystemRequest>
  <SystemRequest>
    <RequestTime>2017-11-08</RequestTime>
    <Path>/FDR/Default.aspx</Path>
    <User>SARSGOV\S1037927</User>
    <Url>http://localhost/FDR/Default.aspx</Url>
    <Time>18:03:33 PM +02</Time>
  </SystemRequest>
  <SystemRequest>
    <RequestTime>2017-11-08</RequestTime>
    <Path>/fdr/Default.aspx</Path>
    <User>SARSGOV\S1037927</User>
    <Url>http://localhost/fdr/Default.aspx</Url>
    <Time>19:00:00 PM +02</Time>
  </SystemRequest>
  <SystemRequest>
    <RequestTime>2017-11-08</RequestTime>
    <Path>/fdr/pages/enquiremasterandlocalfiles.aspx</Path>
    <User>SARSGOV\S1037927</User>
    <Url>http://localhost/fdr/pages/enquiremasterandlocalfiles.aspx</Url>
    <Time>19:00:03 PM +02</Time>
  </SystemRequest>
  <SystemRequest>
    <RequestTime>2017-11-08</RequestTime>
    <Path>/fdr/pages/enquiremasterandlocalfiles.aspx</Path>
    <User>SARSGOV\S1037927</User>
    <Url>http://localhost/fdr/pages/enquiremasterandlocalfiles.aspx</Url>
    <Time>19:00:05 PM +02</Time>
  </SystemRequest>
  <SystemRequest>
    <RequestTime>2017-11-08</RequestTime>
    <Path>/fdr/pages/viewsubmissions.aspx</Path>
    <User>SARSGOV\S1037927</User>
    <Url>http://localhost/fdr/pages/viewsubmissions.aspx</Url>
    <Time>19:00:05 PM +02</Time>
  </SystemRequest>
  <SystemRequest>
    <RequestTime>2017-11-08</RequestTime>
    <Path>/fdr/pages/viewsubmissions.aspx</Path>
    <User>SARSGOV\S1037927</User>
    <Url>http://localhost/fdr/pages/viewsubmissions.aspx</Url>
    <Time>19:00:07 PM +02</Time>
  </SystemRequest>
  <SystemRequest>
    <RequestTime>2017-11-08</RequestTime>
    <Path>/fdr/pages/inprogress.aspx</Path>
    <User>SARSGOV\S1037927</User>
    <Url>http://localhost/fdr/pages/inprogress.aspx</Url>
    <Time>19:00:08 PM +02</Time>
  </SystemRequest>
  <SystemRequest>
    <RequestTime>2017-11-08</RequestTime>
    <Path>/fdr/pages/enquiremasterandlocalfiles.aspx</Path>
    <User>SARSGOV\S1037927</User>
    <Url>http://localhost/fdr/pages/enquiremasterandlocalfiles.aspx</Url>
    <Time>19:00:23 PM +02</Time>
  </SystemRequest>
  <SystemRequest>
    <RequestTime>2017-11-08</RequestTime>
    <Path>/fdr/pages/enquiremasterandlocalfiles.aspx</Path>
    <User>SARSGOV\S1037927</User>
    <Url>http://localhost/fdr/pages/enquiremasterandlocalfiles.aspx</Url>
    <Time>19:00:26 PM +02</Time>
  </SystemRequest>
  <SystemRequest>
    <RequestTime>2017-11-08</RequestTime>
    <Path>/fdr/pages/viewsubmissions.aspx</Path>
    <User>SARSGOV\S1037927</User>
    <Url>http://localhost/fdr/pages/viewsubmissions.aspx</Url>
    <Time>19:00:28 PM +02</Time>
  </SystemRequest>
  <SystemRequest>
    <RequestTime>2017-11-08</RequestTime>
    <Path>/fdr/pages/inprogress.aspx</Path>
    <User>SARSGOV\S1037927</User>
    <Url>http://localhost/fdr/pages/inprogress.aspx</Url>
    <Time>19:00:29 PM +02</Time>
  </SystemRequest>
  <SystemRequest>
    <RequestTime>2017-11-08</RequestTime>
    <Path>/fdr/pages/viewsubmissions.aspx</Path>
    <User>SARSGOV\S1037927</User>
    <Url>http://localhost/fdr/pages/viewsubmissions.aspx</Url>
    <Time>19:00:31 PM +02</Time>
  </SystemRequest>
  <SystemRequest>
    <RequestTime>2017-11-08</RequestTime>
    <Path>/fdr/pages/viewsubmissions.aspx</Path>
    <User>SARSGOV\S1037927</User>
    <Url>http://localhost/fdr/pages/viewsubmissions.aspx</Url>
    <Time>19:00:32 PM +02</Time>
  </SystemRequest>
  <SystemRequest>
    <RequestTime>2017-11-08</RequestTime>
    <Path>/fdr/pages/viewsubmissions.aspx</Path>
    <User>SARSGOV\S1037927</User>
    <Url>http://localhost/fdr/pages/viewsubmissions.aspx</Url>
    <Time>19:04:48 PM +02</Time>
  </SystemRequest>
  <SystemRequest>
    <RequestTime>2017-11-08</RequestTime>
    <Path>/fdr/pages/viewsubmissions.aspx</Path>
    <User>SARSGOV\S1037927</User>
    <Url>http://localhost/fdr/pages/viewsubmissions.aspx</Url>
    <Time>19:04:50 PM +02</Time>
  </SystemRequest>
  <SystemRequest>
    <RequestTime>2017-11-08</RequestTime>
    <Path>/FDR/Default.aspx</Path>
    <User>SARSGOV\S1037927</User>
    <Url>http://localhost/FDR/Default.aspx</Url>
    <Time>19:37:31 PM +02</Time>
  </SystemRequest>
  <SystemRequest>
    <RequestTime>2017-11-08</RequestTime>
    <Path>/fdr/pages/viewsubmissions.aspx</Path>
    <User>SARSGOV\S1037927</User>
    <Url>http://localhost/fdr/pages/viewsubmissions.aspx</Url>
    <Time>19:37:37 PM +02</Time>
  </SystemRequest>
  <SystemRequest>
    <RequestTime>2017-11-08</RequestTime>
    <Path>/fdr/pages/viewsubmissions.aspx</Path>
    <User>SARSGOV\S1037927</User>
    <Url>http://localhost/fdr/pages/viewsubmissions.aspx</Url>
    <Time>19:37:40 PM +02</Time>
  </SystemRequest>
  <SystemRequest>
    <RequestTime>2017-11-08</RequestTime>
    <Path>/fdr/pages/displayfiles.aspx</Path>
    <User>SARSGOV\S1037927</User>
    <Url>http://localhost/fdr/pages/displayfiles.aspx?submissionId=10049&amp;bck=L2Zkci9wYWdlcy92aWV3c3VibWlzc2lvbnMuYXNweA==</Url>
    <Time>19:37:40 PM +02</Time>
  </SystemRequest>
  <SystemRequest>
    <RequestTime>2017-11-08</RequestTime>
    <Path>/fdr/pages/displayfiles.aspx</Path>
    <User>SARSGOV\S1037927</User>
    <Url>http://localhost/fdr/pages/displayfiles.aspx?submissionId=10049&amp;bck=L2Zkci9wYWdlcy92aWV3c3VibWlzc2lvbnMuYXNweA==</Url>
    <Time>19:37:44 PM +02</Time>
  </SystemRequest>
</ArrayOfSystemRequest>