<?xml version="1.0" encoding="utf-8"?>
<ArrayOfSystemRequest>
  <SystemRequest>
    <RequestTime>2017-11-14</RequestTime>
    <Path>/FDR/pages/u3tm.aspx</Path>
    <User>SARSGOV\S1037927</User>
    <Url>http://localhost/FDR/pages/u3tm.aspx</Url>
    <Time>09:18:27 AM +02</Time>
  </SystemRequest>
  <SystemRequest>
    <RequestTime>2017-11-14</RequestTime>
    <Path>/fdr/pages/viewsubmissions.aspx</Path>
    <User>SARSGOV\S1037927</User>
    <Url>http://localhost/fdr/pages/viewsubmissions.aspx</Url>
    <Time>09:18:39 AM +02</Time>
  </SystemRequest>
  <SystemRequest>
    <RequestTime>2017-11-14</RequestTime>
    <Path>/fdr/pages/viewsubmissions.aspx</Path>
    <User>SARSGOV\S1037927</User>
    <Url>http://localhost/fdr/pages/viewsubmissions.aspx</Url>
    <Time>09:18:43 AM +02</Time>
  </SystemRequest>
  <SystemRequest>
    <RequestTime>2017-11-14</RequestTime>
    <Path>/fdr/pages/displayfiles.aspx</Path>
    <User>SARSGOV\S1037927</User>
    <Url>http://localhost/fdr/pages/displayfiles.aspx?submissionId=6&amp;bck=L2Zkci9wYWdlcy92aWV3c3VibWlzc2lvbnMuYXNweA==</Url>
    <Time>09:18:43 AM +02</Time>
  </SystemRequest>
  <SystemRequest>
    <RequestTime>2017-11-14</RequestTime>
    <Path>/fdr/pages/displayfiles.aspx</Path>
    <User>SARSGOV\S1037927</User>
    <Url>http://localhost/fdr/pages/displayfiles.aspx?submissionId=6&amp;bck=L2Zkci9wYWdlcy92aWV3c3VibWlzc2lvbnMuYXNweA==</Url>
    <Time>09:18:48 AM +02</Time>
  </SystemRequest>
  <SystemRequest>
    <RequestTime>2017-11-14</RequestTime>
    <Path>/fdr/pages/filedetails.aspx</Path>
    <User>SARSGOV\S1037927</User>
    <Url>http://localhost/fdr/pages/filedetails.aspx?oId=090002f88016aeb2&amp;fId=28&amp;submissionId=6</Url>
    <Time>09:18:49 AM +02</Time>
  </SystemRequest>
  <SystemRequest>
    <RequestTime>2017-11-14</RequestTime>
    <Path>/FDR/pages/u3tm.aspx</Path>
    <User>SARSGOV\S1037927</User>
    <Url>http://localhost/FDR/pages/u3tm.aspx</Url>
    <Time>09:22:49 AM +02</Time>
  </SystemRequest>
  <SystemRequest>
    <RequestTime>2017-11-14</RequestTime>
    <Path>/fdr/pages/filedetails.aspx</Path>
    <User>SARSGOV\S1037927</User>
    <Url>http://localhost/fdr/pages/filedetails.aspx?oId=090002f88016aeb2&amp;fId=28&amp;submissionId=6</Url>
    <Time>09:22:59 AM +02</Time>
  </SystemRequest>
  <SystemRequest>
    <RequestTime>2017-11-14</RequestTime>
    <Path>/FDR/pages/u3tm.aspx</Path>
    <User>SARSGOV\S1037927</User>
    <Url>http://localhost/FDR/pages/u3tm.aspx</Url>
    <Time>09:25:02 AM +02</Time>
  </SystemRequest>
  <SystemRequest>
    <RequestTime>2017-11-14</RequestTime>
    <Path>/fdr/pages/filedetails.aspx</Path>
    <User>SARSGOV\S1037927</User>
    <Url>http://localhost/fdr/pages/filedetails.aspx?oId=090002f88016aeb2&amp;fId=28&amp;submissionId=6</Url>
    <Time>09:25:25 AM +02</Time>
  </SystemRequest>
  <SystemRequest>
    <RequestTime>2017-11-14</RequestTime>
    <Path>/FDR/pages/u3tm.aspx</Path>
    <User>SARSGOV\S1037927</User>
    <Url>http://localhost/FDR/pages/u3tm.aspx</Url>
    <Time>09:26:23 AM +02</Time>
  </SystemRequest>
  <SystemRequest>
    <RequestTime>2017-11-14</RequestTime>
    <Path>/fdr/pages/viewsubmissions.aspx</Path>
    <User>SARSGOV\S1037927</User>
    <Url>http://localhost/fdr/pages/viewsubmissions.aspx</Url>
    <Time>09:27:27 AM +02</Time>
  </SystemRequest>
  <SystemRequest>
    <RequestTime>2017-11-14</RequestTime>
    <Path>/fdr/pages/viewsubmissions.aspx</Path>
    <User>SARSGOV\S1037927</User>
    <Url>http://localhost/fdr/pages/viewsubmissions.aspx</Url>
    <Time>09:27:30 AM +02</Time>
  </SystemRequest>
  <SystemRequest>
    <RequestTime>2017-11-14</RequestTime>
    <Path>/fdr/pages/displayfiles.aspx</Path>
    <User>SARSGOV\S1037927</User>
    <Url>http://localhost/fdr/pages/displayfiles.aspx?submissionId=5&amp;bck=L2Zkci9wYWdlcy92aWV3c3VibWlzc2lvbnMuYXNweA==</Url>
    <Time>09:27:30 AM +02</Time>
  </SystemRequest>
  <SystemRequest>
    <RequestTime>2017-11-14</RequestTime>
    <Path>/fdr/pages/viewsubmissions.aspx</Path>
    <User>SARSGOV\S1037927</User>
    <Url>http://localhost/fdr/pages/viewsubmissions.aspx</Url>
    <Time>09:27:40 AM +02</Time>
  </SystemRequest>
  <SystemRequest>
    <RequestTime>2017-11-14</RequestTime>
    <Path>/fdr/pages/viewsubmissions.aspx</Path>
    <User>SARSGOV\S1037927</User>
    <Url>http://localhost/fdr/pages/viewsubmissions.aspx</Url>
    <Time>09:27:42 AM +02</Time>
  </SystemRequest>
  <SystemRequest>
    <RequestTime>2017-11-14</RequestTime>
    <Path>/fdr/pages/displayfiles.aspx</Path>
    <User>SARSGOV\S1037927</User>
    <Url>http://localhost/fdr/pages/displayfiles.aspx?submissionId=6&amp;bck=L2Zkci9wYWdlcy92aWV3c3VibWlzc2lvbnMuYXNweA==</Url>
    <Time>09:27:42 AM +02</Time>
  </SystemRequest>
  <SystemRequest>
    <RequestTime>2017-11-14</RequestTime>
    <Path>/fdr/pages/displayfiles.aspx</Path>
    <User>SARSGOV\S1037927</User>
    <Url>http://localhost/fdr/pages/displayfiles.aspx?submissionId=6&amp;bck=L2Zkci9wYWdlcy92aWV3c3VibWlzc2lvbnMuYXNweA==</Url>
    <Time>09:27:45 AM +02</Time>
  </SystemRequest>
  <SystemRequest>
    <RequestTime>2017-11-14</RequestTime>
    <Path>/fdr/pages/filedetails.aspx</Path>
    <User>SARSGOV\S1037927</User>
    <Url>http://localhost/fdr/pages/filedetails.aspx?oId=090002f88016aeb2&amp;fId=28&amp;submissionId=6</Url>
    <Time>09:27:45 AM +02</Time>
  </SystemRequest>
  <SystemRequest>
    <RequestTime>2017-11-14</RequestTime>
    <Path>/FDR/pages/u3tm.aspx</Path>
    <User>SARSGOV\S1037927</User>
    <Url>http://localhost/FDR/pages/u3tm.aspx</Url>
    <Time>09:31:06 AM +02</Time>
  </SystemRequest>
  <SystemRequest>
    <RequestTime>2017-11-14</RequestTime>
    <Path>/fdr/pages/viewsubmissions.aspx</Path>
    <User>SARSGOV\S1037927</User>
    <Url>http://localhost/fdr/pages/viewsubmissions.aspx</Url>
    <Time>09:31:35 AM +02</Time>
  </SystemRequest>
  <SystemRequest>
    <RequestTime>2017-11-14</RequestTime>
    <Path>/fdr/pages/viewsubmissions.aspx</Path>
    <User>SARSGOV\S1037927</User>
    <Url>http://localhost/fdr/pages/viewsubmissions.aspx</Url>
    <Time>09:31:40 AM +02</Time>
  </SystemRequest>
  <SystemRequest>
    <RequestTime>2017-11-14</RequestTime>
    <Path>/fdr/pages/displayfiles.aspx</Path>
    <User>SARSGOV\S1037927</User>
    <Url>http://localhost/fdr/pages/displayfiles.aspx?submissionId=5&amp;bck=L2Zkci9wYWdlcy92aWV3c3VibWlzc2lvbnMuYXNweA==</Url>
    <Time>09:31:40 AM +02</Time>
  </SystemRequest>
  <SystemRequest>
    <RequestTime>2017-11-14</RequestTime>
    <Path>/fdr/pages/displayfiles.aspx</Path>
    <User>SARSGOV\S1037927</User>
    <Url>http://localhost/fdr/pages/displayfiles.aspx?submissionId=5&amp;bck=L2Zkci9wYWdlcy92aWV3c3VibWlzc2lvbnMuYXNweA==</Url>
    <Time>09:31:42 AM +02</Time>
  </SystemRequest>
  <SystemRequest>
    <RequestTime>2017-11-14</RequestTime>
    <Path>/fdr/pages/viewsubmissions.aspx</Path>
    <User>SARSGOV\S1037927</User>
    <Url>http://localhost/fdr/pages/viewsubmissions.aspx</Url>
    <Time>09:31:43 AM +02</Time>
  </SystemRequest>
  <SystemRequest>
    <RequestTime>2017-11-14</RequestTime>
    <Path>/fdr/pages/viewsubmissions.aspx</Path>
    <User>SARSGOV\S1037927</User>
    <Url>http://localhost/fdr/pages/viewsubmissions.aspx</Url>
    <Time>09:31:45 AM +02</Time>
  </SystemRequest>
  <SystemRequest>
    <RequestTime>2017-11-14</RequestTime>
    <Path>/fdr/pages/displayfiles.aspx</Path>
    <User>SARSGOV\S1037927</User>
    <Url>http://localhost/fdr/pages/displayfiles.aspx?submissionId=2&amp;bck=L2Zkci9wYWdlcy92aWV3c3VibWlzc2lvbnMuYXNweA==</Url>
    <Time>09:31:45 AM +02</Time>
  </SystemRequest>
  <SystemRequest>
    <RequestTime>2017-11-14</RequestTime>
    <Path>/fdr/pages/displayfiles.aspx</Path>
    <User>SARSGOV\S1037927</User>
    <Url>http://localhost/fdr/pages/displayfiles.aspx?submissionId=2&amp;bck=L2Zkci9wYWdlcy92aWV3c3VibWlzc2lvbnMuYXNweA==</Url>
    <Time>09:31:48 AM +02</Time>
  </SystemRequest>
  <SystemRequest>
    <RequestTime>2017-11-14</RequestTime>
    <Path>/fdr/pages/viewsubmissions.aspx</Path>
    <User>SARSGOV\S1037927</User>
    <Url>http://localhost/fdr/pages/viewsubmissions.aspx</Url>
    <Time>09:31:48 AM +02</Time>
  </SystemRequest>
  <SystemRequest>
    <RequestTime>2017-11-14</RequestTime>
    <Path>/fdr/pages/viewsubmissions.aspx</Path>
    <User>SARSGOV\S1037927</User>
    <Url>http://localhost/fdr/pages/viewsubmissions.aspx</Url>
    <Time>09:31:49 AM +02</Time>
  </SystemRequest>
  <SystemRequest>
    <RequestTime>2017-11-14</RequestTime>
    <Path>/fdr/pages/displayfiles.aspx</Path>
    <User>SARSGOV\S1037927</User>
    <Url>http://localhost/fdr/pages/displayfiles.aspx?submissionId=6&amp;bck=L2Zkci9wYWdlcy92aWV3c3VibWlzc2lvbnMuYXNweA==</Url>
    <Time>09:31:49 AM +02</Time>
  </SystemRequest>
  <SystemRequest>
    <RequestTime>2017-11-14</RequestTime>
    <Path>/fdr/pages/displayfiles.aspx</Path>
    <User>SARSGOV\S1037927</User>
    <Url>http://localhost/fdr/pages/displayfiles.aspx?submissionId=6&amp;bck=L2Zkci9wYWdlcy92aWV3c3VibWlzc2lvbnMuYXNweA==</Url>
    <Time>09:31:53 AM +02</Time>
  </SystemRequest>
  <SystemRequest>
    <RequestTime>2017-11-14</RequestTime>
    <Path>/fdr/pages/filedetails.aspx</Path>
    <User>SARSGOV\S1037927</User>
    <Url>http://localhost/fdr/pages/filedetails.aspx?oId=090002f88016aeb2&amp;fId=28&amp;submissionId=6</Url>
    <Time>09:31:53 AM +02</Time>
  </SystemRequest>
  <SystemRequest>
    <RequestTime>2017-11-14</RequestTime>
    <Path>/FDR/pages/u3tm.aspx</Path>
    <User>SARSGOV\S1037927</User>
    <Url>http://localhost/FDR/pages/u3tm.aspx</Url>
    <Time>09:31:59 AM +02</Time>
  </SystemRequest>
  <SystemRequest>
    <RequestTime>2017-11-14</RequestTime>
    <Path>/FDR/pages/u3tm.aspx</Path>
    <User>SARSGOV\S1037927</User>
    <Url>http://localhost/FDR/pages/u3tm.aspx</Url>
    <Time>09:35:06 AM +02</Time>
  </SystemRequest>
  <SystemRequest>
    <RequestTime>2017-11-14</RequestTime>
    <Path>/fdr/pages/filedetails.aspx</Path>
    <User>SARSGOV\S1037927</User>
    <Url>http://localhost/fdr/pages/filedetails.aspx?oId=090002f88016aeb2&amp;fId=28&amp;submissionId=6</Url>
    <Time>09:35:20 AM +02</Time>
  </SystemRequest>
  <SystemRequest>
    <RequestTime>2017-11-14</RequestTime>
    <Path>/fdr/pages/filedetails.aspx</Path>
    <User>SARSGOV\S1037927</User>
    <Url>http://localhost/fdr/pages/filedetails.aspx?oId=090002f88016aeb2&amp;fId=28&amp;submissionId=6</Url>
    <Time>09:43:47 AM +02</Time>
  </SystemRequest>
  <SystemRequest>
    <RequestTime>2017-11-14</RequestTime>
    <Path>/FDR/pages/u3tm.aspx</Path>
    <User>SARSGOV\S1037927</User>
    <Url>http://localhost/FDR/pages/u3tm.aspx</Url>
    <Time>09:44:03 AM +02</Time>
  </SystemRequest>
  <SystemRequest>
    <RequestTime>2017-11-14</RequestTime>
    <Path>/FDR/pages/u3tm.aspx</Path>
    <User>SARSGOV\S1037927</User>
    <Url>http://localhost/FDR/pages/u3tm.aspx</Url>
    <Time>09:47:22 AM +02</Time>
  </SystemRequest>
  <SystemRequest>
    <RequestTime>2017-11-14</RequestTime>
    <Path>/fdr/pages/filedetails.aspx</Path>
    <User>SARSGOV\S1037927</User>
    <Url>http://localhost/fdr/pages/filedetails.aspx?oId=090002f88016aeb2&amp;fId=28&amp;submissionId=6</Url>
    <Time>10:07:06 AM +02</Time>
  </SystemRequest>
  <SystemRequest>
    <RequestTime>2017-11-14</RequestTime>
    <Path>/FDR/pages/u3tm.aspx</Path>
    <User>SARSGOV\S1037927</User>
    <Url>http://localhost/FDR/pages/u3tm.aspx</Url>
    <Time>10:10:22 AM +02</Time>
  </SystemRequest>
  <SystemRequest>
    <RequestTime>2017-11-14</RequestTime>
    <Path>/fdr/pages/filedetails.aspx</Path>
    <User>SARSGOV\S1037927</User>
    <Url>http://localhost/fdr/pages/filedetails.aspx?oId=090002f88016aeb2&amp;fId=28&amp;submissionId=6</Url>
    <Time>10:11:11 AM +02</Time>
  </SystemRequest>
  <SystemRequest>
    <RequestTime>2017-11-14</RequestTime>
    <Path>/FDR/pages/u3tm.aspx</Path>
    <User>SARSGOV\S1037927</User>
    <Url>http://localhost/FDR/pages/u3tm.aspx</Url>
    <Time>10:23:28 AM +02</Time>
  </SystemRequest>
  <SystemRequest>
    <RequestTime>2017-11-14</RequestTime>
    <Path>/fdr/pages/filedetails.aspx</Path>
    <User>SARSGOV\S1037927</User>
    <Url>http://localhost/fdr/pages/filedetails.aspx?oId=090002f88016aeb2&amp;fId=28&amp;submissionId=6</Url>
    <Time>10:25:11 AM +02</Time>
  </SystemRequest>
  <SystemRequest>
    <RequestTime>2017-11-14</RequestTime>
    <Path>/fdr/pages/filedetails.aspx</Path>
    <User>SARSGOV\S1037927</User>
    <Url>http://localhost/fdr/pages/filedetails.aspx?oId=090002f88016aeb2&amp;fId=28&amp;submissionId=6</Url>
    <Time>10:45:27 AM +02</Time>
  </SystemRequest>
  <SystemRequest>
    <RequestTime>2017-11-14</RequestTime>
    <Path>/FDR/pages/u3tm.aspx</Path>
    <User>SARSGOV\S1037927</User>
    <Url>http://localhost/FDR/pages/u3tm.aspx</Url>
    <Time>11:57:55 AM +02</Time>
  </SystemRequest>
  <SystemRequest>
    <RequestTime>2017-11-14</RequestTime>
    <Path>/fdr/pages/viewsubmissions.aspx</Path>
    <User>SARSGOV\S1037927</User>
    <Url>http://localhost/fdr/pages/viewsubmissions.aspx</Url>
    <Time>11:58:02 AM +02</Time>
  </SystemRequest>
  <SystemRequest>
    <RequestTime>2017-11-14</RequestTime>
    <Path>/fdr/pages/viewsubmissions.aspx</Path>
    <User>SARSGOV\S1037927</User>
    <Url>http://localhost/fdr/pages/viewsubmissions.aspx</Url>
    <Time>11:58:09 AM +02</Time>
  </SystemRequest>
  <SystemRequest>
    <RequestTime>2017-11-14</RequestTime>
    <Path>/fdr/pages/viewsubmissions.aspx</Path>
    <User>SARSGOV\S1037927</User>
    <Url>http://localhost/fdr/pages/viewsubmissions.aspx</Url>
    <Time>11:58:14 AM +02</Time>
  </SystemRequest>
  <SystemRequest>
    <RequestTime>2017-11-14</RequestTime>
    <Path>/fdr/pages/displayfiles.aspx</Path>
    <User>SARSGOV\S1037927</User>
    <Url>http://localhost/fdr/pages/displayfiles.aspx?submissionId=6&amp;bck=L2Zkci9wYWdlcy92aWV3c3VibWlzc2lvbnMuYXNweA==</Url>
    <Time>11:58:15 AM +02</Time>
  </SystemRequest>
  <SystemRequest>
    <RequestTime>2017-11-14</RequestTime>
    <Path>/fdr/pages/displayfiles.aspx</Path>
    <User>SARSGOV\S1037927</User>
    <Url>http://localhost/fdr/pages/displayfiles.aspx?submissionId=6&amp;bck=L2Zkci9wYWdlcy92aWV3c3VibWlzc2lvbnMuYXNweA==</Url>
    <Time>11:58:17 AM +02</Time>
  </SystemRequest>
  <SystemRequest>
    <RequestTime>2017-11-14</RequestTime>
    <Path>/fdr/pages/filedetails.aspx</Path>
    <User>SARSGOV\S1037927</User>
    <Url>http://localhost/fdr/pages/filedetails.aspx?oId=090002f88016aeb2&amp;fId=28&amp;submissionId=6</Url>
    <Time>11:58:17 AM +02</Time>
  </SystemRequest>
  <SystemRequest>
    <RequestTime>2017-11-14</RequestTime>
    <Path>/fdr/pages/filedetails.aspx</Path>
    <User>SARSGOV\S1037927</User>
    <Url>http://localhost/fdr/pages/filedetails.aspx?oId=090002f88016aeb2&amp;fId=28&amp;submissionId=6</Url>
    <Time>12:01:58 PM +02</Time>
  </SystemRequest>
  <SystemRequest>
    <RequestTime>2017-11-14</RequestTime>
    <Path>/fdr/Default.aspx</Path>
    <User>SARSGOV\S1037927</User>
    <Url>http://localhost/fdr/Default.aspx</Url>
    <Time>12:04:48 PM +02</Time>
  </SystemRequest>
  <SystemRequest>
    <RequestTime>2017-11-14</RequestTime>
    <Path>/FDR/pages/u3tm.aspx</Path>
    <User>SARSGOV\S1037927</User>
    <Url>http://localhost/FDR/pages/u3tm.aspx</Url>
    <Time>12:40:45 PM +02</Time>
  </SystemRequest>
  <SystemRequest>
    <RequestTime>2017-11-14</RequestTime>
    <Path>/FDR/pages/u3tm.aspx</Path>
    <User>SARSGOV\S1037927</User>
    <Url>http://localhost/FDR/pages/u3tm.aspx</Url>
    <Time>12:42:36 PM +02</Time>
  </SystemRequest>
  <SystemRequest>
    <RequestTime>2017-11-14</RequestTime>
    <Path>/fdr/pages/viewsubmissions.aspx</Path>
    <User>SARSGOV\S1037927</User>
    <Url>http://localhost/fdr/pages/viewsubmissions.aspx</Url>
    <Time>12:42:46 PM +02</Time>
  </SystemRequest>
  <SystemRequest>
    <RequestTime>2017-11-14</RequestTime>
    <Path>/fdr/pages/viewsubmissions.aspx</Path>
    <User>SARSGOV\S1037927</User>
    <Url>http://localhost/fdr/pages/viewsubmissions.aspx</Url>
    <Time>12:42:51 PM +02</Time>
  </SystemRequest>
  <SystemRequest>
    <RequestTime>2017-11-14</RequestTime>
    <Path>/fdr/pages/displayfiles.aspx</Path>
    <User>SARSGOV\S1037927</User>
    <Url>http://localhost/fdr/pages/displayfiles.aspx?submissionId=12&amp;bck=L2Zkci9wYWdlcy92aWV3c3VibWlzc2lvbnMuYXNweA==</Url>
    <Time>12:42:51 PM +02</Time>
  </SystemRequest>
  <SystemRequest>
    <RequestTime>2017-11-14</RequestTime>
    <Path>/fdr/pages/displayfiles.aspx</Path>
    <User>SARSGOV\S1037927</User>
    <Url>http://localhost/fdr/pages/displayfiles.aspx?submissionId=12&amp;bck=L2Zkci9wYWdlcy92aWV3c3VibWlzc2lvbnMuYXNweA==</Url>
    <Time>12:42:57 PM +02</Time>
  </SystemRequest>
  <SystemRequest>
    <RequestTime>2017-11-14</RequestTime>
    <Path>/fdr/pages/filedetails.aspx</Path>
    <User>SARSGOV\S1037927</User>
    <Url>http://localhost/fdr/pages/filedetails.aspx?oId=090002c6801dfd97&amp;fId=45&amp;submissionId=12</Url>
    <Time>12:42:58 PM +02</Time>
  </SystemRequest>
  <SystemRequest>
    <RequestTime>2017-11-14</RequestTime>
    <Path>/fdr/pages/viewsubmissions.aspx</Path>
    <User>SARSGOV\S1037927</User>
    <Url>http://localhost/fdr/pages/viewsubmissions.aspx</Url>
    <Time>12:45:22 PM +02</Time>
  </SystemRequest>
  <SystemRequest>
    <RequestTime>2017-11-14</RequestTime>
    <Path>/fdr/pages/viewsubmissions.aspx</Path>
    <User>SARSGOV\S1037927</User>
    <Url>http://localhost/fdr/pages/viewsubmissions.aspx</Url>
    <Time>12:45:34 PM +02</Time>
  </SystemRequest>
  <SystemRequest>
    <RequestTime>2017-11-14</RequestTime>
    <Path>/fdr/pages/viewsubmissions.aspx</Path>
    <User>SARSGOV\S1037927</User>
    <Url>http://localhost/fdr/pages/viewsubmissions.aspx</Url>
    <Time>12:46:53 PM +02</Time>
  </SystemRequest>
  <SystemRequest>
    <RequestTime>2017-11-14</RequestTime>
    <Path>/fdr/pages/displayfiles.aspx</Path>
    <User>SARSGOV\S1037927</User>
    <Url>http://localhost/fdr/pages/displayfiles.aspx?submissionId=4&amp;bck=L2Zkci9wYWdlcy92aWV3c3VibWlzc2lvbnMuYXNweA==</Url>
    <Time>12:46:58 PM +02</Time>
  </SystemRequest>
  <SystemRequest>
    <RequestTime>2017-11-14</RequestTime>
    <Path>/fdr/pages/displayfiles.aspx</Path>
    <User>SARSGOV\S1037927</User>
    <Url>http://localhost/fdr/pages/displayfiles.aspx?submissionId=4&amp;bck=L2Zkci9wYWdlcy92aWV3c3VibWlzc2lvbnMuYXNweA==</Url>
    <Time>12:47:05 PM +02</Time>
  </SystemRequest>
  <SystemRequest>
    <RequestTime>2017-11-14</RequestTime>
    <Path>/fdr/pages/filedetails.aspx</Path>
    <User>SARSGOV\S1037927</User>
    <Url>http://localhost/fdr/pages/filedetails.aspx?oId=090002c6801df8bc&amp;fId=23&amp;submissionId=4</Url>
    <Time>12:47:06 PM +02</Time>
  </SystemRequest>
  <SystemRequest>
    <RequestTime>2017-11-14</RequestTime>
    <Path>/fdr/pages/filedetails.aspx</Path>
    <User>SARSGOV\S1037927</User>
    <Url>http://localhost/fdr/pages/filedetails.aspx?oId=090002c6801df8bc&amp;fId=23&amp;submissionId=4</Url>
    <Time>12:51:32 PM +02</Time>
  </SystemRequest>
  <SystemRequest>
    <RequestTime>2017-11-14</RequestTime>
    <Path>/fdr/pages/displayfiles.aspx</Path>
    <User>SARSGOV\S1037927</User>
    <Url>http://localhost/fdr/pages/displayfiles.aspx?submissionId=4</Url>
    <Time>12:51:32 PM +02</Time>
  </SystemRequest>
  <SystemRequest>
    <RequestTime>2017-11-14</RequestTime>
    <Path>/fdr/pages/displayfiles.aspx</Path>
    <User>SARSGOV\S1037927</User>
    <Url>http://localhost/fdr/pages/displayfiles.aspx?submissionId=4</Url>
    <Time>12:51:35 PM +02</Time>
  </SystemRequest>
  <SystemRequest>
    <RequestTime>2017-11-14</RequestTime>
    <Path>/fdr/pages/filedetails.aspx</Path>
    <User>SARSGOV\S1037927</User>
    <Url>http://localhost/fdr/pages/filedetails.aspx?oId=090002c6801df8bc&amp;fId=48&amp;submissionId=4</Url>
    <Time>12:51:35 PM +02</Time>
  </SystemRequest>
  <SystemRequest>
    <RequestTime>2017-11-14</RequestTime>
    <Path>/fdr/pages/viewsubmissions.aspx</Path>
    <User>SARSGOV\S1037927</User>
    <Url>http://localhost/fdr/pages/viewsubmissions.aspx</Url>
    <Time>12:54:39 PM +02</Time>
  </SystemRequest>
  <SystemRequest>
    <RequestTime>2017-11-14</RequestTime>
    <Path>/fdr/pages/inprogress.aspx</Path>
    <User>SARSGOV\S1037927</User>
    <Url>http://localhost/fdr/pages/inprogress.aspx</Url>
    <Time>12:54:41 PM +02</Time>
  </SystemRequest>
  <SystemRequest>
    <RequestTime>2017-11-14</RequestTime>
    <Path>/fdr/pages/acceptedsubmissions.aspx</Path>
    <User>SARSGOV\S1037927</User>
    <Url>http://localhost/fdr/pages/acceptedsubmissions.aspx</Url>
    <Time>12:54:43 PM +02</Time>
  </SystemRequest>
  <SystemRequest>
    <RequestTime>2017-11-14</RequestTime>
    <Path>/fdr/pages/viewsubmissions.aspx</Path>
    <User>SARSGOV\S1037927</User>
    <Url>http://localhost/fdr/pages/viewsubmissions.aspx</Url>
    <Time>12:54:44 PM +02</Time>
  </SystemRequest>
  <SystemRequest>
    <RequestTime>2017-11-14</RequestTime>
    <Path>/fdr/pages/viewsubmissions.aspx</Path>
    <User>SARSGOV\S1037927</User>
    <Url>http://localhost/fdr/pages/viewsubmissions.aspx</Url>
    <Time>12:54:50 PM +02</Time>
  </SystemRequest>
  <SystemRequest>
    <RequestTime>2017-11-14</RequestTime>
    <Path>/fdr/pages/viewsubmissions.aspx</Path>
    <User>SARSGOV\S1037927</User>
    <Url>http://localhost/fdr/pages/viewsubmissions.aspx</Url>
    <Time>12:54:51 PM +02</Time>
  </SystemRequest>
  <SystemRequest>
    <RequestTime>2017-11-14</RequestTime>
    <Path>/fdr/pages/displayfiles.aspx</Path>
    <User>SARSGOV\S1037927</User>
    <Url>http://localhost/fdr/pages/displayfiles.aspx?submissionId=12&amp;bck=L2Zkci9wYWdlcy92aWV3c3VibWlzc2lvbnMuYXNweA==</Url>
    <Time>12:54:51 PM +02</Time>
  </SystemRequest>
  <SystemRequest>
    <RequestTime>2017-11-14</RequestTime>
    <Path>/fdr/pages/displayfiles.aspx</Path>
    <User>SARSGOV\S1037927</User>
    <Url>http://localhost/fdr/pages/displayfiles.aspx?submissionId=12&amp;bck=L2Zkci9wYWdlcy92aWV3c3VibWlzc2lvbnMuYXNweA==</Url>
    <Time>12:54:55 PM +02</Time>
  </SystemRequest>
  <SystemRequest>
    <RequestTime>2017-11-14</RequestTime>
    <Path>/fdr/pages/filedetails.aspx</Path>
    <User>SARSGOV\S1037927</User>
    <Url>http://localhost/fdr/pages/filedetails.aspx?oId=090002c6801dfd97&amp;fId=45&amp;submissionId=12</Url>
    <Time>12:54:55 PM +02</Time>
  </SystemRequest>
  <SystemRequest>
    <RequestTime>2017-11-14</RequestTime>
    <Path>/FDR/pages/u3tm.aspx</Path>
    <User>SARSGOV\S1037927</User>
    <Url>http://localhost/FDR/pages/u3tm.aspx</Url>
    <Time>13:11:54 PM +02</Time>
  </SystemRequest>
  <SystemRequest>
    <RequestTime>2017-11-14</RequestTime>
    <Path>/fdr/pages/viewsubmissions.aspx</Path>
    <User>SARSGOV\S1037927</User>
    <Url>http://localhost/fdr/pages/viewsubmissions.aspx</Url>
    <Time>13:11:57 PM +02</Time>
  </SystemRequest>
  <SystemRequest>
    <RequestTime>2017-11-14</RequestTime>
    <Path>/fdr/pages/viewsubmissions.aspx</Path>
    <User>SARSGOV\S1037927</User>
    <Url>http://localhost/fdr/pages/viewsubmissions.aspx</Url>
    <Time>13:12:00 PM +02</Time>
  </SystemRequest>
  <SystemRequest>
    <RequestTime>2017-11-14</RequestTime>
    <Path>/fdr/pages/displayfiles.aspx</Path>
    <User>SARSGOV\S1037927</User>
    <Url>http://localhost/fdr/pages/displayfiles.aspx?submissionId=12&amp;bck=L2Zkci9wYWdlcy92aWV3c3VibWlzc2lvbnMuYXNweA==</Url>
    <Time>13:12:00 PM +02</Time>
  </SystemRequest>
  <SystemRequest>
    <RequestTime>2017-11-14</RequestTime>
    <Path>/fdr/pages/displayfiles.aspx</Path>
    <User>SARSGOV\S1037927</User>
    <Url>http://localhost/fdr/pages/displayfiles.aspx?submissionId=12&amp;bck=L2Zkci9wYWdlcy92aWV3c3VibWlzc2lvbnMuYXNweA==</Url>
    <Time>13:14:32 PM +02</Time>
  </SystemRequest>
  <SystemRequest>
    <RequestTime>2017-11-14</RequestTime>
    <Path>/fdr/pages/displayfiles.aspx</Path>
    <User>SARSGOV\S1037927</User>
    <Url>http://localhost/fdr/pages/displayfiles.aspx?submissionId=12&amp;bck=L2Zkci9wYWdlcy92aWV3c3VibWlzc2lvbnMuYXNweA==</Url>
    <Time>13:15:00 PM +02</Time>
  </SystemRequest>
  <SystemRequest>
    <RequestTime>2017-11-14</RequestTime>
    <Path>/fdr/pages/filedetails.aspx</Path>
    <User>SARSGOV\S1037927</User>
    <Url>http://localhost/fdr/pages/filedetails.aspx?oId=090002c6801dfd97&amp;fId=45&amp;submissionId=12</Url>
    <Time>13:15:01 PM +02</Time>
  </SystemRequest>
  <SystemRequest>
    <RequestTime>2017-11-14</RequestTime>
    <Path>/fdr/pages/viewsubmissions.aspx</Path>
    <User>SARSGOV\S1037927</User>
    <Url>http://localhost/fdr/pages/viewsubmissions.aspx</Url>
    <Time>13:17:02 PM +02</Time>
  </SystemRequest>
  <SystemRequest>
    <RequestTime>2017-11-14</RequestTime>
    <Path>/fdr/pages/viewsubmissions.aspx</Path>
    <User>SARSGOV\S1037927</User>
    <Url>http://localhost/fdr/pages/viewsubmissions.aspx</Url>
    <Time>13:17:06 PM +02</Time>
  </SystemRequest>
  <SystemRequest>
    <RequestTime>2017-11-14</RequestTime>
    <Path>/fdr/pages/displayfiles.aspx</Path>
    <User>SARSGOV\S1037927</User>
    <Url>http://localhost/fdr/pages/displayfiles.aspx?submissionId=12&amp;bck=L2Zkci9wYWdlcy92aWV3c3VibWlzc2lvbnMuYXNweA==</Url>
    <Time>13:17:06 PM +02</Time>
  </SystemRequest>
  <SystemRequest>
    <RequestTime>2017-11-14</RequestTime>
    <Path>/fdr/pages/displayfiles.aspx</Path>
    <User>SARSGOV\S1037927</User>
    <Url>http://localhost/fdr/pages/displayfiles.aspx?submissionId=12&amp;bck=L2Zkci9wYWdlcy92aWV3c3VibWlzc2lvbnMuYXNweA==</Url>
    <Time>13:17:10 PM +02</Time>
  </SystemRequest>
  <SystemRequest>
    <RequestTime>2017-11-14</RequestTime>
    <Path>/fdr/pages/filedetails.aspx</Path>
    <User>SARSGOV\S1037927</User>
    <Url>http://localhost/fdr/pages/filedetails.aspx?oId=090002c6801dfd97&amp;fId=45&amp;submissionId=12&amp;refNo=9374312842</Url>
    <Time>13:17:10 PM +02</Time>
  </SystemRequest>
  <SystemRequest>
    <RequestTime>2017-11-14</RequestTime>
    <Path>/FDR/pages/u3tm.aspx</Path>
    <User>SARSGOV\S1037927</User>
    <Url>http://localhost/FDR/pages/u3tm.aspx</Url>
    <Time>13:19:04 PM +02</Time>
  </SystemRequest>
  <SystemRequest>
    <RequestTime>2017-11-14</RequestTime>
    <Path>/fdr/pages/viewsubmissions.aspx</Path>
    <User>SARSGOV\S1037927</User>
    <Url>http://localhost/fdr/pages/viewsubmissions.aspx</Url>
    <Time>13:19:08 PM +02</Time>
  </SystemRequest>
  <SystemRequest>
    <RequestTime>2017-11-14</RequestTime>
    <Path>/fdr/pages/viewsubmissions.aspx</Path>
    <User>SARSGOV\S1037927</User>
    <Url>http://localhost/fdr/pages/viewsubmissions.aspx</Url>
    <Time>13:19:11 PM +02</Time>
  </SystemRequest>
  <SystemRequest>
    <RequestTime>2017-11-14</RequestTime>
    <Path>/fdr/pages/displayfiles.aspx</Path>
    <User>SARSGOV\S1037927</User>
    <Url>http://localhost/fdr/pages/displayfiles.aspx?submissionId=12&amp;bck=L2Zkci9wYWdlcy92aWV3c3VibWlzc2lvbnMuYXNweA==</Url>
    <Time>13:19:18 PM +02</Time>
  </SystemRequest>
  <SystemRequest>
    <RequestTime>2017-11-14</RequestTime>
    <Path>/fdr/pages/filedetails.aspx</Path>
    <User>SARSGOV\S1037927</User>
    <Url>http://localhost/fdr/pages/filedetails.aspx?oId=090002c6801dfd97&amp;fId=45&amp;submissionId=12&amp;refNo=9374312842</Url>
    <Time>13:19:19 PM +02</Time>
  </SystemRequest>
  <SystemRequest>
    <RequestTime>2017-11-14</RequestTime>
    <Path>/FDR/pages/u3tm.aspx</Path>
    <User>SARSGOV\S1037927</User>
    <Url>http://localhost/FDR/pages/u3tm.aspx</Url>
    <Time>13:22:58 PM +02</Time>
  </SystemRequest>
  <SystemRequest>
    <RequestTime>2017-11-14</RequestTime>
    <Path>/fdr/pages/viewsubmissions.aspx</Path>
    <User>SARSGOV\S1037927</User>
    <Url>http://localhost/fdr/pages/viewsubmissions.aspx</Url>
    <Time>13:23:02 PM +02</Time>
  </SystemRequest>
  <SystemRequest>
    <RequestTime>2017-11-14</RequestTime>
    <Path>/fdr/pages/viewsubmissions.aspx</Path>
    <User>SARSGOV\S1037927</User>
    <Url>http://localhost/fdr/pages/viewsubmissions.aspx</Url>
    <Time>13:23:05 PM +02</Time>
  </SystemRequest>
  <SystemRequest>
    <RequestTime>2017-11-14</RequestTime>
    <Path>/fdr/pages/displayfiles.aspx</Path>
    <User>SARSGOV\S1037927</User>
    <Url>http://localhost/fdr/pages/displayfiles.aspx?submissionId=12&amp;bck=L2Zkci9wYWdlcy92aWV3c3VibWlzc2lvbnMuYXNweA==</Url>
    <Time>13:23:05 PM +02</Time>
  </SystemRequest>
  <SystemRequest>
    <RequestTime>2017-11-14</RequestTime>
    <Path>/fdr/pages/displayfiles.aspx</Path>
    <User>SARSGOV\S1037927</User>
    <Url>http://localhost/fdr/pages/displayfiles.aspx?submissionId=12&amp;bck=L2Zkci9wYWdlcy92aWV3c3VibWlzc2lvbnMuYXNweA==</Url>
    <Time>13:23:10 PM +02</Time>
  </SystemRequest>
  <SystemRequest>
    <RequestTime>2017-11-14</RequestTime>
    <Path>/fdr/pages/filedetails.aspx</Path>
    <User>SARSGOV\S1037927</User>
    <Url>http://localhost/fdr/pages/filedetails.aspx?oId=090002c6801dfd97&amp;fId=45&amp;submissionId=12&amp;refNo=9374312842</Url>
    <Time>13:23:11 PM +02</Time>
  </SystemRequest>
  <SystemRequest>
    <RequestTime>2017-11-14</RequestTime>
    <Path>/FDR/pages/u3tm.aspx</Path>
    <User>SARSGOV\S1037927</User>
    <Url>http://localhost/FDR/pages/u3tm.aspx</Url>
    <Time>13:31:55 PM +02</Time>
  </SystemRequest>
  <SystemRequest>
    <RequestTime>2017-11-14</RequestTime>
    <Path>/FDR/pages/u3tm.aspx</Path>
    <User>SARSGOV\S1037927</User>
    <Url>http://localhost/FDR/pages/u3tm.aspx</Url>
    <Time>13:32:28 PM +02</Time>
  </SystemRequest>
  <SystemRequest>
    <RequestTime>2017-11-14</RequestTime>
    <Path>/fdr/pages/acceptedsubmissions.aspx</Path>
    <User>SARSGOV\S1037927</User>
    <Url>http://localhost/fdr/pages/acceptedsubmissions.aspx</Url>
    <Time>13:32:33 PM +02</Time>
  </SystemRequest>
  <SystemRequest>
    <RequestTime>2017-11-14</RequestTime>
    <Path>/fdr/pages/viewsubmissions.aspx</Path>
    <User>SARSGOV\S1037927</User>
    <Url>http://localhost/fdr/pages/viewsubmissions.aspx</Url>
    <Time>13:32:40 PM +02</Time>
  </SystemRequest>
  <SystemRequest>
    <RequestTime>2017-11-14</RequestTime>
    <Path>/fdr/pages/viewsubmissions.aspx</Path>
    <User>SARSGOV\S1037927</User>
    <Url>http://localhost/fdr/pages/viewsubmissions.aspx</Url>
    <Time>13:32:43 PM +02</Time>
  </SystemRequest>
  <SystemRequest>
    <RequestTime>2017-11-14</RequestTime>
    <Path>/fdr/pages/displayfiles.aspx</Path>
    <User>SARSGOV\S1037927</User>
    <Url>http://localhost/fdr/pages/displayfiles.aspx?submissionId=12&amp;bck=L2Zkci9wYWdlcy92aWV3c3VibWlzc2lvbnMuYXNweA==</Url>
    <Time>13:32:43 PM +02</Time>
  </SystemRequest>
  <SystemRequest>
    <RequestTime>2017-11-14</RequestTime>
    <Path>/fdr/pages/displayfiles.aspx</Path>
    <User>SARSGOV\S1037927</User>
    <Url>http://localhost/fdr/pages/displayfiles.aspx?submissionId=12&amp;bck=L2Zkci9wYWdlcy92aWV3c3VibWlzc2lvbnMuYXNweA==</Url>
    <Time>13:32:48 PM +02</Time>
  </SystemRequest>
  <SystemRequest>
    <RequestTime>2017-11-14</RequestTime>
    <Path>/fdr/pages/filedetails.aspx</Path>
    <User>SARSGOV\S1037927</User>
    <Url>http://localhost/fdr/pages/filedetails.aspx?oId=090002c6801dfd97&amp;fId=45&amp;submissionId=12&amp;refNo=9374312842</Url>
    <Time>13:32:50 PM +02</Time>
  </SystemRequest>
  <SystemRequest>
    <RequestTime>2017-11-14</RequestTime>
    <Path>/fdr/pages/filedetails.aspx</Path>
    <User>SARSGOV\S1037927</User>
    <Url>http://localhost/fdr/pages/filedetails.aspx?oId=090002c6801dfd97&amp;fId=45&amp;submissionId=12&amp;refNo=9374312842</Url>
    <Time>13:40:48 PM +02</Time>
  </SystemRequest>
  <SystemRequest>
    <RequestTime>2017-11-14</RequestTime>
    <Path>/fdr/pages/displayfiles.aspx</Path>
    <User>SARSGOV\S1037927</User>
    <Url>http://localhost/fdr/pages/displayfiles.aspx?submissionId=12</Url>
    <Time>13:40:49 PM +02</Time>
  </SystemRequest>
  <SystemRequest>
    <RequestTime>2017-11-14</RequestTime>
    <Path>/fdr/pages/viewsubmissions.aspx</Path>
    <User>SARSGOV\S1037927</User>
    <Url>http://localhost/fdr/pages/viewsubmissions.aspx</Url>
    <Time>13:40:54 PM +02</Time>
  </SystemRequest>
  <SystemRequest>
    <RequestTime>2017-11-14</RequestTime>
    <Path>/fdr/pages/viewsubmissions.aspx</Path>
    <User>SARSGOV\S1037927</User>
    <Url>http://localhost/fdr/pages/viewsubmissions.aspx</Url>
    <Time>13:41:00 PM +02</Time>
  </SystemRequest>
  <SystemRequest>
    <RequestTime>2017-11-14</RequestTime>
    <Path>/fdr/pages/displayfiles.aspx</Path>
    <User>SARSGOV\S1037927</User>
    <Url>http://localhost/fdr/pages/displayfiles.aspx?submissionId=9&amp;bck=L2Zkci9wYWdlcy92aWV3c3VibWlzc2lvbnMuYXNweA==</Url>
    <Time>13:41:00 PM +02</Time>
  </SystemRequest>
  <SystemRequest>
    <RequestTime>2017-11-14</RequestTime>
    <Path>/fdr/pages/displayfiles.aspx</Path>
    <User>SARSGOV\S1037927</User>
    <Url>http://localhost/fdr/pages/displayfiles.aspx?submissionId=9&amp;bck=L2Zkci9wYWdlcy92aWV3c3VibWlzc2lvbnMuYXNweA==</Url>
    <Time>13:41:03 PM +02</Time>
  </SystemRequest>
  <SystemRequest>
    <RequestTime>2017-11-14</RequestTime>
    <Path>/fdr/pages/filedetails.aspx</Path>
    <User>SARSGOV\S1037927</User>
    <Url>http://localhost/fdr/pages/filedetails.aspx?oId=090002c6801dfd6c&amp;fId=39&amp;submissionId=9&amp;refNo=9634685847</Url>
    <Time>13:41:03 PM +02</Time>
  </SystemRequest>
  <SystemRequest>
    <RequestTime>2017-11-14</RequestTime>
    <Path>/fdr/pages/filedetails.aspx</Path>
    <User>SARSGOV\S1037927</User>
    <Url>http://localhost/fdr/pages/filedetails.aspx?oId=090002c6801dfd6c&amp;fId=39&amp;submissionId=9&amp;refNo=9634685847</Url>
    <Time>13:42:08 PM +02</Time>
  </SystemRequest>
  <SystemRequest>
    <RequestTime>2017-11-14</RequestTime>
    <Path>/fdr/pages/displayfiles.aspx</Path>
    <User>SARSGOV\S1037927</User>
    <Url>http://localhost/fdr/pages/displayfiles.aspx?submissionId=9</Url>
    <Time>13:42:08 PM +02</Time>
  </SystemRequest>
</ArrayOfSystemRequest>