<?xml version="1.0" encoding="utf-8"?>
<ArrayOfSystemRequest>
  <SystemRequest>
    <RequestTime>2017-10-13</RequestTime>
    <Path>/FDR/pages/uploadMNEList.aspx</Path>
    <User>SARSGOV\s2024134</User>
    <Url>http://localhost/FDR/pages/uploadMNEList.aspx</Url>
    <Time>08:01:14 AM +02</Time>
  </SystemRequest>
  <SystemRequest>
    <RequestTime>2017-10-13</RequestTime>
    <Path>/fdr/pages/configurenotificationemails.aspx</Path>
    <User>SARSGOV\s2024134</User>
    <Url>http://localhost/fdr/pages/configurenotificationemails.aspx</Url>
    <Time>08:02:13 AM +02</Time>
  </SystemRequest>
  <SystemRequest>
    <RequestTime>2017-10-13</RequestTime>
    <Path>/fdr/pages/configurenotificationsms.aspx</Path>
    <User>SARSGOV\s2024134</User>
    <Url>http://localhost/fdr/pages/configurenotificationsms.aspx</Url>
    <Time>08:02:30 AM +02</Time>
  </SystemRequest>
  <SystemRequest>
    <RequestTime>2017-10-13</RequestTime>
    <Path>/fdr/pages/userprofile.aspx</Path>
    <User>SARSGOV\s2024134</User>
    <Url>http://localhost/fdr/pages/userprofile.aspx</Url>
    <Time>08:03:01 AM +02</Time>
  </SystemRequest>
  <SystemRequest>
    <RequestTime>2017-10-13</RequestTime>
    <Path>/fdr/pages/managemne.aspx</Path>
    <User>SARSGOV\s2024134</User>
    <Url>http://localhost/fdr/pages/managemne.aspx</Url>
    <Time>08:03:08 AM +02</Time>
  </SystemRequest>
  <SystemRequest>
    <RequestTime>2017-10-13</RequestTime>
    <Path>/fdr/secureurl/menu.aspx</Path>
    <User>SARSGOV\s2024134</User>
    <Url>http://localhost/fdr/secureurl/menu.aspx</Url>
    <Time>08:03:19 AM +02</Time>
  </SystemRequest>
  <SystemRequest>
    <RequestTime>2017-10-13</RequestTime>
    <Path>/fdr/secureurl/ViewFunctions.aspx</Path>
    <User>SARSGOV\s2024134</User>
    <Url>http://localhost/fdr/secureurl/ViewFunctions.aspx</Url>
    <Time>08:12:44 AM +02</Time>
  </SystemRequest>
  <SystemRequest>
    <RequestTime>2017-10-13</RequestTime>
    <Path>/fdr/secureurl/ViewFunctions.aspx</Path>
    <User>SARSGOV\s2024134</User>
    <Url>http://localhost/fdr/secureurl/ViewFunctions.aspx</Url>
    <Time>08:15:12 AM +02</Time>
  </SystemRequest>
  <SystemRequest>
    <RequestTime>2017-10-13</RequestTime>
    <Path>/fdr/secureurl/ViewFunctions.aspx</Path>
    <User>SARSGOV\s2024134</User>
    <Url>http://localhost/fdr/secureurl/ViewFunctions.aspx</Url>
    <Time>08:15:38 AM +02</Time>
  </SystemRequest>
  <SystemRequest>
    <RequestTime>2017-10-13</RequestTime>
    <Path>/fdr/secureurl/ViewUploadMNEList.aspx</Path>
    <User>SARSGOV\s2024134</User>
    <Url>http://localhost/fdr/secureurl/ViewUploadMNEList.aspx</Url>
    <Time>08:16:18 AM +02</Time>
  </SystemRequest>
  <SystemRequest>
    <RequestTime>2017-10-13</RequestTime>
    <Path>/fdr/pages/UploadMNEList.aspx</Path>
    <User>SARSGOV\s2024134</User>
    <Url>http://localhost/fdr/pages/UploadMNEList.aspx</Url>
    <Time>08:17:05 AM +02</Time>
  </SystemRequest>
  <SystemRequest>
    <RequestTime>2017-10-13</RequestTime>
    <Path>/fdr/secureurl/menu.aspx</Path>
    <User>SARSGOV\s2024134</User>
    <Url>http://localhost/fdr/secureurl/menu.aspx</Url>
    <Time>08:17:24 AM +02</Time>
  </SystemRequest>
  <SystemRequest>
    <RequestTime>2017-10-13</RequestTime>
    <Path>/fdr/secureurl/MapUrlToFunction.aspx</Path>
    <User>SARSGOV\s2024134</User>
    <Url>http://localhost/fdr/secureurl/MapUrlToFunction.aspx</Url>
    <Time>08:17:30 AM +02</Time>
  </SystemRequest>
  <SystemRequest>
    <RequestTime>2017-10-13</RequestTime>
    <Path>/fdr/secureurl/MapUrlToFunction.aspx</Path>
    <User>SARSGOV\s2024134</User>
    <Url>http://localhost/fdr/secureurl/MapUrlToFunction.aspx</Url>
    <Time>08:17:37 AM +02</Time>
  </SystemRequest>
  <SystemRequest>
    <RequestTime>2017-10-13</RequestTime>
    <Path>/fdr/secureurl/MapUrlToFunction.aspx</Path>
    <User>SARSGOV\s2024134</User>
    <Url>http://localhost/fdr/secureurl/MapUrlToFunction.aspx</Url>
    <Time>08:17:40 AM +02</Time>
  </SystemRequest>
  <SystemRequest>
    <RequestTime>2017-10-13</RequestTime>
    <Path>/fdr/secureurl/MapUrlToFunction.aspx</Path>
    <User>SARSGOV\s2024134</User>
    <Url>http://localhost/fdr/secureurl/MapUrlToFunction.aspx</Url>
    <Time>08:17:51 AM +02</Time>
  </SystemRequest>
  <SystemRequest>
    <RequestTime>2017-10-13</RequestTime>
    <Path>/fdr/secureurl/MapUrlToFunction.aspx</Path>
    <User>SARSGOV\s2024134</User>
    <Url>http://localhost/fdr/secureurl/MapUrlToFunction.aspx</Url>
    <Time>08:17:57 AM +02</Time>
  </SystemRequest>
  <SystemRequest>
    <RequestTime>2017-10-13</RequestTime>
    <Path>/fdr/secureurl/menu.aspx</Path>
    <User>SARSGOV\s2024134</User>
    <Url>http://localhost/fdr/secureurl/menu.aspx</Url>
    <Time>08:18:08 AM +02</Time>
  </SystemRequest>
  <SystemRequest>
    <RequestTime>2017-10-13</RequestTime>
    <Path>/fdr/secureurl/AssignFunctionToRole.aspx</Path>
    <User>SARSGOV\s2024134</User>
    <Url>http://localhost/fdr/secureurl/AssignFunctionToRole.aspx</Url>
    <Time>08:18:10 AM +02</Time>
  </SystemRequest>
  <SystemRequest>
    <RequestTime>2017-10-13</RequestTime>
    <Path>/fdr/secureurl/AssignFunctionToRole.aspx</Path>
    <User>SARSGOV\s2024134</User>
    <Url>http://localhost/fdr/secureurl/AssignFunctionToRole.aspx</Url>
    <Time>08:18:16 AM +02</Time>
  </SystemRequest>
  <SystemRequest>
    <RequestTime>2017-10-13</RequestTime>
    <Path>/fdr/secureurl/AssignFunctionToRole.aspx</Path>
    <User>SARSGOV\s2024134</User>
    <Url>http://localhost/fdr/secureurl/AssignFunctionToRole.aspx</Url>
    <Time>08:18:27 AM +02</Time>
  </SystemRequest>
  <SystemRequest>
    <RequestTime>2017-10-13</RequestTime>
    <Path>/fdr/secureurl/AssignFunctionToRole.aspx</Path>
    <User>SARSGOV\s2024134</User>
    <Url>http://localhost/fdr/secureurl/AssignFunctionToRole.aspx</Url>
    <Time>08:18:30 AM +02</Time>
  </SystemRequest>
  <SystemRequest>
    <RequestTime>2017-10-13</RequestTime>
    <Path>/fdr/secureurl/AssignFunctionToRole.aspx</Path>
    <User>SARSGOV\s2024134</User>
    <Url>http://localhost/fdr/secureurl/AssignFunctionToRole.aspx</Url>
    <Time>08:18:34 AM +02</Time>
  </SystemRequest>
  <SystemRequest>
    <RequestTime>2017-10-13</RequestTime>
    <Path>/fdr/secureurl/AssignFunctionToRole.aspx</Path>
    <User>SARSGOV\s2024134</User>
    <Url>http://localhost/fdr/secureurl/AssignFunctionToRole.aspx</Url>
    <Time>08:18:37 AM +02</Time>
  </SystemRequest>
  <SystemRequest>
    <RequestTime>2017-10-13</RequestTime>
    <Path>/fdr/secureurl/AssignFunctionToRole.aspx</Path>
    <User>SARSGOV\s2024134</User>
    <Url>http://localhost/fdr/secureurl/AssignFunctionToRole.aspx</Url>
    <Time>08:18:41 AM +02</Time>
  </SystemRequest>
  <SystemRequest>
    <RequestTime>2017-10-13</RequestTime>
    <Path>/fdr/secureurl/AssignFunctionToRole.aspx</Path>
    <User>SARSGOV\s2024134</User>
    <Url>http://localhost/fdr/secureurl/AssignFunctionToRole.aspx</Url>
    <Time>08:18:49 AM +02</Time>
  </SystemRequest>
  <SystemRequest>
    <RequestTime>2017-10-13</RequestTime>
    <Path>/fdr/secureurl/AssignFunctionToRole.aspx</Path>
    <User>SARSGOV\s2024134</User>
    <Url>http://localhost/fdr/secureurl/AssignFunctionToRole.aspx</Url>
    <Time>08:18:54 AM +02</Time>
  </SystemRequest>
  <SystemRequest>
    <RequestTime>2017-10-13</RequestTime>
    <Path>/fdr/secureurl/AssignFunctionToRole.aspx</Path>
    <User>SARSGOV\s2024134</User>
    <Url>http://localhost/fdr/secureurl/AssignFunctionToRole.aspx</Url>
    <Time>08:18:56 AM +02</Time>
  </SystemRequest>
  <SystemRequest>
    <RequestTime>2017-10-13</RequestTime>
    <Path>/fdr/secureurl/AssignFunctionToRole.aspx</Path>
    <User>SARSGOV\s2024134</User>
    <Url>http://localhost/fdr/secureurl/AssignFunctionToRole.aspx</Url>
    <Time>08:19:01 AM +02</Time>
  </SystemRequest>
  <SystemRequest>
    <RequestTime>2017-10-13</RequestTime>
    <Path>/fdr/secureurl/AssignFunctionToRole.aspx</Path>
    <User>SARSGOV\s2024134</User>
    <Url>http://localhost/fdr/secureurl/AssignFunctionToRole.aspx</Url>
    <Time>08:19:08 AM +02</Time>
  </SystemRequest>
  <SystemRequest>
    <RequestTime>2017-10-13</RequestTime>
    <Path>/fdr/secureurl/AssignFunctionToRole.aspx</Path>
    <User>SARSGOV\s2024134</User>
    <Url>http://localhost/fdr/secureurl/AssignFunctionToRole.aspx</Url>
    <Time>08:19:09 AM +02</Time>
  </SystemRequest>
  <SystemRequest>
    <RequestTime>2017-10-13</RequestTime>
    <Path>/fdr/secureurl/menu.aspx</Path>
    <User>SARSGOV\s2024134</User>
    <Url>http://localhost/fdr/secureurl/menu.aspx</Url>
    <Time>08:19:11 AM +02</Time>
  </SystemRequest>
  <SystemRequest>
    <RequestTime>2017-10-13</RequestTime>
    <Path>/fdr/secureurl/refreshmenu.aspx</Path>
    <User>SARSGOV\s2024134</User>
    <Url>http://localhost/fdr/secureurl/refreshmenu.aspx</Url>
    <Time>08:19:15 AM +02</Time>
  </SystemRequest>
  <SystemRequest>
    <RequestTime>2017-10-13</RequestTime>
    <Path>/fdr/secureurl/refreshmenu.aspx</Path>
    <User>SARSGOV\s2024134</User>
    <Url>http://localhost/fdr/secureurl/refreshmenu.aspx</Url>
    <Time>08:19:19 AM +02</Time>
  </SystemRequest>
  <SystemRequest>
    <RequestTime>2017-10-13</RequestTime>
    <Path>/fdr/secureurl/refreshmenu.aspx</Path>
    <User>SARSGOV\s2024134</User>
    <Url>http://localhost/fdr/secureurl/refreshmenu.aspx</Url>
    <Time>08:19:22 AM +02</Time>
  </SystemRequest>
  <SystemRequest>
    <RequestTime>2017-10-13</RequestTime>
    <Path>/fdr/secureurl/refreshmenu.aspx</Path>
    <User>SARSGOV\s2024134</User>
    <Url>http://localhost/fdr/secureurl/refreshmenu.aspx</Url>
    <Time>08:19:23 AM +02</Time>
  </SystemRequest>
  <SystemRequest>
    <RequestTime>2017-10-13</RequestTime>
    <Path>/fdr/secureurl/refreshmenu.aspx</Path>
    <User>SARSGOV\s2024134</User>
    <Url>http://localhost/fdr/secureurl/refreshmenu.aspx</Url>
    <Time>08:19:24 AM +02</Time>
  </SystemRequest>
  <SystemRequest>
    <RequestTime>2017-10-13</RequestTime>
    <Path>/fdr/secureurl/refreshmenu.aspx</Path>
    <User>SARSGOV\s2024134</User>
    <Url>http://localhost/fdr/secureurl/refreshmenu.aspx</Url>
    <Time>08:19:28 AM +02</Time>
  </SystemRequest>
  <SystemRequest>
    <RequestTime>2017-10-13</RequestTime>
    <Path>/fdr/secureurl/refreshmenu.aspx</Path>
    <User>SARSGOV\s2024134</User>
    <Url>http://localhost/fdr/secureurl/refreshmenu.aspx</Url>
    <Time>08:19:29 AM +02</Time>
  </SystemRequest>
  <SystemRequest>
    <RequestTime>2017-10-13</RequestTime>
    <Path>/fdr/secureurl/menu.aspx</Path>
    <User>SARSGOV\s2024134</User>
    <Url>http://localhost/fdr/secureurl/menu.aspx</Url>
    <Time>08:19:42 AM +02</Time>
  </SystemRequest>
  <SystemRequest>
    <RequestTime>2017-10-13</RequestTime>
    <Path>/fdr/secureurl/AssignFunctionToRole.aspx</Path>
    <User>SARSGOV\s2024134</User>
    <Url>http://localhost/fdr/secureurl/AssignFunctionToRole.aspx</Url>
    <Time>08:19:46 AM +02</Time>
  </SystemRequest>
  <SystemRequest>
    <RequestTime>2017-10-13</RequestTime>
    <Path>/fdr/secureurl/AssignFunctionToRole.aspx</Path>
    <User>SARSGOV\s2024134</User>
    <Url>http://localhost/fdr/secureurl/AssignFunctionToRole.aspx</Url>
    <Time>08:19:50 AM +02</Time>
  </SystemRequest>
  <SystemRequest>
    <RequestTime>2017-10-13</RequestTime>
    <Path>/fdr/secureurl/AssignFunctionToRole.aspx</Path>
    <User>SARSGOV\s2024134</User>
    <Url>http://localhost/fdr/secureurl/AssignFunctionToRole.aspx</Url>
    <Time>08:19:56 AM +02</Time>
  </SystemRequest>
  <SystemRequest>
    <RequestTime>2017-10-13</RequestTime>
    <Path>/fdr/secureurl/AssignFunctionToRole.aspx</Path>
    <User>SARSGOV\s2024134</User>
    <Url>http://localhost/fdr/secureurl/AssignFunctionToRole.aspx</Url>
    <Time>08:20:03 AM +02</Time>
  </SystemRequest>
  <SystemRequest>
    <RequestTime>2017-10-13</RequestTime>
    <Path>/fdr/secureurl/AssignFunctionToRole.aspx</Path>
    <User>SARSGOV\s2024134</User>
    <Url>http://localhost/fdr/secureurl/AssignFunctionToRole.aspx</Url>
    <Time>08:20:07 AM +02</Time>
  </SystemRequest>
  <SystemRequest>
    <RequestTime>2017-10-13</RequestTime>
    <Path>/fdr/secureurl/AssignFunctionToRole.aspx</Path>
    <User>SARSGOV\s2024134</User>
    <Url>http://localhost/fdr/secureurl/AssignFunctionToRole.aspx</Url>
    <Time>08:20:10 AM +02</Time>
  </SystemRequest>
  <SystemRequest>
    <RequestTime>2017-10-13</RequestTime>
    <Path>/fdr/secureurl/AssignFunctionToRole.aspx</Path>
    <User>SARSGOV\s2024134</User>
    <Url>http://localhost/fdr/secureurl/AssignFunctionToRole.aspx</Url>
    <Time>08:20:11 AM +02</Time>
  </SystemRequest>
  <SystemRequest>
    <RequestTime>2017-10-13</RequestTime>
    <Path>/fdr/secureurl/AssignFunctionToRole.aspx</Path>
    <User>SARSGOV\s2024134</User>
    <Url>http://localhost/fdr/secureurl/AssignFunctionToRole.aspx</Url>
    <Time>08:20:15 AM +02</Time>
  </SystemRequest>
  <SystemRequest>
    <RequestTime>2017-10-13</RequestTime>
    <Path>/fdr/secureurl/menu.aspx</Path>
    <User>SARSGOV\s2024134</User>
    <Url>http://localhost/fdr/secureurl/menu.aspx</Url>
    <Time>08:20:23 AM +02</Time>
  </SystemRequest>
  <SystemRequest>
    <RequestTime>2017-10-13</RequestTime>
    <Path>/fdr/secureurl/refreshmenu.aspx</Path>
    <User>SARSGOV\s2024134</User>
    <Url>http://localhost/fdr/secureurl/refreshmenu.aspx</Url>
    <Time>08:20:41 AM +02</Time>
  </SystemRequest>
  <SystemRequest>
    <RequestTime>2017-10-13</RequestTime>
    <Path>/fdr/secureurl/refreshmenu.aspx</Path>
    <User>SARSGOV\s2024134</User>
    <Url>http://localhost/fdr/secureurl/refreshmenu.aspx</Url>
    <Time>08:20:44 AM +02</Time>
  </SystemRequest>
  <SystemRequest>
    <RequestTime>2017-10-13</RequestTime>
    <Path>/fdr/pages/uploadmnelist.aspx</Path>
    <User>SARSGOV\s2024134</User>
    <Url>http://localhost/fdr/pages/uploadmnelist.aspx</Url>
    <Time>08:20:52 AM +02</Time>
  </SystemRequest>
  <SystemRequest>
    <RequestTime>2017-10-13</RequestTime>
    <Path>/fdr/pages/uploadmnelist.aspx</Path>
    <User>SARSGOV\s2024134</User>
    <Url>http://localhost/fdr/pages/uploadmnelist.aspx</Url>
    <Time>08:21:02 AM +02</Time>
  </SystemRequest>
</ArrayOfSystemRequest>