<?xml version="1.0" encoding="utf-8"?>
<ArrayOfSystemRequest>
  <SystemRequest>
    <RequestTime>2017-11-01</RequestTime>
    <Path>/FDR/Default.aspx</Path>
    <User>SARSGOV\s2024134</User>
    <Url>http://localhost/FDR/Default.aspx</Url>
    <Time>09:15:24 AM +02</Time>
  </SystemRequest>
  <SystemRequest>
    <RequestTime>2017-11-01</RequestTime>
    <Path>/fdr/pages/enquiremasterandlocalfiles.aspx</Path>
    <User>SARSGOV\s2024134</User>
    <Url>http://localhost/fdr/pages/enquiremasterandlocalfiles.aspx</Url>
    <Time>09:15:53 AM +02</Time>
  </SystemRequest>
  <SystemRequest>
    <RequestTime>2017-11-01</RequestTime>
    <Path>/FDR/Default.aspx</Path>
    <User>SARSGOV\s2024134</User>
    <Url>http://localhost/FDR/Default.aspx</Url>
    <Time>09:19:57 AM +02</Time>
  </SystemRequest>
  <SystemRequest>
    <RequestTime>2017-11-01</RequestTime>
    <Path>/fdr/pages/incomingcbcdeclataions.aspx</Path>
    <User>SARSGOV\s2024134</User>
    <Url>http://localhost/fdr/pages/incomingcbcdeclataions.aspx</Url>
    <Time>09:20:11 AM +02</Time>
  </SystemRequest>
  <SystemRequest>
    <RequestTime>2017-11-01</RequestTime>
    <Path>/fdr/pages/incomingcbcdeclataions.aspx</Path>
    <User>SARSGOV\s2024134</User>
    <Url>http://localhost/fdr/pages/incomingcbcdeclataions.aspx</Url>
    <Time>09:20:18 AM +02</Time>
  </SystemRequest>
  <SystemRequest>
    <RequestTime>2017-11-01</RequestTime>
    <Path>/FDR/pages/cbcForm.aspx</Path>
    <User>SARSGOV\s2024134</User>
    <Url>http://localhost/FDR/pages/cbcForm.aspx?refno=9428429840&amp;year=2018</Url>
    <Time>09:20:19 AM +02</Time>
  </SystemRequest>
  <SystemRequest>
    <RequestTime>2017-11-01</RequestTime>
    <Path>/FDR/mnelistservice.asmx/GetCBCDataByTaxRefNo</Path>
    <User>SARSGOV\s2024134</User>
    <Url>http://localhost/FDR/mnelistservice.asmx/GetCBCDataByTaxRefNo</Url>
    <Time>09:20:21 AM +02</Time>
  </SystemRequest>
  <SystemRequest>
    <RequestTime>2017-11-01</RequestTime>
    <Path>/FDR/Default.aspx</Path>
    <User>SARSGOV\s2024134</User>
    <Url>http://localhost/FDR/Default.aspx</Url>
    <Time>10:21:54 AM +02</Time>
  </SystemRequest>
  <SystemRequest>
    <RequestTime>2017-11-01</RequestTime>
    <Path>/fdr/pages/incomingcbcdeclataions.aspx</Path>
    <User>SARSGOV\s2024134</User>
    <Url>http://localhost/fdr/pages/incomingcbcdeclataions.aspx</Url>
    <Time>10:22:07 AM +02</Time>
  </SystemRequest>
  <SystemRequest>
    <RequestTime>2017-11-01</RequestTime>
    <Path>/fdr/pages/incomingcbcdeclataions.aspx</Path>
    <User>SARSGOV\s2024134</User>
    <Url>http://localhost/fdr/pages/incomingcbcdeclataions.aspx</Url>
    <Time>10:22:15 AM +02</Time>
  </SystemRequest>
  <SystemRequest>
    <RequestTime>2017-11-01</RequestTime>
    <Path>/FDR/pages/cbcForm.aspx</Path>
    <User>SARSGOV\s2024134</User>
    <Url>http://localhost/FDR/pages/cbcForm.aspx?refno=9428429840&amp;year=2018</Url>
    <Time>10:22:16 AM +02</Time>
  </SystemRequest>
  <SystemRequest>
    <RequestTime>2017-11-01</RequestTime>
    <Path>/FDR/mnelistservice.asmx/GetCBCDataByTaxRefNo</Path>
    <User>SARSGOV\s2024134</User>
    <Url>http://localhost/FDR/mnelistservice.asmx/GetCBCDataByTaxRefNo</Url>
    <Time>10:22:17 AM +02</Time>
  </SystemRequest>
  <SystemRequest>
    <RequestTime>2017-11-01</RequestTime>
    <Path>/FDR/Default.aspx</Path>
    <User>SARSGOV\s2024134</User>
    <Url>http://localhost/FDR/Default.aspx</Url>
    <Time>10:28:33 AM +02</Time>
  </SystemRequest>
  <SystemRequest>
    <RequestTime>2017-11-01</RequestTime>
    <Path>/fdr/pages/incomingcbcdeclataions.aspx</Path>
    <User>SARSGOV\s2024134</User>
    <Url>http://localhost/fdr/pages/incomingcbcdeclataions.aspx</Url>
    <Time>10:28:37 AM +02</Time>
  </SystemRequest>
  <SystemRequest>
    <RequestTime>2017-11-01</RequestTime>
    <Path>/fdr/pages/incomingcbcdeclataions.aspx</Path>
    <User>SARSGOV\s2024134</User>
    <Url>http://localhost/fdr/pages/incomingcbcdeclataions.aspx</Url>
    <Time>10:28:42 AM +02</Time>
  </SystemRequest>
  <SystemRequest>
    <RequestTime>2017-11-01</RequestTime>
    <Path>/FDR/pages/cbcForm.aspx</Path>
    <User>SARSGOV\s2024134</User>
    <Url>http://localhost/FDR/pages/cbcForm.aspx?refno=9428429840&amp;year=2018</Url>
    <Time>10:28:44 AM +02</Time>
  </SystemRequest>
  <SystemRequest>
    <RequestTime>2017-11-01</RequestTime>
    <Path>/FDR/mnelistservice.asmx/GetCBCDataByTaxRefNo</Path>
    <User>SARSGOV\s2024134</User>
    <Url>http://localhost/FDR/mnelistservice.asmx/GetCBCDataByTaxRefNo</Url>
    <Time>10:28:49 AM +02</Time>
  </SystemRequest>
  <SystemRequest>
    <RequestTime>2017-11-01</RequestTime>
    <Path>/FDR/mnelistservice.asmx/</Path>
    <User>SARSGOV\s2024134</User>
    <Url>http://localhost/FDR/mnelistservice.asmx/</Url>
    <Time>10:52:18 AM +02</Time>
  </SystemRequest>
  <SystemRequest>
    <RequestTime>2017-11-01</RequestTime>
    <Path>/FDR/mnelistservice.asmx</Path>
    <User>SARSGOV\s2024134</User>
    <Url>http://localhost/FDR/mnelistservice.asmx</Url>
    <Time>10:52:27 AM +02</Time>
  </SystemRequest>
  <SystemRequest>
    <RequestTime>2017-11-01</RequestTime>
    <Path>/FDR/mnelistservice.asmx</Path>
    <User>SARSGOV\s2024134</User>
    <Url>http://localhost/FDR/mnelistservice.asmx?op=GetCBCDataByTaxRefNo</Url>
    <Time>10:52:36 AM +02</Time>
  </SystemRequest>
  <SystemRequest>
    <RequestTime>2017-11-01</RequestTime>
    <Path>/FDR/mnelistservice.asmx</Path>
    <User>SARSGOV\s2024134</User>
    <Url>http://localhost/FDR/mnelistservice.asmx</Url>
    <Time>10:54:59 AM +02</Time>
  </SystemRequest>
  <SystemRequest>
    <RequestTime>2017-11-01</RequestTime>
    <Path>/FDR/mnelistservice.asmx</Path>
    <User>SARSGOV\s2024134</User>
    <Url>http://localhost/FDR/mnelistservice.asmx?op=GetCBCDataByTaxRefNo</Url>
    <Time>10:55:02 AM +02</Time>
  </SystemRequest>
  <SystemRequest>
    <RequestTime>2017-11-01</RequestTime>
    <Path>/FDR/Default.aspx</Path>
    <User>SARSGOV\s2024134</User>
    <Url>http://localhost/FDR/Default.aspx</Url>
    <Time>11:24:19 AM +02</Time>
  </SystemRequest>
  <SystemRequest>
    <RequestTime>2017-11-01</RequestTime>
    <Path>/fdr/pages/incomingcbcdeclataions.aspx</Path>
    <User>SARSGOV\s2024134</User>
    <Url>http://localhost/fdr/pages/incomingcbcdeclataions.aspx</Url>
    <Time>11:24:31 AM +02</Time>
  </SystemRequest>
  <SystemRequest>
    <RequestTime>2017-11-01</RequestTime>
    <Path>/fdr/pages/incomingcbcdeclataions.aspx</Path>
    <User>SARSGOV\s2024134</User>
    <Url>http://localhost/fdr/pages/incomingcbcdeclataions.aspx</Url>
    <Time>11:24:36 AM +02</Time>
  </SystemRequest>
  <SystemRequest>
    <RequestTime>2017-11-01</RequestTime>
    <Path>/FDR/pages/cbcForm.aspx</Path>
    <User>SARSGOV\s2024134</User>
    <Url>http://localhost/FDR/pages/cbcForm.aspx?refno=9428429840&amp;year=2018</Url>
    <Time>11:24:38 AM +02</Time>
  </SystemRequest>
  <SystemRequest>
    <RequestTime>2017-11-01</RequestTime>
    <Path>/FDR/Default.aspx</Path>
    <User>SARSGOV\s2024134</User>
    <Url>http://localhost/FDR/Default.aspx</Url>
    <Time>11:25:49 AM +02</Time>
  </SystemRequest>
  <SystemRequest>
    <RequestTime>2017-11-01</RequestTime>
    <Path>/fdr/pages/incomingcbcdeclataions.aspx</Path>
    <User>SARSGOV\s2024134</User>
    <Url>http://localhost/fdr/pages/incomingcbcdeclataions.aspx</Url>
    <Time>11:26:11 AM +02</Time>
  </SystemRequest>
  <SystemRequest>
    <RequestTime>2017-11-01</RequestTime>
    <Path>/fdr/pages/incomingcbcdeclataions.aspx</Path>
    <User>SARSGOV\s2024134</User>
    <Url>http://localhost/fdr/pages/incomingcbcdeclataions.aspx</Url>
    <Time>11:26:16 AM +02</Time>
  </SystemRequest>
  <SystemRequest>
    <RequestTime>2017-11-01</RequestTime>
    <Path>/FDR/pages/cbcForm.aspx</Path>
    <User>SARSGOV\s2024134</User>
    <Url>http://localhost/FDR/pages/cbcForm.aspx?refno=9428429840&amp;year=2018</Url>
    <Time>11:26:16 AM +02</Time>
  </SystemRequest>
  <SystemRequest>
    <RequestTime>2017-11-01</RequestTime>
    <Path>/FDR/Default.aspx</Path>
    <User>SARSGOV\s2024134</User>
    <Url>http://localhost/FDR/Default.aspx</Url>
    <Time>11:27:50 AM +02</Time>
  </SystemRequest>
  <SystemRequest>
    <RequestTime>2017-11-01</RequestTime>
    <Path>/fdr/pages/incomingcbcdeclataions.aspx</Path>
    <User>SARSGOV\s2024134</User>
    <Url>http://localhost/fdr/pages/incomingcbcdeclataions.aspx</Url>
    <Time>11:27:55 AM +02</Time>
  </SystemRequest>
  <SystemRequest>
    <RequestTime>2017-11-01</RequestTime>
    <Path>/fdr/pages/incomingcbcdeclataions.aspx</Path>
    <User>SARSGOV\s2024134</User>
    <Url>http://localhost/fdr/pages/incomingcbcdeclataions.aspx</Url>
    <Time>11:28:02 AM +02</Time>
  </SystemRequest>
  <SystemRequest>
    <RequestTime>2017-11-01</RequestTime>
    <Path>/FDR/pages/cbcForm.aspx</Path>
    <User>SARSGOV\s2024134</User>
    <Url>http://localhost/FDR/pages/cbcForm.aspx?refno=9428429840&amp;year=2018</Url>
    <Time>11:28:03 AM +02</Time>
  </SystemRequest>
  <SystemRequest>
    <RequestTime>2017-11-01</RequestTime>
    <Path>/FDR/Default.aspx</Path>
    <User>SARSGOV\s2024134</User>
    <Url>http://localhost/FDR/Default.aspx</Url>
    <Time>11:28:59 AM +02</Time>
  </SystemRequest>
  <SystemRequest>
    <RequestTime>2017-11-01</RequestTime>
    <Path>/fdr/pages/incomingcbcdeclataions.aspx</Path>
    <User>SARSGOV\s2024134</User>
    <Url>http://localhost/fdr/pages/incomingcbcdeclataions.aspx</Url>
    <Time>11:29:04 AM +02</Time>
  </SystemRequest>
  <SystemRequest>
    <RequestTime>2017-11-01</RequestTime>
    <Path>/fdr/pages/incomingcbcdeclataions.aspx</Path>
    <User>SARSGOV\s2024134</User>
    <Url>http://localhost/fdr/pages/incomingcbcdeclataions.aspx</Url>
    <Time>11:29:09 AM +02</Time>
  </SystemRequest>
  <SystemRequest>
    <RequestTime>2017-11-01</RequestTime>
    <Path>/FDR/pages/cbcForm.aspx</Path>
    <User>SARSGOV\s2024134</User>
    <Url>http://localhost/FDR/pages/cbcForm.aspx?refno=9428429840&amp;year=2018</Url>
    <Time>11:29:10 AM +02</Time>
  </SystemRequest>
  <SystemRequest>
    <RequestTime>2017-11-01</RequestTime>
    <Path>/FDR/Default.aspx</Path>
    <User>SARSGOV\s2024134</User>
    <Url>http://localhost/FDR/Default.aspx</Url>
    <Time>11:29:45 AM +02</Time>
  </SystemRequest>
  <SystemRequest>
    <RequestTime>2017-11-01</RequestTime>
    <Path>/FDR/Default.aspx</Path>
    <User>SARSGOV\s2024134</User>
    <Url>http://localhost/FDR/Default.aspx</Url>
    <Time>11:29:49 AM +02</Time>
  </SystemRequest>
  <SystemRequest>
    <RequestTime>2017-11-01</RequestTime>
    <Path>/fdr/pages/incomingcbcdeclataions.aspx</Path>
    <User>SARSGOV\s2024134</User>
    <Url>http://localhost/fdr/pages/incomingcbcdeclataions.aspx</Url>
    <Time>11:29:53 AM +02</Time>
  </SystemRequest>
  <SystemRequest>
    <RequestTime>2017-11-01</RequestTime>
    <Path>/fdr/pages/incomingcbcdeclataions.aspx</Path>
    <User>SARSGOV\s2024134</User>
    <Url>http://localhost/fdr/pages/incomingcbcdeclataions.aspx</Url>
    <Time>11:29:56 AM +02</Time>
  </SystemRequest>
  <SystemRequest>
    <RequestTime>2017-11-01</RequestTime>
    <Path>/FDR/pages/cbcForm.aspx</Path>
    <User>SARSGOV\s2024134</User>
    <Url>http://localhost/FDR/pages/cbcForm.aspx?refno=9428429840&amp;year=2018</Url>
    <Time>11:29:57 AM +02</Time>
  </SystemRequest>
  <SystemRequest>
    <RequestTime>2017-11-01</RequestTime>
    <Path>/FDR/Default.aspx</Path>
    <User>SARSGOV\s2024134</User>
    <Url>http://localhost/FDR/Default.aspx</Url>
    <Time>11:32:37 AM +02</Time>
  </SystemRequest>
  <SystemRequest>
    <RequestTime>2017-11-01</RequestTime>
    <Path>/fdr/pages/incomingcbcdeclataions.aspx</Path>
    <User>SARSGOV\s2024134</User>
    <Url>http://localhost/fdr/pages/incomingcbcdeclataions.aspx</Url>
    <Time>11:33:51 AM +02</Time>
  </SystemRequest>
  <SystemRequest>
    <RequestTime>2017-11-01</RequestTime>
    <Path>/fdr/pages/incomingcbcdeclataions.aspx</Path>
    <User>SARSGOV\s2024134</User>
    <Url>http://localhost/fdr/pages/incomingcbcdeclataions.aspx</Url>
    <Time>11:33:55 AM +02</Time>
  </SystemRequest>
  <SystemRequest>
    <RequestTime>2017-11-01</RequestTime>
    <Path>/FDR/pages/cbcForm.aspx</Path>
    <User>SARSGOV\s2024134</User>
    <Url>http://localhost/FDR/pages/cbcForm.aspx?refno=9428429840&amp;year=2018</Url>
    <Time>11:33:56 AM +02</Time>
  </SystemRequest>
  <SystemRequest>
    <RequestTime>2017-11-01</RequestTime>
    <Path>/FDR/Default.aspx</Path>
    <User>SARSGOV\s2024134</User>
    <Url>http://localhost/FDR/Default.aspx</Url>
    <Time>11:34:36 AM +02</Time>
  </SystemRequest>
  <SystemRequest>
    <RequestTime>2017-11-01</RequestTime>
    <Path>/fdr/pages/incomingcbcdeclataions.aspx</Path>
    <User>SARSGOV\s2024134</User>
    <Url>http://localhost/fdr/pages/incomingcbcdeclataions.aspx</Url>
    <Time>11:34:43 AM +02</Time>
  </SystemRequest>
  <SystemRequest>
    <RequestTime>2017-11-01</RequestTime>
    <Path>/fdr/pages/incomingcbcdeclataions.aspx</Path>
    <User>SARSGOV\s2024134</User>
    <Url>http://localhost/fdr/pages/incomingcbcdeclataions.aspx</Url>
    <Time>11:34:48 AM +02</Time>
  </SystemRequest>
  <SystemRequest>
    <RequestTime>2017-11-01</RequestTime>
    <Path>/FDR/pages/cbcForm.aspx</Path>
    <User>SARSGOV\s2024134</User>
    <Url>http://localhost/FDR/pages/cbcForm.aspx?refno=9428429840&amp;year=2018</Url>
    <Time>11:34:48 AM +02</Time>
  </SystemRequest>
  <SystemRequest>
    <RequestTime>2017-11-01</RequestTime>
    <Path>/FDR/Default.aspx</Path>
    <User>SARSGOV\s2024134</User>
    <Url>http://localhost/FDR/Default.aspx</Url>
    <Time>11:35:27 AM +02</Time>
  </SystemRequest>
  <SystemRequest>
    <RequestTime>2017-11-01</RequestTime>
    <Path>/fdr/pages/incomingcbcdeclataions.aspx</Path>
    <User>SARSGOV\s2024134</User>
    <Url>http://localhost/fdr/pages/incomingcbcdeclataions.aspx</Url>
    <Time>11:35:59 AM +02</Time>
  </SystemRequest>
  <SystemRequest>
    <RequestTime>2017-11-01</RequestTime>
    <Path>/fdr/pages/incomingcbcdeclataions.aspx</Path>
    <User>SARSGOV\s2024134</User>
    <Url>http://localhost/fdr/pages/incomingcbcdeclataions.aspx</Url>
    <Time>11:36:06 AM +02</Time>
  </SystemRequest>
  <SystemRequest>
    <RequestTime>2017-11-01</RequestTime>
    <Path>/FDR/pages/cbcForm.aspx</Path>
    <User>SARSGOV\s2024134</User>
    <Url>http://localhost/FDR/pages/cbcForm.aspx?refno=9428429840&amp;year=2018</Url>
    <Time>11:36:08 AM +02</Time>
  </SystemRequest>
  <SystemRequest>
    <RequestTime>2017-11-01</RequestTime>
    <Path>/FDR/Default.aspx</Path>
    <User>SARSGOV\s2024134</User>
    <Url>http://localhost/FDR/Default.aspx</Url>
    <Time>11:37:28 AM +02</Time>
  </SystemRequest>
  <SystemRequest>
    <RequestTime>2017-11-01</RequestTime>
    <Path>/fdr/pages/incomingcbcdeclataions.aspx</Path>
    <User>SARSGOV\s2024134</User>
    <Url>http://localhost/fdr/pages/incomingcbcdeclataions.aspx</Url>
    <Time>11:37:47 AM +02</Time>
  </SystemRequest>
  <SystemRequest>
    <RequestTime>2017-11-01</RequestTime>
    <Path>/fdr/pages/incomingcbcdeclataions.aspx</Path>
    <User>SARSGOV\s2024134</User>
    <Url>http://localhost/fdr/pages/incomingcbcdeclataions.aspx</Url>
    <Time>11:37:54 AM +02</Time>
  </SystemRequest>
  <SystemRequest>
    <RequestTime>2017-11-01</RequestTime>
    <Path>/FDR/pages/cbcForm.aspx</Path>
    <User>SARSGOV\s2024134</User>
    <Url>http://localhost/FDR/pages/cbcForm.aspx?refno=9428429840&amp;year=2018</Url>
    <Time>11:37:55 AM +02</Time>
  </SystemRequest>
  <SystemRequest>
    <RequestTime>2017-11-01</RequestTime>
    <Path>/FDR/Default.aspx</Path>
    <User>SARSGOV\s2024134</User>
    <Url>http://localhost/FDR/Default.aspx</Url>
    <Time>11:38:59 AM +02</Time>
  </SystemRequest>
  <SystemRequest>
    <RequestTime>2017-11-01</RequestTime>
    <Path>/fdr/pages/incomingcbcdeclataions.aspx</Path>
    <User>SARSGOV\s2024134</User>
    <Url>http://localhost/fdr/pages/incomingcbcdeclataions.aspx</Url>
    <Time>11:39:03 AM +02</Time>
  </SystemRequest>
  <SystemRequest>
    <RequestTime>2017-11-01</RequestTime>
    <Path>/fdr/pages/incomingcbcdeclataions.aspx</Path>
    <User>SARSGOV\s2024134</User>
    <Url>http://localhost/fdr/pages/incomingcbcdeclataions.aspx</Url>
    <Time>11:39:07 AM +02</Time>
  </SystemRequest>
  <SystemRequest>
    <RequestTime>2017-11-01</RequestTime>
    <Path>/FDR/pages/cbcForm.aspx</Path>
    <User>SARSGOV\s2024134</User>
    <Url>http://localhost/FDR/pages/cbcForm.aspx?refno=9428429840&amp;year=2018</Url>
    <Time>11:39:08 AM +02</Time>
  </SystemRequest>
  <SystemRequest>
    <RequestTime>2017-11-01</RequestTime>
    <Path>/FDR/Default.aspx</Path>
    <User>SARSGOV\s2024134</User>
    <Url>http://localhost/FDR/Default.aspx</Url>
    <Time>11:55:16 AM +02</Time>
  </SystemRequest>
  <SystemRequest>
    <RequestTime>2017-11-01</RequestTime>
    <Path>/fdr/pages/incomingcbcdeclataions.aspx</Path>
    <User>SARSGOV\s2024134</User>
    <Url>http://localhost/fdr/pages/incomingcbcdeclataions.aspx</Url>
    <Time>11:55:22 AM +02</Time>
  </SystemRequest>
  <SystemRequest>
    <RequestTime>2017-11-01</RequestTime>
    <Path>/fdr/pages/incomingcbcdeclataions.aspx</Path>
    <User>SARSGOV\s2024134</User>
    <Url>http://localhost/fdr/pages/incomingcbcdeclataions.aspx</Url>
    <Time>11:55:31 AM +02</Time>
  </SystemRequest>
  <SystemRequest>
    <RequestTime>2017-11-01</RequestTime>
    <Path>/FDR/pages/cbcForm.aspx</Path>
    <User>SARSGOV\s2024134</User>
    <Url>http://localhost/FDR/pages/cbcForm.aspx?refno=9428429840&amp;year=2018</Url>
    <Time>11:55:32 AM +02</Time>
  </SystemRequest>
  <SystemRequest>
    <RequestTime>2017-11-01</RequestTime>
    <Path>/FDR/Default.aspx</Path>
    <User>SARSGOV\s2024134</User>
    <Url>http://localhost/FDR/Default.aspx</Url>
    <Time>11:56:50 AM +02</Time>
  </SystemRequest>
  <SystemRequest>
    <RequestTime>2017-11-01</RequestTime>
    <Path>/fdr/pages/incomingcbcdeclataions.aspx</Path>
    <User>SARSGOV\s2024134</User>
    <Url>http://localhost/fdr/pages/incomingcbcdeclataions.aspx</Url>
    <Time>11:57:02 AM +02</Time>
  </SystemRequest>
  <SystemRequest>
    <RequestTime>2017-11-01</RequestTime>
    <Path>/fdr/pages/incomingcbcdeclataions.aspx</Path>
    <User>SARSGOV\s2024134</User>
    <Url>http://localhost/fdr/pages/incomingcbcdeclataions.aspx</Url>
    <Time>11:57:10 AM +02</Time>
  </SystemRequest>
  <SystemRequest>
    <RequestTime>2017-11-01</RequestTime>
    <Path>/fdr/pages/incomingcbcdeclataions.aspx</Path>
    <User>SARSGOV\s2024134</User>
    <Url>http://localhost/fdr/pages/incomingcbcdeclataions.aspx</Url>
    <Time>11:57:15 AM +02</Time>
  </SystemRequest>
  <SystemRequest>
    <RequestTime>2017-11-01</RequestTime>
    <Path>/fdr/pages/incomingcbcdeclataions.aspx</Path>
    <User>SARSGOV\s2024134</User>
    <Url>http://localhost/fdr/pages/incomingcbcdeclataions.aspx</Url>
    <Time>11:57:19 AM +02</Time>
  </SystemRequest>
  <SystemRequest>
    <RequestTime>2017-11-01</RequestTime>
    <Path>/FDR/Default.aspx</Path>
    <User>SARSGOV\s2024134</User>
    <Url>http://localhost/FDR/Default.aspx</Url>
    <Time>12:02:58 PM +02</Time>
  </SystemRequest>
  <SystemRequest>
    <RequestTime>2017-11-01</RequestTime>
    <Path>/fdr/pages/incomingcbcdeclataions.aspx</Path>
    <User>SARSGOV\s2024134</User>
    <Url>http://localhost/fdr/pages/incomingcbcdeclataions.aspx</Url>
    <Time>12:03:06 PM +02</Time>
  </SystemRequest>
  <SystemRequest>
    <RequestTime>2017-11-01</RequestTime>
    <Path>/fdr/pages/incomingcbcdeclataions.aspx</Path>
    <User>SARSGOV\s2024134</User>
    <Url>http://localhost/fdr/pages/incomingcbcdeclataions.aspx</Url>
    <Time>12:03:15 PM +02</Time>
  </SystemRequest>
  <SystemRequest>
    <RequestTime>2017-11-01</RequestTime>
    <Path>/FDR/pages/cbcForm.aspx</Path>
    <User>SARSGOV\s2024134</User>
    <Url>http://localhost/FDR/pages/cbcForm.aspx?refno=9428429840&amp;year=2018</Url>
    <Time>12:03:16 PM +02</Time>
  </SystemRequest>
  <SystemRequest>
    <RequestTime>2017-11-01</RequestTime>
    <Path>/FDR/Default.aspx</Path>
    <User>SARSGOV\s2024134</User>
    <Url>http://localhost/FDR/Default.aspx</Url>
    <Time>12:04:15 PM +02</Time>
  </SystemRequest>
  <SystemRequest>
    <RequestTime>2017-11-01</RequestTime>
    <Path>/fdr/pages/incomingcbcdeclataions.aspx</Path>
    <User>SARSGOV\s2024134</User>
    <Url>http://localhost/fdr/pages/incomingcbcdeclataions.aspx</Url>
    <Time>12:04:20 PM +02</Time>
  </SystemRequest>
  <SystemRequest>
    <RequestTime>2017-11-01</RequestTime>
    <Path>/fdr/pages/incomingcbcdeclataions.aspx</Path>
    <User>SARSGOV\s2024134</User>
    <Url>http://localhost/fdr/pages/incomingcbcdeclataions.aspx</Url>
    <Time>12:04:25 PM +02</Time>
  </SystemRequest>
  <SystemRequest>
    <RequestTime>2017-11-01</RequestTime>
    <Path>/FDR/pages/cbcForm.aspx</Path>
    <User>SARSGOV\s2024134</User>
    <Url>http://localhost/FDR/pages/cbcForm.aspx?refno=9428429840&amp;year=2018</Url>
    <Time>12:04:26 PM +02</Time>
  </SystemRequest>
  <SystemRequest>
    <RequestTime>2017-11-01</RequestTime>
    <Path>/FDR/mnelistservice.asmx/GetCBCDataByTaxRefNo</Path>
    <User>SARSGOV\s2024134</User>
    <Url>http://localhost/FDR/mnelistservice.asmx/GetCBCDataByTaxRefNo</Url>
    <Time>12:04:31 PM +02</Time>
  </SystemRequest>
  <SystemRequest>
    <RequestTime>2017-11-01</RequestTime>
    <Path>/FDR/Default.aspx</Path>
    <User>SARSGOV\s2024134</User>
    <Url>http://localhost/FDR/Default.aspx</Url>
    <Time>12:09:46 PM +02</Time>
  </SystemRequest>
  <SystemRequest>
    <RequestTime>2017-11-01</RequestTime>
    <Path>/fdr/pages/incomingcbcdeclataions.aspx</Path>
    <User>SARSGOV\s2024134</User>
    <Url>http://localhost/fdr/pages/incomingcbcdeclataions.aspx</Url>
    <Time>12:09:54 PM +02</Time>
  </SystemRequest>
  <SystemRequest>
    <RequestTime>2017-11-01</RequestTime>
    <Path>/fdr/pages/incomingcbcdeclataions.aspx</Path>
    <User>SARSGOV\s2024134</User>
    <Url>http://localhost/fdr/pages/incomingcbcdeclataions.aspx</Url>
    <Time>12:10:02 PM +02</Time>
  </SystemRequest>
  <SystemRequest>
    <RequestTime>2017-11-01</RequestTime>
    <Path>/FDR/pages/cbcForm.aspx</Path>
    <User>SARSGOV\s2024134</User>
    <Url>http://localhost/FDR/pages/cbcForm.aspx?refno=9428429840&amp;year=2018</Url>
    <Time>12:10:03 PM +02</Time>
  </SystemRequest>
  <SystemRequest>
    <RequestTime>2017-11-01</RequestTime>
    <Path>/FDR/Default.aspx</Path>
    <User>SARSGOV\s2024134</User>
    <Url>http://localhost/FDR/Default.aspx</Url>
    <Time>12:22:00 PM +02</Time>
  </SystemRequest>
  <SystemRequest>
    <RequestTime>2017-11-01</RequestTime>
    <Path>/fdr/pages/incomingcbcdeclataions.aspx</Path>
    <User>SARSGOV\s2024134</User>
    <Url>http://localhost/fdr/pages/incomingcbcdeclataions.aspx</Url>
    <Time>12:22:07 PM +02</Time>
  </SystemRequest>
  <SystemRequest>
    <RequestTime>2017-11-01</RequestTime>
    <Path>/fdr/pages/incomingcbcdeclataions.aspx</Path>
    <User>SARSGOV\s2024134</User>
    <Url>http://localhost/fdr/pages/incomingcbcdeclataions.aspx</Url>
    <Time>12:22:13 PM +02</Time>
  </SystemRequest>
  <SystemRequest>
    <RequestTime>2017-11-01</RequestTime>
    <Path>/fdr/pages/incomingcbcdeclataions.aspx</Path>
    <User>SARSGOV\s2024134</User>
    <Url>http://localhost/fdr/pages/incomingcbcdeclataions.aspx</Url>
    <Time>12:22:17 PM +02</Time>
  </SystemRequest>
  <SystemRequest>
    <RequestTime>2017-11-01</RequestTime>
    <Path>/fdr/pages/incomingcbcdeclataions.aspx</Path>
    <User>SARSGOV\s2024134</User>
    <Url>http://localhost/fdr/pages/incomingcbcdeclataions.aspx</Url>
    <Time>12:22:19 PM +02</Time>
  </SystemRequest>
  <SystemRequest>
    <RequestTime>2017-11-01</RequestTime>
    <Path>/fdr/pages/incomingcbcdeclataions.aspx</Path>
    <User>SARSGOV\s2024134</User>
    <Url>http://localhost/fdr/pages/incomingcbcdeclataions.aspx</Url>
    <Time>12:22:42 PM +02</Time>
  </SystemRequest>
  <SystemRequest>
    <RequestTime>2017-11-01</RequestTime>
    <Path>/FDR/Default.aspx</Path>
    <User>SARSGOV\s2024134</User>
    <Url>http://localhost/FDR/Default.aspx</Url>
    <Time>12:29:00 PM +02</Time>
  </SystemRequest>
  <SystemRequest>
    <RequestTime>2017-11-01</RequestTime>
    <Path>/fdr/pages/incomingcbcdeclataions.aspx</Path>
    <User>SARSGOV\s2024134</User>
    <Url>http://localhost/fdr/pages/incomingcbcdeclataions.aspx</Url>
    <Time>12:29:17 PM +02</Time>
  </SystemRequest>
  <SystemRequest>
    <RequestTime>2017-11-01</RequestTime>
    <Path>/FDR/Default.aspx</Path>
    <User>SARSGOV\s2024134</User>
    <Url>http://localhost/FDR/Default.aspx</Url>
    <Time>12:42:22 PM +02</Time>
  </SystemRequest>
  <SystemRequest>
    <RequestTime>2017-11-01</RequestTime>
    <Path>/fdr/pages/incomingcbcdeclataions.aspx</Path>
    <User>SARSGOV\s2024134</User>
    <Url>http://localhost/fdr/pages/incomingcbcdeclataions.aspx</Url>
    <Time>12:42:30 PM +02</Time>
  </SystemRequest>
  <SystemRequest>
    <RequestTime>2017-11-01</RequestTime>
    <Path>/FDR/Default.aspx</Path>
    <User>SARSGOV\s2024134</User>
    <Url>http://localhost/FDR/Default.aspx</Url>
    <Time>12:43:07 PM +02</Time>
  </SystemRequest>
  <SystemRequest>
    <RequestTime>2017-11-01</RequestTime>
    <Path>/fdr/pages/incomingcbcdeclataions.aspx</Path>
    <User>SARSGOV\s2024134</User>
    <Url>http://localhost/fdr/pages/incomingcbcdeclataions.aspx</Url>
    <Time>12:43:12 PM +02</Time>
  </SystemRequest>
  <SystemRequest>
    <RequestTime>2017-11-01</RequestTime>
    <Path>/fdr/pages/incomingcbcdeclataions.aspx</Path>
    <User>SARSGOV\s2024134</User>
    <Url>http://localhost/fdr/pages/incomingcbcdeclataions.aspx</Url>
    <Time>12:43:30 PM +02</Time>
  </SystemRequest>
  <SystemRequest>
    <RequestTime>2017-11-01</RequestTime>
    <Path>/FDR/Default.aspx</Path>
    <User>SARSGOV\s2024134</User>
    <Url>http://localhost/FDR/Default.aspx</Url>
    <Time>12:45:21 PM +02</Time>
  </SystemRequest>
  <SystemRequest>
    <RequestTime>2017-11-01</RequestTime>
    <Path>/fdr/pages/incomingcbcdeclataions.aspx</Path>
    <User>SARSGOV\s2024134</User>
    <Url>http://localhost/fdr/pages/incomingcbcdeclataions.aspx</Url>
    <Time>12:45:26 PM +02</Time>
  </SystemRequest>
  <SystemRequest>
    <RequestTime>2017-11-01</RequestTime>
    <Path>/fdr/pages/incomingcbcdeclataions.aspx</Path>
    <User>SARSGOV\s2024134</User>
    <Url>http://localhost/fdr/pages/incomingcbcdeclataions.aspx</Url>
    <Time>12:45:31 PM +02</Time>
  </SystemRequest>
  <SystemRequest>
    <RequestTime>2017-11-01</RequestTime>
    <Path>/FDR/Default.aspx</Path>
    <User>SARSGOV\s2024134</User>
    <Url>http://localhost/FDR/Default.aspx</Url>
    <Time>12:46:39 PM +02</Time>
  </SystemRequest>
  <SystemRequest>
    <RequestTime>2017-11-01</RequestTime>
    <Path>/fdr/pages/incomingcbcdeclataions.aspx</Path>
    <User>SARSGOV\s2024134</User>
    <Url>http://localhost/fdr/pages/incomingcbcdeclataions.aspx</Url>
    <Time>12:47:28 PM +02</Time>
  </SystemRequest>
  <SystemRequest>
    <RequestTime>2017-11-01</RequestTime>
    <Path>/fdr/pages/incomingcbcdeclataions.aspx</Path>
    <User>SARSGOV\s2024134</User>
    <Url>http://localhost/fdr/pages/incomingcbcdeclataions.aspx</Url>
    <Time>12:47:35 PM +02</Time>
  </SystemRequest>
  <SystemRequest>
    <RequestTime>2017-11-01</RequestTime>
    <Path>/FDR/pages/cbcForm.aspx</Path>
    <User>SARSGOV\s2024134</User>
    <Url>http://localhost/FDR/pages/cbcForm.aspx?refno=1010101010&amp;year=2007</Url>
    <Time>12:47:59 PM +02</Time>
  </SystemRequest>
  <SystemRequest>
    <RequestTime>2017-11-01</RequestTime>
    <Path>/FDR/Default.aspx</Path>
    <User>SARSGOV\s2024134</User>
    <Url>http://localhost/FDR/Default.aspx</Url>
    <Time>13:43:49 PM +02</Time>
  </SystemRequest>
  <SystemRequest>
    <RequestTime>2017-11-01</RequestTime>
    <Path>/fdr/pages/incomingcbcdeclataions.aspx</Path>
    <User>SARSGOV\s2024134</User>
    <Url>http://localhost/fdr/pages/incomingcbcdeclataions.aspx</Url>
    <Time>13:44:05 PM +02</Time>
  </SystemRequest>
  <SystemRequest>
    <RequestTime>2017-11-01</RequestTime>
    <Path>/fdr/pages/incomingcbcdeclataions.aspx</Path>
    <User>SARSGOV\s2024134</User>
    <Url>http://localhost/fdr/pages/incomingcbcdeclataions.aspx</Url>
    <Time>13:44:12 PM +02</Time>
  </SystemRequest>
  <SystemRequest>
    <RequestTime>2017-11-01</RequestTime>
    <Path>/FDR/pages/cbcForm.aspx</Path>
    <User>SARSGOV\s2024134</User>
    <Url>http://localhost/FDR/pages/cbcForm.aspx?refno=1010101010&amp;year=2007</Url>
    <Time>13:44:14 PM +02</Time>
  </SystemRequest>
  <SystemRequest>
    <RequestTime>2017-11-01</RequestTime>
    <Path>/FDR/pages/cbcForm.aspx/GetCBCDataByTaxRefNo</Path>
    <User>SARSGOV\s2024134</User>
    <Url>http://localhost/FDR/pages/cbcForm.aspx/GetCBCDataByTaxRefNo</Url>
    <Time>13:44:32 PM +02</Time>
  </SystemRequest>
  <SystemRequest>
    <RequestTime>2017-11-01</RequestTime>
    <Path>/FDR/Default.aspx</Path>
    <User>SARSGOV\s2024134</User>
    <Url>http://localhost/FDR/Default.aspx</Url>
    <Time>13:44:47 PM +02</Time>
  </SystemRequest>
  <SystemRequest>
    <RequestTime>2017-11-01</RequestTime>
    <Path>/FDR/Default.aspx</Path>
    <User>SARSGOV\s2024134</User>
    <Url>http://localhost/FDR/Default.aspx</Url>
    <Time>13:44:50 PM +02</Time>
  </SystemRequest>
  <SystemRequest>
    <RequestTime>2017-11-01</RequestTime>
    <Path>/fdr/pages/incomingcbcdeclataions.aspx</Path>
    <User>SARSGOV\s2024134</User>
    <Url>http://localhost/fdr/pages/incomingcbcdeclataions.aspx</Url>
    <Time>13:44:52 PM +02</Time>
  </SystemRequest>
  <SystemRequest>
    <RequestTime>2017-11-01</RequestTime>
    <Path>/fdr/pages/incomingcbcdeclataions.aspx</Path>
    <User>SARSGOV\s2024134</User>
    <Url>http://localhost/fdr/pages/incomingcbcdeclataions.aspx</Url>
    <Time>13:44:56 PM +02</Time>
  </SystemRequest>
  <SystemRequest>
    <RequestTime>2017-11-01</RequestTime>
    <Path>/FDR/pages/cbcForm.aspx</Path>
    <User>SARSGOV\s2024134</User>
    <Url>http://localhost/FDR/pages/cbcForm.aspx?refno=1010101010&amp;year=2007</Url>
    <Time>13:44:57 PM +02</Time>
  </SystemRequest>
  <SystemRequest>
    <RequestTime>2017-11-01</RequestTime>
    <Path>/FDR/pages/cbcForm.aspx/GetCBCDataByTaxRefNo</Path>
    <User>SARSGOV\s2024134</User>
    <Url>http://localhost/FDR/pages/cbcForm.aspx/GetCBCDataByTaxRefNo</Url>
    <Time>13:45:22 PM +02</Time>
  </SystemRequest>
  <SystemRequest>
    <RequestTime>2017-11-01</RequestTime>
    <Path>/FDR/Default.aspx</Path>
    <User>SARSGOV\s2024134</User>
    <Url>http://localhost/FDR/Default.aspx</Url>
    <Time>13:46:27 PM +02</Time>
  </SystemRequest>
  <SystemRequest>
    <RequestTime>2017-11-01</RequestTime>
    <Path>/fdr/pages/incomingcbcdeclataions.aspx</Path>
    <User>SARSGOV\s2024134</User>
    <Url>http://localhost/fdr/pages/incomingcbcdeclataions.aspx</Url>
    <Time>13:46:36 PM +02</Time>
  </SystemRequest>
  <SystemRequest>
    <RequestTime>2017-11-01</RequestTime>
    <Path>/fdr/pages/incomingcbcdeclataions.aspx</Path>
    <User>SARSGOV\s2024134</User>
    <Url>http://localhost/fdr/pages/incomingcbcdeclataions.aspx</Url>
    <Time>13:46:42 PM +02</Time>
  </SystemRequest>
  <SystemRequest>
    <RequestTime>2017-11-01</RequestTime>
    <Path>/FDR/pages/cbcForm.aspx</Path>
    <User>SARSGOV\s2024134</User>
    <Url>http://localhost/FDR/pages/cbcForm.aspx?refno=1010101010&amp;year=2007</Url>
    <Time>13:46:44 PM +02</Time>
  </SystemRequest>
  <SystemRequest>
    <RequestTime>2017-11-01</RequestTime>
    <Path>/FDR/pages/pages/cbcForm.aspx/GetCBCDataByTaxRefNo</Path>
    <User>SARSGOV\s2024134</User>
    <Url>http://localhost/FDR/pages/pages/cbcForm.aspx/GetCBCDataByTaxRefNo</Url>
    <Time>13:47:19 PM +02</Time>
  </SystemRequest>
  <SystemRequest>
    <RequestTime>2017-11-01</RequestTime>
    <Path>/FDR/Default.aspx</Path>
    <User>SARSGOV\s2024134</User>
    <Url>http://localhost/FDR/Default.aspx</Url>
    <Time>13:48:52 PM +02</Time>
  </SystemRequest>
  <SystemRequest>
    <RequestTime>2017-11-01</RequestTime>
    <Path>/fdr/pages/incomingcbcdeclataions.aspx</Path>
    <User>SARSGOV\s2024134</User>
    <Url>http://localhost/fdr/pages/incomingcbcdeclataions.aspx</Url>
    <Time>13:48:59 PM +02</Time>
  </SystemRequest>
  <SystemRequest>
    <RequestTime>2017-11-01</RequestTime>
    <Path>/fdr/pages/incomingcbcdeclataions.aspx</Path>
    <User>SARSGOV\s2024134</User>
    <Url>http://localhost/fdr/pages/incomingcbcdeclataions.aspx</Url>
    <Time>13:49:05 PM +02</Time>
  </SystemRequest>
  <SystemRequest>
    <RequestTime>2017-11-01</RequestTime>
    <Path>/FDR/pages/cbcForm.aspx</Path>
    <User>SARSGOV\s2024134</User>
    <Url>http://localhost/FDR/pages/cbcForm.aspx?refno=1010101010&amp;year=2007</Url>
    <Time>13:49:06 PM +02</Time>
  </SystemRequest>
  <SystemRequest>
    <RequestTime>2017-11-01</RequestTime>
    <Path>/FDR/pages/cbcForm.aspx/GetCBCDataByTaxRefNo</Path>
    <User>SARSGOV\s2024134</User>
    <Url>http://localhost/FDR/pages/cbcForm.aspx/GetCBCDataByTaxRefNo</Url>
    <Time>13:50:25 PM +02</Time>
  </SystemRequest>
  <SystemRequest>
    <RequestTime>2017-11-01</RequestTime>
    <Path>/FDR/Default.aspx</Path>
    <User>SARSGOV\s2024134</User>
    <Url>http://localhost/FDR/Default.aspx</Url>
    <Time>14:09:29 PM +02</Time>
  </SystemRequest>
  <SystemRequest>
    <RequestTime>2017-11-01</RequestTime>
    <Path>/fdr/pages/incomingcbcdeclataions.aspx</Path>
    <User>SARSGOV\s2024134</User>
    <Url>http://localhost/fdr/pages/incomingcbcdeclataions.aspx</Url>
    <Time>14:09:49 PM +02</Time>
  </SystemRequest>
  <SystemRequest>
    <RequestTime>2017-11-01</RequestTime>
    <Path>/fdr/pages/incomingcbcdeclataions.aspx</Path>
    <User>SARSGOV\s2024134</User>
    <Url>http://localhost/fdr/pages/incomingcbcdeclataions.aspx</Url>
    <Time>14:10:37 PM +02</Time>
  </SystemRequest>
  <SystemRequest>
    <RequestTime>2017-11-01</RequestTime>
    <Path>/FDR/pages/cbcForm.aspx</Path>
    <User>SARSGOV\s2024134</User>
    <Url>http://localhost/FDR/pages/cbcForm.aspx?refno=9954776143&amp;year=2012</Url>
    <Time>14:10:40 PM +02</Time>
  </SystemRequest>
  <SystemRequest>
    <RequestTime>2017-11-01</RequestTime>
    <Path>/FDR/pages/cbcForm.aspx/GetCBCDataByTaxRefNo</Path>
    <User>SARSGOV\s2024134</User>
    <Url>http://localhost/FDR/pages/cbcForm.aspx/GetCBCDataByTaxRefNo</Url>
    <Time>14:10:49 PM +02</Time>
  </SystemRequest>
  <SystemRequest>
    <RequestTime>2017-11-01</RequestTime>
    <Path>/FDR/Default.aspx</Path>
    <User>SARSGOV\s2024134</User>
    <Url>http://localhost/FDR/Default.aspx</Url>
    <Time>14:11:09 PM +02</Time>
  </SystemRequest>
  <SystemRequest>
    <RequestTime>2017-11-01</RequestTime>
    <Path>/fdr/pages/incomingcbcdeclataions.aspx</Path>
    <User>SARSGOV\s2024134</User>
    <Url>http://localhost/fdr/pages/incomingcbcdeclataions.aspx</Url>
    <Time>14:11:13 PM +02</Time>
  </SystemRequest>
  <SystemRequest>
    <RequestTime>2017-11-01</RequestTime>
    <Path>/fdr/secureurl/menu.aspx</Path>
    <User>SARSGOV\s2024134</User>
    <Url>http://localhost/fdr/secureurl/menu.aspx</Url>
    <Time>14:11:35 PM +02</Time>
  </SystemRequest>
  <SystemRequest>
    <RequestTime>2017-11-01</RequestTime>
    <Path>/fdr/secureurl/MapUrlToFunction.aspx</Path>
    <User>SARSGOV\s2024134</User>
    <Url>http://localhost/fdr/secureurl/MapUrlToFunction.aspx</Url>
    <Time>14:11:52 PM +02</Time>
  </SystemRequest>
  <SystemRequest>
    <RequestTime>2017-11-01</RequestTime>
    <Path>/fdr/secureurl/MapUrlToFunction.aspx</Path>
    <User>SARSGOV\s2024134</User>
    <Url>http://localhost/fdr/secureurl/MapUrlToFunction.aspx</Url>
    <Time>14:12:09 PM +02</Time>
  </SystemRequest>
  <SystemRequest>
    <RequestTime>2017-11-01</RequestTime>
    <Path>/fdr/secureurl/MapUrlToFunction.aspx</Path>
    <User>SARSGOV\s2024134</User>
    <Url>http://localhost/fdr/secureurl/MapUrlToFunction.aspx</Url>
    <Time>14:12:36 PM +02</Time>
  </SystemRequest>
  <SystemRequest>
    <RequestTime>2017-11-01</RequestTime>
    <Path>/fdr/secureurl/MapUrlToFunction.aspx</Path>
    <User>SARSGOV\s2024134</User>
    <Url>http://localhost/fdr/secureurl/MapUrlToFunction.aspx</Url>
    <Time>14:12:47 PM +02</Time>
  </SystemRequest>
  <SystemRequest>
    <RequestTime>2017-11-01</RequestTime>
    <Path>/fdr/secureurl/MapUrlToFunction.aspx</Path>
    <User>SARSGOV\s2024134</User>
    <Url>http://localhost/fdr/secureurl/MapUrlToFunction.aspx</Url>
    <Time>14:12:52 PM +02</Time>
  </SystemRequest>
  <SystemRequest>
    <RequestTime>2017-11-01</RequestTime>
    <Path>/fdr/secureurl/MapUrlToFunction.aspx</Path>
    <User>SARSGOV\s2024134</User>
    <Url>http://localhost/fdr/secureurl/MapUrlToFunction.aspx</Url>
    <Time>14:12:57 PM +02</Time>
  </SystemRequest>
  <SystemRequest>
    <RequestTime>2017-11-01</RequestTime>
    <Path>/fdr/secureurl/MapUrlToFunction.aspx</Path>
    <User>SARSGOV\s2024134</User>
    <Url>http://localhost/fdr/secureurl/MapUrlToFunction.aspx</Url>
    <Time>14:13:00 PM +02</Time>
  </SystemRequest>
  <SystemRequest>
    <RequestTime>2017-11-01</RequestTime>
    <Path>/fdr/secureurl/MapUrlToFunction.aspx</Path>
    <User>SARSGOV\s2024134</User>
    <Url>http://localhost/fdr/secureurl/MapUrlToFunction.aspx</Url>
    <Time>14:13:06 PM +02</Time>
  </SystemRequest>
  <SystemRequest>
    <RequestTime>2017-11-01</RequestTime>
    <Path>/fdr/secureurl/MapUrlToFunction.aspx</Path>
    <User>SARSGOV\s2024134</User>
    <Url>http://localhost/fdr/secureurl/MapUrlToFunction.aspx</Url>
    <Time>14:13:13 PM +02</Time>
  </SystemRequest>
  <SystemRequest>
    <RequestTime>2017-11-01</RequestTime>
    <Path>/fdr/secureurl/MapUrlToFunction.aspx</Path>
    <User>SARSGOV\s2024134</User>
    <Url>http://localhost/fdr/secureurl/MapUrlToFunction.aspx</Url>
    <Time>14:13:17 PM +02</Time>
  </SystemRequest>
  <SystemRequest>
    <RequestTime>2017-11-01</RequestTime>
    <Path>/fdr/secureurl/MapUrlToFunction.aspx</Path>
    <User>SARSGOV\s2024134</User>
    <Url>http://localhost/fdr/secureurl/MapUrlToFunction.aspx</Url>
    <Time>14:13:20 PM +02</Time>
  </SystemRequest>
  <SystemRequest>
    <RequestTime>2017-11-01</RequestTime>
    <Path>/FDR/Default.aspx</Path>
    <User>SARSGOV\s2024134</User>
    <Url>http://localhost/FDR/Default.aspx</Url>
    <Time>14:15:00 PM +02</Time>
  </SystemRequest>
  <SystemRequest>
    <RequestTime>2017-11-01</RequestTime>
    <Path>/fdr/pages/incomingcbcdeclataions.aspx</Path>
    <User>SARSGOV\s2024134</User>
    <Url>http://localhost/fdr/pages/incomingcbcdeclataions.aspx</Url>
    <Time>14:15:05 PM +02</Time>
  </SystemRequest>
  <SystemRequest>
    <RequestTime>2017-11-01</RequestTime>
    <Path>/fdr/secureurl/menu.aspx</Path>
    <User>SARSGOV\s2024134</User>
    <Url>http://localhost/fdr/secureurl/menu.aspx</Url>
    <Time>14:15:25 PM +02</Time>
  </SystemRequest>
  <SystemRequest>
    <RequestTime>2017-11-01</RequestTime>
    <Path>/fdr/secureurl/refreshmenu.aspx</Path>
    <User>SARSGOV\s2024134</User>
    <Url>http://localhost/fdr/secureurl/refreshmenu.aspx</Url>
    <Time>14:15:28 PM +02</Time>
  </SystemRequest>
  <SystemRequest>
    <RequestTime>2017-11-01</RequestTime>
    <Path>/fdr/secureurl/refreshmenu.aspx</Path>
    <User>SARSGOV\s2024134</User>
    <Url>http://localhost/fdr/secureurl/refreshmenu.aspx</Url>
    <Time>14:15:32 PM +02</Time>
  </SystemRequest>
  <SystemRequest>
    <RequestTime>2017-11-01</RequestTime>
    <Path>/FDR/Default.aspx</Path>
    <User>SARSGOV\s2024134</User>
    <Url>http://localhost/FDR/Default.aspx</Url>
    <Time>14:16:09 PM +02</Time>
  </SystemRequest>
  <SystemRequest>
    <RequestTime>2017-11-01</RequestTime>
    <Path>/fdr/pages/incomingcbcdeclataions.aspx</Path>
    <User>SARSGOV\s2024134</User>
    <Url>http://localhost/fdr/pages/incomingcbcdeclataions.aspx?new=0</Url>
    <Time>14:16:14 PM +02</Time>
  </SystemRequest>
  <SystemRequest>
    <RequestTime>2017-11-01</RequestTime>
    <Path>/FDR/Default.aspx</Path>
    <User>SARSGOV\s2024134</User>
    <Url>http://localhost/FDR/Default.aspx</Url>
    <Time>14:18:47 PM +02</Time>
  </SystemRequest>
  <SystemRequest>
    <RequestTime>2017-11-01</RequestTime>
    <Path>/fdr/pages/incomingcbcdeclataions.aspx</Path>
    <User>SARSGOV\s2024134</User>
    <Url>http://localhost/fdr/pages/incomingcbcdeclataions.aspx?new=0</Url>
    <Time>14:18:54 PM +02</Time>
  </SystemRequest>
  <SystemRequest>
    <RequestTime>2017-11-01</RequestTime>
    <Path>/fdr/pages/incomingcbcdeclataions.aspx</Path>
    <User>SARSGOV\s2024134</User>
    <Url>http://localhost/fdr/pages/incomingcbcdeclataions.aspx?new=1</Url>
    <Time>14:19:21 PM +02</Time>
  </SystemRequest>
  <SystemRequest>
    <RequestTime>2017-11-01</RequestTime>
    <Path>/fdr/pages/incomingcbcdeclataions.aspx</Path>
    <User>SARSGOV\s2024134</User>
    <Url>http://localhost/fdr/pages/incomingcbcdeclataions.aspx?new=0</Url>
    <Time>14:19:50 PM +02</Time>
  </SystemRequest>
  <SystemRequest>
    <RequestTime>2017-11-01</RequestTime>
    <Path>/fdr/pages/incomingcbcdeclataions.aspx</Path>
    <User>SARSGOV\s2024134</User>
    <Url>http://localhost/fdr/pages/incomingcbcdeclataions.aspx?new=0</Url>
    <Time>14:20:05 PM +02</Time>
  </SystemRequest>
  <SystemRequest>
    <RequestTime>2017-11-01</RequestTime>
    <Path>/FDR/pages/cbcForm.aspx</Path>
    <User>SARSGOV\s2024134</User>
    <Url>http://localhost/FDR/pages/cbcForm.aspx?refno=1010101010&amp;year=2007</Url>
    <Time>14:20:52 PM +02</Time>
  </SystemRequest>
  <SystemRequest>
    <RequestTime>2017-11-01</RequestTime>
    <Path>/FDR/Default.aspx</Path>
    <User>SARSGOV\s2024134</User>
    <Url>http://localhost/FDR/Default.aspx</Url>
    <Time>14:27:25 PM +02</Time>
  </SystemRequest>
  <SystemRequest>
    <RequestTime>2017-11-01</RequestTime>
    <Path>/fdr/pages/incomingcbcdeclataions.aspx</Path>
    <User>SARSGOV\s2024134</User>
    <Url>http://localhost/fdr/pages/incomingcbcdeclataions.aspx?new=0</Url>
    <Time>14:27:50 PM +02</Time>
  </SystemRequest>
  <SystemRequest>
    <RequestTime>2017-11-01</RequestTime>
    <Path>/fdr/pages/incomingcbcdeclataions.aspx</Path>
    <User>SARSGOV\s2024134</User>
    <Url>http://localhost/fdr/pages/incomingcbcdeclataions.aspx?new=0</Url>
    <Time>14:28:05 PM +02</Time>
  </SystemRequest>
  <SystemRequest>
    <RequestTime>2017-11-01</RequestTime>
    <Path>/fdr/pages/incomingcbcdeclataions.aspx</Path>
    <User>SARSGOV\s2024134</User>
    <Url>http://localhost/fdr/pages/incomingcbcdeclataions.aspx?new=0</Url>
    <Time>14:28:19 PM +02</Time>
  </SystemRequest>
  <SystemRequest>
    <RequestTime>2017-11-01</RequestTime>
    <Path>/fdr/pages/incomingcbcdeclataions.aspx</Path>
    <User>SARSGOV\s2024134</User>
    <Url>http://localhost/fdr/pages/incomingcbcdeclataions.aspx?new=0</Url>
    <Time>14:28:42 PM +02</Time>
  </SystemRequest>
  <SystemRequest>
    <RequestTime>2017-11-01</RequestTime>
    <Path>/fdr/pages/incomingcbcdeclataions.aspx</Path>
    <User>SARSGOV\s2024134</User>
    <Url>http://localhost/fdr/pages/incomingcbcdeclataions.aspx?new=0</Url>
    <Time>14:29:05 PM +02</Time>
  </SystemRequest>
  <SystemRequest>
    <RequestTime>2017-11-01</RequestTime>
    <Path>/FDR/Default.aspx</Path>
    <User>SARSGOV\s2024134</User>
    <Url>http://localhost/FDR/Default.aspx</Url>
    <Time>14:29:19 PM +02</Time>
  </SystemRequest>
  <SystemRequest>
    <RequestTime>2017-11-01</RequestTime>
    <Path>/fdr/pages/incomingcbcdeclataions.aspx</Path>
    <User>SARSGOV\s2024134</User>
    <Url>http://localhost/fdr/pages/incomingcbcdeclataions.aspx?new=0</Url>
    <Time>14:29:26 PM +02</Time>
  </SystemRequest>
  <SystemRequest>
    <RequestTime>2017-11-01</RequestTime>
    <Path>/fdr/pages/incomingcbcdeclataions.aspx</Path>
    <User>SARSGOV\s2024134</User>
    <Url>http://localhost/fdr/pages/incomingcbcdeclataions.aspx?new=0</Url>
    <Time>14:29:34 PM +02</Time>
  </SystemRequest>
  <SystemRequest>
    <RequestTime>2017-11-01</RequestTime>
    <Path>/FDR/Default.aspx</Path>
    <User>SARSGOV\s2024134</User>
    <Url>http://localhost/FDR/Default.aspx</Url>
    <Time>14:31:42 PM +02</Time>
  </SystemRequest>
  <SystemRequest>
    <RequestTime>2017-11-01</RequestTime>
    <Path>/fdr/pages/incomingcbcdeclataions.aspx</Path>
    <User>SARSGOV\s2024134</User>
    <Url>http://localhost/fdr/pages/incomingcbcdeclataions.aspx?new=0</Url>
    <Time>14:31:48 PM +02</Time>
  </SystemRequest>
  <SystemRequest>
    <RequestTime>2017-11-01</RequestTime>
    <Path>/fdr/pages/incomingcbcdeclataions.aspx</Path>
    <User>SARSGOV\s2024134</User>
    <Url>http://localhost/fdr/pages/incomingcbcdeclataions.aspx?new=0</Url>
    <Time>14:32:03 PM +02</Time>
  </SystemRequest>
  <SystemRequest>
    <RequestTime>2017-11-01</RequestTime>
    <Path>/FDR/Default.aspx</Path>
    <User>SARSGOV\s2024134</User>
    <Url>http://localhost/FDR/Default.aspx</Url>
    <Time>14:33:05 PM +02</Time>
  </SystemRequest>
  <SystemRequest>
    <RequestTime>2017-11-01</RequestTime>
    <Path>/fdr/pages/incomingcbcdeclataions.aspx</Path>
    <User>SARSGOV\s2024134</User>
    <Url>http://localhost/fdr/pages/incomingcbcdeclataions.aspx?new=0</Url>
    <Time>14:33:13 PM +02</Time>
  </SystemRequest>
  <SystemRequest>
    <RequestTime>2017-11-01</RequestTime>
    <Path>/fdr/pages/incomingcbcdeclataions.aspx</Path>
    <User>SARSGOV\s2024134</User>
    <Url>http://localhost/fdr/pages/incomingcbcdeclataions.aspx?new=0</Url>
    <Time>14:33:28 PM +02</Time>
  </SystemRequest>
  <SystemRequest>
    <RequestTime>2017-11-01</RequestTime>
    <Path>/FDR/pages/cbcForm.aspx</Path>
    <User>SARSGOV\s2024134</User>
    <Url>http://localhost/FDR/pages/cbcForm.aspx?refno=1010101010|33&amp;year=2007</Url>
    <Time>14:33:41 PM +02</Time>
  </SystemRequest>
  <SystemRequest>
    <RequestTime>2017-11-01</RequestTime>
    <Path>/FDR/pages/cbcForm.aspx/GetCBCDataByTaxRefNo</Path>
    <User>SARSGOV\s2024134</User>
    <Url>http://localhost/FDR/pages/cbcForm.aspx/GetCBCDataByTaxRefNo</Url>
    <Time>14:33:44 PM +02</Time>
  </SystemRequest>
  <SystemRequest>
    <RequestTime>2017-11-01</RequestTime>
    <Path>/FDR/Default.aspx</Path>
    <User>SARSGOV\s2024134</User>
    <Url>http://localhost/FDR/Default.aspx</Url>
    <Time>14:35:34 PM +02</Time>
  </SystemRequest>
  <SystemRequest>
    <RequestTime>2017-11-01</RequestTime>
    <Path>/fdr/pages/incomingcbcdeclataions.aspx</Path>
    <User>SARSGOV\s2024134</User>
    <Url>http://localhost/fdr/pages/incomingcbcdeclataions.aspx?new=0</Url>
    <Time>14:36:05 PM +02</Time>
  </SystemRequest>
  <SystemRequest>
    <RequestTime>2017-11-01</RequestTime>
    <Path>/fdr/pages/incomingcbcdeclataions.aspx</Path>
    <User>SARSGOV\s2024134</User>
    <Url>http://localhost/fdr/pages/incomingcbcdeclataions.aspx?new=0</Url>
    <Time>14:36:19 PM +02</Time>
  </SystemRequest>
  <SystemRequest>
    <RequestTime>2017-11-01</RequestTime>
    <Path>/FDR/pages/cbcForm.aspx</Path>
    <User>SARSGOV\s2024134</User>
    <Url>http://localhost/FDR/pages/cbcForm.aspx?refno=1010101010|33&amp;year=2007</Url>
    <Time>14:36:21 PM +02</Time>
  </SystemRequest>
  <SystemRequest>
    <RequestTime>2017-11-01</RequestTime>
    <Path>/FDR/pages/cbcForm.aspx/GetCBCDataByTaxRefNo</Path>
    <User>SARSGOV\s2024134</User>
    <Url>http://localhost/FDR/pages/cbcForm.aspx/GetCBCDataByTaxRefNo</Url>
    <Time>14:36:28 PM +02</Time>
  </SystemRequest>
  <SystemRequest>
    <RequestTime>2017-11-01</RequestTime>
    <Path>/FDR/Default.aspx</Path>
    <User>SARSGOV\s2024134</User>
    <Url>http://localhost/FDR/Default.aspx</Url>
    <Time>14:36:40 PM +02</Time>
  </SystemRequest>
  <SystemRequest>
    <RequestTime>2017-11-01</RequestTime>
    <Path>/FDR/Default.aspx</Path>
    <User>SARSGOV\s2024134</User>
    <Url>http://localhost/FDR/Default.aspx</Url>
    <Time>14:36:42 PM +02</Time>
  </SystemRequest>
  <SystemRequest>
    <RequestTime>2017-11-01</RequestTime>
    <Path>/fdr/pages/incomingcbcdeclataions.aspx</Path>
    <User>SARSGOV\s2024134</User>
    <Url>http://localhost/fdr/pages/incomingcbcdeclataions.aspx?new=1</Url>
    <Time>14:36:44 PM +02</Time>
  </SystemRequest>
  <SystemRequest>
    <RequestTime>2017-11-01</RequestTime>
    <Path>/fdr/pages/incomingcbcdeclataions.aspx</Path>
    <User>SARSGOV\s2024134</User>
    <Url>http://localhost/fdr/pages/incomingcbcdeclataions.aspx?new=0</Url>
    <Time>14:37:02 PM +02</Time>
  </SystemRequest>
  <SystemRequest>
    <RequestTime>2017-11-01</RequestTime>
    <Path>/fdr/pages/incomingcbcdeclataions.aspx</Path>
    <User>SARSGOV\s2024134</User>
    <Url>http://localhost/fdr/pages/incomingcbcdeclataions.aspx?new=0</Url>
    <Time>14:37:05 PM +02</Time>
  </SystemRequest>
  <SystemRequest>
    <RequestTime>2017-11-01</RequestTime>
    <Path>/FDR/Default.aspx</Path>
    <User>SARSGOV\s2024134</User>
    <Url>http://localhost/FDR/Default.aspx</Url>
    <Time>15:48:09 PM +02</Time>
  </SystemRequest>
  <SystemRequest>
    <RequestTime>2017-11-01</RequestTime>
    <Path>/FDR/Default.aspx</Path>
    <User>SARSGOV\s2024134</User>
    <Url>http://localhost/FDR/Default.aspx</Url>
    <Time>16:05:03 PM +02</Time>
  </SystemRequest>
  <SystemRequest>
    <RequestTime>2017-11-01</RequestTime>
    <Path>/fdr/pages/incomingcbcdeclataions.aspx</Path>
    <User>SARSGOV\s2024134</User>
    <Url>http://localhost/fdr/pages/incomingcbcdeclataions.aspx?new=0</Url>
    <Time>16:05:14 PM +02</Time>
  </SystemRequest>
  <SystemRequest>
    <RequestTime>2017-11-01</RequestTime>
    <Path>/fdr/pages/incomingcbcdeclataions.aspx</Path>
    <User>SARSGOV\s2024134</User>
    <Url>http://localhost/fdr/pages/incomingcbcdeclataions.aspx?new=0</Url>
    <Time>16:05:25 PM +02</Time>
  </SystemRequest>
  <SystemRequest>
    <RequestTime>2017-11-01</RequestTime>
    <Path>/FDR/pages/cbcForm.aspx</Path>
    <User>SARSGOV\s2024134</User>
    <Url>http://localhost/FDR/pages/cbcForm.aspx?refno=1010101010|33&amp;year=2007</Url>
    <Time>16:05:31 PM +02</Time>
  </SystemRequest>
  <SystemRequest>
    <RequestTime>2017-11-01</RequestTime>
    <Path>/FDR/pages/cbcForm.aspx/GetCBCDataByTaxRefNo</Path>
    <User>SARSGOV\s2024134</User>
    <Url>http://localhost/FDR/pages/cbcForm.aspx/GetCBCDataByTaxRefNo</Url>
    <Time>16:05:36 PM +02</Time>
  </SystemRequest>
  <SystemRequest>
    <RequestTime>2017-11-01</RequestTime>
    <Path>/FDR/Default.aspx</Path>
    <User>SARSGOV\s2024134</User>
    <Url>http://localhost/FDR/Default.aspx</Url>
    <Time>16:05:42 PM +02</Time>
  </SystemRequest>
  <SystemRequest>
    <RequestTime>2017-11-01</RequestTime>
    <Path>/fdr/pages/incomingcbcdeclataions.aspx</Path>
    <User>SARSGOV\s2024134</User>
    <Url>http://localhost/fdr/pages/incomingcbcdeclataions.aspx?new=1</Url>
    <Time>16:05:50 PM +02</Time>
  </SystemRequest>
  <SystemRequest>
    <RequestTime>2017-11-01</RequestTime>
    <Path>/FDR/Default.aspx</Path>
    <User>SARSGOV\s2024134</User>
    <Url>http://localhost/FDR/Default.aspx</Url>
    <Time>16:15:38 PM +02</Time>
  </SystemRequest>
  <SystemRequest>
    <RequestTime>2017-11-01</RequestTime>
    <Path>/fdr/pages/incomingcbcdeclataions.aspx</Path>
    <User>SARSGOV\s2024134</User>
    <Url>http://localhost/fdr/pages/incomingcbcdeclataions.aspx?new=0</Url>
    <Time>16:15:45 PM +02</Time>
  </SystemRequest>
  <SystemRequest>
    <RequestTime>2017-11-01</RequestTime>
    <Path>/fdr/pages/incomingcbcdeclataions.aspx</Path>
    <User>SARSGOV\s2024134</User>
    <Url>http://localhost/fdr/pages/incomingcbcdeclataions.aspx?new=0</Url>
    <Time>16:15:49 PM +02</Time>
  </SystemRequest>
  <SystemRequest>
    <RequestTime>2017-11-01</RequestTime>
    <Path>/FDR/pages/cbcForm.aspx</Path>
    <User>SARSGOV\s2024134</User>
    <Url>http://localhost/FDR/pages/cbcForm.aspx?refno=9954776143|34&amp;year=2012</Url>
    <Time>16:15:50 PM +02</Time>
  </SystemRequest>
  <SystemRequest>
    <RequestTime>2017-11-01</RequestTime>
    <Path>/FDR/pages/cbcForm.aspx/GetCBCDataByTaxRefNo</Path>
    <User>SARSGOV\s2024134</User>
    <Url>http://localhost/FDR/pages/cbcForm.aspx/GetCBCDataByTaxRefNo</Url>
    <Time>16:15:58 PM +02</Time>
  </SystemRequest>
  <SystemRequest>
    <RequestTime>2017-11-01</RequestTime>
    <Path>/FDR/Default.aspx</Path>
    <User>SARSGOV\s2024134</User>
    <Url>http://localhost/FDR/Default.aspx</Url>
    <Time>16:16:46 PM +02</Time>
  </SystemRequest>
  <SystemRequest>
    <RequestTime>2017-11-01</RequestTime>
    <Path>/fdr/pages/incomingcbcdeclataions.aspx</Path>
    <User>SARSGOV\s2024134</User>
    <Url>http://localhost/fdr/pages/incomingcbcdeclataions.aspx?new=0</Url>
    <Time>16:16:57 PM +02</Time>
  </SystemRequest>
  <SystemRequest>
    <RequestTime>2017-11-01</RequestTime>
    <Path>/fdr/pages/incomingcbcdeclataions.aspx</Path>
    <User>SARSGOV\s2024134</User>
    <Url>http://localhost/fdr/pages/incomingcbcdeclataions.aspx?new=0</Url>
    <Time>16:17:02 PM +02</Time>
  </SystemRequest>
  <SystemRequest>
    <RequestTime>2017-11-01</RequestTime>
    <Path>/FDR/pages/cbcForm.aspx</Path>
    <User>SARSGOV\s2024134</User>
    <Url>http://localhost/FDR/pages/cbcForm.aspx?refno=1846263473|42&amp;year=2009</Url>
    <Time>16:17:03 PM +02</Time>
  </SystemRequest>
  <SystemRequest>
    <RequestTime>2017-11-01</RequestTime>
    <Path>/FDR/pages/cbcForm.aspx/GetCBCDataByTaxRefNo</Path>
    <User>SARSGOV\s2024134</User>
    <Url>http://localhost/FDR/pages/cbcForm.aspx/GetCBCDataByTaxRefNo</Url>
    <Time>16:17:13 PM +02</Time>
  </SystemRequest>
  <SystemRequest>
    <RequestTime>2017-11-01</RequestTime>
    <Path>/FDR/Default.aspx</Path>
    <User>SARSGOV\s2024134</User>
    <Url>http://localhost/FDR/Default.aspx</Url>
    <Time>16:18:42 PM +02</Time>
  </SystemRequest>
  <SystemRequest>
    <RequestTime>2017-11-01</RequestTime>
    <Path>/fdr/pages/incomingcbcdeclataions.aspx</Path>
    <User>SARSGOV\s2024134</User>
    <Url>http://localhost/fdr/pages/incomingcbcdeclataions.aspx?new=0</Url>
    <Time>16:18:48 PM +02</Time>
  </SystemRequest>
  <SystemRequest>
    <RequestTime>2017-11-01</RequestTime>
    <Path>/fdr/pages/incomingcbcdeclataions.aspx</Path>
    <User>SARSGOV\s2024134</User>
    <Url>http://localhost/fdr/pages/incomingcbcdeclataions.aspx?new=0</Url>
    <Time>16:18:54 PM +02</Time>
  </SystemRequest>
  <SystemRequest>
    <RequestTime>2017-11-01</RequestTime>
    <Path>/FDR/pages/cbcForm.aspx</Path>
    <User>SARSGOV\s2024134</User>
    <Url>http://localhost/FDR/pages/cbcForm.aspx?refno=9257323148|43&amp;year=2017</Url>
    <Time>16:18:55 PM +02</Time>
  </SystemRequest>
  <SystemRequest>
    <RequestTime>2017-11-01</RequestTime>
    <Path>/FDR/mnelistservice.asmx/</Path>
    <User>SARSGOV\s2024134</User>
    <Url>http://localhost/FDR/mnelistservice.asmx/</Url>
    <Time>16:19:01 PM +02</Time>
  </SystemRequest>
  <SystemRequest>
    <RequestTime>2017-11-01</RequestTime>
    <Path>/FDR/mnelistservice.asmx</Path>
    <User>SARSGOV\s2024134</User>
    <Url>http://localhost/FDR/mnelistservice.asmx</Url>
    <Time>16:19:58 PM +02</Time>
  </SystemRequest>
  <SystemRequest>
    <RequestTime>2017-11-01</RequestTime>
    <Path>/FDR/mnelistservice.asmx</Path>
    <User>SARSGOV\s2024134</User>
    <Url>http://localhost/FDR/mnelistservice.asmx?op=GetCBCDataByTaxRefNo</Url>
    <Time>16:20:03 PM +02</Time>
  </SystemRequest>
  <SystemRequest>
    <RequestTime>2017-11-01</RequestTime>
    <Path>/fdr/pages/incomingcbcdeclataions.aspx</Path>
    <User>SARSGOV\s2024134</User>
    <Url>http://localhost/fdr/pages/incomingcbcdeclataions.aspx?new=0</Url>
    <Time>16:20:11 PM +02</Time>
  </SystemRequest>
  <SystemRequest>
    <RequestTime>2017-11-01</RequestTime>
    <Path>/FDR/pages/cbcForm.aspx</Path>
    <User>SARSGOV\s2024134</User>
    <Url>http://localhost/FDR/pages/cbcForm.aspx?refno=9257323148|43&amp;year=2017</Url>
    <Time>16:20:13 PM +02</Time>
  </SystemRequest>
  <SystemRequest>
    <RequestTime>2017-11-01</RequestTime>
    <Path>/FDR/mnelistservice.asmx/</Path>
    <User>SARSGOV\s2024134</User>
    <Url>http://localhost/FDR/mnelistservice.asmx/</Url>
    <Time>16:20:14 PM +02</Time>
  </SystemRequest>
  <SystemRequest>
    <RequestTime>2017-11-01</RequestTime>
    <Path>/FDR/mnelistservice.asmx/GetCBCDataByTaxRefNo</Path>
    <User>SARSGOV\s2024134</User>
    <Url>http://localhost/FDR/mnelistservice.asmx/GetCBCDataByTaxRefNo</Url>
    <Time>16:20:36 PM +02</Time>
  </SystemRequest>
  <SystemRequest>
    <RequestTime>2017-11-01</RequestTime>
    <Path>/FDR/Default.aspx</Path>
    <User>SARSGOV\s2024134</User>
    <Url>http://localhost/FDR/Default.aspx</Url>
    <Time>16:21:10 PM +02</Time>
  </SystemRequest>
  <SystemRequest>
    <RequestTime>2017-11-01</RequestTime>
    <Path>/fdr/pages/incomingcbcdeclataions.aspx</Path>
    <User>SARSGOV\s2024134</User>
    <Url>http://localhost/fdr/pages/incomingcbcdeclataions.aspx?new=0</Url>
    <Time>16:21:16 PM +02</Time>
  </SystemRequest>
  <SystemRequest>
    <RequestTime>2017-11-01</RequestTime>
    <Path>/fdr/pages/incomingcbcdeclataions.aspx</Path>
    <User>SARSGOV\s2024134</User>
    <Url>http://localhost/fdr/pages/incomingcbcdeclataions.aspx?new=0</Url>
    <Time>16:21:30 PM +02</Time>
  </SystemRequest>
  <SystemRequest>
    <RequestTime>2017-11-01</RequestTime>
    <Path>/FDR/pages/cbcForm.aspx</Path>
    <User>SARSGOV\s2024134</User>
    <Url>http://localhost/FDR/pages/cbcForm.aspx?refno=9001561803|49&amp;year=2018</Url>
    <Time>16:21:31 PM +02</Time>
  </SystemRequest>
  <SystemRequest>
    <RequestTime>2017-11-01</RequestTime>
    <Path>/FDR/mnelistservice.asmx/</Path>
    <User>SARSGOV\s2024134</User>
    <Url>http://localhost/FDR/mnelistservice.asmx/</Url>
    <Time>16:21:32 PM +02</Time>
  </SystemRequest>
  <SystemRequest>
    <RequestTime>2017-11-01</RequestTime>
    <Path>/FDR/mnelistservice.asmx/GetCBCDataByTaxRefNo</Path>
    <User>SARSGOV\s2024134</User>
    <Url>http://localhost/FDR/mnelistservice.asmx/GetCBCDataByTaxRefNo</Url>
    <Time>16:22:01 PM +02</Time>
  </SystemRequest>
  <SystemRequest>
    <RequestTime>2017-11-01</RequestTime>
    <Path>/FDR/mnelistservice.asmx</Path>
    <User>SARSGOV\s2024134</User>
    <Url>http://localhost/FDR/mnelistservice.asmx</Url>
    <Time>16:22:21 PM +02</Time>
  </SystemRequest>
  <SystemRequest>
    <RequestTime>2017-11-01</RequestTime>
    <Path>/FDR/Default.aspx</Path>
    <User>SARSGOV\s2024134</User>
    <Url>http://localhost/FDR/Default.aspx</Url>
    <Time>16:23:01 PM +02</Time>
  </SystemRequest>
  <SystemRequest>
    <RequestTime>2017-11-01</RequestTime>
    <Path>/FDR/Default.aspx</Path>
    <User>SARSGOV\s2024134</User>
    <Url>http://localhost/FDR/Default.aspx</Url>
    <Time>16:23:38 PM +02</Time>
  </SystemRequest>
  <SystemRequest>
    <RequestTime>2017-11-01</RequestTime>
    <Path>/fdr/pages/incomingcbcdeclataions.aspx</Path>
    <User>SARSGOV\s2024134</User>
    <Url>http://localhost/fdr/pages/incomingcbcdeclataions.aspx?new=1</Url>
    <Time>16:23:43 PM +02</Time>
  </SystemRequest>
  <SystemRequest>
    <RequestTime>2017-11-01</RequestTime>
    <Path>/fdr/pages/incomingcbcdeclataions.aspx</Path>
    <User>SARSGOV\s2024134</User>
    <Url>http://localhost/fdr/pages/incomingcbcdeclataions.aspx?new=1</Url>
    <Time>16:23:50 PM +02</Time>
  </SystemRequest>
  <SystemRequest>
    <RequestTime>2017-11-01</RequestTime>
    <Path>/FDR/pages/cbcForm.aspx</Path>
    <User>SARSGOV\s2024134</User>
    <Url>http://localhost/FDR/pages/cbcForm.aspx?refno=1010101010|33&amp;year=2007</Url>
    <Time>16:23:51 PM +02</Time>
  </SystemRequest>
  <SystemRequest>
    <RequestTime>2017-11-01</RequestTime>
    <Path>/FDR/mnelistservice.asmx/GetCBCDataByTaxRefNo</Path>
    <User>SARSGOV\s2024134</User>
    <Url>http://localhost/FDR/mnelistservice.asmx/GetCBCDataByTaxRefNo</Url>
    <Time>16:23:56 PM +02</Time>
  </SystemRequest>
  <SystemRequest>
    <RequestTime>2017-11-01</RequestTime>
    <Path>/FDR/Default.aspx</Path>
    <User>SARSGOV\s2024134</User>
    <Url>http://localhost/FDR/Default.aspx</Url>
    <Time>16:24:51 PM +02</Time>
  </SystemRequest>
  <SystemRequest>
    <RequestTime>2017-11-01</RequestTime>
    <Path>/fdr/pages/incomingcbcdeclataions.aspx</Path>
    <User>SARSGOV\s2024134</User>
    <Url>http://localhost/fdr/pages/incomingcbcdeclataions.aspx?new=1</Url>
    <Time>16:24:54 PM +02</Time>
  </SystemRequest>
  <SystemRequest>
    <RequestTime>2017-11-01</RequestTime>
    <Path>/fdr/pages/incomingcbcdeclataions.aspx</Path>
    <User>SARSGOV\s2024134</User>
    <Url>http://localhost/fdr/pages/incomingcbcdeclataions.aspx?new=1</Url>
    <Time>16:25:03 PM +02</Time>
  </SystemRequest>
  <SystemRequest>
    <RequestTime>2017-11-01</RequestTime>
    <Path>/FDR/pages/cbcForm.aspx</Path>
    <User>SARSGOV\s2024134</User>
    <Url>http://localhost/FDR/pages/cbcForm.aspx?refno=1010101010|33&amp;year=2007</Url>
    <Time>16:25:04 PM +02</Time>
  </SystemRequest>
  <SystemRequest>
    <RequestTime>2017-11-01</RequestTime>
    <Path>/FDR/mnelistservice.asmx/GetCBCDataByTaxRefNo</Path>
    <User>SARSGOV\s2024134</User>
    <Url>http://localhost/FDR/mnelistservice.asmx/GetCBCDataByTaxRefNo</Url>
    <Time>16:25:05 PM +02</Time>
  </SystemRequest>
  <SystemRequest>
    <RequestTime>2017-11-01</RequestTime>
    <Path>/FDR/Default.aspx</Path>
    <User>SARSGOV\s2024134</User>
    <Url>http://localhost/FDR/Default.aspx</Url>
    <Time>16:25:19 PM +02</Time>
  </SystemRequest>
  <SystemRequest>
    <RequestTime>2017-11-01</RequestTime>
    <Path>/FDR/Default.aspx</Path>
    <User>SARSGOV\s2024134</User>
    <Url>http://localhost/FDR/Default.aspx</Url>
    <Time>16:25:19 PM +02</Time>
  </SystemRequest>
  <SystemRequest>
    <RequestTime>2017-11-01</RequestTime>
    <Path>/FDR/Default.aspx</Path>
    <User>SARSGOV\s2024134</User>
    <Url>http://localhost/FDR/Default.aspx</Url>
    <Time>16:25:19 PM +02</Time>
  </SystemRequest>
  <SystemRequest>
    <RequestTime>2017-11-01</RequestTime>
    <Path>/FDR/Default.aspx</Path>
    <User>SARSGOV\s2024134</User>
    <Url>http://localhost/FDR/Default.aspx</Url>
    <Time>16:25:27 PM +02</Time>
  </SystemRequest>
  <SystemRequest>
    <RequestTime>2017-11-01</RequestTime>
    <Path>/fdr/pages/incomingcbcdeclataions.aspx</Path>
    <User>SARSGOV\s2024134</User>
    <Url>http://localhost/fdr/pages/incomingcbcdeclataions.aspx?new=1</Url>
    <Time>16:25:28 PM +02</Time>
  </SystemRequest>
  <SystemRequest>
    <RequestTime>2017-11-01</RequestTime>
    <Path>/fdr/pages/incomingcbcdeclataions.aspx</Path>
    <User>SARSGOV\s2024134</User>
    <Url>http://localhost/fdr/pages/incomingcbcdeclataions.aspx?new=1</Url>
    <Time>16:25:32 PM +02</Time>
  </SystemRequest>
  <SystemRequest>
    <RequestTime>2017-11-01</RequestTime>
    <Path>/FDR/pages/cbcForm.aspx</Path>
    <User>SARSGOV\s2024134</User>
    <Url>http://localhost/FDR/pages/cbcForm.aspx?refno=9001561803|49&amp;year=2018</Url>
    <Time>16:25:33 PM +02</Time>
  </SystemRequest>
  <SystemRequest>
    <RequestTime>2017-11-01</RequestTime>
    <Path>/FDR/mnelistservice.asmx/GetCBCDataByTaxRefNo</Path>
    <User>SARSGOV\s2024134</User>
    <Url>http://localhost/FDR/mnelistservice.asmx/GetCBCDataByTaxRefNo</Url>
    <Time>16:25:37 PM +02</Time>
  </SystemRequest>
  <SystemRequest>
    <RequestTime>2017-11-01</RequestTime>
    <Path>/FDR/Default.aspx</Path>
    <User>SARSGOV\s2024134</User>
    <Url>http://localhost/FDR/Default.aspx</Url>
    <Time>16:43:45 PM +02</Time>
  </SystemRequest>
  <SystemRequest>
    <RequestTime>2017-11-01</RequestTime>
    <Path>/fdr/pages/incomingcbcdeclataions.aspx</Path>
    <User>SARSGOV\s2024134</User>
    <Url>http://localhost/fdr/pages/incomingcbcdeclataions.aspx?new=1</Url>
    <Time>16:43:49 PM +02</Time>
  </SystemRequest>
  <SystemRequest>
    <RequestTime>2017-11-01</RequestTime>
    <Path>/fdr/pages/incomingcbcdeclataions.aspx</Path>
    <User>SARSGOV\s2024134</User>
    <Url>http://localhost/fdr/pages/incomingcbcdeclataions.aspx?new=0</Url>
    <Time>16:44:01 PM +02</Time>
  </SystemRequest>
  <SystemRequest>
    <RequestTime>2017-11-01</RequestTime>
    <Path>/fdr/pages/incomingcbcdeclataions.aspx</Path>
    <User>SARSGOV\s2024134</User>
    <Url>http://localhost/fdr/pages/incomingcbcdeclataions.aspx?new=0</Url>
    <Time>16:44:44 PM +02</Time>
  </SystemRequest>
  <SystemRequest>
    <RequestTime>2017-11-01</RequestTime>
    <Path>/fdr/pages/incomingcbcdeclataions.aspx</Path>
    <User>SARSGOV\s2024134</User>
    <Url>http://localhost/fdr/pages/incomingcbcdeclataions.aspx?new=1</Url>
    <Time>16:45:02 PM +02</Time>
  </SystemRequest>
  <SystemRequest>
    <RequestTime>2017-11-01</RequestTime>
    <Path>/fdr/pages/incomingcbcdeclataions.aspx</Path>
    <User>SARSGOV\s2024134</User>
    <Url>http://localhost/fdr/pages/incomingcbcdeclataions.aspx?new=1</Url>
    <Time>16:46:05 PM +02</Time>
  </SystemRequest>
  <SystemRequest>
    <RequestTime>2017-11-01</RequestTime>
    <Path>/fdr/pages/incomingcbcdeclataions.aspx</Path>
    <User>SARSGOV\s2024134</User>
    <Url>http://localhost/fdr/pages/incomingcbcdeclataions.aspx?new=0</Url>
    <Time>16:46:08 PM +02</Time>
  </SystemRequest>
  <SystemRequest>
    <RequestTime>2017-11-01</RequestTime>
    <Path>/fdr/pages/incomingcbcdeclataions.aspx</Path>
    <User>SARSGOV\s2024134</User>
    <Url>http://localhost/fdr/pages/incomingcbcdeclataions.aspx?new=0</Url>
    <Time>16:46:11 PM +02</Time>
  </SystemRequest>
  <SystemRequest>
    <RequestTime>2017-11-01</RequestTime>
    <Path>/FDR/pages/cbcForm.aspx</Path>
    <User>SARSGOV\s2024134</User>
    <Url>http://localhost/FDR/pages/cbcForm.aspx?refno=1010101010|33&amp;year=2007</Url>
    <Time>16:46:13 PM +02</Time>
  </SystemRequest>
  <SystemRequest>
    <RequestTime>2017-11-01</RequestTime>
    <Path>/FDR/mnelistservice.asmx/GetCBCDataByTaxRefNo</Path>
    <User>SARSGOV\s2024134</User>
    <Url>http://localhost/FDR/mnelistservice.asmx/GetCBCDataByTaxRefNo</Url>
    <Time>16:46:14 PM +02</Time>
  </SystemRequest>
  <SystemRequest>
    <RequestTime>2017-11-01</RequestTime>
    <Path>/FDR/Default.aspx</Path>
    <User>SARSGOV\s2024134</User>
    <Url>http://localhost/FDR/Default.aspx</Url>
    <Time>16:46:39 PM +02</Time>
  </SystemRequest>
  <SystemRequest>
    <RequestTime>2017-11-01</RequestTime>
    <Path>/fdr/pages/incomingcbcdeclataions.aspx</Path>
    <User>SARSGOV\s2024134</User>
    <Url>http://localhost/fdr/pages/incomingcbcdeclataions.aspx?new=1</Url>
    <Time>16:46:42 PM +02</Time>
  </SystemRequest>
  <SystemRequest>
    <RequestTime>2017-11-01</RequestTime>
    <Path>/fdr/pages/incomingcbcdeclataions.aspx</Path>
    <User>SARSGOV\s2024134</User>
    <Url>http://localhost/fdr/pages/incomingcbcdeclataions.aspx?new=1</Url>
    <Time>16:46:46 PM +02</Time>
  </SystemRequest>
  <SystemRequest>
    <RequestTime>2017-11-01</RequestTime>
    <Path>/FDR/pages/cbcForm.aspx</Path>
    <User>SARSGOV\s2024134</User>
    <Url>http://localhost/FDR/pages/cbcForm.aspx?refno=1010101010|33&amp;year=2007</Url>
    <Time>16:46:47 PM +02</Time>
  </SystemRequest>
  <SystemRequest>
    <RequestTime>2017-11-01</RequestTime>
    <Path>/FDR/mnelistservice.asmx/GetCBCDataByTaxRefNo</Path>
    <User>SARSGOV\s2024134</User>
    <Url>http://localhost/FDR/mnelistservice.asmx/GetCBCDataByTaxRefNo</Url>
    <Time>16:46:51 PM +02</Time>
  </SystemRequest>
  <SystemRequest>
    <RequestTime>2017-11-01</RequestTime>
    <Path>/FDR/Default.aspx</Path>
    <User>SARSGOV\s2024134</User>
    <Url>http://localhost/FDR/Default.aspx</Url>
    <Time>16:48:03 PM +02</Time>
  </SystemRequest>
  <SystemRequest>
    <RequestTime>2017-11-01</RequestTime>
    <Path>/fdr/pages/incomingcbcdeclataions.aspx</Path>
    <User>SARSGOV\s2024134</User>
    <Url>http://localhost/fdr/pages/incomingcbcdeclataions.aspx?new=1</Url>
    <Time>16:48:06 PM +02</Time>
  </SystemRequest>
  <SystemRequest>
    <RequestTime>2017-11-01</RequestTime>
    <Path>/fdr/pages/incomingcbcdeclataions.aspx</Path>
    <User>SARSGOV\s2024134</User>
    <Url>http://localhost/fdr/pages/incomingcbcdeclataions.aspx?new=1</Url>
    <Time>16:48:09 PM +02</Time>
  </SystemRequest>
  <SystemRequest>
    <RequestTime>2017-11-01</RequestTime>
    <Path>/FDR/pages/cbcForm.aspx</Path>
    <User>SARSGOV\s2024134</User>
    <Url>http://localhost/FDR/pages/cbcForm.aspx?refno=1010101010|33&amp;year=2007</Url>
    <Time>16:48:10 PM +02</Time>
  </SystemRequest>
  <SystemRequest>
    <RequestTime>2017-11-01</RequestTime>
    <Path>/FDR/mnelistservice.asmx/GetCBCDataByTaxRefNo</Path>
    <User>SARSGOV\s2024134</User>
    <Url>http://localhost/FDR/mnelistservice.asmx/GetCBCDataByTaxRefNo</Url>
    <Time>16:48:39 PM +02</Time>
  </SystemRequest>
  <SystemRequest>
    <RequestTime>2017-11-01</RequestTime>
    <Path>/FDR/Default.aspx</Path>
    <User>SARSGOV\s2024134</User>
    <Url>http://localhost/FDR/Default.aspx</Url>
    <Time>16:50:49 PM +02</Time>
  </SystemRequest>
  <SystemRequest>
    <RequestTime>2017-11-01</RequestTime>
    <Path>/fdr/pages/incomingcbcdeclataions.aspx</Path>
    <User>SARSGOV\s2024134</User>
    <Url>http://localhost/fdr/pages/incomingcbcdeclataions.aspx?new=1</Url>
    <Time>16:51:01 PM +02</Time>
  </SystemRequest>
  <SystemRequest>
    <RequestTime>2017-11-01</RequestTime>
    <Path>/fdr/pages/incomingcbcdeclataions.aspx</Path>
    <User>SARSGOV\s2024134</User>
    <Url>http://localhost/fdr/pages/incomingcbcdeclataions.aspx?new=1</Url>
    <Time>16:51:07 PM +02</Time>
  </SystemRequest>
  <SystemRequest>
    <RequestTime>2017-11-01</RequestTime>
    <Path>/FDR/Default.aspx</Path>
    <User>SARSGOV\s2024134</User>
    <Url>http://localhost/FDR/Default.aspx</Url>
    <Time>16:52:05 PM +02</Time>
  </SystemRequest>
  <SystemRequest>
    <RequestTime>2017-11-01</RequestTime>
    <Path>/fdr/pages/incomingcbcdeclataions.aspx</Path>
    <User>SARSGOV\s2024134</User>
    <Url>http://localhost/fdr/pages/incomingcbcdeclataions.aspx?new=1</Url>
    <Time>16:52:09 PM +02</Time>
  </SystemRequest>
  <SystemRequest>
    <RequestTime>2017-11-01</RequestTime>
    <Path>/fdr/pages/incomingcbcdeclataions.aspx</Path>
    <User>SARSGOV\s2024134</User>
    <Url>http://localhost/fdr/pages/incomingcbcdeclataions.aspx?new=1</Url>
    <Time>16:52:22 PM +02</Time>
  </SystemRequest>
  <SystemRequest>
    <RequestTime>2017-11-01</RequestTime>
    <Path>/FDR/pages/cbcForm.aspx</Path>
    <User>SARSGOV\s2024134</User>
    <Url>http://localhost/FDR/pages/cbcForm.aspx?refno=1010101010&amp;year=2007</Url>
    <Time>16:52:35 PM +02</Time>
  </SystemRequest>
  <SystemRequest>
    <RequestTime>2017-11-01</RequestTime>
    <Path>/FDR/mnelistservice.asmx/GetCBCDataByTaxRefNo</Path>
    <User>SARSGOV\s2024134</User>
    <Url>http://localhost/FDR/mnelistservice.asmx/GetCBCDataByTaxRefNo</Url>
    <Time>16:52:40 PM +02</Time>
  </SystemRequest>
  <SystemRequest>
    <RequestTime>2017-11-01</RequestTime>
    <Path>/FDR/Default.aspx</Path>
    <User>SARSGOV\s2024134</User>
    <Url>http://localhost/FDR/Default.aspx</Url>
    <Time>16:53:07 PM +02</Time>
  </SystemRequest>
  <SystemRequest>
    <RequestTime>2017-11-01</RequestTime>
    <Path>/fdr/pages/incomingcbcdeclataions.aspx</Path>
    <User>SARSGOV\s2024134</User>
    <Url>http://localhost/fdr/pages/incomingcbcdeclataions.aspx?new=0</Url>
    <Time>16:53:11 PM +02</Time>
  </SystemRequest>
  <SystemRequest>
    <RequestTime>2017-11-01</RequestTime>
    <Path>/fdr/pages/incomingcbcdeclataions.aspx</Path>
    <User>SARSGOV\s2024134</User>
    <Url>http://localhost/fdr/pages/incomingcbcdeclataions.aspx?new=0</Url>
    <Time>16:53:16 PM +02</Time>
  </SystemRequest>
  <SystemRequest>
    <RequestTime>2017-11-01</RequestTime>
    <Path>/FDR/pages/cbcForm.aspx</Path>
    <User>SARSGOV\s2024134</User>
    <Url>http://localhost/FDR/pages/cbcForm.aspx?refno=9954776143&amp;year=2012</Url>
    <Time>16:53:19 PM +02</Time>
  </SystemRequest>
  <SystemRequest>
    <RequestTime>2017-11-01</RequestTime>
    <Path>/FDR/mnelistservice.asmx/GetCBCDataByTaxRefNo</Path>
    <User>SARSGOV\s2024134</User>
    <Url>http://localhost/FDR/mnelistservice.asmx/GetCBCDataByTaxRefNo</Url>
    <Time>16:53:26 PM +02</Time>
  </SystemRequest>
  <SystemRequest>
    <RequestTime>2017-11-01</RequestTime>
    <Path>/FDR/Default.aspx</Path>
    <User>SARSGOV\s2024134</User>
    <Url>http://localhost/FDR/Default.aspx</Url>
    <Time>16:53:48 PM +02</Time>
  </SystemRequest>
  <SystemRequest>
    <RequestTime>2017-11-01</RequestTime>
    <Path>/fdr/pages/incomingcbcdeclataions.aspx</Path>
    <User>SARSGOV\s2024134</User>
    <Url>http://localhost/fdr/pages/incomingcbcdeclataions.aspx?new=1</Url>
    <Time>16:53:51 PM +02</Time>
  </SystemRequest>
  <SystemRequest>
    <RequestTime>2017-11-01</RequestTime>
    <Path>/fdr/pages/incomingcbcdeclataions.aspx</Path>
    <User>SARSGOV\s2024134</User>
    <Url>http://localhost/fdr/pages/incomingcbcdeclataions.aspx?new=1</Url>
    <Time>16:53:57 PM +02</Time>
  </SystemRequest>
  <SystemRequest>
    <RequestTime>2017-11-01</RequestTime>
    <Path>/FDR/pages/cbcForm.aspx</Path>
    <User>SARSGOV\s2024134</User>
    <Url>http://localhost/FDR/pages/cbcForm.aspx?refno=9954776143&amp;year=2012</Url>
    <Time>16:54:15 PM +02</Time>
  </SystemRequest>
  <SystemRequest>
    <RequestTime>2017-11-01</RequestTime>
    <Path>/FDR/mnelistservice.asmx/GetCBCDataByTaxRefNo</Path>
    <User>SARSGOV\s2024134</User>
    <Url>http://localhost/FDR/mnelistservice.asmx/GetCBCDataByTaxRefNo</Url>
    <Time>16:54:18 PM +02</Time>
  </SystemRequest>
  <SystemRequest>
    <RequestTime>2017-11-01</RequestTime>
    <Path>/FDR/pages/cbcForm.aspx</Path>
    <User>SARSGOV\s2024134</User>
    <Url>http://localhost/FDR/pages/cbcForm.aspx?refno=9954776143&amp;year=2012</Url>
    <Time>16:54:37 PM +02</Time>
  </SystemRequest>
  <SystemRequest>
    <RequestTime>2017-11-01</RequestTime>
    <Path>/FDR/mnelistservice.asmx/GetCBCDataByTaxRefNo</Path>
    <User>SARSGOV\s2024134</User>
    <Url>http://localhost/FDR/mnelistservice.asmx/GetCBCDataByTaxRefNo</Url>
    <Time>16:54:39 PM +02</Time>
  </SystemRequest>
  <SystemRequest>
    <RequestTime>2017-11-01</RequestTime>
    <Path>/FDR/Default.aspx</Path>
    <User>SARSGOV\s2024134</User>
    <Url>http://localhost/FDR/Default.aspx</Url>
    <Time>17:01:37 PM +02</Time>
  </SystemRequest>
  <SystemRequest>
    <RequestTime>2017-11-01</RequestTime>
    <Path>/FDR/Default.aspx</Path>
    <User>SARSGOV\s2024134</User>
    <Url>http://localhost/FDR/Default.aspx</Url>
    <Time>17:01:37 PM +02</Time>
  </SystemRequest>
  <SystemRequest>
    <RequestTime>2017-11-01</RequestTime>
    <Path>/FDR/Default.aspx</Path>
    <User>SARSGOV\s2024134</User>
    <Url>http://localhost/FDR/Default.aspx</Url>
    <Time>17:01:43 PM +02</Time>
  </SystemRequest>
  <SystemRequest>
    <RequestTime>2017-11-01</RequestTime>
    <Path>/fdr/pages/incomingcbcdeclataions.aspx</Path>
    <User>SARSGOV\s2024134</User>
    <Url>http://localhost/fdr/pages/incomingcbcdeclataions.aspx?new=0</Url>
    <Time>17:01:46 PM +02</Time>
  </SystemRequest>
  <SystemRequest>
    <RequestTime>2017-11-01</RequestTime>
    <Path>/fdr/pages/incomingcbcdeclataions.aspx</Path>
    <User>SARSGOV\s2024134</User>
    <Url>http://localhost/fdr/pages/incomingcbcdeclataions.aspx?new=1</Url>
    <Time>17:01:49 PM +02</Time>
  </SystemRequest>
  <SystemRequest>
    <RequestTime>2017-11-01</RequestTime>
    <Path>/FDR/Default.aspx</Path>
    <User>SARSGOV\s2024134</User>
    <Url>http://localhost/FDR/Default.aspx</Url>
    <Time>18:42:03 PM +02</Time>
  </SystemRequest>
  <SystemRequest>
    <RequestTime>2017-11-01</RequestTime>
    <Path>/fdr/pages/incomingcbcdeclataions.aspx</Path>
    <User>SARSGOV\s2024134</User>
    <Url>http://localhost/fdr/pages/incomingcbcdeclataions.aspx?new=0</Url>
    <Time>18:42:27 PM +02</Time>
  </SystemRequest>
  <SystemRequest>
    <RequestTime>2017-11-01</RequestTime>
    <Path>/fdr/pages/incomingcbcdeclataions.aspx</Path>
    <User>SARSGOV\s2024134</User>
    <Url>http://localhost/fdr/pages/incomingcbcdeclataions.aspx?new=1</Url>
    <Time>18:42:41 PM +02</Time>
  </SystemRequest>
  <SystemRequest>
    <RequestTime>2017-11-01</RequestTime>
    <Path>/fdr/pages/incomingcbcdeclataions.aspx</Path>
    <User>SARSGOV\s2024134</User>
    <Url>http://localhost/fdr/pages/incomingcbcdeclataions.aspx?new=1</Url>
    <Time>18:42:46 PM +02</Time>
  </SystemRequest>
  <SystemRequest>
    <RequestTime>2017-11-01</RequestTime>
    <Path>/FDR/pages/cbcForm.aspx</Path>
    <User>SARSGOV\s2024134</User>
    <Url>http://localhost/FDR/pages/cbcForm.aspx?refno=9080191837&amp;year=2017</Url>
    <Time>18:42:47 PM +02</Time>
  </SystemRequest>
  <SystemRequest>
    <RequestTime>2017-11-01</RequestTime>
    <Path>/FDR/mnelistservice.asmx/GetCBCDataByTaxRefNo</Path>
    <User>SARSGOV\s2024134</User>
    <Url>http://localhost/FDR/mnelistservice.asmx/GetCBCDataByTaxRefNo</Url>
    <Time>18:42:49 PM +02</Time>
  </SystemRequest>
  <SystemRequest>
    <RequestTime>2017-11-01</RequestTime>
    <Path>/FDR/Default.aspx</Path>
    <User>SARSGOV\s2024134</User>
    <Url>http://localhost/FDR/Default.aspx</Url>
    <Time>18:54:47 PM +02</Time>
  </SystemRequest>
</ArrayOfSystemRequest>