<?xml version="1.0" encoding="utf-8"?>
<ArrayOfSystemRequest>
  <SystemRequest>
    <RequestTime>2017-11-16</RequestTime>
    <Path>/FDR/pages/u3tm.aspx</Path>
    <User>SARSGOV\S1037927</User>
    <Url>http://localhost/FDR/pages/u3tm.aspx</Url>
    <Time>14:22:22 PM +02</Time>
  </SystemRequest>
  <SystemRequest>
    <RequestTime>2017-11-16</RequestTime>
    <Path>/FDR/pages/u3tm.aspx</Path>
    <User>SARSGOV\S1037927</User>
    <Url>http://localhost/FDR/pages/u3tm.aspx</Url>
    <Time>14:22:38 PM +02</Time>
  </SystemRequest>
  <SystemRequest>
    <RequestTime>2017-11-16</RequestTime>
    <Path>/fdr/pages/viewedincomingcbcdeclataions.aspx</Path>
    <User>SARSGOV\S1037927</User>
    <Url>http://localhost/fdr/pages/viewedincomingcbcdeclataions.aspx</Url>
    <Time>14:23:52 PM +02</Time>
  </SystemRequest>
  <SystemRequest>
    <RequestTime>2017-11-16</RequestTime>
    <Path>/fdr/pages/incomingcbcdeclataions.aspx</Path>
    <User>SARSGOV\S1037927</User>
    <Url>http://localhost/fdr/pages/incomingcbcdeclataions.aspx</Url>
    <Time>14:23:58 PM +02</Time>
  </SystemRequest>
  <SystemRequest>
    <RequestTime>2017-11-16</RequestTime>
    <Path>/fdr/pages/incomingcbcdeclataions.aspx</Path>
    <User>SARSGOV\S1037927</User>
    <Url>http://localhost/fdr/pages/incomingcbcdeclataions.aspx</Url>
    <Time>14:24:11 PM +02</Time>
  </SystemRequest>
  <SystemRequest>
    <RequestTime>2017-11-16</RequestTime>
    <Path>/fdr/pages/viewedincomingcbcdeclataions.aspx</Path>
    <User>SARSGOV\S1037927</User>
    <Url>http://localhost/fdr/pages/viewedincomingcbcdeclataions.aspx</Url>
    <Time>14:24:31 PM +02</Time>
  </SystemRequest>
  <SystemRequest>
    <RequestTime>2017-11-16</RequestTime>
    <Path>/fdr/pages/viewedincomingcbcdeclataions.aspx</Path>
    <User>SARSGOV\S1037927</User>
    <Url>http://localhost/fdr/pages/viewedincomingcbcdeclataions.aspx</Url>
    <Time>14:24:48 PM +02</Time>
  </SystemRequest>
  <SystemRequest>
    <RequestTime>2017-11-16</RequestTime>
    <Path>/fdr/pages/viewedincomingcbcdeclataions.aspx</Path>
    <User>SARSGOV\S1037927</User>
    <Url>http://localhost/fdr/pages/viewedincomingcbcdeclataions.aspx</Url>
    <Time>14:32:36 PM +02</Time>
  </SystemRequest>
  <SystemRequest>
    <RequestTime>2017-11-16</RequestTime>
    <Path>/fdr/pages/viewedincomingcbcdeclataions.aspx</Path>
    <User>SARSGOV\S1037927</User>
    <Url>http://localhost/fdr/pages/viewedincomingcbcdeclataions.aspx</Url>
    <Time>14:41:46 PM +02</Time>
  </SystemRequest>
  <SystemRequest>
    <RequestTime>2017-11-16</RequestTime>
    <Path>/FDR/pages/cbcForm.aspx</Path>
    <User>SARSGOV\S1037927</User>
    <Url>http://localhost/FDR/pages/cbcForm.aspx?refno=9225233841&amp;year=2017</Url>
    <Time>14:41:47 PM +02</Time>
  </SystemRequest>
  <SystemRequest>
    <RequestTime>2017-11-16</RequestTime>
    <Path>/FDR/mnelistservice.asmx/GetCBCDataByTaxRefNo</Path>
    <User>SARSGOV\S1037927</User>
    <Url>http://localhost/FDR/mnelistservice.asmx/GetCBCDataByTaxRefNo</Url>
    <Time>14:41:47 PM +02</Time>
  </SystemRequest>
  <SystemRequest>
    <RequestTime>2017-11-16</RequestTime>
    <Path>/FDR/Default.aspx</Path>
    <User>SARSGOV\S1037927</User>
    <Url>http://localhost/FDR/Default.aspx</Url>
    <Time>14:42:24 PM +02</Time>
  </SystemRequest>
  <SystemRequest>
    <RequestTime>2017-11-16</RequestTime>
    <Path>/FDR/Default.aspx</Path>
    <User>SARSGOV\S1037927</User>
    <Url>http://localhost/FDR/Default.aspx</Url>
    <Time>14:42:41 PM +02</Time>
  </SystemRequest>
  <SystemRequest>
    <RequestTime>2017-11-16</RequestTime>
    <Path>/FDR/pages/u3tm.aspx</Path>
    <User>SARSGOV\S1037927</User>
    <Url>http://localhost/FDR/pages/u3tm.aspx</Url>
    <Time>16:33:43 PM +02</Time>
  </SystemRequest>
  <SystemRequest>
    <RequestTime>2017-11-16</RequestTime>
    <Path>/FDR/pages/sentletters.aspx</Path>
    <User>SARSGOV\S1037927</User>
    <Url>http://localhost/FDR/pages/sentletters.aspx</Url>
    <Time>16:34:08 PM +02</Time>
  </SystemRequest>
  <SystemRequest>
    <RequestTime>2017-11-16</RequestTime>
    <Path>/FDR/pages/sentletter.aspx</Path>
    <User>SARSGOV\S1037927</User>
    <Url>http://localhost/FDR/pages/sentletter.aspx</Url>
    <Time>16:34:16 PM +02</Time>
  </SystemRequest>
  <SystemRequest>
    <RequestTime>2017-11-16</RequestTime>
    <Path>/FDR/admin/SentLetters.aspx</Path>
    <User>SARSGOV\S1037927</User>
    <Url>http://localhost/FDR/admin/SentLetters.aspx</Url>
    <Time>16:35:44 PM +02</Time>
  </SystemRequest>
  <SystemRequest>
    <RequestTime>2017-11-16</RequestTime>
    <Path>/FDR/admin/SentLetters.aspx</Path>
    <User>SARSGOV\S1037927</User>
    <Url>http://localhost/FDR/admin/SentLetters.aspx</Url>
    <Time>16:36:21 PM +02</Time>
  </SystemRequest>
  <SystemRequest>
    <RequestTime>2017-11-16</RequestTime>
    <Path>/FDR/admin/SentLetters.aspx</Path>
    <User>SARSGOV\S1037927</User>
    <Url>http://localhost/FDR/admin/SentLetters.aspx</Url>
    <Time>16:36:32 PM +02</Time>
  </SystemRequest>
  <SystemRequest>
    <RequestTime>2017-11-16</RequestTime>
    <Path>/FDR/admin/SentLetters.aspx</Path>
    <User>SARSGOV\S1037927</User>
    <Url>http://localhost/FDR/admin/SentLetters.aspx</Url>
    <Time>16:36:34 PM +02</Time>
  </SystemRequest>
  <SystemRequest>
    <RequestTime>2017-11-16</RequestTime>
    <Path>/FDR/admin/SentLetters.aspx</Path>
    <User>SARSGOV\S1037927</User>
    <Url>http://localhost/FDR/admin/SentLetters.aspx</Url>
    <Time>16:36:43 PM +02</Time>
  </SystemRequest>
  <SystemRequest>
    <RequestTime>2017-11-16</RequestTime>
    <Path>/FDR/admin/SentLetters.aspx</Path>
    <User>SARSGOV\S1037927</User>
    <Url>http://localhost/FDR/admin/SentLetters.aspx</Url>
    <Time>16:36:50 PM +02</Time>
  </SystemRequest>
  <SystemRequest>
    <RequestTime>2017-11-16</RequestTime>
    <Path>/FDR/admin/SentLetters.aspx</Path>
    <User>SARSGOV\S1037927</User>
    <Url>http://localhost/FDR/admin/SentLetters.aspx</Url>
    <Time>16:40:25 PM +02</Time>
  </SystemRequest>
  <SystemRequest>
    <RequestTime>2017-11-16</RequestTime>
    <Path>/FDR/admin/SentLetters.aspx</Path>
    <User>SARSGOV\S1037927</User>
    <Url>http://localhost/FDR/admin/SentLetters.aspx</Url>
    <Time>16:40:51 PM +02</Time>
  </SystemRequest>
  <SystemRequest>
    <RequestTime>2017-11-16</RequestTime>
    <Path>/FDR/admin/SentLetters.aspx</Path>
    <User>SARSGOV\S1037927</User>
    <Url>http://localhost/FDR/admin/SentLetters.aspx</Url>
    <Time>16:40:54 PM +02</Time>
  </SystemRequest>
  <SystemRequest>
    <RequestTime>2017-11-16</RequestTime>
    <Path>/FDR/admin/SentLetters.aspx</Path>
    <User>SARSGOV\S1037927</User>
    <Url>http://localhost/FDR/admin/SentLetters.aspx</Url>
    <Time>16:40:58 PM +02</Time>
  </SystemRequest>
  <SystemRequest>
    <RequestTime>2017-11-16</RequestTime>
    <Path>/FDR/admin/showletter.aspx</Path>
    <User>SARSGOV\S1037927</User>
    <Url>http://localhost/FDR/admin/showletter.aspx?Id=12&amp;bck=L0ZEUi9hZG1pbi9TZW50TGV0dGVycy5hc3B4</Url>
    <Time>16:49:44 PM +02</Time>
  </SystemRequest>
  <SystemRequest>
    <RequestTime>2017-11-16</RequestTime>
    <Path>/FDR/admin/showletter.aspx</Path>
    <User>SARSGOV\S1037927</User>
    <Url>http://localhost/FDR/admin/showletter.aspx?Id=12&amp;bck=L0ZEUi9hZG1pbi9TZW50TGV0dGVycy5hc3B4</Url>
    <Time>16:50:49 PM +02</Time>
  </SystemRequest>
  <SystemRequest>
    <RequestTime>2017-11-16</RequestTime>
    <Path>/FDR/admin/showletter.aspx</Path>
    <User>SARSGOV\S1037927</User>
    <Url>http://localhost/FDR/admin/showletter.aspx?Id=12&amp;bck=L0ZEUi9hZG1pbi9TZW50TGV0dGVycy5hc3B4</Url>
    <Time>16:51:15 PM +02</Time>
  </SystemRequest>
  <SystemRequest>
    <RequestTime>2017-11-16</RequestTime>
    <Path>/FDR/admin/SentLetters.aspx</Path>
    <User>SARSGOV\S1037927</User>
    <Url>http://localhost/FDR/admin/SentLetters.aspx</Url>
    <Time>16:52:51 PM +02</Time>
  </SystemRequest>
  <SystemRequest>
    <RequestTime>2017-11-16</RequestTime>
    <Path>/FDR/admin/showletter.aspx</Path>
    <User>SARSGOV\S1037927</User>
    <Url>http://localhost/FDR/admin/showletter.aspx?Id=12&amp;bck=L0ZEUi9hZG1pbi9TZW50TGV0dGVycy5hc3B4</Url>
    <Time>17:50:36 PM +02</Time>
  </SystemRequest>
  <SystemRequest>
    <RequestTime>2017-11-16</RequestTime>
    <Path>/FDR/pages/u3tm.aspx</Path>
    <User>SARSGOV\S1037927</User>
    <Url>http://localhost/FDR/pages/u3tm.aspx</Url>
    <Time>18:13:35 PM +02</Time>
  </SystemRequest>
  <SystemRequest>
    <RequestTime>2017-11-16</RequestTime>
    <Path>/FDR/admin/showletter.aspx</Path>
    <User>SARSGOV\S1037927</User>
    <Url>http://localhost/FDR/admin/showletter.aspx?Id=12&amp;bck=L0ZEUi9hZG1pbi9TZW50TGV0dGVycy5hc3B4</Url>
    <Time>18:16:28 PM +02</Time>
  </SystemRequest>
  <SystemRequest>
    <RequestTime>2017-11-16</RequestTime>
    <Path>/FDR/admin/showletter.aspx</Path>
    <User>SARSGOV\S1037927</User>
    <Url>http://localhost/FDR/admin/showletter.aspx?Id=12&amp;bck=L0ZEUi9hZG1pbi9TZW50TGV0dGVycy5hc3B4</Url>
    <Time>18:21:01 PM +02</Time>
  </SystemRequest>
  <SystemRequest>
    <RequestTime>2017-11-16</RequestTime>
    <Path>/fdr/secureurl/menu.aspx</Path>
    <User>SARSGOV\S1037927</User>
    <Url>http://localhost/fdr/secureurl/menu.aspx</Url>
    <Time>18:21:40 PM +02</Time>
  </SystemRequest>
  <SystemRequest>
    <RequestTime>2017-11-16</RequestTime>
    <Path>/fdr/secureurl/refreshmenu.aspx</Path>
    <User>SARSGOV\S1037927</User>
    <Url>http://localhost/fdr/secureurl/refreshmenu.aspx</Url>
    <Time>18:21:43 PM +02</Time>
  </SystemRequest>
  <SystemRequest>
    <RequestTime>2017-11-16</RequestTime>
    <Path>/fdr/secureurl/menu.aspx</Path>
    <User>SARSGOV\S1037927</User>
    <Url>http://localhost/fdr/secureurl/menu.aspx</Url>
    <Time>18:21:45 PM +02</Time>
  </SystemRequest>
  <SystemRequest>
    <RequestTime>2017-11-16</RequestTime>
    <Path>/fdr/secureurl/ViewFunctions.aspx</Path>
    <User>SARSGOV\S1037927</User>
    <Url>http://localhost/fdr/secureurl/ViewFunctions.aspx</Url>
    <Time>18:21:49 PM +02</Time>
  </SystemRequest>
  <SystemRequest>
    <RequestTime>2017-11-16</RequestTime>
    <Path>/fdr/secureurl/ViewFunctions.aspx</Path>
    <User>SARSGOV\S1037927</User>
    <Url>http://localhost/fdr/secureurl/ViewFunctions.aspx</Url>
    <Time>18:21:52 PM +02</Time>
  </SystemRequest>
  <SystemRequest>
    <RequestTime>2017-11-16</RequestTime>
    <Path>/fdr/secureurl/ViewFunctions.aspx</Path>
    <User>SARSGOV\S1037927</User>
    <Url>http://localhost/fdr/secureurl/ViewFunctions.aspx</Url>
    <Time>18:22:03 PM +02</Time>
  </SystemRequest>
  <SystemRequest>
    <RequestTime>2017-11-16</RequestTime>
    <Path>/fdr/secureurl/menu.aspx</Path>
    <User>SARSGOV\S1037927</User>
    <Url>http://localhost/fdr/secureurl/menu.aspx</Url>
    <Time>18:22:07 PM +02</Time>
  </SystemRequest>
  <SystemRequest>
    <RequestTime>2017-11-16</RequestTime>
    <Path>/fdr/secureurl/AssignFunctionToRole.aspx</Path>
    <User>SARSGOV\S1037927</User>
    <Url>http://localhost/fdr/secureurl/AssignFunctionToRole.aspx</Url>
    <Time>18:22:08 PM +02</Time>
  </SystemRequest>
  <SystemRequest>
    <RequestTime>2017-11-16</RequestTime>
    <Path>/fdr/secureurl/AssignFunctionToRole.aspx</Path>
    <User>SARSGOV\S1037927</User>
    <Url>http://localhost/fdr/secureurl/AssignFunctionToRole.aspx</Url>
    <Time>18:22:12 PM +02</Time>
  </SystemRequest>
  <SystemRequest>
    <RequestTime>2017-11-16</RequestTime>
    <Path>/fdr/secureurl/AssignFunctionToRole.aspx</Path>
    <User>SARSGOV\S1037927</User>
    <Url>http://localhost/fdr/secureurl/AssignFunctionToRole.aspx</Url>
    <Time>18:22:13 PM +02</Time>
  </SystemRequest>
  <SystemRequest>
    <RequestTime>2017-11-16</RequestTime>
    <Path>/fdr/secureurl/AssignFunctionToRole.aspx</Path>
    <User>SARSGOV\S1037927</User>
    <Url>http://localhost/fdr/secureurl/AssignFunctionToRole.aspx</Url>
    <Time>18:22:16 PM +02</Time>
  </SystemRequest>
  <SystemRequest>
    <RequestTime>2017-11-16</RequestTime>
    <Path>/fdr/secureurl/menu.aspx</Path>
    <User>SARSGOV\S1037927</User>
    <Url>http://localhost/fdr/secureurl/menu.aspx</Url>
    <Time>18:22:17 PM +02</Time>
  </SystemRequest>
  <SystemRequest>
    <RequestTime>2017-11-16</RequestTime>
    <Path>/fdr/secureurl/ViewFunctions.aspx</Path>
    <User>SARSGOV\S1037927</User>
    <Url>http://localhost/fdr/secureurl/ViewFunctions.aspx</Url>
    <Time>18:22:23 PM +02</Time>
  </SystemRequest>
  <SystemRequest>
    <RequestTime>2017-11-16</RequestTime>
    <Path>/fdr/secureurl/MapUrlToFunction.aspx</Path>
    <User>SARSGOV\S1037927</User>
    <Url>http://localhost/fdr/secureurl/MapUrlToFunction.aspx</Url>
    <Time>18:22:30 PM +02</Time>
  </SystemRequest>
  <SystemRequest>
    <RequestTime>2017-11-16</RequestTime>
    <Path>/fdr/secureurl/MapUrlToFunction.aspx</Path>
    <User>SARSGOV\S1037927</User>
    <Url>http://localhost/fdr/secureurl/MapUrlToFunction.aspx</Url>
    <Time>18:22:33 PM +02</Time>
  </SystemRequest>
  <SystemRequest>
    <RequestTime>2017-11-16</RequestTime>
    <Path>/fdr/secureurl/MapUrlToFunction.aspx</Path>
    <User>SARSGOV\S1037927</User>
    <Url>http://localhost/fdr/secureurl/MapUrlToFunction.aspx</Url>
    <Time>18:22:35 PM +02</Time>
  </SystemRequest>
  <SystemRequest>
    <RequestTime>2017-11-16</RequestTime>
    <Path>/fdr/secureurl/MapUrlToFunction.aspx</Path>
    <User>SARSGOV\S1037927</User>
    <Url>http://localhost/fdr/secureurl/MapUrlToFunction.aspx</Url>
    <Time>18:22:38 PM +02</Time>
  </SystemRequest>
  <SystemRequest>
    <RequestTime>2017-11-16</RequestTime>
    <Path>/fdr/secureurl/menu.aspx</Path>
    <User>SARSGOV\S1037927</User>
    <Url>http://localhost/fdr/secureurl/menu.aspx</Url>
    <Time>18:22:39 PM +02</Time>
  </SystemRequest>
  <SystemRequest>
    <RequestTime>2017-11-16</RequestTime>
    <Path>/fdr/admin/sentletters.aspx</Path>
    <User>SARSGOV\S1037927</User>
    <Url>http://localhost/fdr/admin/sentletters.aspx</Url>
    <Time>18:22:41 PM +02</Time>
  </SystemRequest>
  <SystemRequest>
    <RequestTime>2017-11-16</RequestTime>
    <Path>/fdr/admin/showletter.aspx</Path>
    <User>SARSGOV\S1037927</User>
    <Url>http://localhost/fdr/admin/showletter.aspx?Id=7&amp;bck=L2Zkci9hZG1pbi9zZW50bGV0dGVycy5hc3B4</Url>
    <Time>18:22:45 PM +02</Time>
  </SystemRequest>
</ArrayOfSystemRequest>