<?xml version="1.0" encoding="utf-8"?>
<ArrayOfSystemRequest>
  <SystemRequest>
    <RequestTime>2017-10-17</RequestTime>
    <Path>/FDR/Default.aspx</Path>
    <User>SARSGOV\s2024134</User>
    <Url>http://localhost/FDR/Default.aspx</Url>
    <Time>16:17:08 PM +02</Time>
  </SystemRequest>
  <SystemRequest>
    <RequestTime>2017-10-17</RequestTime>
    <Path>/fdr/pages/incomingcbcdeclataions.aspx</Path>
    <User>SARSGOV\s2024134</User>
    <Url>http://localhost/fdr/pages/incomingcbcdeclataions.aspx</Url>
    <Time>16:17:41 PM +02</Time>
  </SystemRequest>
  <SystemRequest>
    <RequestTime>2017-10-17</RequestTime>
    <Path>/fdr/pages/incomingcbcdeclataions.aspx</Path>
    <User>SARSGOV\s2024134</User>
    <Url>http://localhost/fdr/pages/incomingcbcdeclataions.aspx</Url>
    <Time>16:17:47 PM +02</Time>
  </SystemRequest>
  <SystemRequest>
    <RequestTime>2017-10-17</RequestTime>
    <Path>/FDR/pages/cbcForm.aspx</Path>
    <User>SARSGOV\s2024134</User>
    <Url>http://localhost/FDR/pages/cbcForm.aspx?refno=1010101010&amp;year=2007</Url>
    <Time>16:17:48 PM +02</Time>
  </SystemRequest>
  <SystemRequest>
    <RequestTime>2017-10-17</RequestTime>
    <Path>/FDR/mnelistservice.asmx/GetCBCDataByTaxRefNo</Path>
    <User>SARSGOV\s2024134</User>
    <Url>http://localhost/FDR/mnelistservice.asmx/GetCBCDataByTaxRefNo</Url>
    <Time>16:18:07 PM +02</Time>
  </SystemRequest>
  <SystemRequest>
    <RequestTime>2017-10-17</RequestTime>
    <Path>/FDR/pages/cbcForm.aspx</Path>
    <User>SARSGOV\s2024134</User>
    <Url>http://localhost/FDR/pages/cbcForm.aspx?refno=1010101010&amp;year=2007</Url>
    <Time>16:18:26 PM +02</Time>
  </SystemRequest>
  <SystemRequest>
    <RequestTime>2017-10-17</RequestTime>
    <Path>/FDR/mnelistservice.asmx/GetCBCDataByTaxRefNo</Path>
    <User>SARSGOV\s2024134</User>
    <Url>http://localhost/FDR/mnelistservice.asmx/GetCBCDataByTaxRefNo</Url>
    <Time>16:18:30 PM +02</Time>
  </SystemRequest>
  <SystemRequest>
    <RequestTime>2017-10-17</RequestTime>
    <Path>/FDR/Default.aspx</Path>
    <User>SARSGOV\s2024134</User>
    <Url>http://localhost/FDR/Default.aspx</Url>
    <Time>16:18:41 PM +02</Time>
  </SystemRequest>
  <SystemRequest>
    <RequestTime>2017-10-17</RequestTime>
    <Path>/fdr/pages/incomingcbcdeclataions.aspx</Path>
    <User>SARSGOV\s2024134</User>
    <Url>http://localhost/fdr/pages/incomingcbcdeclataions.aspx</Url>
    <Time>16:20:07 PM +02</Time>
  </SystemRequest>
  <SystemRequest>
    <RequestTime>2017-10-17</RequestTime>
    <Path>/fdr/pages/incomingcbcdeclataions.aspx</Path>
    <User>SARSGOV\s2024134</User>
    <Url>http://localhost/fdr/pages/incomingcbcdeclataions.aspx</Url>
    <Time>16:20:20 PM +02</Time>
  </SystemRequest>
  <SystemRequest>
    <RequestTime>2017-10-17</RequestTime>
    <Path>/FDR/pages/cbcForm.aspx</Path>
    <User>SARSGOV\s2024134</User>
    <Url>http://localhost/FDR/pages/cbcForm.aspx?refno=1010101010&amp;year=2007</Url>
    <Time>16:20:20 PM +02</Time>
  </SystemRequest>
  <SystemRequest>
    <RequestTime>2017-10-17</RequestTime>
    <Path>/FDR/mnelistservice.asmx/GetCBCDataByTaxRefNo</Path>
    <User>SARSGOV\s2024134</User>
    <Url>http://localhost/FDR/mnelistservice.asmx/GetCBCDataByTaxRefNo</Url>
    <Time>16:20:35 PM +02</Time>
  </SystemRequest>
  <SystemRequest>
    <RequestTime>2017-10-17</RequestTime>
    <Path>/FDR/pages/cbcForm.aspx</Path>
    <User>SARSGOV\s2024134</User>
    <Url>http://localhost/FDR/pages/cbcForm.aspx?refno=1010101010&amp;year=2007</Url>
    <Time>16:20:50 PM +02</Time>
  </SystemRequest>
  <SystemRequest>
    <RequestTime>2017-10-17</RequestTime>
    <Path>/FDR/mnelistservice.asmx/GetCBCDataByTaxRefNo</Path>
    <User>SARSGOV\s2024134</User>
    <Url>http://localhost/FDR/mnelistservice.asmx/GetCBCDataByTaxRefNo</Url>
    <Time>16:20:57 PM +02</Time>
  </SystemRequest>
  <SystemRequest>
    <RequestTime>2017-10-17</RequestTime>
    <Path>/FDR/pages/cbcForm.aspx</Path>
    <User>SARSGOV\s2024134</User>
    <Url>http://localhost/FDR/pages/cbcForm.aspx?refno=1010101010&amp;year=2007</Url>
    <Time>16:21:38 PM +02</Time>
  </SystemRequest>
  <SystemRequest>
    <RequestTime>2017-10-17</RequestTime>
    <Path>/FDR/mnelistservice.asmx/GetCBCDataByTaxRefNo</Path>
    <User>SARSGOV\s2024134</User>
    <Url>http://localhost/FDR/mnelistservice.asmx/GetCBCDataByTaxRefNo</Url>
    <Time>16:21:46 PM +02</Time>
  </SystemRequest>
  <SystemRequest>
    <RequestTime>2017-10-17</RequestTime>
    <Path>/FDR/Default.aspx</Path>
    <User>SARSGOV\s2024134</User>
    <Url>http://localhost/FDR/Default.aspx</Url>
    <Time>16:22:02 PM +02</Time>
  </SystemRequest>
  <SystemRequest>
    <RequestTime>2017-10-17</RequestTime>
    <Path>/fdr/pages/incomingcbcdeclataions.aspx</Path>
    <User>SARSGOV\s2024134</User>
    <Url>http://localhost/fdr/pages/incomingcbcdeclataions.aspx</Url>
    <Time>16:23:01 PM +02</Time>
  </SystemRequest>
  <SystemRequest>
    <RequestTime>2017-10-17</RequestTime>
    <Path>/fdr/pages/incomingcbcdeclataions.aspx</Path>
    <User>SARSGOV\s2024134</User>
    <Url>http://localhost/fdr/pages/incomingcbcdeclataions.aspx</Url>
    <Time>16:23:05 PM +02</Time>
  </SystemRequest>
  <SystemRequest>
    <RequestTime>2017-10-17</RequestTime>
    <Path>/FDR/pages/cbcForm.aspx</Path>
    <User>SARSGOV\s2024134</User>
    <Url>http://localhost/FDR/pages/cbcForm.aspx?refno=1010101010&amp;year=2007</Url>
    <Time>16:23:06 PM +02</Time>
  </SystemRequest>
  <SystemRequest>
    <RequestTime>2017-10-17</RequestTime>
    <Path>/FDR/mnelistservice.asmx/GetCBCDataByTaxRefNo</Path>
    <User>SARSGOV\s2024134</User>
    <Url>http://localhost/FDR/mnelistservice.asmx/GetCBCDataByTaxRefNo</Url>
    <Time>16:23:07 PM +02</Time>
  </SystemRequest>
  <SystemRequest>
    <RequestTime>2017-10-17</RequestTime>
    <Path>/FDR/Default.aspx</Path>
    <User>SARSGOV\s2024134</User>
    <Url>http://localhost/FDR/Default.aspx</Url>
    <Time>16:29:59 PM +02</Time>
  </SystemRequest>
  <SystemRequest>
    <RequestTime>2017-10-17</RequestTime>
    <Path>/fdr/pages/incomingcbcdeclataions.aspx</Path>
    <User>SARSGOV\s2024134</User>
    <Url>http://localhost/fdr/pages/incomingcbcdeclataions.aspx</Url>
    <Time>16:30:55 PM +02</Time>
  </SystemRequest>
  <SystemRequest>
    <RequestTime>2017-10-17</RequestTime>
    <Path>/fdr/pages/incomingcbcdeclataions.aspx</Path>
    <User>SARSGOV\s2024134</User>
    <Url>http://localhost/fdr/pages/incomingcbcdeclataions.aspx</Url>
    <Time>16:30:59 PM +02</Time>
  </SystemRequest>
  <SystemRequest>
    <RequestTime>2017-10-17</RequestTime>
    <Path>/FDR/pages/cbcForm.aspx</Path>
    <User>SARSGOV\s2024134</User>
    <Url>http://localhost/FDR/pages/cbcForm.aspx?refno=1010101010&amp;year=2007</Url>
    <Time>16:31:00 PM +02</Time>
  </SystemRequest>
  <SystemRequest>
    <RequestTime>2017-10-17</RequestTime>
    <Path>/FDR/mnelistservice.asmx/GetCBCDataByTaxRefNo</Path>
    <User>SARSGOV\s2024134</User>
    <Url>http://localhost/FDR/mnelistservice.asmx/GetCBCDataByTaxRefNo</Url>
    <Time>16:31:01 PM +02</Time>
  </SystemRequest>
  <SystemRequest>
    <RequestTime>2017-10-17</RequestTime>
    <Path>/FDR/pages/cbcForm.aspx</Path>
    <User>SARSGOV\s2024134</User>
    <Url>http://localhost/FDR/pages/cbcForm.aspx?refno=1010101010&amp;year=2007</Url>
    <Time>16:32:30 PM +02</Time>
  </SystemRequest>
  <SystemRequest>
    <RequestTime>2017-10-17</RequestTime>
    <Path>/FDR/mnelistservice.asmx/GetCBCDataByTaxRefNo</Path>
    <User>SARSGOV\s2024134</User>
    <Url>http://localhost/FDR/mnelistservice.asmx/GetCBCDataByTaxRefNo</Url>
    <Time>16:32:32 PM +02</Time>
  </SystemRequest>
  <SystemRequest>
    <RequestTime>2017-10-17</RequestTime>
    <Path>/FDR/Default.aspx</Path>
    <User>SARSGOV\s2024134</User>
    <Url>http://localhost/FDR/Default.aspx</Url>
    <Time>16:40:14 PM +02</Time>
  </SystemRequest>
  <SystemRequest>
    <RequestTime>2017-10-17</RequestTime>
    <Path>/fdr/pages/incomingcbcdeclataions.aspx</Path>
    <User>SARSGOV\s2024134</User>
    <Url>http://localhost/fdr/pages/incomingcbcdeclataions.aspx</Url>
    <Time>16:40:41 PM +02</Time>
  </SystemRequest>
  <SystemRequest>
    <RequestTime>2017-10-17</RequestTime>
    <Path>/fdr/pages/incomingcbcdeclataions.aspx</Path>
    <User>SARSGOV\s2024134</User>
    <Url>http://localhost/fdr/pages/incomingcbcdeclataions.aspx</Url>
    <Time>16:40:54 PM +02</Time>
  </SystemRequest>
  <SystemRequest>
    <RequestTime>2017-10-17</RequestTime>
    <Path>/FDR/pages/cbcForm.aspx</Path>
    <User>SARSGOV\s2024134</User>
    <Url>http://localhost/FDR/pages/cbcForm.aspx?refno=1010101010&amp;year=2007</Url>
    <Time>16:40:58 PM +02</Time>
  </SystemRequest>
  <SystemRequest>
    <RequestTime>2017-10-17</RequestTime>
    <Path>/FDR/mnelistservice.asmx/GetCBCDataByTaxRefNo</Path>
    <User>SARSGOV\s2024134</User>
    <Url>http://localhost/FDR/mnelistservice.asmx/GetCBCDataByTaxRefNo</Url>
    <Time>16:41:06 PM +02</Time>
  </SystemRequest>
  <SystemRequest>
    <RequestTime>2017-10-17</RequestTime>
    <Path>/FDR/pages/cbcForm.aspx</Path>
    <User>SARSGOV\s2024134</User>
    <Url>http://localhost/FDR/pages/cbcForm.aspx?refno=1010101010&amp;year=2007</Url>
    <Time>16:42:31 PM +02</Time>
  </SystemRequest>
  <SystemRequest>
    <RequestTime>2017-10-17</RequestTime>
    <Path>/FDR/mnelistservice.asmx/GetCBCDataByTaxRefNo</Path>
    <User>SARSGOV\s2024134</User>
    <Url>http://localhost/FDR/mnelistservice.asmx/GetCBCDataByTaxRefNo</Url>
    <Time>16:42:32 PM +02</Time>
  </SystemRequest>
  <SystemRequest>
    <RequestTime>2017-10-17</RequestTime>
    <Path>/FDR/Default.aspx</Path>
    <User>SARSGOV\s2024134</User>
    <Url>http://localhost/FDR/Default.aspx</Url>
    <Time>16:51:45 PM +02</Time>
  </SystemRequest>
  <SystemRequest>
    <RequestTime>2017-10-17</RequestTime>
    <Path>/fdr/pages/incomingcbcdeclataions.aspx</Path>
    <User>SARSGOV\s2024134</User>
    <Url>http://localhost/fdr/pages/incomingcbcdeclataions.aspx</Url>
    <Time>16:51:51 PM +02</Time>
  </SystemRequest>
  <SystemRequest>
    <RequestTime>2017-10-17</RequestTime>
    <Path>/fdr/pages/incomingcbcdeclataions.aspx</Path>
    <User>SARSGOV\s2024134</User>
    <Url>http://localhost/fdr/pages/incomingcbcdeclataions.aspx</Url>
    <Time>16:51:55 PM +02</Time>
  </SystemRequest>
  <SystemRequest>
    <RequestTime>2017-10-17</RequestTime>
    <Path>/FDR/pages/cbcForm.aspx</Path>
    <User>SARSGOV\s2024134</User>
    <Url>http://localhost/FDR/pages/cbcForm.aspx?refno=1010101010&amp;year=2007</Url>
    <Time>16:51:56 PM +02</Time>
  </SystemRequest>
  <SystemRequest>
    <RequestTime>2017-10-17</RequestTime>
    <Path>/FDR/mnelistservice.asmx/GetCBCDataByTaxRefNo</Path>
    <User>SARSGOV\s2024134</User>
    <Url>http://localhost/FDR/mnelistservice.asmx/GetCBCDataByTaxRefNo</Url>
    <Time>16:51:57 PM +02</Time>
  </SystemRequest>
  <SystemRequest>
    <RequestTime>2017-10-17</RequestTime>
    <Path>/FDR/Default.aspx</Path>
    <User>SARSGOV\s2024134</User>
    <Url>http://localhost/FDR/Default.aspx</Url>
    <Time>16:53:24 PM +02</Time>
  </SystemRequest>
  <SystemRequest>
    <RequestTime>2017-10-17</RequestTime>
    <Path>/fdr/pages/incomingcbcdeclataions.aspx</Path>
    <User>SARSGOV\s2024134</User>
    <Url>http://localhost/fdr/pages/incomingcbcdeclataions.aspx</Url>
    <Time>16:53:30 PM +02</Time>
  </SystemRequest>
  <SystemRequest>
    <RequestTime>2017-10-17</RequestTime>
    <Path>/fdr/pages/incomingcbcdeclataions.aspx</Path>
    <User>SARSGOV\s2024134</User>
    <Url>http://localhost/fdr/pages/incomingcbcdeclataions.aspx</Url>
    <Time>16:53:34 PM +02</Time>
  </SystemRequest>
  <SystemRequest>
    <RequestTime>2017-10-17</RequestTime>
    <Path>/FDR/pages/cbcForm.aspx</Path>
    <User>SARSGOV\s2024134</User>
    <Url>http://localhost/FDR/pages/cbcForm.aspx?refno=1010101010&amp;year=2007</Url>
    <Time>16:53:35 PM +02</Time>
  </SystemRequest>
  <SystemRequest>
    <RequestTime>2017-10-17</RequestTime>
    <Path>/FDR/mnelistservice.asmx/GetCBCDataByTaxRefNo</Path>
    <User>SARSGOV\s2024134</User>
    <Url>http://localhost/FDR/mnelistservice.asmx/GetCBCDataByTaxRefNo</Url>
    <Time>16:53:37 PM +02</Time>
  </SystemRequest>
</ArrayOfSystemRequest>