<?xml version="1.0" encoding="utf-8"?>
<ArrayOfSystemRequest>
  <SystemRequest>
    <RequestTime>2017-11-07</RequestTime>
    <Path>/fdr/pages/displayfiles.aspx</Path>
    <User>SARSGOV\s1037927</User>
    <Url>http://localhost/fdr/pages/displayfiles.aspx?submissionId=10043&amp;bck=L2Zkci9wYWdlcy92aWV3c3VibWlzc2lvbnMuYXNweA==</Url>
    <Time>14:04:41 PM +02</Time>
  </SystemRequest>
  <SystemRequest>
    <RequestTime>2017-11-07</RequestTime>
    <Path>/fdr/pages/displayfiles.aspx</Path>
    <User>SARSGOV\s1037927</User>
    <Url>http://localhost/fdr/pages/displayfiles.aspx?submissionId=10043&amp;bck=L2Zkci9wYWdlcy92aWV3c3VibWlzc2lvbnMuYXNweA==</Url>
    <Time>14:04:54 PM +02</Time>
  </SystemRequest>
  <SystemRequest>
    <RequestTime>2017-11-07</RequestTime>
    <Path>/FDR/Default.aspx</Path>
    <User>SARSGOV\s1037927</User>
    <Url>http://localhost/FDR/Default.aspx</Url>
    <Time>14:07:10 PM +02</Time>
  </SystemRequest>
  <SystemRequest>
    <RequestTime>2017-11-07</RequestTime>
    <Path>/FDR/Default.aspx</Path>
    <User>SARSGOV\s1037927</User>
    <Url>http://localhost/FDR/Default.aspx</Url>
    <Time>14:07:38 PM +02</Time>
  </SystemRequest>
  <SystemRequest>
    <RequestTime>2017-11-07</RequestTime>
    <Path>/FDR/Default.aspx</Path>
    <User>SARSGOV\s1037927</User>
    <Url>http://localhost/FDR/Default.aspx</Url>
    <Time>14:08:29 PM +02</Time>
  </SystemRequest>
  <SystemRequest>
    <RequestTime>2017-11-07</RequestTime>
    <Path>/fdr/pages/enquiremasterandlocalfiles.aspx</Path>
    <User>SARSGOV\s1037927</User>
    <Url>http://localhost/fdr/pages/enquiremasterandlocalfiles.aspx</Url>
    <Time>14:08:37 PM +02</Time>
  </SystemRequest>
  <SystemRequest>
    <RequestTime>2017-11-07</RequestTime>
    <Path>/fdr/pages/enquiremasterandlocalfiles.aspx</Path>
    <User>SARSGOV\s1037927</User>
    <Url>http://localhost/fdr/pages/enquiremasterandlocalfiles.aspx</Url>
    <Time>14:08:41 PM +02</Time>
  </SystemRequest>
  <SystemRequest>
    <RequestTime>2017-11-07</RequestTime>
    <Path>/fdr/pages/enquiremasterandlocalfiles.aspx</Path>
    <User>SARSGOV\s1037927</User>
    <Url>http://localhost/fdr/pages/enquiremasterandlocalfiles.aspx</Url>
    <Time>14:08:49 PM +02</Time>
  </SystemRequest>
  <SystemRequest>
    <RequestTime>2017-11-07</RequestTime>
    <Path>/fdr/pages/displayfiles.aspx</Path>
    <User>SARSGOV\s1037927</User>
    <Url>http://localhost/fdr/pages/displayfiles.aspx?submissionId=10043&amp;bck=L2Zkci9wYWdlcy9lbnF1aXJlbWFzdGVyYW5kbG9jYWxmaWxlcy5hc3B4</Url>
    <Time>14:08:49 PM +02</Time>
  </SystemRequest>
  <SystemRequest>
    <RequestTime>2017-11-07</RequestTime>
    <Path>/fdr/pages/displayfiles.aspx</Path>
    <User>SARSGOV\s1037927</User>
    <Url>http://localhost/fdr/pages/displayfiles.aspx?submissionId=10043&amp;bck=L2Zkci9wYWdlcy9lbnF1aXJlbWFzdGVyYW5kbG9jYWxmaWxlcy5hc3B4</Url>
    <Time>14:09:01 PM +02</Time>
  </SystemRequest>
  <SystemRequest>
    <RequestTime>2017-11-07</RequestTime>
    <Path>/FDR/Default.aspx</Path>
    <User>SARSGOV\s1037927</User>
    <Url>http://localhost/FDR/Default.aspx</Url>
    <Time>14:12:21 PM +02</Time>
  </SystemRequest>
  <SystemRequest>
    <RequestTime>2017-11-07</RequestTime>
    <Path>/fdr/pages/viewedincomingcbcdeclataions.aspx</Path>
    <User>SARSGOV\s1037927</User>
    <Url>http://localhost/fdr/pages/viewedincomingcbcdeclataions.aspx</Url>
    <Time>16:19:42 PM +02</Time>
  </SystemRequest>
  <SystemRequest>
    <RequestTime>2017-11-07</RequestTime>
    <Path>/fdr/pages/viewedincomingcbcdeclataions.aspx</Path>
    <User>SARSGOV\s1037927</User>
    <Url>http://localhost/fdr/pages/viewedincomingcbcdeclataions.aspx</Url>
    <Time>16:19:47 PM +02</Time>
  </SystemRequest>
  <SystemRequest>
    <RequestTime>2017-11-07</RequestTime>
    <Path>/FDR/pages/cbcForm.aspx</Path>
    <User>SARSGOV\s1037927</User>
    <Url>http://localhost/FDR/pages/cbcForm.aspx?refno=9428429840&amp;year=2018</Url>
    <Time>16:19:47 PM +02</Time>
  </SystemRequest>
  <SystemRequest>
    <RequestTime>2017-11-07</RequestTime>
    <Path>/FDR/mnelistservice.asmx/GetCBCDataByTaxRefNo</Path>
    <User>SARSGOV\s1037927</User>
    <Url>http://localhost/FDR/mnelistservice.asmx/GetCBCDataByTaxRefNo</Url>
    <Time>16:19:48 PM +02</Time>
  </SystemRequest>
  <SystemRequest>
    <RequestTime>2017-11-07</RequestTime>
    <Path>/fdr/pages/viewedincomingcbcdeclataions.aspx</Path>
    <User>SARSGOV\s1037927</User>
    <Url>http://localhost/fdr/pages/viewedincomingcbcdeclataions.aspx</Url>
    <Time>16:20:19 PM +02</Time>
  </SystemRequest>
  <SystemRequest>
    <RequestTime>2017-11-07</RequestTime>
    <Path>/FDR/pages/cbcForm.aspx</Path>
    <User>SARSGOV\s1037927</User>
    <Url>http://localhost/FDR/pages/cbcForm.aspx?refno=9278626156&amp;year=2017</Url>
    <Time>16:20:19 PM +02</Time>
  </SystemRequest>
  <SystemRequest>
    <RequestTime>2017-11-07</RequestTime>
    <Path>/FDR/mnelistservice.asmx/GetCBCDataByTaxRefNo</Path>
    <User>SARSGOV\s1037927</User>
    <Url>http://localhost/FDR/mnelistservice.asmx/GetCBCDataByTaxRefNo</Url>
    <Time>16:20:21 PM +02</Time>
  </SystemRequest>
  <SystemRequest>
    <RequestTime>2017-11-07</RequestTime>
    <Path>/fdr/Default.aspx</Path>
    <User>SARSGOV\s1037927</User>
    <Url>http://localhost/fdr/Default.aspx</Url>
    <Time>17:51:43 PM +02</Time>
  </SystemRequest>
  <SystemRequest>
    <RequestTime>2017-11-07</RequestTime>
    <Path>/FDR/Default.aspx</Path>
    <User>SARSGOV\s1037927</User>
    <Url>http://localhost/FDR/Default.aspx</Url>
    <Time>17:53:34 PM +02</Time>
  </SystemRequest>
  <SystemRequest>
    <RequestTime>2017-11-07</RequestTime>
    <Path>/fdr/pages/viewedincomingcbcdeclataions.aspx</Path>
    <User>SARSGOV\s1037927</User>
    <Url>http://localhost/fdr/pages/viewedincomingcbcdeclataions.aspx</Url>
    <Time>17:53:37 PM +02</Time>
  </SystemRequest>
  <SystemRequest>
    <RequestTime>2017-11-07</RequestTime>
    <Path>/fdr/pages/viewedincomingcbcdeclataions.aspx</Path>
    <User>SARSGOV\s1037927</User>
    <Url>http://localhost/fdr/pages/viewedincomingcbcdeclataions.aspx</Url>
    <Time>17:53:41 PM +02</Time>
  </SystemRequest>
  <SystemRequest>
    <RequestTime>2017-11-07</RequestTime>
    <Path>/FDR/pages/cbcForm.aspx</Path>
    <User>SARSGOV\s1037927</User>
    <Url>http://localhost/FDR/pages/cbcForm.aspx?refno=9428429840&amp;year=2018</Url>
    <Time>17:53:41 PM +02</Time>
  </SystemRequest>
  <SystemRequest>
    <RequestTime>2017-11-07</RequestTime>
    <Path>/FDR/mnelistservice.asmx/GetCBCDataByTaxRefNo</Path>
    <User>SARSGOV\s1037927</User>
    <Url>http://localhost/FDR/mnelistservice.asmx/GetCBCDataByTaxRefNo</Url>
    <Time>17:53:41 PM +02</Time>
  </SystemRequest>
  <SystemRequest>
    <RequestTime>2017-11-07</RequestTime>
    <Path>/FDR/Default.aspx</Path>
    <User>SARSGOV\s1037927</User>
    <Url>http://localhost/FDR/Default.aspx</Url>
    <Time>17:55:21 PM +02</Time>
  </SystemRequest>
  <SystemRequest>
    <RequestTime>2017-11-07</RequestTime>
    <Path>/fdr/pages/viewedincomingcbcdeclataions.aspx</Path>
    <User>SARSGOV\s1037927</User>
    <Url>http://localhost/fdr/pages/viewedincomingcbcdeclataions.aspx</Url>
    <Time>17:55:27 PM +02</Time>
  </SystemRequest>
  <SystemRequest>
    <RequestTime>2017-11-07</RequestTime>
    <Path>/fdr/pages/viewedincomingcbcdeclataions.aspx</Path>
    <User>SARSGOV\s1037927</User>
    <Url>http://localhost/fdr/pages/viewedincomingcbcdeclataions.aspx</Url>
    <Time>17:55:30 PM +02</Time>
  </SystemRequest>
  <SystemRequest>
    <RequestTime>2017-11-07</RequestTime>
    <Path>/FDR/pages/cbcForm.aspx</Path>
    <User>SARSGOV\s1037927</User>
    <Url>http://localhost/FDR/pages/cbcForm.aspx?refno=9428429840&amp;year=2018</Url>
    <Time>17:55:31 PM +02</Time>
  </SystemRequest>
  <SystemRequest>
    <RequestTime>2017-11-07</RequestTime>
    <Path>/FDR/mnelistservice.asmx/GetCBCDataByTaxRefNo</Path>
    <User>SARSGOV\s1037927</User>
    <Url>http://localhost/FDR/mnelistservice.asmx/GetCBCDataByTaxRefNo</Url>
    <Time>17:55:31 PM +02</Time>
  </SystemRequest>
  <SystemRequest>
    <RequestTime>2017-11-07</RequestTime>
    <Path>/fdr/pages/viewedincomingcbcdeclataions.aspx</Path>
    <User>SARSGOV\s1037927</User>
    <Url>http://localhost/fdr/pages/viewedincomingcbcdeclataions.aspx</Url>
    <Time>17:55:42 PM +02</Time>
  </SystemRequest>
  <SystemRequest>
    <RequestTime>2017-11-07</RequestTime>
    <Path>/FDR/pages/cbcForm.aspx</Path>
    <User>SARSGOV\s1037927</User>
    <Url>http://localhost/FDR/pages/cbcForm.aspx?refno=9080191837&amp;year=2018</Url>
    <Time>17:55:43 PM +02</Time>
  </SystemRequest>
  <SystemRequest>
    <RequestTime>2017-11-07</RequestTime>
    <Path>/FDR/mnelistservice.asmx/GetCBCDataByTaxRefNo</Path>
    <User>SARSGOV\s1037927</User>
    <Url>http://localhost/FDR/mnelistservice.asmx/GetCBCDataByTaxRefNo</Url>
    <Time>17:55:43 PM +02</Time>
  </SystemRequest>
  <SystemRequest>
    <RequestTime>2017-11-07</RequestTime>
    <Path>/fdr/pages/viewedincomingcbcdeclataions.aspx</Path>
    <User>SARSGOV\s1037927</User>
    <Url>http://localhost/fdr/pages/viewedincomingcbcdeclataions.aspx</Url>
    <Time>17:55:54 PM +02</Time>
  </SystemRequest>
  <SystemRequest>
    <RequestTime>2017-11-07</RequestTime>
    <Path>/FDR/pages/cbcForm.aspx</Path>
    <User>SARSGOV\s1037927</User>
    <Url>http://localhost/FDR/pages/cbcForm.aspx?refno=9068321141&amp;year=2017</Url>
    <Time>17:55:54 PM +02</Time>
  </SystemRequest>
  <SystemRequest>
    <RequestTime>2017-11-07</RequestTime>
    <Path>/FDR/mnelistservice.asmx/GetCBCDataByTaxRefNo</Path>
    <User>SARSGOV\s1037927</User>
    <Url>http://localhost/FDR/mnelistservice.asmx/GetCBCDataByTaxRefNo</Url>
    <Time>17:55:55 PM +02</Time>
  </SystemRequest>
  <SystemRequest>
    <RequestTime>2017-11-07</RequestTime>
    <Path>/fdr/pages/viewedincomingcbcdeclataions.aspx</Path>
    <User>SARSGOV\s1037927</User>
    <Url>http://localhost/fdr/pages/viewedincomingcbcdeclataions.aspx</Url>
    <Time>17:56:08 PM +02</Time>
  </SystemRequest>
  <SystemRequest>
    <RequestTime>2017-11-07</RequestTime>
    <Path>/FDR/pages/cbcForm.aspx</Path>
    <User>SARSGOV\s1037927</User>
    <Url>http://localhost/FDR/pages/cbcForm.aspx?refno=9068321141&amp;year=2018</Url>
    <Time>17:56:09 PM +02</Time>
  </SystemRequest>
  <SystemRequest>
    <RequestTime>2017-11-07</RequestTime>
    <Path>/FDR/mnelistservice.asmx/GetCBCDataByTaxRefNo</Path>
    <User>SARSGOV\s1037927</User>
    <Url>http://localhost/FDR/mnelistservice.asmx/GetCBCDataByTaxRefNo</Url>
    <Time>17:56:09 PM +02</Time>
  </SystemRequest>
  <SystemRequest>
    <RequestTime>2017-11-07</RequestTime>
    <Path>/FDR/Default.aspx</Path>
    <User>SARSGOV\s1037927</User>
    <Url>http://localhost/FDR/Default.aspx</Url>
    <Time>17:56:42 PM +02</Time>
  </SystemRequest>
  <SystemRequest>
    <RequestTime>2017-11-07</RequestTime>
    <Path>/fdr/pages/viewedincomingcbcdeclataions.aspx</Path>
    <User>SARSGOV\s1037927</User>
    <Url>http://localhost/fdr/pages/viewedincomingcbcdeclataions.aspx</Url>
    <Time>17:56:44 PM +02</Time>
  </SystemRequest>
  <SystemRequest>
    <RequestTime>2017-11-07</RequestTime>
    <Path>/fdr/pages/viewedincomingcbcdeclataions.aspx</Path>
    <User>SARSGOV\s1037927</User>
    <Url>http://localhost/fdr/pages/viewedincomingcbcdeclataions.aspx</Url>
    <Time>17:56:47 PM +02</Time>
  </SystemRequest>
  <SystemRequest>
    <RequestTime>2017-11-07</RequestTime>
    <Path>/FDR/pages/cbcForm.aspx</Path>
    <User>SARSGOV\s1037927</User>
    <Url>http://localhost/FDR/pages/cbcForm.aspx?refno=9428429840&amp;year=2018</Url>
    <Time>17:56:47 PM +02</Time>
  </SystemRequest>
  <SystemRequest>
    <RequestTime>2017-11-07</RequestTime>
    <Path>/FDR/mnelistservice.asmx/GetCBCDataByTaxRefNo</Path>
    <User>SARSGOV\s1037927</User>
    <Url>http://localhost/FDR/mnelistservice.asmx/GetCBCDataByTaxRefNo</Url>
    <Time>17:56:47 PM +02</Time>
  </SystemRequest>
  <SystemRequest>
    <RequestTime>2017-11-07</RequestTime>
    <Path>/FDR/Default.aspx</Path>
    <User>SARSGOV\s1037927</User>
    <Url>http://localhost/FDR/Default.aspx</Url>
    <Time>17:57:13 PM +02</Time>
  </SystemRequest>
  <SystemRequest>
    <RequestTime>2017-11-07</RequestTime>
    <Path>/fdr/pages/viewedincomingcbcdeclataions.aspx</Path>
    <User>SARSGOV\s1037927</User>
    <Url>http://localhost/fdr/pages/viewedincomingcbcdeclataions.aspx</Url>
    <Time>17:57:16 PM +02</Time>
  </SystemRequest>
  <SystemRequest>
    <RequestTime>2017-11-07</RequestTime>
    <Path>/fdr/pages/viewedincomingcbcdeclataions.aspx</Path>
    <User>SARSGOV\s1037927</User>
    <Url>http://localhost/fdr/pages/viewedincomingcbcdeclataions.aspx</Url>
    <Time>17:57:18 PM +02</Time>
  </SystemRequest>
  <SystemRequest>
    <RequestTime>2017-11-07</RequestTime>
    <Path>/FDR/pages/cbcForm.aspx</Path>
    <User>SARSGOV\s1037927</User>
    <Url>http://localhost/FDR/pages/cbcForm.aspx?refno=9246082847&amp;year=2017</Url>
    <Time>17:57:19 PM +02</Time>
  </SystemRequest>
  <SystemRequest>
    <RequestTime>2017-11-07</RequestTime>
    <Path>/FDR/mnelistservice.asmx/GetCBCDataByTaxRefNo</Path>
    <User>SARSGOV\s1037927</User>
    <Url>http://localhost/FDR/mnelistservice.asmx/GetCBCDataByTaxRefNo</Url>
    <Time>17:57:19 PM +02</Time>
  </SystemRequest>
  <SystemRequest>
    <RequestTime>2017-11-07</RequestTime>
    <Path>/FDR/Default.aspx</Path>
    <User>SARSGOV\s1037927</User>
    <Url>http://localhost/FDR/Default.aspx</Url>
    <Time>17:58:02 PM +02</Time>
  </SystemRequest>
  <SystemRequest>
    <RequestTime>2017-11-07</RequestTime>
    <Path>/fdr/pages/incomingcbcdeclataions.aspx</Path>
    <User>SARSGOV\s1037927</User>
    <Url>http://localhost/fdr/pages/incomingcbcdeclataions.aspx</Url>
    <Time>17:58:04 PM +02</Time>
  </SystemRequest>
  <SystemRequest>
    <RequestTime>2017-11-07</RequestTime>
    <Path>/fdr/pages/viewedincomingcbcdeclataions.aspx</Path>
    <User>SARSGOV\s1037927</User>
    <Url>http://localhost/fdr/pages/viewedincomingcbcdeclataions.aspx</Url>
    <Time>17:58:06 PM +02</Time>
  </SystemRequest>
  <SystemRequest>
    <RequestTime>2017-11-07</RequestTime>
    <Path>/fdr/pages/viewedincomingcbcdeclataions.aspx</Path>
    <User>SARSGOV\s1037927</User>
    <Url>http://localhost/fdr/pages/viewedincomingcbcdeclataions.aspx</Url>
    <Time>17:58:09 PM +02</Time>
  </SystemRequest>
  <SystemRequest>
    <RequestTime>2017-11-07</RequestTime>
    <Path>/FDR/pages/cbcForm.aspx</Path>
    <User>SARSGOV\s1037927</User>
    <Url>http://localhost/FDR/pages/cbcForm.aspx?refno=9845738146&amp;year=2017</Url>
    <Time>17:58:09 PM +02</Time>
  </SystemRequest>
  <SystemRequest>
    <RequestTime>2017-11-07</RequestTime>
    <Path>/FDR/mnelistservice.asmx/GetCBCDataByTaxRefNo</Path>
    <User>SARSGOV\s1037927</User>
    <Url>http://localhost/FDR/mnelistservice.asmx/GetCBCDataByTaxRefNo</Url>
    <Time>17:58:09 PM +02</Time>
  </SystemRequest>
  <SystemRequest>
    <RequestTime>2017-11-07</RequestTime>
    <Path>/fdr/pages/viewedincomingcbcdeclataions.aspx</Path>
    <User>SARSGOV\s1037927</User>
    <Url>http://localhost/fdr/pages/viewedincomingcbcdeclataions.aspx</Url>
    <Time>17:58:23 PM +02</Time>
  </SystemRequest>
  <SystemRequest>
    <RequestTime>2017-11-07</RequestTime>
    <Path>/FDR/pages/cbcForm.aspx</Path>
    <User>SARSGOV\s1037927</User>
    <Url>http://localhost/FDR/pages/cbcForm.aspx?refno=9691167143&amp;year=2017</Url>
    <Time>17:58:24 PM +02</Time>
  </SystemRequest>
  <SystemRequest>
    <RequestTime>2017-11-07</RequestTime>
    <Path>/FDR/mnelistservice.asmx/GetCBCDataByTaxRefNo</Path>
    <User>SARSGOV\s1037927</User>
    <Url>http://localhost/FDR/mnelistservice.asmx/GetCBCDataByTaxRefNo</Url>
    <Time>17:58:25 PM +02</Time>
  </SystemRequest>
  <SystemRequest>
    <RequestTime>2017-11-07</RequestTime>
    <Path>/FDR/pages/cbcForm.aspx</Path>
    <User>SARSGOV\s1037927</User>
    <Url>http://localhost/FDR/pages/cbcForm.aspx?refno=9691167143&amp;year=2017</Url>
    <Time>17:58:51 PM +02</Time>
  </SystemRequest>
  <SystemRequest>
    <RequestTime>2017-11-07</RequestTime>
    <Path>/FDR/mnelistservice.asmx/GetCBCDataByTaxRefNo</Path>
    <User>SARSGOV\s1037927</User>
    <Url>http://localhost/FDR/mnelistservice.asmx/GetCBCDataByTaxRefNo</Url>
    <Time>17:58:51 PM +02</Time>
  </SystemRequest>
  <SystemRequest>
    <RequestTime>2017-11-07</RequestTime>
    <Path>/FDR/Default.aspx</Path>
    <User>SARSGOV\s1037927</User>
    <Url>http://localhost/FDR/Default.aspx</Url>
    <Time>18:08:46 PM +02</Time>
  </SystemRequest>
  <SystemRequest>
    <RequestTime>2017-11-07</RequestTime>
    <Path>/fdr/pages/viewedincomingcbcdeclataions.aspx</Path>
    <User>SARSGOV\s1037927</User>
    <Url>http://localhost/fdr/pages/viewedincomingcbcdeclataions.aspx</Url>
    <Time>18:08:50 PM +02</Time>
  </SystemRequest>
  <SystemRequest>
    <RequestTime>2017-11-07</RequestTime>
    <Path>/fdr/pages/viewedincomingcbcdeclataions.aspx</Path>
    <User>SARSGOV\s1037927</User>
    <Url>http://localhost/fdr/pages/viewedincomingcbcdeclataions.aspx</Url>
    <Time>18:08:50 PM +02</Time>
  </SystemRequest>
  <SystemRequest>
    <RequestTime>2017-11-07</RequestTime>
    <Path>/fdr/pages/viewedincomingcbcdeclataions.aspx</Path>
    <User>SARSGOV\s1037927</User>
    <Url>http://localhost/fdr/pages/viewedincomingcbcdeclataions.aspx</Url>
    <Time>18:08:59 PM +02</Time>
  </SystemRequest>
  <SystemRequest>
    <RequestTime>2017-11-07</RequestTime>
    <Path>/fdr/pages/viewedincomingcbcdeclataions.aspx</Path>
    <User>SARSGOV\s1037927</User>
    <Url>http://localhost/fdr/pages/viewedincomingcbcdeclataions.aspx</Url>
    <Time>18:09:06 PM +02</Time>
  </SystemRequest>
  <SystemRequest>
    <RequestTime>2017-11-07</RequestTime>
    <Path>/FDR/pages/cbcForm.aspx</Path>
    <User>SARSGOV\s1037927</User>
    <Url>http://localhost/FDR/pages/cbcForm.aspx?refno=9068321141&amp;year=2018</Url>
    <Time>18:09:06 PM +02</Time>
  </SystemRequest>
  <SystemRequest>
    <RequestTime>2017-11-07</RequestTime>
    <Path>/FDR/mnelistservice.asmx/GetCBCDataByTaxRefNo</Path>
    <User>SARSGOV\s1037927</User>
    <Url>http://localhost/FDR/mnelistservice.asmx/GetCBCDataByTaxRefNo</Url>
    <Time>18:09:07 PM +02</Time>
  </SystemRequest>
  <SystemRequest>
    <RequestTime>2017-11-07</RequestTime>
    <Path>/FDR/Default.aspx</Path>
    <User>SARSGOV\s1037927</User>
    <Url>http://localhost/FDR/Default.aspx</Url>
    <Time>19:26:02 PM +02</Time>
  </SystemRequest>
  <SystemRequest>
    <RequestTime>2017-11-07</RequestTime>
    <Path>/FDR/Default.aspx</Path>
    <User>SARSGOV\s1037927</User>
    <Url>http://localhost/FDR/Default.aspx</Url>
    <Time>19:31:06 PM +02</Time>
  </SystemRequest>
  <SystemRequest>
    <RequestTime>2017-11-07</RequestTime>
    <Path>/FDR/Default.aspx</Path>
    <User>SARSGOV\s1037927</User>
    <Url>http://localhost/FDR/Default.aspx</Url>
    <Time>19:31:58 PM +02</Time>
  </SystemRequest>
  <SystemRequest>
    <RequestTime>2017-11-07</RequestTime>
    <Path>/FDR/Default.aspx</Path>
    <User>SARSGOV\s1037927</User>
    <Url>http://localhost/FDR/Default.aspx</Url>
    <Time>20:29:00 PM +02</Time>
  </SystemRequest>
  <SystemRequest>
    <RequestTime>2017-11-07</RequestTime>
    <Path>/FDR/Default.aspx</Path>
    <User>SARSGOV\s1037927</User>
    <Url>http://localhost/FDR/Default.aspx</Url>
    <Time>20:29:15 PM +02</Time>
  </SystemRequest>
  <SystemRequest>
    <RequestTime>2017-11-07</RequestTime>
    <Path>/FDR/Default.aspx</Path>
    <User>SARSGOV\s1037927</User>
    <Url>http://localhost/FDR/Default.aspx</Url>
    <Time>20:33:01 PM +02</Time>
  </SystemRequest>
  <SystemRequest>
    <RequestTime>2017-11-07</RequestTime>
    <Path>/FDR/Default.aspx</Path>
    <User>SARSGOV\s1037927</User>
    <Url>http://localhost/FDR/Default.aspx</Url>
    <Time>21:34:23 PM +02</Time>
  </SystemRequest>
  <SystemRequest>
    <RequestTime>2017-11-07</RequestTime>
    <Path>/fdr/pages/enquiremasterandlocalfiles.aspx</Path>
    <User>SARSGOV\s1037927</User>
    <Url>http://localhost/fdr/pages/enquiremasterandlocalfiles.aspx</Url>
    <Time>21:34:29 PM +02</Time>
  </SystemRequest>
  <SystemRequest>
    <RequestTime>2017-11-07</RequestTime>
    <Path>/fdr/pages/enquiremasterandlocalfiles.aspx</Path>
    <User>SARSGOV\s1037927</User>
    <Url>http://localhost/fdr/pages/enquiremasterandlocalfiles.aspx</Url>
    <Time>21:34:37 PM +02</Time>
  </SystemRequest>
  <SystemRequest>
    <RequestTime>2017-11-07</RequestTime>
    <Path>/fdr/pages/displayfiles.aspx</Path>
    <User>SARSGOV\s1037927</User>
    <Url>http://localhost/fdr/pages/displayfiles.aspx?submissionId=10049&amp;bck=L2Zkci9wYWdlcy9lbnF1aXJlbWFzdGVyYW5kbG9jYWxmaWxlcy5hc3B4</Url>
    <Time>21:34:37 PM +02</Time>
  </SystemRequest>
  <SystemRequest>
    <RequestTime>2017-11-07</RequestTime>
    <Path>/fdr/pages/displayfiles.aspx</Path>
    <User>SARSGOV\s1037927</User>
    <Url>http://localhost/fdr/pages/displayfiles.aspx?submissionId=10049&amp;bck=L2Zkci9wYWdlcy9lbnF1aXJlbWFzdGVyYW5kbG9jYWxmaWxlcy5hc3B4</Url>
    <Time>21:35:36 PM +02</Time>
  </SystemRequest>
  <SystemRequest>
    <RequestTime>2017-11-07</RequestTime>
    <Path>/FDR/Default.aspx</Path>
    <User>SARSGOV\s1037927</User>
    <Url>http://localhost/FDR/Default.aspx</Url>
    <Time>21:35:45 PM +02</Time>
  </SystemRequest>
  <SystemRequest>
    <RequestTime>2017-11-07</RequestTime>
    <Path>/fdr/pages/viewsubmissions.aspx</Path>
    <User>SARSGOV\s1037927</User>
    <Url>http://localhost/fdr/pages/viewsubmissions.aspx</Url>
    <Time>21:36:06 PM +02</Time>
  </SystemRequest>
  <SystemRequest>
    <RequestTime>2017-11-07</RequestTime>
    <Path>/fdr/pages/viewsubmissions.aspx</Path>
    <User>SARSGOV\s1037927</User>
    <Url>http://localhost/fdr/pages/viewsubmissions.aspx</Url>
    <Time>21:36:10 PM +02</Time>
  </SystemRequest>
  <SystemRequest>
    <RequestTime>2017-11-07</RequestTime>
    <Path>/fdr/pages/viewsubmissions.aspx</Path>
    <User>SARSGOV\s1037927</User>
    <Url>http://localhost/fdr/pages/viewsubmissions.aspx</Url>
    <Time>21:36:13 PM +02</Time>
  </SystemRequest>
  <SystemRequest>
    <RequestTime>2017-11-07</RequestTime>
    <Path>/fdr/pages/displayfiles.aspx</Path>
    <User>SARSGOV\s1037927</User>
    <Url>http://localhost/fdr/pages/displayfiles.aspx?submissionId=10050&amp;bck=L2Zkci9wYWdlcy92aWV3c3VibWlzc2lvbnMuYXNweA==</Url>
    <Time>21:36:13 PM +02</Time>
  </SystemRequest>
  <SystemRequest>
    <RequestTime>2017-11-07</RequestTime>
    <Path>/fdr/pages/displayfiles.aspx</Path>
    <User>SARSGOV\s1037927</User>
    <Url>http://localhost/fdr/pages/displayfiles.aspx?submissionId=10050&amp;bck=L2Zkci9wYWdlcy92aWV3c3VibWlzc2lvbnMuYXNweA==</Url>
    <Time>21:36:24 PM +02</Time>
  </SystemRequest>
  <SystemRequest>
    <RequestTime>2017-11-07</RequestTime>
    <Path>/FDR/Default.aspx</Path>
    <User>SARSGOV\s1037927</User>
    <Url>http://localhost/FDR/Default.aspx</Url>
    <Time>21:43:06 PM +02</Time>
  </SystemRequest>
  <SystemRequest>
    <RequestTime>2017-11-07</RequestTime>
    <Path>/fdr/pages/viewsubmissions.aspx</Path>
    <User>SARSGOV\s1037927</User>
    <Url>http://localhost/fdr/pages/viewsubmissions.aspx</Url>
    <Time>21:43:18 PM +02</Time>
  </SystemRequest>
  <SystemRequest>
    <RequestTime>2017-11-07</RequestTime>
    <Path>/fdr/pages/viewsubmissions.aspx</Path>
    <User>SARSGOV\s1037927</User>
    <Url>http://localhost/fdr/pages/viewsubmissions.aspx</Url>
    <Time>21:43:20 PM +02</Time>
  </SystemRequest>
  <SystemRequest>
    <RequestTime>2017-11-07</RequestTime>
    <Path>/fdr/pages/displayfiles.aspx</Path>
    <User>SARSGOV\s1037927</User>
    <Url>http://localhost/fdr/pages/displayfiles.aspx?submissionId=10049&amp;bck=L2Zkci9wYWdlcy92aWV3c3VibWlzc2lvbnMuYXNweA==</Url>
    <Time>21:43:20 PM +02</Time>
  </SystemRequest>
  <SystemRequest>
    <RequestTime>2017-11-07</RequestTime>
    <Path>/fdr/pages/displayfiles.aspx</Path>
    <User>SARSGOV\s1037927</User>
    <Url>http://localhost/fdr/pages/displayfiles.aspx?submissionId=10049&amp;bck=L2Zkci9wYWdlcy92aWV3c3VibWlzc2lvbnMuYXNweA==</Url>
    <Time>21:43:35 PM +02</Time>
  </SystemRequest>
  <SystemRequest>
    <RequestTime>2017-11-07</RequestTime>
    <Path>/FDR/Default.aspx</Path>
    <User>SARSGOV\s1037927</User>
    <Url>http://localhost/FDR/Default.aspx</Url>
    <Time>21:47:10 PM +02</Time>
  </SystemRequest>
  <SystemRequest>
    <RequestTime>2017-11-07</RequestTime>
    <Path>/fdr/pages/enquiremasterandlocalfiles.aspx</Path>
    <User>SARSGOV\s1037927</User>
    <Url>http://localhost/fdr/pages/enquiremasterandlocalfiles.aspx</Url>
    <Time>21:47:42 PM +02</Time>
  </SystemRequest>
  <SystemRequest>
    <RequestTime>2017-11-07</RequestTime>
    <Path>/fdr/pages/viewsubmissions.aspx</Path>
    <User>SARSGOV\s1037927</User>
    <Url>http://localhost/fdr/pages/viewsubmissions.aspx</Url>
    <Time>21:47:45 PM +02</Time>
  </SystemRequest>
  <SystemRequest>
    <RequestTime>2017-11-07</RequestTime>
    <Path>/fdr/pages/viewsubmissions.aspx</Path>
    <User>SARSGOV\s1037927</User>
    <Url>http://localhost/fdr/pages/viewsubmissions.aspx</Url>
    <Time>21:47:47 PM +02</Time>
  </SystemRequest>
  <SystemRequest>
    <RequestTime>2017-11-07</RequestTime>
    <Path>/fdr/pages/displayfiles.aspx</Path>
    <User>SARSGOV\s1037927</User>
    <Url>http://localhost/fdr/pages/displayfiles.aspx?submissionId=10045&amp;bck=L2Zkci9wYWdlcy92aWV3c3VibWlzc2lvbnMuYXNweA==</Url>
    <Time>21:47:47 PM +02</Time>
  </SystemRequest>
  <SystemRequest>
    <RequestTime>2017-11-07</RequestTime>
    <Path>/fdr/pages/displayfiles.aspx</Path>
    <User>SARSGOV\s1037927</User>
    <Url>http://localhost/fdr/pages/displayfiles.aspx?submissionId=10045&amp;bck=L2Zkci9wYWdlcy92aWV3c3VibWlzc2lvbnMuYXNweA==</Url>
    <Time>21:47:53 PM +02</Time>
  </SystemRequest>
  <SystemRequest>
    <RequestTime>2017-11-07</RequestTime>
    <Path>/FDR/Default.aspx</Path>
    <User>SARSGOV\s1037927</User>
    <Url>http://localhost/FDR/Default.aspx</Url>
    <Time>21:49:21 PM +02</Time>
  </SystemRequest>
  <SystemRequest>
    <RequestTime>2017-11-07</RequestTime>
    <Path>/fdr/pages/enquiremasterandlocalfiles.aspx</Path>
    <User>SARSGOV\s1037927</User>
    <Url>http://localhost/fdr/pages/enquiremasterandlocalfiles.aspx</Url>
    <Time>21:49:30 PM +02</Time>
  </SystemRequest>
  <SystemRequest>
    <RequestTime>2017-11-07</RequestTime>
    <Path>/fdr/pages/enquiremasterandlocalfiles.aspx</Path>
    <User>SARSGOV\s1037927</User>
    <Url>http://localhost/fdr/pages/enquiremasterandlocalfiles.aspx</Url>
    <Time>21:49:32 PM +02</Time>
  </SystemRequest>
  <SystemRequest>
    <RequestTime>2017-11-07</RequestTime>
    <Path>/fdr/pages/displayfiles.aspx</Path>
    <User>SARSGOV\s1037927</User>
    <Url>http://localhost/fdr/pages/displayfiles.aspx?submissionId=10049&amp;bck=L2Zkci9wYWdlcy9lbnF1aXJlbWFzdGVyYW5kbG9jYWxmaWxlcy5hc3B4</Url>
    <Time>21:49:32 PM +02</Time>
  </SystemRequest>
  <SystemRequest>
    <RequestTime>2017-11-07</RequestTime>
    <Path>/fdr/pages/enquiremasterandlocalfiles.aspx</Path>
    <User>SARSGOV\s1037927</User>
    <Url>http://localhost/fdr/pages/enquiremasterandlocalfiles.aspx</Url>
    <Time>21:49:38 PM +02</Time>
  </SystemRequest>
  <SystemRequest>
    <RequestTime>2017-11-07</RequestTime>
    <Path>/fdr/pages/viewsubmissions.aspx</Path>
    <User>SARSGOV\s1037927</User>
    <Url>http://localhost/fdr/pages/viewsubmissions.aspx</Url>
    <Time>21:49:42 PM +02</Time>
  </SystemRequest>
  <SystemRequest>
    <RequestTime>2017-11-07</RequestTime>
    <Path>/fdr/pages/viewsubmissions.aspx</Path>
    <User>SARSGOV\s1037927</User>
    <Url>http://localhost/fdr/pages/viewsubmissions.aspx</Url>
    <Time>21:49:46 PM +02</Time>
  </SystemRequest>
  <SystemRequest>
    <RequestTime>2017-11-07</RequestTime>
    <Path>/fdr/pages/displayfiles.aspx</Path>
    <User>SARSGOV\s1037927</User>
    <Url>http://localhost/fdr/pages/displayfiles.aspx?submissionId=10044&amp;bck=L2Zkci9wYWdlcy92aWV3c3VibWlzc2lvbnMuYXNweA==</Url>
    <Time>21:49:46 PM +02</Time>
  </SystemRequest>
  <SystemRequest>
    <RequestTime>2017-11-07</RequestTime>
    <Path>/fdr/pages/displayfiles.aspx</Path>
    <User>SARSGOV\s1037927</User>
    <Url>http://localhost/fdr/pages/displayfiles.aspx?submissionId=10044&amp;bck=L2Zkci9wYWdlcy92aWV3c3VibWlzc2lvbnMuYXNweA==</Url>
    <Time>21:49:52 PM +02</Time>
  </SystemRequest>
  <SystemRequest>
    <RequestTime>2017-11-07</RequestTime>
    <Path>/FDR/Default.aspx</Path>
    <User>SARSGOV\s1037927</User>
    <Url>http://localhost/FDR/Default.aspx</Url>
    <Time>22:02:53 PM +02</Time>
  </SystemRequest>
  <SystemRequest>
    <RequestTime>2017-11-07</RequestTime>
    <Path>/fdr/pages/enquiremasterandlocalfiles.aspx</Path>
    <User>SARSGOV\s1037927</User>
    <Url>http://localhost/fdr/pages/enquiremasterandlocalfiles.aspx</Url>
    <Time>22:03:06 PM +02</Time>
  </SystemRequest>
  <SystemRequest>
    <RequestTime>2017-11-07</RequestTime>
    <Path>/fdr/pages/enquiremasterandlocalfiles.aspx</Path>
    <User>SARSGOV\s1037927</User>
    <Url>http://localhost/fdr/pages/enquiremasterandlocalfiles.aspx</Url>
    <Time>22:03:12 PM +02</Time>
  </SystemRequest>
  <SystemRequest>
    <RequestTime>2017-11-07</RequestTime>
    <Path>/fdr/pages/enquiremasterandlocalfiles.aspx</Path>
    <User>SARSGOV\s1037927</User>
    <Url>http://localhost/fdr/pages/enquiremasterandlocalfiles.aspx</Url>
    <Time>22:03:14 PM +02</Time>
  </SystemRequest>
  <SystemRequest>
    <RequestTime>2017-11-07</RequestTime>
    <Path>/fdr/pages/displayfiles.aspx</Path>
    <User>SARSGOV\s1037927</User>
    <Url>http://localhost/fdr/pages/displayfiles.aspx?submissionId=10051&amp;bck=L2Zkci9wYWdlcy9lbnF1aXJlbWFzdGVyYW5kbG9jYWxmaWxlcy5hc3B4</Url>
    <Time>22:03:14 PM +02</Time>
  </SystemRequest>
  <SystemRequest>
    <RequestTime>2017-11-07</RequestTime>
    <Path>/fdr/pages/displayfiles.aspx</Path>
    <User>SARSGOV\s1037927</User>
    <Url>http://localhost/fdr/pages/displayfiles.aspx?submissionId=10051&amp;bck=L2Zkci9wYWdlcy9lbnF1aXJlbWFzdGVyYW5kbG9jYWxmaWxlcy5hc3B4</Url>
    <Time>22:03:18 PM +02</Time>
  </SystemRequest>
  <SystemRequest>
    <RequestTime>2017-11-07</RequestTime>
    <Path>/FDR/Default.aspx</Path>
    <User>SARSGOV\s1037927</User>
    <Url>http://localhost/FDR/Default.aspx</Url>
    <Time>22:07:32 PM +02</Time>
  </SystemRequest>
  <SystemRequest>
    <RequestTime>2017-11-07</RequestTime>
    <Path>/FDR/Default.aspx</Path>
    <User>SARSGOV\s1037927</User>
    <Url>http://localhost/FDR/Default.aspx</Url>
    <Time>23:55:10 PM +02</Time>
  </SystemRequest>
  <SystemRequest>
    <RequestTime>2017-11-07</RequestTime>
    <Path>/fdr/pages/viewsubmissions.aspx</Path>
    <User>SARSGOV\s1037927</User>
    <Url>http://localhost/fdr/pages/viewsubmissions.aspx</Url>
    <Time>23:56:43 PM +02</Time>
  </SystemRequest>
  <SystemRequest>
    <RequestTime>2017-11-07</RequestTime>
    <Path>/FDR/Default.aspx</Path>
    <User>SARSGOV\s1037927</User>
    <Url>http://localhost/FDR/Default.aspx</Url>
    <Time>23:58:36 PM +02</Time>
  </SystemRequest>
  <SystemRequest>
    <RequestTime>2017-11-07</RequestTime>
    <Path>/fdr/pages/viewsubmissions.aspx</Path>
    <User>SARSGOV\s1037927</User>
    <Url>http://localhost/fdr/pages/viewsubmissions.aspx</Url>
    <Time>23:58:59 PM +02</Time>
  </SystemRequest>
  <SystemRequest>
    <RequestTime>2017-11-07</RequestTime>
    <Path>/FDR/Default.aspx</Path>
    <User>SARSGOV\s1037927</User>
    <Url>http://localhost/FDR/Default.aspx</Url>
    <Time>23:59:42 PM +02</Time>
  </SystemRequest>
  <SystemRequest>
    <RequestTime>2017-11-07</RequestTime>
    <Path>/fdr/pages/viewsubmissions.aspx</Path>
    <User>SARSGOV\s1037927</User>
    <Url>http://localhost/fdr/pages/viewsubmissions.aspx</Url>
    <Time>23:59:58 PM +02</Time>
  </SystemRequest>
</ArrayOfSystemRequest>