<?xml version="1.0" encoding="utf-8"?>
<ArrayOfSystemRequest>
  <SystemRequest>
    <RequestTime>2017-10-24</RequestTime>
    <Path>/FDR/Default.aspx</Path>
    <User>SARSGOV\s2024134</User>
    <Url>http://localhost/FDR/Default.aspx</Url>
    <Time>08:24:29 AM +02</Time>
  </SystemRequest>
  <SystemRequest>
    <RequestTime>2017-10-24</RequestTime>
    <Path>/fdr/pages/incomingcbcdeclataions.aspx</Path>
    <User>SARSGOV\s2024134</User>
    <Url>http://localhost/fdr/pages/incomingcbcdeclataions.aspx</Url>
    <Time>08:24:45 AM +02</Time>
  </SystemRequest>
  <SystemRequest>
    <RequestTime>2017-10-24</RequestTime>
    <Path>/fdr/pages/incomingcbcdeclataions.aspx</Path>
    <User>SARSGOV\s2024134</User>
    <Url>http://localhost/fdr/pages/incomingcbcdeclataions.aspx</Url>
    <Time>08:24:53 AM +02</Time>
  </SystemRequest>
  <SystemRequest>
    <RequestTime>2017-10-24</RequestTime>
    <Path>/FDR/pages/cbcForm.aspx</Path>
    <User>SARSGOV\s2024134</User>
    <Url>http://localhost/FDR/pages/cbcForm.aspx?refno=1010101010&amp;year=2007</Url>
    <Time>08:24:54 AM +02</Time>
  </SystemRequest>
  <SystemRequest>
    <RequestTime>2017-10-24</RequestTime>
    <Path>/FDR/mnelistservice.asmx/GetCBCDataByTaxRefNo</Path>
    <User>SARSGOV\s2024134</User>
    <Url>http://localhost/FDR/mnelistservice.asmx/GetCBCDataByTaxRefNo</Url>
    <Time>08:24:55 AM +02</Time>
  </SystemRequest>
  <SystemRequest>
    <RequestTime>2017-10-24</RequestTime>
    <Path>/FDR/Default.aspx</Path>
    <User>SARSGOV\s2024134</User>
    <Url>http://localhost/FDR/Default.aspx</Url>
    <Time>09:37:26 AM +02</Time>
  </SystemRequest>
  <SystemRequest>
    <RequestTime>2017-10-24</RequestTime>
    <Path>/fdr/pages/incomingcbcdeclataions.aspx</Path>
    <User>SARSGOV\s2024134</User>
    <Url>http://localhost/fdr/pages/incomingcbcdeclataions.aspx</Url>
    <Time>09:38:14 AM +02</Time>
  </SystemRequest>
  <SystemRequest>
    <RequestTime>2017-10-24</RequestTime>
    <Path>/fdr/pages/incomingcbcdeclataions.aspx</Path>
    <User>SARSGOV\s2024134</User>
    <Url>http://localhost/fdr/pages/incomingcbcdeclataions.aspx</Url>
    <Time>09:38:20 AM +02</Time>
  </SystemRequest>
  <SystemRequest>
    <RequestTime>2017-10-24</RequestTime>
    <Path>/FDR/pages/cbcForm.aspx</Path>
    <User>SARSGOV\s2024134</User>
    <Url>http://localhost/FDR/pages/cbcForm.aspx?refno=1010101010&amp;year=2007</Url>
    <Time>09:38:21 AM +02</Time>
  </SystemRequest>
  <SystemRequest>
    <RequestTime>2017-10-24</RequestTime>
    <Path>/FDR/mnelistservice.asmx/GetCBCDataByTaxRefNo</Path>
    <User>SARSGOV\s2024134</User>
    <Url>http://localhost/FDR/mnelistservice.asmx/GetCBCDataByTaxRefNo</Url>
    <Time>09:38:27 AM +02</Time>
  </SystemRequest>
  <SystemRequest>
    <RequestTime>2017-10-24</RequestTime>
    <Path>/FDR/Default.aspx</Path>
    <User>SARSGOV\s2024134</User>
    <Url>http://localhost/FDR/Default.aspx</Url>
    <Time>09:40:58 AM +02</Time>
  </SystemRequest>
  <SystemRequest>
    <RequestTime>2017-10-24</RequestTime>
    <Path>/fdr/pages/incomingcbcdeclataions.aspx</Path>
    <User>SARSGOV\s2024134</User>
    <Url>http://localhost/fdr/pages/incomingcbcdeclataions.aspx</Url>
    <Time>10:39:14 AM +02</Time>
  </SystemRequest>
  <SystemRequest>
    <RequestTime>2017-10-24</RequestTime>
    <Path>/fdr/pages/incomingcbcdeclataions.aspx</Path>
    <User>SARSGOV\s2024134</User>
    <Url>http://localhost/fdr/pages/incomingcbcdeclataions.aspx</Url>
    <Time>10:39:20 AM +02</Time>
  </SystemRequest>
  <SystemRequest>
    <RequestTime>2017-10-24</RequestTime>
    <Path>/fdr/pages/incomingcbcdeclataions.aspx</Path>
    <User>SARSGOV\s2024134</User>
    <Url>http://localhost/fdr/pages/incomingcbcdeclataions.aspx</Url>
    <Time>10:39:35 AM +02</Time>
  </SystemRequest>
  <SystemRequest>
    <RequestTime>2017-10-24</RequestTime>
    <Path>/FDR/pages/cbcForm.aspx</Path>
    <User>SARSGOV\s2024134</User>
    <Url>http://localhost/FDR/pages/cbcForm.aspx?refno=9625188710&amp;year=2015</Url>
    <Time>10:39:36 AM +02</Time>
  </SystemRequest>
  <SystemRequest>
    <RequestTime>2017-10-24</RequestTime>
    <Path>/FDR/mnelistservice.asmx/GetCBCDataByTaxRefNo</Path>
    <User>SARSGOV\s2024134</User>
    <Url>http://localhost/FDR/mnelistservice.asmx/GetCBCDataByTaxRefNo</Url>
    <Time>10:39:40 AM +02</Time>
  </SystemRequest>
  <SystemRequest>
    <RequestTime>2017-10-24</RequestTime>
    <Path>/FDR/Default.aspx</Path>
    <User>SARSGOV\s2024134</User>
    <Url>http://localhost/FDR/Default.aspx</Url>
    <Time>10:39:56 AM +02</Time>
  </SystemRequest>
  <SystemRequest>
    <RequestTime>2017-10-24</RequestTime>
    <Path>/fdr/pages/incomingcbcdeclataions.aspx</Path>
    <User>SARSGOV\s2024134</User>
    <Url>http://localhost/fdr/pages/incomingcbcdeclataions.aspx</Url>
    <Time>10:40:00 AM +02</Time>
  </SystemRequest>
  <SystemRequest>
    <RequestTime>2017-10-24</RequestTime>
    <Path>/fdr/pages/incomingcbcdeclataions.aspx</Path>
    <User>SARSGOV\s2024134</User>
    <Url>http://localhost/fdr/pages/incomingcbcdeclataions.aspx</Url>
    <Time>10:40:06 AM +02</Time>
  </SystemRequest>
  <SystemRequest>
    <RequestTime>2017-10-24</RequestTime>
    <Path>/FDR/pages/cbcForm.aspx</Path>
    <User>SARSGOV\s2024134</User>
    <Url>http://localhost/FDR/pages/cbcForm.aspx?refno=9284053841&amp;year=2016</Url>
    <Time>10:40:06 AM +02</Time>
  </SystemRequest>
  <SystemRequest>
    <RequestTime>2017-10-24</RequestTime>
    <Path>/FDR/mnelistservice.asmx/GetCBCDataByTaxRefNo</Path>
    <User>SARSGOV\s2024134</User>
    <Url>http://localhost/FDR/mnelistservice.asmx/GetCBCDataByTaxRefNo</Url>
    <Time>10:40:08 AM +02</Time>
  </SystemRequest>
  <SystemRequest>
    <RequestTime>2017-10-24</RequestTime>
    <Path>/FDR/Default.aspx</Path>
    <User>SARSGOV\s2024134</User>
    <Url>http://localhost/FDR/Default.aspx</Url>
    <Time>10:40:12 AM +02</Time>
  </SystemRequest>
  <SystemRequest>
    <RequestTime>2017-10-24</RequestTime>
    <Path>/fdr/pages/incomingcbcdeclataions.aspx</Path>
    <User>SARSGOV\s2024134</User>
    <Url>http://localhost/fdr/pages/incomingcbcdeclataions.aspx</Url>
    <Time>12:41:46 PM +02</Time>
  </SystemRequest>
  <SystemRequest>
    <RequestTime>2017-10-24</RequestTime>
    <Path>/fdr/pages/incomingcbcdeclataions.aspx</Path>
    <User>SARSGOV\s2024134</User>
    <Url>http://localhost/fdr/pages/incomingcbcdeclataions.aspx</Url>
    <Time>13:00:03 PM +02</Time>
  </SystemRequest>
  <SystemRequest>
    <RequestTime>2017-10-24</RequestTime>
    <Path>/FDR/pages/cbcForm.aspx</Path>
    <User>SARSGOV\s2024134</User>
    <Url>http://localhost/FDR/pages/cbcForm.aspx?refno=9954776143&amp;year=2012</Url>
    <Time>13:00:03 PM +02</Time>
  </SystemRequest>
  <SystemRequest>
    <RequestTime>2017-10-24</RequestTime>
    <Path>/FDR/mnelistservice.asmx/GetCBCDataByTaxRefNo</Path>
    <User>SARSGOV\s2024134</User>
    <Url>http://localhost/FDR/mnelistservice.asmx/GetCBCDataByTaxRefNo</Url>
    <Time>13:00:06 PM +02</Time>
  </SystemRequest>
  <SystemRequest>
    <RequestTime>2017-10-24</RequestTime>
    <Path>/FDR/Default.aspx</Path>
    <User>SARSGOV\s2024134</User>
    <Url>http://localhost/FDR/Default.aspx</Url>
    <Time>13:00:11 PM +02</Time>
  </SystemRequest>
  <SystemRequest>
    <RequestTime>2017-10-24</RequestTime>
    <Path>/fdr/pages/incomingcbcdeclataions.aspx</Path>
    <User>SARSGOV\s2024134</User>
    <Url>http://localhost/fdr/pages/incomingcbcdeclataions.aspx</Url>
    <Time>13:00:17 PM +02</Time>
  </SystemRequest>
  <SystemRequest>
    <RequestTime>2017-10-24</RequestTime>
    <Path>/fdr/pages/incomingcbcdeclataions.aspx</Path>
    <User>SARSGOV\s2024134</User>
    <Url>http://localhost/fdr/pages/incomingcbcdeclataions.aspx</Url>
    <Time>13:00:20 PM +02</Time>
  </SystemRequest>
  <SystemRequest>
    <RequestTime>2017-10-24</RequestTime>
    <Path>/FDR/pages/cbcForm.aspx</Path>
    <User>SARSGOV\s2024134</User>
    <Url>http://localhost/FDR/pages/cbcForm.aspx?refno=9625188710&amp;year=2015</Url>
    <Time>13:00:20 PM +02</Time>
  </SystemRequest>
  <SystemRequest>
    <RequestTime>2017-10-24</RequestTime>
    <Path>/FDR/mnelistservice.asmx/GetCBCDataByTaxRefNo</Path>
    <User>SARSGOV\s2024134</User>
    <Url>http://localhost/FDR/mnelistservice.asmx/GetCBCDataByTaxRefNo</Url>
    <Time>13:00:22 PM +02</Time>
  </SystemRequest>
  <SystemRequest>
    <RequestTime>2017-10-24</RequestTime>
    <Path>/FDR/Default.aspx</Path>
    <User>SARSGOV\s2024134</User>
    <Url>http://localhost/FDR/Default.aspx</Url>
    <Time>13:01:23 PM +02</Time>
  </SystemRequest>
  <SystemRequest>
    <RequestTime>2017-10-24</RequestTime>
    <Path>/fdr/pages/incomingcbcdeclataions.aspx</Path>
    <User>SARSGOV\s2024134</User>
    <Url>http://localhost/fdr/pages/incomingcbcdeclataions.aspx</Url>
    <Time>13:03:42 PM +02</Time>
  </SystemRequest>
  <SystemRequest>
    <RequestTime>2017-10-24</RequestTime>
    <Path>/fdr/pages/incomingcbcdeclataions.aspx</Path>
    <User>SARSGOV\s2024134</User>
    <Url>http://localhost/fdr/pages/incomingcbcdeclataions.aspx</Url>
    <Time>13:03:47 PM +02</Time>
  </SystemRequest>
  <SystemRequest>
    <RequestTime>2017-10-24</RequestTime>
    <Path>/FDR/pages/cbcForm.aspx</Path>
    <User>SARSGOV\s2024134</User>
    <Url>http://localhost/FDR/pages/cbcForm.aspx?refno=9625188710&amp;year=2015</Url>
    <Time>13:03:48 PM +02</Time>
  </SystemRequest>
  <SystemRequest>
    <RequestTime>2017-10-24</RequestTime>
    <Path>/FDR/mnelistservice.asmx/GetCBCDataByTaxRefNo</Path>
    <User>SARSGOV\s2024134</User>
    <Url>http://localhost/FDR/mnelistservice.asmx/GetCBCDataByTaxRefNo</Url>
    <Time>13:03:52 PM +02</Time>
  </SystemRequest>
  <SystemRequest>
    <RequestTime>2017-10-24</RequestTime>
    <Path>/FDR/Default.aspx</Path>
    <User>SARSGOV\s2024134</User>
    <Url>http://localhost/FDR/Default.aspx</Url>
    <Time>13:04:14 PM +02</Time>
  </SystemRequest>
  <SystemRequest>
    <RequestTime>2017-10-24</RequestTime>
    <Path>/fdr/pages/incomingcbcdeclataions.aspx</Path>
    <User>SARSGOV\s2024134</User>
    <Url>http://localhost/fdr/pages/incomingcbcdeclataions.aspx</Url>
    <Time>13:04:18 PM +02</Time>
  </SystemRequest>
  <SystemRequest>
    <RequestTime>2017-10-24</RequestTime>
    <Path>/fdr/pages/incomingcbcdeclataions.aspx</Path>
    <User>SARSGOV\s2024134</User>
    <Url>http://localhost/fdr/pages/incomingcbcdeclataions.aspx</Url>
    <Time>13:04:22 PM +02</Time>
  </SystemRequest>
  <SystemRequest>
    <RequestTime>2017-10-24</RequestTime>
    <Path>/FDR/pages/cbcForm.aspx</Path>
    <User>SARSGOV\s2024134</User>
    <Url>http://localhost/FDR/pages/cbcForm.aspx?refno=1010101010&amp;year=2007</Url>
    <Time>13:04:23 PM +02</Time>
  </SystemRequest>
  <SystemRequest>
    <RequestTime>2017-10-24</RequestTime>
    <Path>/FDR/mnelistservice.asmx/GetCBCDataByTaxRefNo</Path>
    <User>SARSGOV\s2024134</User>
    <Url>http://localhost/FDR/mnelistservice.asmx/GetCBCDataByTaxRefNo</Url>
    <Time>13:04:26 PM +02</Time>
  </SystemRequest>
  <SystemRequest>
    <RequestTime>2017-10-24</RequestTime>
    <Path>/FDR/Default.aspx</Path>
    <User>SARSGOV\s2024134</User>
    <Url>http://localhost/FDR/Default.aspx</Url>
    <Time>13:06:03 PM +02</Time>
  </SystemRequest>
  <SystemRequest>
    <RequestTime>2017-10-24</RequestTime>
    <Path>/fdr/pages/incomingcbcdeclataions.aspx</Path>
    <User>SARSGOV\s2024134</User>
    <Url>http://localhost/fdr/pages/incomingcbcdeclataions.aspx</Url>
    <Time>13:07:41 PM +02</Time>
  </SystemRequest>
  <SystemRequest>
    <RequestTime>2017-10-24</RequestTime>
    <Path>/fdr/pages/incomingcbcdeclataions.aspx</Path>
    <User>SARSGOV\s2024134</User>
    <Url>http://localhost/fdr/pages/incomingcbcdeclataions.aspx</Url>
    <Time>13:07:46 PM +02</Time>
  </SystemRequest>
  <SystemRequest>
    <RequestTime>2017-10-24</RequestTime>
    <Path>/FDR/pages/cbcForm.aspx</Path>
    <User>SARSGOV\s2024134</User>
    <Url>http://localhost/FDR/pages/cbcForm.aspx?refno=1010101010&amp;year=2007</Url>
    <Time>13:07:46 PM +02</Time>
  </SystemRequest>
  <SystemRequest>
    <RequestTime>2017-10-24</RequestTime>
    <Path>/FDR/mnelistservice.asmx/GetCBCDataByTaxRefNo</Path>
    <User>SARSGOV\s2024134</User>
    <Url>http://localhost/FDR/mnelistservice.asmx/GetCBCDataByTaxRefNo</Url>
    <Time>13:07:50 PM +02</Time>
  </SystemRequest>
  <SystemRequest>
    <RequestTime>2017-10-24</RequestTime>
    <Path>/FDR/Default.aspx</Path>
    <User>SARSGOV\s2024134</User>
    <Url>http://localhost/FDR/Default.aspx</Url>
    <Time>13:10:12 PM +02</Time>
  </SystemRequest>
  <SystemRequest>
    <RequestTime>2017-10-24</RequestTime>
    <Path>/fdr/pages/incomingcbcdeclataions.aspx</Path>
    <User>SARSGOV\s2024134</User>
    <Url>http://localhost/fdr/pages/incomingcbcdeclataions.aspx</Url>
    <Time>13:12:50 PM +02</Time>
  </SystemRequest>
  <SystemRequest>
    <RequestTime>2017-10-24</RequestTime>
    <Path>/fdr/pages/incomingcbcdeclataions.aspx</Path>
    <User>SARSGOV\s2024134</User>
    <Url>http://localhost/fdr/pages/incomingcbcdeclataions.aspx</Url>
    <Time>13:12:56 PM +02</Time>
  </SystemRequest>
  <SystemRequest>
    <RequestTime>2017-10-24</RequestTime>
    <Path>/FDR/pages/cbcForm.aspx</Path>
    <User>SARSGOV\s2024134</User>
    <Url>http://localhost/FDR/pages/cbcForm.aspx?refno=1010101010&amp;year=2007</Url>
    <Time>13:12:57 PM +02</Time>
  </SystemRequest>
  <SystemRequest>
    <RequestTime>2017-10-24</RequestTime>
    <Path>/FDR/mnelistservice.asmx/GetCBCDataByTaxRefNo</Path>
    <User>SARSGOV\s2024134</User>
    <Url>http://localhost/FDR/mnelistservice.asmx/GetCBCDataByTaxRefNo</Url>
    <Time>13:12:59 PM +02</Time>
  </SystemRequest>
  <SystemRequest>
    <RequestTime>2017-10-24</RequestTime>
    <Path>/FDR/Default.aspx</Path>
    <User>SARSGOV\s2024134</User>
    <Url>http://localhost/FDR/Default.aspx</Url>
    <Time>13:14:23 PM +02</Time>
  </SystemRequest>
  <SystemRequest>
    <RequestTime>2017-10-24</RequestTime>
    <Path>/fdr/pages/incomingcbcdeclataions.aspx</Path>
    <User>SARSGOV\s2024134</User>
    <Url>http://localhost/fdr/pages/incomingcbcdeclataions.aspx</Url>
    <Time>13:15:00 PM +02</Time>
  </SystemRequest>
  <SystemRequest>
    <RequestTime>2017-10-24</RequestTime>
    <Path>/fdr/pages/incomingcbcdeclataions.aspx</Path>
    <User>SARSGOV\s2024134</User>
    <Url>http://localhost/fdr/pages/incomingcbcdeclataions.aspx</Url>
    <Time>13:15:06 PM +02</Time>
  </SystemRequest>
  <SystemRequest>
    <RequestTime>2017-10-24</RequestTime>
    <Path>/FDR/pages/cbcForm.aspx</Path>
    <User>SARSGOV\s2024134</User>
    <Url>http://localhost/FDR/pages/cbcForm.aspx?refno=1010101010&amp;year=2007</Url>
    <Time>13:15:07 PM +02</Time>
  </SystemRequest>
  <SystemRequest>
    <RequestTime>2017-10-24</RequestTime>
    <Path>/FDR/mnelistservice.asmx/GetCBCDataByTaxRefNo</Path>
    <User>SARSGOV\s2024134</User>
    <Url>http://localhost/FDR/mnelistservice.asmx/GetCBCDataByTaxRefNo</Url>
    <Time>13:15:09 PM +02</Time>
  </SystemRequest>
  <SystemRequest>
    <RequestTime>2017-10-24</RequestTime>
    <Path>/FDR/Default.aspx</Path>
    <User>SARSGOV\s2024134</User>
    <Url>http://localhost/FDR/Default.aspx</Url>
    <Time>13:16:49 PM +02</Time>
  </SystemRequest>
  <SystemRequest>
    <RequestTime>2017-10-24</RequestTime>
    <Path>/fdr/pages/incomingcbcdeclataions.aspx</Path>
    <User>SARSGOV\s2024134</User>
    <Url>http://localhost/fdr/pages/incomingcbcdeclataions.aspx</Url>
    <Time>13:21:23 PM +02</Time>
  </SystemRequest>
  <SystemRequest>
    <RequestTime>2017-10-24</RequestTime>
    <Path>/fdr/pages/incomingcbcdeclataions.aspx</Path>
    <User>SARSGOV\s2024134</User>
    <Url>http://localhost/fdr/pages/incomingcbcdeclataions.aspx</Url>
    <Time>13:21:28 PM +02</Time>
  </SystemRequest>
  <SystemRequest>
    <RequestTime>2017-10-24</RequestTime>
    <Path>/FDR/pages/cbcForm.aspx</Path>
    <User>SARSGOV\s2024134</User>
    <Url>http://localhost/FDR/pages/cbcForm.aspx?refno=1010101010&amp;year=2007</Url>
    <Time>13:21:29 PM +02</Time>
  </SystemRequest>
  <SystemRequest>
    <RequestTime>2017-10-24</RequestTime>
    <Path>/FDR/mnelistservice.asmx/GetCBCDataByTaxRefNo</Path>
    <User>SARSGOV\s2024134</User>
    <Url>http://localhost/FDR/mnelistservice.asmx/GetCBCDataByTaxRefNo</Url>
    <Time>13:21:32 PM +02</Time>
  </SystemRequest>
  <SystemRequest>
    <RequestTime>2017-10-24</RequestTime>
    <Path>/FDR/Default.aspx</Path>
    <User>SARSGOV\s2024134</User>
    <Url>http://localhost/FDR/Default.aspx</Url>
    <Time>13:22:48 PM +02</Time>
  </SystemRequest>
  <SystemRequest>
    <RequestTime>2017-10-24</RequestTime>
    <Path>/fdr/pages/incomingcbcdeclataions.aspx</Path>
    <User>SARSGOV\s2024134</User>
    <Url>http://localhost/fdr/pages/incomingcbcdeclataions.aspx</Url>
    <Time>13:22:52 PM +02</Time>
  </SystemRequest>
  <SystemRequest>
    <RequestTime>2017-10-24</RequestTime>
    <Path>/fdr/pages/incomingcbcdeclataions.aspx</Path>
    <User>SARSGOV\s2024134</User>
    <Url>http://localhost/fdr/pages/incomingcbcdeclataions.aspx</Url>
    <Time>13:22:57 PM +02</Time>
  </SystemRequest>
  <SystemRequest>
    <RequestTime>2017-10-24</RequestTime>
    <Path>/FDR/pages/cbcForm.aspx</Path>
    <User>SARSGOV\s2024134</User>
    <Url>http://localhost/FDR/pages/cbcForm.aspx?refno=1010101010&amp;year=2007</Url>
    <Time>13:22:58 PM +02</Time>
  </SystemRequest>
  <SystemRequest>
    <RequestTime>2017-10-24</RequestTime>
    <Path>/FDR/mnelistservice.asmx/GetCBCDataByTaxRefNo</Path>
    <User>SARSGOV\s2024134</User>
    <Url>http://localhost/FDR/mnelistservice.asmx/GetCBCDataByTaxRefNo</Url>
    <Time>13:23:01 PM +02</Time>
  </SystemRequest>
  <SystemRequest>
    <RequestTime>2017-10-24</RequestTime>
    <Path>/FDR/Default.aspx</Path>
    <User>SARSGOV\s2024134</User>
    <Url>http://localhost/FDR/Default.aspx</Url>
    <Time>13:23:31 PM +02</Time>
  </SystemRequest>
  <SystemRequest>
    <RequestTime>2017-10-24</RequestTime>
    <Path>/fdr/pages/incomingcbcdeclataions.aspx</Path>
    <User>SARSGOV\s2024134</User>
    <Url>http://localhost/fdr/pages/incomingcbcdeclataions.aspx</Url>
    <Time>13:23:34 PM +02</Time>
  </SystemRequest>
  <SystemRequest>
    <RequestTime>2017-10-24</RequestTime>
    <Path>/fdr/pages/incomingcbcdeclataions.aspx</Path>
    <User>SARSGOV\s2024134</User>
    <Url>http://localhost/fdr/pages/incomingcbcdeclataions.aspx</Url>
    <Time>13:23:39 PM +02</Time>
  </SystemRequest>
  <SystemRequest>
    <RequestTime>2017-10-24</RequestTime>
    <Path>/FDR/pages/cbcForm.aspx</Path>
    <User>SARSGOV\s2024134</User>
    <Url>http://localhost/FDR/pages/cbcForm.aspx?refno=1010101010&amp;year=2007</Url>
    <Time>13:23:41 PM +02</Time>
  </SystemRequest>
  <SystemRequest>
    <RequestTime>2017-10-24</RequestTime>
    <Path>/FDR/mnelistservice.asmx/GetCBCDataByTaxRefNo</Path>
    <User>SARSGOV\s2024134</User>
    <Url>http://localhost/FDR/mnelistservice.asmx/GetCBCDataByTaxRefNo</Url>
    <Time>13:23:42 PM +02</Time>
  </SystemRequest>
  <SystemRequest>
    <RequestTime>2017-10-24</RequestTime>
    <Path>/FDR/Default.aspx</Path>
    <User>SARSGOV\s2024134</User>
    <Url>http://localhost/FDR/Default.aspx</Url>
    <Time>13:26:17 PM +02</Time>
  </SystemRequest>
  <SystemRequest>
    <RequestTime>2017-10-24</RequestTime>
    <Path>/fdr/pages/incomingcbcdeclataions.aspx</Path>
    <User>SARSGOV\s2024134</User>
    <Url>http://localhost/fdr/pages/incomingcbcdeclataions.aspx</Url>
    <Time>13:26:22 PM +02</Time>
  </SystemRequest>
  <SystemRequest>
    <RequestTime>2017-10-24</RequestTime>
    <Path>/fdr/pages/incomingcbcdeclataions.aspx</Path>
    <User>SARSGOV\s2024134</User>
    <Url>http://localhost/fdr/pages/incomingcbcdeclataions.aspx</Url>
    <Time>13:26:28 PM +02</Time>
  </SystemRequest>
  <SystemRequest>
    <RequestTime>2017-10-24</RequestTime>
    <Path>/FDR/pages/cbcForm.aspx</Path>
    <User>SARSGOV\s2024134</User>
    <Url>http://localhost/FDR/pages/cbcForm.aspx?refno=1010101010&amp;year=2007</Url>
    <Time>13:26:29 PM +02</Time>
  </SystemRequest>
  <SystemRequest>
    <RequestTime>2017-10-24</RequestTime>
    <Path>/FDR/mnelistservice.asmx/GetCBCDataByTaxRefNo</Path>
    <User>SARSGOV\s2024134</User>
    <Url>http://localhost/FDR/mnelistservice.asmx/GetCBCDataByTaxRefNo</Url>
    <Time>13:26:33 PM +02</Time>
  </SystemRequest>
  <SystemRequest>
    <RequestTime>2017-10-24</RequestTime>
    <Path>/FDR/Default.aspx</Path>
    <User>SARSGOV\s2024134</User>
    <Url>http://localhost/FDR/Default.aspx</Url>
    <Time>13:36:41 PM +02</Time>
  </SystemRequest>
  <SystemRequest>
    <RequestTime>2017-10-24</RequestTime>
    <Path>/fdr/pages/incomingcbcdeclataions.aspx</Path>
    <User>SARSGOV\s2024134</User>
    <Url>http://localhost/fdr/pages/incomingcbcdeclataions.aspx</Url>
    <Time>13:36:49 PM +02</Time>
  </SystemRequest>
  <SystemRequest>
    <RequestTime>2017-10-24</RequestTime>
    <Path>/fdr/pages/incomingcbcdeclataions.aspx</Path>
    <User>SARSGOV\s2024134</User>
    <Url>http://localhost/fdr/pages/incomingcbcdeclataions.aspx</Url>
    <Time>13:36:54 PM +02</Time>
  </SystemRequest>
  <SystemRequest>
    <RequestTime>2017-10-24</RequestTime>
    <Path>/FDR/pages/cbcForm.aspx</Path>
    <User>SARSGOV\s2024134</User>
    <Url>http://localhost/FDR/pages/cbcForm.aspx?refno=1010101010&amp;year=2007</Url>
    <Time>13:36:54 PM +02</Time>
  </SystemRequest>
  <SystemRequest>
    <RequestTime>2017-10-24</RequestTime>
    <Path>/FDR/mnelistservice.asmx/GetCBCDataByTaxRefNo</Path>
    <User>SARSGOV\s2024134</User>
    <Url>http://localhost/FDR/mnelistservice.asmx/GetCBCDataByTaxRefNo</Url>
    <Time>13:36:57 PM +02</Time>
  </SystemRequest>
  <SystemRequest>
    <RequestTime>2017-10-24</RequestTime>
    <Path>/FDR/Default.aspx</Path>
    <User>SARSGOV\s2024134</User>
    <Url>http://localhost/FDR/Default.aspx</Url>
    <Time>13:41:00 PM +02</Time>
  </SystemRequest>
  <SystemRequest>
    <RequestTime>2017-10-24</RequestTime>
    <Path>/fdr/pages/incomingcbcdeclataions.aspx</Path>
    <User>SARSGOV\s2024134</User>
    <Url>http://localhost/fdr/pages/incomingcbcdeclataions.aspx</Url>
    <Time>13:41:09 PM +02</Time>
  </SystemRequest>
  <SystemRequest>
    <RequestTime>2017-10-24</RequestTime>
    <Path>/fdr/pages/incomingcbcdeclataions.aspx</Path>
    <User>SARSGOV\s2024134</User>
    <Url>http://localhost/fdr/pages/incomingcbcdeclataions.aspx</Url>
    <Time>13:41:14 PM +02</Time>
  </SystemRequest>
  <SystemRequest>
    <RequestTime>2017-10-24</RequestTime>
    <Path>/FDR/pages/cbcForm.aspx</Path>
    <User>SARSGOV\s2024134</User>
    <Url>http://localhost/FDR/pages/cbcForm.aspx?refno=1010101010&amp;year=2007</Url>
    <Time>13:41:14 PM +02</Time>
  </SystemRequest>
  <SystemRequest>
    <RequestTime>2017-10-24</RequestTime>
    <Path>/FDR/mnelistservice.asmx/GetCBCDataByTaxRefNo</Path>
    <User>SARSGOV\s2024134</User>
    <Url>http://localhost/FDR/mnelistservice.asmx/GetCBCDataByTaxRefNo</Url>
    <Time>13:41:18 PM +02</Time>
  </SystemRequest>
  <SystemRequest>
    <RequestTime>2017-10-24</RequestTime>
    <Path>/FDR/Default.aspx</Path>
    <User>SARSGOV\s2024134</User>
    <Url>http://localhost/FDR/Default.aspx</Url>
    <Time>13:41:49 PM +02</Time>
  </SystemRequest>
  <SystemRequest>
    <RequestTime>2017-10-24</RequestTime>
    <Path>/fdr/pages/incomingcbcdeclataions.aspx</Path>
    <User>SARSGOV\s2024134</User>
    <Url>http://localhost/fdr/pages/incomingcbcdeclataions.aspx</Url>
    <Time>13:42:11 PM +02</Time>
  </SystemRequest>
  <SystemRequest>
    <RequestTime>2017-10-24</RequestTime>
    <Path>/fdr/pages/incomingcbcdeclataions.aspx</Path>
    <User>SARSGOV\s2024134</User>
    <Url>http://localhost/fdr/pages/incomingcbcdeclataions.aspx</Url>
    <Time>13:42:15 PM +02</Time>
  </SystemRequest>
  <SystemRequest>
    <RequestTime>2017-10-24</RequestTime>
    <Path>/FDR/pages/cbcForm.aspx</Path>
    <User>SARSGOV\s2024134</User>
    <Url>http://localhost/FDR/pages/cbcForm.aspx?refno=1010101010&amp;year=2007</Url>
    <Time>13:42:16 PM +02</Time>
  </SystemRequest>
  <SystemRequest>
    <RequestTime>2017-10-24</RequestTime>
    <Path>/FDR/mnelistservice.asmx/GetCBCDataByTaxRefNo</Path>
    <User>SARSGOV\s2024134</User>
    <Url>http://localhost/FDR/mnelistservice.asmx/GetCBCDataByTaxRefNo</Url>
    <Time>13:42:18 PM +02</Time>
  </SystemRequest>
  <SystemRequest>
    <RequestTime>2017-10-24</RequestTime>
    <Path>/FDR/Default.aspx</Path>
    <User>SARSGOV\s2024134</User>
    <Url>http://localhost/FDR/Default.aspx</Url>
    <Time>13:42:56 PM +02</Time>
  </SystemRequest>
  <SystemRequest>
    <RequestTime>2017-10-24</RequestTime>
    <Path>/fdr/pages/incomingcbcdeclataions.aspx</Path>
    <User>SARSGOV\s2024134</User>
    <Url>http://localhost/fdr/pages/incomingcbcdeclataions.aspx</Url>
    <Time>13:43:19 PM +02</Time>
  </SystemRequest>
  <SystemRequest>
    <RequestTime>2017-10-24</RequestTime>
    <Path>/fdr/pages/incomingcbcdeclataions.aspx</Path>
    <User>SARSGOV\s2024134</User>
    <Url>http://localhost/fdr/pages/incomingcbcdeclataions.aspx</Url>
    <Time>13:43:57 PM +02</Time>
  </SystemRequest>
  <SystemRequest>
    <RequestTime>2017-10-24</RequestTime>
    <Path>/FDR/pages/cbcForm.aspx</Path>
    <User>SARSGOV\s2024134</User>
    <Url>http://localhost/FDR/pages/cbcForm.aspx?refno=1010101010&amp;year=2007</Url>
    <Time>13:43:57 PM +02</Time>
  </SystemRequest>
  <SystemRequest>
    <RequestTime>2017-10-24</RequestTime>
    <Path>/FDR/mnelistservice.asmx/GetCBCDataByTaxRefNo</Path>
    <User>SARSGOV\s2024134</User>
    <Url>http://localhost/FDR/mnelistservice.asmx/GetCBCDataByTaxRefNo</Url>
    <Time>13:43:59 PM +02</Time>
  </SystemRequest>
  <SystemRequest>
    <RequestTime>2017-10-24</RequestTime>
    <Path>/FDR/pages/cbcForm.aspx</Path>
    <User>SARSGOV\s2024134</User>
    <Url>http://localhost/FDR/pages/cbcForm.aspx?refno=1010101010&amp;year=2007</Url>
    <Time>14:00:18 PM +02</Time>
  </SystemRequest>
  <SystemRequest>
    <RequestTime>2017-10-24</RequestTime>
    <Path>/FDR/mnelistservice.asmx/GetCBCDataByTaxRefNo</Path>
    <User>SARSGOV\s2024134</User>
    <Url>http://localhost/FDR/mnelistservice.asmx/GetCBCDataByTaxRefNo</Url>
    <Time>14:00:20 PM +02</Time>
  </SystemRequest>
  <SystemRequest>
    <RequestTime>2017-10-24</RequestTime>
    <Path>/FDR/Default.aspx</Path>
    <User>SARSGOV\s2024134</User>
    <Url>http://localhost/FDR/Default.aspx</Url>
    <Time>14:07:23 PM +02</Time>
  </SystemRequest>
  <SystemRequest>
    <RequestTime>2017-10-24</RequestTime>
    <Path>/fdr/pages/incomingcbcdeclataions.aspx</Path>
    <User>SARSGOV\s2024134</User>
    <Url>http://localhost/fdr/pages/incomingcbcdeclataions.aspx</Url>
    <Time>14:07:38 PM +02</Time>
  </SystemRequest>
  <SystemRequest>
    <RequestTime>2017-10-24</RequestTime>
    <Path>/fdr/pages/incomingcbcdeclataions.aspx</Path>
    <User>SARSGOV\s2024134</User>
    <Url>http://localhost/fdr/pages/incomingcbcdeclataions.aspx</Url>
    <Time>14:07:42 PM +02</Time>
  </SystemRequest>
  <SystemRequest>
    <RequestTime>2017-10-24</RequestTime>
    <Path>/FDR/pages/cbcForm.aspx</Path>
    <User>SARSGOV\s2024134</User>
    <Url>http://localhost/FDR/pages/cbcForm.aspx?refno=1010101010&amp;year=2007</Url>
    <Time>14:07:43 PM +02</Time>
  </SystemRequest>
  <SystemRequest>
    <RequestTime>2017-10-24</RequestTime>
    <Path>/FDR/mnelistservice.asmx/GetCBCDataByTaxRefNo</Path>
    <User>SARSGOV\s2024134</User>
    <Url>http://localhost/FDR/mnelistservice.asmx/GetCBCDataByTaxRefNo</Url>
    <Time>14:07:45 PM +02</Time>
  </SystemRequest>
  <SystemRequest>
    <RequestTime>2017-10-24</RequestTime>
    <Path>/FDR/Default.aspx</Path>
    <User>SARSGOV\s2024134</User>
    <Url>http://localhost/FDR/Default.aspx</Url>
    <Time>14:09:09 PM +02</Time>
  </SystemRequest>
  <SystemRequest>
    <RequestTime>2017-10-24</RequestTime>
    <Path>/fdr/pages/incomingcbcdeclataions.aspx</Path>
    <User>SARSGOV\s2024134</User>
    <Url>http://localhost/fdr/pages/incomingcbcdeclataions.aspx</Url>
    <Time>14:09:15 PM +02</Time>
  </SystemRequest>
  <SystemRequest>
    <RequestTime>2017-10-24</RequestTime>
    <Path>/fdr/pages/incomingcbcdeclataions.aspx</Path>
    <User>SARSGOV\s2024134</User>
    <Url>http://localhost/fdr/pages/incomingcbcdeclataions.aspx</Url>
    <Time>14:09:20 PM +02</Time>
  </SystemRequest>
  <SystemRequest>
    <RequestTime>2017-10-24</RequestTime>
    <Path>/FDR/pages/cbcForm.aspx</Path>
    <User>SARSGOV\s2024134</User>
    <Url>http://localhost/FDR/pages/cbcForm.aspx?refno=1010101010&amp;year=2007</Url>
    <Time>14:09:20 PM +02</Time>
  </SystemRequest>
  <SystemRequest>
    <RequestTime>2017-10-24</RequestTime>
    <Path>/FDR/mnelistservice.asmx/GetCBCDataByTaxRefNo</Path>
    <User>SARSGOV\s2024134</User>
    <Url>http://localhost/FDR/mnelistservice.asmx/GetCBCDataByTaxRefNo</Url>
    <Time>14:09:22 PM +02</Time>
  </SystemRequest>
</ArrayOfSystemRequest>