<?xml version="1.0" encoding="utf-8"?>
<ArrayOfSystemRequest>
  <SystemRequest>
    <RequestTime>2017-10-25</RequestTime>
    <Path>/FDR/Default.aspx</Path>
    <User>SARSGOV\s2024134</User>
    <Url>http://localhost/FDR/Default.aspx</Url>
    <Time>11:16:19 AM +02</Time>
  </SystemRequest>
  <SystemRequest>
    <RequestTime>2017-10-25</RequestTime>
    <Path>/FDR/Default.aspx</Path>
    <User>SARSGOV\s2024134</User>
    <Url>http://localhost/FDR/Default.aspx</Url>
    <Time>12:07:28 PM +02</Time>
  </SystemRequest>
  <SystemRequest>
    <RequestTime>2017-10-25</RequestTime>
    <Path>/fdr/pages/viewsubmissions.aspx</Path>
    <User>SARSGOV\s2024134</User>
    <Url>http://localhost/fdr/pages/viewsubmissions.aspx</Url>
    <Time>12:11:52 PM +02</Time>
  </SystemRequest>
  <SystemRequest>
    <RequestTime>2017-10-25</RequestTime>
    <Path>/fdr/pages/inprogress.aspx</Path>
    <User>SARSGOV\s2024134</User>
    <Url>http://localhost/fdr/pages/inprogress.aspx</Url>
    <Time>12:12:02 PM +02</Time>
  </SystemRequest>
  <SystemRequest>
    <RequestTime>2017-10-25</RequestTime>
    <Path>/fdr/pages/acceptedsubmissions.aspx</Path>
    <User>SARSGOV\s2024134</User>
    <Url>http://localhost/fdr/pages/acceptedsubmissions.aspx</Url>
    <Time>12:12:08 PM +02</Time>
  </SystemRequest>
  <SystemRequest>
    <RequestTime>2017-10-25</RequestTime>
    <Path>/fdr/pages/acceptedwithwarnings.aspx</Path>
    <User>SARSGOV\s2024134</User>
    <Url>http://localhost/fdr/pages/acceptedwithwarnings.aspx</Url>
    <Time>12:12:12 PM +02</Time>
  </SystemRequest>
  <SystemRequest>
    <RequestTime>2017-10-25</RequestTime>
    <Path>/fdr/pages/declinedsubmissions.aspx</Path>
    <User>SARSGOV\s2024134</User>
    <Url>http://localhost/fdr/pages/declinedsubmissions.aspx</Url>
    <Time>12:12:16 PM +02</Time>
  </SystemRequest>
  <SystemRequest>
    <RequestTime>2017-10-25</RequestTime>
    <Path>/FDR/Default.aspx</Path>
    <User>SARSGOV\s2024134</User>
    <Url>http://localhost/FDR/Default.aspx</Url>
    <Time>16:25:17 PM +02</Time>
  </SystemRequest>
  <SystemRequest>
    <RequestTime>2017-10-25</RequestTime>
    <Path>/fdr/pages/viewsubmissions.aspx</Path>
    <User>SARSGOV\s2024134</User>
    <Url>http://localhost/fdr/pages/viewsubmissions.aspx</Url>
    <Time>16:25:30 PM +02</Time>
  </SystemRequest>
  <SystemRequest>
    <RequestTime>2017-10-25</RequestTime>
    <Path>/fdr/pages/viewsubmissions.aspx</Path>
    <User>SARSGOV\s2024134</User>
    <Url>http://localhost/fdr/pages/viewsubmissions.aspx</Url>
    <Time>16:25:32 PM +02</Time>
  </SystemRequest>
  <SystemRequest>
    <RequestTime>2017-10-25</RequestTime>
    <Path>/fdr/pages/viewsubmissions.aspx</Path>
    <User>SARSGOV\s2024134</User>
    <Url>http://localhost/fdr/pages/viewsubmissions.aspx</Url>
    <Time>16:25:51 PM +02</Time>
  </SystemRequest>
  <SystemRequest>
    <RequestTime>2017-10-25</RequestTime>
    <Path>/fdr/pages/viewsubmissions.aspx</Path>
    <User>SARSGOV\s2024134</User>
    <Url>http://localhost/fdr/pages/viewsubmissions.aspx</Url>
    <Time>16:31:06 PM +02</Time>
  </SystemRequest>
  <SystemRequest>
    <RequestTime>2017-10-25</RequestTime>
    <Path>/FDR/Default.aspx</Path>
    <User>SARSGOV\s2024134</User>
    <Url>http://localhost/FDR/Default.aspx</Url>
    <Time>16:33:37 PM +02</Time>
  </SystemRequest>
  <SystemRequest>
    <RequestTime>2017-10-25</RequestTime>
    <Path>/fdr/pages/incomingcbcdeclataions.aspx</Path>
    <User>SARSGOV\s2024134</User>
    <Url>http://localhost/fdr/pages/incomingcbcdeclataions.aspx</Url>
    <Time>16:33:44 PM +02</Time>
  </SystemRequest>
  <SystemRequest>
    <RequestTime>2017-10-25</RequestTime>
    <Path>/fdr/pages/viewsubmissions.aspx</Path>
    <User>SARSGOV\s2024134</User>
    <Url>http://localhost/fdr/pages/viewsubmissions.aspx</Url>
    <Time>16:33:50 PM +02</Time>
  </SystemRequest>
  <SystemRequest>
    <RequestTime>2017-10-25</RequestTime>
    <Path>/fdr/pages/viewsubmissions.aspx</Path>
    <User>SARSGOV\s2024134</User>
    <Url>http://localhost/fdr/pages/viewsubmissions.aspx</Url>
    <Time>16:33:59 PM +02</Time>
  </SystemRequest>
  <SystemRequest>
    <RequestTime>2017-10-25</RequestTime>
    <Path>/fdr/pages/incomingcbcdeclataions.aspx</Path>
    <User>SARSGOV\s2024134</User>
    <Url>http://localhost/fdr/pages/incomingcbcdeclataions.aspx</Url>
    <Time>16:34:04 PM +02</Time>
  </SystemRequest>
  <SystemRequest>
    <RequestTime>2017-10-25</RequestTime>
    <Path>/fdr/pages/viewsubmissions.aspx</Path>
    <User>SARSGOV\s2024134</User>
    <Url>http://localhost/fdr/pages/viewsubmissions.aspx</Url>
    <Time>16:34:14 PM +02</Time>
  </SystemRequest>
  <SystemRequest>
    <RequestTime>2017-10-25</RequestTime>
    <Path>/fdr/pages/incomingcbcdeclataions.aspx</Path>
    <User>SARSGOV\s2024134</User>
    <Url>http://localhost/fdr/pages/incomingcbcdeclataions.aspx</Url>
    <Time>16:34:25 PM +02</Time>
  </SystemRequest>
  <SystemRequest>
    <RequestTime>2017-10-25</RequestTime>
    <Path>/fdr/pages/incomingcbcdeclataions.aspx</Path>
    <User>SARSGOV\s2024134</User>
    <Url>http://localhost/fdr/pages/incomingcbcdeclataions.aspx</Url>
    <Time>16:34:28 PM +02</Time>
  </SystemRequest>
  <SystemRequest>
    <RequestTime>2017-10-25</RequestTime>
    <Path>/fdr/pages/incomingcbcdeclataions.aspx</Path>
    <User>SARSGOV\s2024134</User>
    <Url>http://localhost/fdr/pages/incomingcbcdeclataions.aspx</Url>
    <Time>16:34:37 PM +02</Time>
  </SystemRequest>
  <SystemRequest>
    <RequestTime>2017-10-25</RequestTime>
    <Path>/fdr/pages/incomingcbcdeclataions.aspx</Path>
    <User>SARSGOV\s2024134</User>
    <Url>http://localhost/fdr/pages/incomingcbcdeclataions.aspx</Url>
    <Time>16:34:43 PM +02</Time>
  </SystemRequest>
  <SystemRequest>
    <RequestTime>2017-10-25</RequestTime>
    <Path>/fdr/pages/incomingcbcdeclataions.aspx</Path>
    <User>SARSGOV\s2024134</User>
    <Url>http://localhost/fdr/pages/incomingcbcdeclataions.aspx</Url>
    <Time>16:34:52 PM +02</Time>
  </SystemRequest>
  <SystemRequest>
    <RequestTime>2017-10-25</RequestTime>
    <Path>/fdr/pages/incomingcbcdeclataions.aspx</Path>
    <User>SARSGOV\s2024134</User>
    <Url>http://localhost/fdr/pages/incomingcbcdeclataions.aspx</Url>
    <Time>16:34:54 PM +02</Time>
  </SystemRequest>
</ArrayOfSystemRequest>