<?xml version="1.0" encoding="utf-8"?>
<ArrayOfSystemRequest>
  <SystemRequest>
    <RequestTime>2017-10-11</RequestTime>
    <Path>/FDR/pages/uploadMNEList.aspx</Path>
    <User>SARSGOV\s2024134</User>
    <Url>http://localhost/FDR/pages/uploadMNEList.aspx</Url>
    <Time>14:33:34 PM +02</Time>
  </SystemRequest>
  <SystemRequest>
    <RequestTime>2017-10-11</RequestTime>
    <Path>/FDR/pages/uploadMNEList.aspx</Path>
    <User>SARSGOV\s2024134</User>
    <Url>http://localhost/FDR/pages/uploadMNEList.aspx</Url>
    <Time>14:34:00 PM +02</Time>
  </SystemRequest>
  <SystemRequest>
    <RequestTime>2017-10-11</RequestTime>
    <Path>/FDR/pages/uploadMNEList.aspx</Path>
    <User>SARSGOV\s2024134</User>
    <Url>http://localhost/FDR/pages/uploadMNEList.aspx</Url>
    <Time>14:35:50 PM +02</Time>
  </SystemRequest>
  <SystemRequest>
    <RequestTime>2017-10-11</RequestTime>
    <Path>/FDR/pages/uploadMNEList.aspx</Path>
    <User>SARSGOV\s2024134</User>
    <Url>http://localhost/FDR/pages/uploadMNEList.aspx</Url>
    <Time>14:37:18 PM +02</Time>
  </SystemRequest>
  <SystemRequest>
    <RequestTime>2017-10-11</RequestTime>
    <Path>/FDR/pages/uploadMNEList.aspx</Path>
    <User>SARSGOV\s2024134</User>
    <Url>http://localhost/FDR/pages/uploadMNEList.aspx</Url>
    <Time>14:40:53 PM +02</Time>
  </SystemRequest>
  <SystemRequest>
    <RequestTime>2017-10-11</RequestTime>
    <Path>/FDR/pages/uploadMNEList.aspx</Path>
    <User>SARSGOV\s2024134</User>
    <Url>http://localhost/FDR/pages/uploadMNEList.aspx</Url>
    <Time>14:41:41 PM +02</Time>
  </SystemRequest>
</ArrayOfSystemRequest>