<?xml version="1.0" encoding="utf-8"?>
<ArrayOfSystemRequest>
  <SystemRequest>
    <RequestTime>2017-10-23</RequestTime>
    <Path>/FDR/Default.aspx</Path>
    <User>SARSGOV\s2024134</User>
    <Url>http://localhost/FDR/Default.aspx</Url>
    <Time>09:35:21 AM +02</Time>
  </SystemRequest>
  <SystemRequest>
    <RequestTime>2017-10-23</RequestTime>
    <Path>/fdr/pages/incomingcbcdeclataions.aspx</Path>
    <User>SARSGOV\s2024134</User>
    <Url>http://localhost/fdr/pages/incomingcbcdeclataions.aspx</Url>
    <Time>09:46:39 AM +02</Time>
  </SystemRequest>
  <SystemRequest>
    <RequestTime>2017-10-23</RequestTime>
    <Path>/fdr/pages/incomingcbcdeclataions.aspx</Path>
    <User>SARSGOV\s2024134</User>
    <Url>http://localhost/fdr/pages/incomingcbcdeclataions.aspx</Url>
    <Time>09:46:56 AM +02</Time>
  </SystemRequest>
  <SystemRequest>
    <RequestTime>2017-10-23</RequestTime>
    <Path>/fdr/pages/incomingcbcdeclataions.aspx</Path>
    <User>SARSGOV\s2024134</User>
    <Url>http://localhost/fdr/pages/incomingcbcdeclataions.aspx</Url>
    <Time>09:46:58 AM +02</Time>
  </SystemRequest>
  <SystemRequest>
    <RequestTime>2017-10-23</RequestTime>
    <Path>/fdr/pages/incomingcbcdeclataions.aspx</Path>
    <User>SARSGOV\s2024134</User>
    <Url>http://localhost/fdr/pages/incomingcbcdeclataions.aspx</Url>
    <Time>09:48:10 AM +02</Time>
  </SystemRequest>
  <SystemRequest>
    <RequestTime>2017-10-23</RequestTime>
    <Path>/fdr/pages/incomingcbcdeclataions.aspx</Path>
    <User>SARSGOV\s2024134</User>
    <Url>http://localhost/fdr/pages/incomingcbcdeclataions.aspx</Url>
    <Time>09:48:52 AM +02</Time>
  </SystemRequest>
  <SystemRequest>
    <RequestTime>2017-10-23</RequestTime>
    <Path>/FDR/Default.aspx</Path>
    <User>SARSGOV\s2024134</User>
    <Url>http://localhost/FDR/Default.aspx</Url>
    <Time>09:53:22 AM +02</Time>
  </SystemRequest>
  <SystemRequest>
    <RequestTime>2017-10-23</RequestTime>
    <Path>/fdr/pages/uploadmnelist.aspx</Path>
    <User>SARSGOV\s2024134</User>
    <Url>http://localhost/fdr/pages/uploadmnelist.aspx</Url>
    <Time>11:14:22 AM +02</Time>
  </SystemRequest>
  <SystemRequest>
    <RequestTime>2017-10-23</RequestTime>
    <Path>/fdr/pages/uploadmnelist.aspx</Path>
    <User>SARSGOV\s2024134</User>
    <Url>http://localhost/fdr/pages/uploadmnelist.aspx</Url>
    <Time>11:14:36 AM +02</Time>
  </SystemRequest>
  <SystemRequest>
    <RequestTime>2017-10-23</RequestTime>
    <Path>/FDR/Default.aspx</Path>
    <User>SARSGOV\s2024134</User>
    <Url>http://localhost/FDR/Default.aspx</Url>
    <Time>11:19:16 AM +02</Time>
  </SystemRequest>
  <SystemRequest>
    <RequestTime>2017-10-23</RequestTime>
    <Path>/fdr/pages/uploadmnelist.aspx</Path>
    <User>SARSGOV\s2024134</User>
    <Url>http://localhost/fdr/pages/uploadmnelist.aspx</Url>
    <Time>11:19:23 AM +02</Time>
  </SystemRequest>
  <SystemRequest>
    <RequestTime>2017-10-23</RequestTime>
    <Path>/fdr/pages/uploadmnelist.aspx</Path>
    <User>SARSGOV\s2024134</User>
    <Url>http://localhost/fdr/pages/uploadmnelist.aspx</Url>
    <Time>11:19:30 AM +02</Time>
  </SystemRequest>
  <SystemRequest>
    <RequestTime>2017-10-23</RequestTime>
    <Path>/FDR/Default.aspx</Path>
    <User>SARSGOV\s2024134</User>
    <Url>http://localhost/FDR/Default.aspx</Url>
    <Time>11:20:45 AM +02</Time>
  </SystemRequest>
  <SystemRequest>
    <RequestTime>2017-10-23</RequestTime>
    <Path>/fdr/pages/uploadmnelist.aspx</Path>
    <User>SARSGOV\s2024134</User>
    <Url>http://localhost/fdr/pages/uploadmnelist.aspx</Url>
    <Time>11:21:14 AM +02</Time>
  </SystemRequest>
  <SystemRequest>
    <RequestTime>2017-10-23</RequestTime>
    <Path>/fdr/pages/uploadmnelist.aspx</Path>
    <User>SARSGOV\s2024134</User>
    <Url>http://localhost/fdr/pages/uploadmnelist.aspx</Url>
    <Time>11:21:19 AM +02</Time>
  </SystemRequest>
  <SystemRequest>
    <RequestTime>2017-10-23</RequestTime>
    <Path>/fdr/pages/uploadmnelist.aspx</Path>
    <User>SARSGOV\s2024134</User>
    <Url>http://localhost/fdr/pages/uploadmnelist.aspx</Url>
    <Time>11:21:46 AM +02</Time>
  </SystemRequest>
  <SystemRequest>
    <RequestTime>2017-10-23</RequestTime>
    <Path>/FDR/Default.aspx</Path>
    <User>SARSGOV\s2024134</User>
    <Url>http://localhost/FDR/Default.aspx</Url>
    <Time>11:23:13 AM +02</Time>
  </SystemRequest>
  <SystemRequest>
    <RequestTime>2017-10-23</RequestTime>
    <Path>/fdr/pages/uploadmnelist.aspx</Path>
    <User>SARSGOV\s2024134</User>
    <Url>http://localhost/fdr/pages/uploadmnelist.aspx</Url>
    <Time>11:24:10 AM +02</Time>
  </SystemRequest>
  <SystemRequest>
    <RequestTime>2017-10-23</RequestTime>
    <Path>/fdr/pages/uploadmnelist.aspx</Path>
    <User>SARSGOV\s2024134</User>
    <Url>http://localhost/fdr/pages/uploadmnelist.aspx</Url>
    <Time>11:24:16 AM +02</Time>
  </SystemRequest>
  <SystemRequest>
    <RequestTime>2017-10-23</RequestTime>
    <Path>/FDR/Default.aspx</Path>
    <User>SARSGOV\s2024134</User>
    <Url>http://localhost/FDR/Default.aspx</Url>
    <Time>11:38:08 AM +02</Time>
  </SystemRequest>
  <SystemRequest>
    <RequestTime>2017-10-23</RequestTime>
    <Path>/fdr/pages/uploadmnelist.aspx</Path>
    <User>SARSGOV\s2024134</User>
    <Url>http://localhost/fdr/pages/uploadmnelist.aspx</Url>
    <Time>11:38:37 AM +02</Time>
  </SystemRequest>
  <SystemRequest>
    <RequestTime>2017-10-23</RequestTime>
    <Path>/fdr/pages/uploadmnelist.aspx</Path>
    <User>SARSGOV\s2024134</User>
    <Url>http://localhost/fdr/pages/uploadmnelist.aspx</Url>
    <Time>11:38:41 AM +02</Time>
  </SystemRequest>
</ArrayOfSystemRequest>