<?xml version="1.0" encoding="utf-8"?>
<ArrayOfSystemRequest>
  <SystemRequest>
    <RequestTime>2017-10-30</RequestTime>
    <Path>/FDR/Default.aspx</Path>
    <User>SARSGOV\S1037927</User>
    <Url>http://localhost/FDR/Default.aspx</Url>
    <Time>09:36:37 AM +02</Time>
  </SystemRequest>
  <SystemRequest>
    <RequestTime>2017-10-30</RequestTime>
    <Path>/fdr/pages/acceptedsubmissions.aspx</Path>
    <User>SARSGOV\S1037927</User>
    <Url>http://localhost/fdr/pages/acceptedsubmissions.aspx</Url>
    <Time>09:48:55 AM +02</Time>
  </SystemRequest>
  <SystemRequest>
    <RequestTime>2017-10-30</RequestTime>
    <Path>/fdr/pages/acceptedsubmissions.aspx</Path>
    <User>SARSGOV\S1037927</User>
    <Url>http://localhost/fdr/pages/acceptedsubmissions.aspx</Url>
    <Time>09:48:59 AM +02</Time>
  </SystemRequest>
  <SystemRequest>
    <RequestTime>2017-10-30</RequestTime>
    <Path>/fdr/pages/acceptedwithwarnings.aspx</Path>
    <User>SARSGOV\S1037927</User>
    <Url>http://localhost/fdr/pages/acceptedwithwarnings.aspx</Url>
    <Time>09:49:01 AM +02</Time>
  </SystemRequest>
  <SystemRequest>
    <RequestTime>2017-10-30</RequestTime>
    <Path>/FDR/mnelistservice.asmx/</Path>
    <User>SARSGOV\S1037927</User>
    <Url>http://localhost/FDR/mnelistservice.asmx/</Url>
    <Time>09:51:18 AM +02</Time>
  </SystemRequest>
  <SystemRequest>
    <RequestTime>2017-10-30</RequestTime>
    <Path>/fdr/Default.aspx</Path>
    <User>SARSGOV\S1037927</User>
    <Url>http://localhost/fdr/Default.aspx</Url>
    <Time>12:09:48 PM +02</Time>
  </SystemRequest>
  <SystemRequest>
    <RequestTime>2017-10-30</RequestTime>
    <Path>/fdr/pages/viewsubmissions.aspx</Path>
    <User>SARSGOV\S1037927</User>
    <Url>http://localhost/fdr/pages/viewsubmissions.aspx</Url>
    <Time>12:09:56 PM +02</Time>
  </SystemRequest>
  <SystemRequest>
    <RequestTime>2017-10-30</RequestTime>
    <Path>/fdr/pages/viewsubmissions.aspx</Path>
    <User>SARSGOV\S1037927</User>
    <Url>http://localhost/fdr/pages/viewsubmissions.aspx</Url>
    <Time>12:52:52 PM +02</Time>
  </SystemRequest>
  <SystemRequest>
    <RequestTime>2017-10-30</RequestTime>
    <Path>/fdr/pages/displayfiles.aspx</Path>
    <User>SARSGOV\S1037927</User>
    <Url>http://localhost/fdr/pages/displayfiles.aspx?submissionId=10013&amp;bck=L2Zkci9wYWdlcy92aWV3c3VibWlzc2lvbnMuYXNweA==</Url>
    <Time>12:53:00 PM +02</Time>
  </SystemRequest>
  <SystemRequest>
    <RequestTime>2017-10-30</RequestTime>
    <Path>/fdr/pages/displayfiles.aspx</Path>
    <User>SARSGOV\S1037927</User>
    <Url>http://localhost/fdr/pages/displayfiles.aspx?submissionId=10013&amp;bck=L2Zkci9wYWdlcy92aWV3c3VibWlzc2lvbnMuYXNweA==</Url>
    <Time>12:53:06 PM +02</Time>
  </SystemRequest>
  <SystemRequest>
    <RequestTime>2017-10-30</RequestTime>
    <Path>/fdr/pages/viewsubmissions.aspx</Path>
    <User>SARSGOV\S1037927</User>
    <Url>http://localhost/fdr/pages/viewsubmissions.aspx</Url>
    <Time>12:53:08 PM +02</Time>
  </SystemRequest>
  <SystemRequest>
    <RequestTime>2017-10-30</RequestTime>
    <Path>/fdr/pages/viewsubmissions.aspx</Path>
    <User>SARSGOV\S1037927</User>
    <Url>http://localhost/fdr/pages/viewsubmissions.aspx</Url>
    <Time>12:53:11 PM +02</Time>
  </SystemRequest>
  <SystemRequest>
    <RequestTime>2017-10-30</RequestTime>
    <Path>/fdr/pages/displayfiles.aspx</Path>
    <User>SARSGOV\S1037927</User>
    <Url>http://localhost/fdr/pages/displayfiles.aspx?submissionId=10012&amp;bck=L2Zkci9wYWdlcy92aWV3c3VibWlzc2lvbnMuYXNweA==</Url>
    <Time>12:53:16 PM +02</Time>
  </SystemRequest>
  <SystemRequest>
    <RequestTime>2017-10-30</RequestTime>
    <Path>/fdr/pages/displayfiles.aspx</Path>
    <User>SARSGOV\S1037927</User>
    <Url>http://localhost/fdr/pages/displayfiles.aspx?submissionId=10012&amp;bck=L2Zkci9wYWdlcy92aWV3c3VibWlzc2lvbnMuYXNweA==</Url>
    <Time>12:53:21 PM +02</Time>
  </SystemRequest>
  <SystemRequest>
    <RequestTime>2017-10-30</RequestTime>
    <Path>/fdr/pages/viewsubmissions.aspx</Path>
    <User>SARSGOV\S1037927</User>
    <Url>http://localhost/fdr/pages/viewsubmissions.aspx</Url>
    <Time>12:53:23 PM +02</Time>
  </SystemRequest>
  <SystemRequest>
    <RequestTime>2017-10-30</RequestTime>
    <Path>/fdr/pages/displayfiles.aspx</Path>
    <User>SARSGOV\S1037927</User>
    <Url>http://localhost/fdr/pages/displayfiles.aspx?submissionId=10011&amp;bck=L2Zkci9wYWdlcy92aWV3c3VibWlzc2lvbnMuYXNweA==</Url>
    <Time>12:53:29 PM +02</Time>
  </SystemRequest>
  <SystemRequest>
    <RequestTime>2017-10-30</RequestTime>
    <Path>/fdr/pages/inprogress.aspx</Path>
    <User>SARSGOV\S1037927</User>
    <Url>http://localhost/fdr/pages/inprogress.aspx</Url>
    <Time>12:53:36 PM +02</Time>
  </SystemRequest>
  <SystemRequest>
    <RequestTime>2017-10-30</RequestTime>
    <Path>/fdr/pages/inprogress.aspx</Path>
    <User>SARSGOV\S1037927</User>
    <Url>http://localhost/fdr/pages/inprogress.aspx</Url>
    <Time>12:53:44 PM +02</Time>
  </SystemRequest>
  <SystemRequest>
    <RequestTime>2017-10-30</RequestTime>
    <Path>/fdr/pages/displayfiles.aspx</Path>
    <User>SARSGOV\S1037927</User>
    <Url>http://localhost/fdr/pages/displayfiles.aspx?submissionId=10026&amp;bck=L2Zkci9wYWdlcy9pbnByb2dyZXNzLmFzcHg=</Url>
    <Time>12:53:44 PM +02</Time>
  </SystemRequest>
  <SystemRequest>
    <RequestTime>2017-10-30</RequestTime>
    <Path>/FDR/pages/enquiremasterandlocalfiles.aspx</Path>
    <User>SARSGOV\S1037927</User>
    <Url>http://localhost/FDR/pages/enquiremasterandlocalfiles.aspx</Url>
    <Time>12:58:05 PM +02</Time>
  </SystemRequest>
  <SystemRequest>
    <RequestTime>2017-10-30</RequestTime>
    <Path>/FDR/pages/displayfiles.aspx</Path>
    <User>SARSGOV\S1037927</User>
    <Url>http://localhost/FDR/pages/displayfiles.aspx?submissionId=10025&amp;bck=L0ZEUi9wYWdlcy9lbnF1aXJlbWFzdGVyYW5kbG9jYWxmaWxlcy5hc3B4</Url>
    <Time>13:02:48 PM +02</Time>
  </SystemRequest>
  <SystemRequest>
    <RequestTime>2017-10-30</RequestTime>
    <Path>/fdr/pages/viewsubmissions.aspx</Path>
    <User>SARSGOV\S1037927</User>
    <Url>http://localhost/fdr/pages/viewsubmissions.aspx</Url>
    <Time>13:03:22 PM +02</Time>
  </SystemRequest>
  <SystemRequest>
    <RequestTime>2017-10-30</RequestTime>
    <Path>/FDR/Default.aspx</Path>
    <User>SARSGOV\S1037927</User>
    <Url>http://localhost/FDR/Default.aspx</Url>
    <Time>13:05:31 PM +02</Time>
  </SystemRequest>
  <SystemRequest>
    <RequestTime>2017-10-30</RequestTime>
    <Path>/fdr/pages/enquiremasterandlocalfiles.aspx</Path>
    <User>SARSGOV\S1037927</User>
    <Url>http://localhost/fdr/pages/enquiremasterandlocalfiles.aspx</Url>
    <Time>13:05:41 PM +02</Time>
  </SystemRequest>
  <SystemRequest>
    <RequestTime>2017-10-30</RequestTime>
    <Path>/fdr/pages/enquiremasterandlocalfiles.aspx</Path>
    <User>SARSGOV\S1037927</User>
    <Url>http://localhost/fdr/pages/enquiremasterandlocalfiles.aspx</Url>
    <Time>13:06:03 PM +02</Time>
  </SystemRequest>
  <SystemRequest>
    <RequestTime>2017-10-30</RequestTime>
    <Path>/fdr/Default.aspx</Path>
    <User>SARSGOV\S1037927</User>
    <Url>http://localhost/fdr/Default.aspx</Url>
    <Time>13:12:12 PM +02</Time>
  </SystemRequest>
  <SystemRequest>
    <RequestTime>2017-10-30</RequestTime>
    <Path>/fdr/pages/enquiremasterandlocalfiles.aspx</Path>
    <User>SARSGOV\S1037927</User>
    <Url>http://localhost/fdr/pages/enquiremasterandlocalfiles.aspx</Url>
    <Time>13:12:17 PM +02</Time>
  </SystemRequest>
  <SystemRequest>
    <RequestTime>2017-10-30</RequestTime>
    <Path>/fdr/pages/enquiremasterandlocalfiles.aspx</Path>
    <User>SARSGOV\S1037927</User>
    <Url>http://localhost/fdr/pages/enquiremasterandlocalfiles.aspx</Url>
    <Time>13:12:21 PM +02</Time>
  </SystemRequest>
  <SystemRequest>
    <RequestTime>2017-10-30</RequestTime>
    <Path>/fdr/pages/viewsubmissions.aspx</Path>
    <User>SARSGOV\S1037927</User>
    <Url>http://localhost/fdr/pages/viewsubmissions.aspx</Url>
    <Time>13:12:23 PM +02</Time>
  </SystemRequest>
  <SystemRequest>
    <RequestTime>2017-10-30</RequestTime>
    <Path>/fdr/pages/inprogress.aspx</Path>
    <User>SARSGOV\S1037927</User>
    <Url>http://localhost/fdr/pages/inprogress.aspx</Url>
    <Time>13:12:26 PM +02</Time>
  </SystemRequest>
  <SystemRequest>
    <RequestTime>2017-10-30</RequestTime>
    <Path>/fdr/pages/acceptedsubmissions.aspx</Path>
    <User>SARSGOV\S1037927</User>
    <Url>http://localhost/fdr/pages/acceptedsubmissions.aspx</Url>
    <Time>13:12:29 PM +02</Time>
  </SystemRequest>
  <SystemRequest>
    <RequestTime>2017-10-30</RequestTime>
    <Path>/fdr/pages/acceptedwithwarnings.aspx</Path>
    <User>SARSGOV\S1037927</User>
    <Url>http://localhost/fdr/pages/acceptedwithwarnings.aspx</Url>
    <Time>13:12:31 PM +02</Time>
  </SystemRequest>
  <SystemRequest>
    <RequestTime>2017-10-30</RequestTime>
    <Path>/fdr/secureurl/menu.aspx</Path>
    <User>SARSGOV\S1037927</User>
    <Url>http://localhost/fdr/secureurl/menu.aspx</Url>
    <Time>13:13:10 PM +02</Time>
  </SystemRequest>
  <SystemRequest>
    <RequestTime>2017-10-30</RequestTime>
    <Path>/fdr/secureurl/AssignUserToRole.aspx</Path>
    <User>SARSGOV\S1037927</User>
    <Url>http://localhost/fdr/secureurl/AssignUserToRole.aspx</Url>
    <Time>13:14:34 PM +02</Time>
  </SystemRequest>
  <SystemRequest>
    <RequestTime>2017-10-30</RequestTime>
    <Path>/fdr/pages/enquiremasterandlocalfiles.aspx</Path>
    <User>SARSGOV\S1037927</User>
    <Url>http://localhost/fdr/pages/enquiremasterandlocalfiles.aspx</Url>
    <Time>13:23:50 PM +02</Time>
  </SystemRequest>
  <SystemRequest>
    <RequestTime>2017-10-30</RequestTime>
    <Path>/fdr/secureurl/assignusertorole.aspx</Path>
    <User>SARSGOV\S1037927</User>
    <Url>http://localhost/fdr/secureurl/assignusertorole.aspx</Url>
    <Time>13:43:10 PM +02</Time>
  </SystemRequest>
  <SystemRequest>
    <RequestTime>2017-10-30</RequestTime>
    <Path>/fdr/secureurl/removeuserfromrole.aspx</Path>
    <User>SARSGOV\S1037927</User>
    <Url>http://localhost/fdr/secureurl/removeuserfromrole.aspx</Url>
    <Time>13:43:11 PM +02</Time>
  </SystemRequest>
  <SystemRequest>
    <RequestTime>2017-10-30</RequestTime>
    <Path>/fdr/secureurl/sarsactivedirectoryuserservice.asmx</Path>
    <User>SARSGOV\S1037927</User>
    <Url>http://localhost/fdr/secureurl/sarsactivedirectoryuserservice.asmx</Url>
    <Time>13:43:22 PM +02</Time>
  </SystemRequest>
  <SystemRequest>
    <RequestTime>2017-10-30</RequestTime>
    <Path>/fdr/secureurl/removeuserfromrole.aspx</Path>
    <User>SARSGOV\S1037927</User>
    <Url>http://localhost/fdr/secureurl/removeuserfromrole.aspx</Url>
    <Time>13:43:30 PM +02</Time>
  </SystemRequest>
  <SystemRequest>
    <RequestTime>2017-10-30</RequestTime>
    <Path>/fdr/secureurl/menu.aspx</Path>
    <User>SARSGOV\S1037927</User>
    <Url>http://localhost/fdr/secureurl/menu.aspx</Url>
    <Time>13:43:37 PM +02</Time>
  </SystemRequest>
  <SystemRequest>
    <RequestTime>2017-10-30</RequestTime>
    <Path>/fdr/secureurl/AssignUserToRole.aspx</Path>
    <User>SARSGOV\S1037927</User>
    <Url>http://localhost/fdr/secureurl/AssignUserToRole.aspx</Url>
    <Time>13:43:41 PM +02</Time>
  </SystemRequest>
  <SystemRequest>
    <RequestTime>2017-10-30</RequestTime>
    <Path>/fdr/secureurl/sarsactivedirectoryuserservice.asmx</Path>
    <User>SARSGOV\S1037927</User>
    <Url>http://localhost/fdr/secureurl/sarsactivedirectoryuserservice.asmx</Url>
    <Time>13:43:51 PM +02</Time>
  </SystemRequest>
  <SystemRequest>
    <RequestTime>2017-10-30</RequestTime>
    <Path>/fdr/secureurl/AssignUserToRole.aspx</Path>
    <User>SARSGOV\S1037927</User>
    <Url>http://localhost/fdr/secureurl/AssignUserToRole.aspx</Url>
    <Time>13:43:58 PM +02</Time>
  </SystemRequest>
  <SystemRequest>
    <RequestTime>2017-10-30</RequestTime>
    <Path>/fdr/pages/userprofile.aspx</Path>
    <User>SARSGOV\S1037927</User>
    <Url>http://localhost/fdr/pages/userprofile.aspx</Url>
    <Time>13:44:11 PM +02</Time>
  </SystemRequest>
  <SystemRequest>
    <RequestTime>2017-10-30</RequestTime>
    <Path>/fdr/secureurl/sarsactivedirectoryuserservice.asmx</Path>
    <User>SARSGOV\S1037927</User>
    <Url>http://localhost/fdr/secureurl/sarsactivedirectoryuserservice.asmx</Url>
    <Time>13:44:38 PM +02</Time>
  </SystemRequest>
  <SystemRequest>
    <RequestTime>2017-10-30</RequestTime>
    <Path>/fdr/pages/userprofile.aspx</Path>
    <User>SARSGOV\S1037927</User>
    <Url>http://localhost/fdr/pages/userprofile.aspx</Url>
    <Time>13:44:44 PM +02</Time>
  </SystemRequest>
  <SystemRequest>
    <RequestTime>2017-10-30</RequestTime>
    <Path>/fdr/pages/userprofile.aspx</Path>
    <User>SARSGOV\S1037927</User>
    <Url>http://localhost/fdr/pages/userprofile.aspx</Url>
    <Time>13:44:54 PM +02</Time>
  </SystemRequest>
  <SystemRequest>
    <RequestTime>2017-10-30</RequestTime>
    <Path>/fdr/Default.aspx</Path>
    <User>SARSGOV\S1037927</User>
    <Url>http://localhost/fdr/Default.aspx</Url>
    <Time>13:45:36 PM +02</Time>
  </SystemRequest>
  <SystemRequest>
    <RequestTime>2017-10-30</RequestTime>
    <Path>/fdr/pages/incomingcbcdeclataions.aspx</Path>
    <User>SARSGOV\S1037927</User>
    <Url>http://localhost/fdr/pages/incomingcbcdeclataions.aspx</Url>
    <Time>13:45:40 PM +02</Time>
  </SystemRequest>
  <SystemRequest>
    <RequestTime>2017-10-30</RequestTime>
    <Path>/fdr/pages/incomingcbcdeclataions.aspx</Path>
    <User>SARSGOV\S1037927</User>
    <Url>http://localhost/fdr/pages/incomingcbcdeclataions.aspx</Url>
    <Time>13:45:44 PM +02</Time>
  </SystemRequest>
  <SystemRequest>
    <RequestTime>2017-10-30</RequestTime>
    <Path>/fdr/pages/incomingcbcdeclataions.aspx</Path>
    <User>SARSGOV\S1037927</User>
    <Url>http://localhost/fdr/pages/incomingcbcdeclataions.aspx</Url>
    <Time>13:45:46 PM +02</Time>
  </SystemRequest>
  <SystemRequest>
    <RequestTime>2017-10-30</RequestTime>
    <Path>/FDR/default.aspx</Path>
    <User>SARSGOV\S1037927</User>
    <Url>http://lptabu95/FDR/default.aspx</Url>
    <Time>13:47:36 PM +02</Time>
  </SystemRequest>
  <SystemRequest>
    <RequestTime>2017-10-30</RequestTime>
    <Path>/fdr/pages/incomingcbcdeclataions.aspx</Path>
    <User>SARSGOV\S1037927</User>
    <Url>http://localhost/fdr/pages/incomingcbcdeclataions.aspx</Url>
    <Time>13:50:01 PM +02</Time>
  </SystemRequest>
  <SystemRequest>
    <RequestTime>2017-10-30</RequestTime>
    <Path>/FDR/pages/cbcForm.aspx</Path>
    <User>SARSGOV\S1037927</User>
    <Url>http://localhost/FDR/pages/cbcForm.aspx?refno=9428429840&amp;year=2018</Url>
    <Time>13:50:02 PM +02</Time>
  </SystemRequest>
  <SystemRequest>
    <RequestTime>2017-10-30</RequestTime>
    <Path>/fdr/pages/incomingcbcdeclataions.aspx</Path>
    <User>SARSGOV\S1037927</User>
    <Url>http://localhost/fdr/pages/incomingcbcdeclataions.aspx</Url>
    <Time>13:50:21 PM +02</Time>
  </SystemRequest>
  <SystemRequest>
    <RequestTime>2017-10-30</RequestTime>
    <Path>/fdr/pages/incomingcbcdeclataions.aspx</Path>
    <User>SARSGOV\S1037927</User>
    <Url>http://localhost/fdr/pages/incomingcbcdeclataions.aspx</Url>
    <Time>13:50:24 PM +02</Time>
  </SystemRequest>
  <SystemRequest>
    <RequestTime>2017-10-30</RequestTime>
    <Path>/FDR/pages/cbcForm.aspx</Path>
    <User>SARSGOV\S1037927</User>
    <Url>http://localhost/FDR/pages/cbcForm.aspx?refno=9080191837&amp;year=2018</Url>
    <Time>13:50:26 PM +02</Time>
  </SystemRequest>
  <SystemRequest>
    <RequestTime>2017-10-30</RequestTime>
    <Path>/FDR/Default.aspx</Path>
    <User>SARSGOV\S1037927</User>
    <Url>http://localhost/FDR/Default.aspx</Url>
    <Time>13:51:22 PM +02</Time>
  </SystemRequest>
  <SystemRequest>
    <RequestTime>2017-10-30</RequestTime>
    <Path>/fdr/pages/incomingcbcdeclataions.aspx</Path>
    <User>SARSGOV\S1037927</User>
    <Url>http://localhost/fdr/pages/incomingcbcdeclataions.aspx</Url>
    <Time>13:51:25 PM +02</Time>
  </SystemRequest>
  <SystemRequest>
    <RequestTime>2017-10-30</RequestTime>
    <Path>/fdr/pages/incomingcbcdeclataions.aspx</Path>
    <User>SARSGOV\S1037927</User>
    <Url>http://localhost/fdr/pages/incomingcbcdeclataions.aspx</Url>
    <Time>13:52:58 PM +02</Time>
  </SystemRequest>
  <SystemRequest>
    <RequestTime>2017-10-30</RequestTime>
    <Path>/FDR/pages/cbcForm.aspx</Path>
    <User>SARSGOV\S1037927</User>
    <Url>http://localhost/FDR/pages/cbcForm.aspx?refno=9428429840&amp;year=2018</Url>
    <Time>13:52:59 PM +02</Time>
  </SystemRequest>
  <SystemRequest>
    <RequestTime>2017-10-30</RequestTime>
    <Path>/FDR/Default.aspx</Path>
    <User>SARSGOV\S1037927</User>
    <Url>http://localhost/FDR/Default.aspx</Url>
    <Time>13:53:20 PM +02</Time>
  </SystemRequest>
  <SystemRequest>
    <RequestTime>2017-10-30</RequestTime>
    <Path>/fdr/pages/viewsubmissions.aspx</Path>
    <User>SARSGOV\S1037927</User>
    <Url>http://localhost/fdr/pages/viewsubmissions.aspx</Url>
    <Time>13:53:25 PM +02</Time>
  </SystemRequest>
  <SystemRequest>
    <RequestTime>2017-10-30</RequestTime>
    <Path>/fdr/pages/displayfiles.aspx</Path>
    <User>SARSGOV\S1037927</User>
    <Url>http://localhost/fdr/pages/displayfiles.aspx?submissionId=10026&amp;bck=L2Zkci9wYWdlcy92aWV3c3VibWlzc2lvbnMuYXNweA==</Url>
    <Time>13:53:37 PM +02</Time>
  </SystemRequest>
  <SystemRequest>
    <RequestTime>2017-10-30</RequestTime>
    <Path>/fdr/pages/displayfiles.aspx</Path>
    <User>SARSGOV\S1037927</User>
    <Url>http://localhost/fdr/pages/displayfiles.aspx?submissionId=10026&amp;bck=L2Zkci9wYWdlcy92aWV3c3VibWlzc2lvbnMuYXNweA==</Url>
    <Time>13:53:59 PM +02</Time>
  </SystemRequest>
  <SystemRequest>
    <RequestTime>2017-10-30</RequestTime>
    <Path>/fdr/pages/viewsubmissions.aspx</Path>
    <User>SARSGOV\S1037927</User>
    <Url>http://localhost/fdr/pages/viewsubmissions.aspx</Url>
    <Time>13:54:00 PM +02</Time>
  </SystemRequest>
  <SystemRequest>
    <RequestTime>2017-10-30</RequestTime>
    <Path>/fdr/pages/displayfiles.aspx</Path>
    <User>SARSGOV\S1037927</User>
    <Url>http://localhost/fdr/pages/displayfiles.aspx?submissionId=10025&amp;bck=L2Zkci9wYWdlcy92aWV3c3VibWlzc2lvbnMuYXNweA==</Url>
    <Time>13:54:03 PM +02</Time>
  </SystemRequest>
  <SystemRequest>
    <RequestTime>2017-10-30</RequestTime>
    <Path>/fdr/pages/displayfiles.aspx</Path>
    <User>SARSGOV\S1037927</User>
    <Url>http://localhost/fdr/pages/displayfiles.aspx?submissionId=10025&amp;bck=L2Zkci9wYWdlcy92aWV3c3VibWlzc2lvbnMuYXNweA==</Url>
    <Time>13:54:10 PM +02</Time>
  </SystemRequest>
  <SystemRequest>
    <RequestTime>2017-10-30</RequestTime>
    <Path>/fdr/pages/viewsubmissions.aspx</Path>
    <User>SARSGOV\S1037927</User>
    <Url>http://localhost/fdr/pages/viewsubmissions.aspx</Url>
    <Time>13:54:10 PM +02</Time>
  </SystemRequest>
  <SystemRequest>
    <RequestTime>2017-10-30</RequestTime>
    <Path>/fdr/pages/displayfiles.aspx</Path>
    <User>SARSGOV\S1037927</User>
    <Url>http://localhost/fdr/pages/displayfiles.aspx?submissionId=10024&amp;bck=L2Zkci9wYWdlcy92aWV3c3VibWlzc2lvbnMuYXNweA==</Url>
    <Time>13:54:13 PM +02</Time>
  </SystemRequest>
  <SystemRequest>
    <RequestTime>2017-10-30</RequestTime>
    <Path>/fdr/pages/displayfiles.aspx</Path>
    <User>SARSGOV\S1037927</User>
    <Url>http://localhost/fdr/pages/displayfiles.aspx?submissionId=10024&amp;bck=L2Zkci9wYWdlcy92aWV3c3VibWlzc2lvbnMuYXNweA==</Url>
    <Time>13:54:20 PM +02</Time>
  </SystemRequest>
  <SystemRequest>
    <RequestTime>2017-10-30</RequestTime>
    <Path>/fdr/pages/viewsubmissions.aspx</Path>
    <User>SARSGOV\S1037927</User>
    <Url>http://localhost/fdr/pages/viewsubmissions.aspx</Url>
    <Time>13:54:21 PM +02</Time>
  </SystemRequest>
  <SystemRequest>
    <RequestTime>2017-10-30</RequestTime>
    <Path>/fdr/pages/viewsubmissions.aspx</Path>
    <User>SARSGOV\S1037927</User>
    <Url>http://localhost/fdr/pages/viewsubmissions.aspx</Url>
    <Time>13:54:24 PM +02</Time>
  </SystemRequest>
  <SystemRequest>
    <RequestTime>2017-10-30</RequestTime>
    <Path>/fdr/pages/displayfiles.aspx</Path>
    <User>SARSGOV\S1037927</User>
    <Url>http://localhost/fdr/pages/displayfiles.aspx?submissionId=10023&amp;bck=L2Zkci9wYWdlcy92aWV3c3VibWlzc2lvbnMuYXNweA==</Url>
    <Time>13:54:24 PM +02</Time>
  </SystemRequest>
  <SystemRequest>
    <RequestTime>2017-10-30</RequestTime>
    <Path>/fdr/pages/displayfiles.aspx</Path>
    <User>SARSGOV\S1037927</User>
    <Url>http://localhost/fdr/pages/displayfiles.aspx?submissionId=10023&amp;bck=L2Zkci9wYWdlcy92aWV3c3VibWlzc2lvbnMuYXNweA==</Url>
    <Time>13:54:44 PM +02</Time>
  </SystemRequest>
  <SystemRequest>
    <RequestTime>2017-10-30</RequestTime>
    <Path>/fdr/pages/filedetails.aspx</Path>
    <User>SARSGOV\S1037927</User>
    <Url>http://localhost/fdr/pages/filedetails.aspx?oId=0900006e801c33da&amp;fId=86&amp;submissionId=10023</Url>
    <Time>13:54:44 PM +02</Time>
  </SystemRequest>
</ArrayOfSystemRequest>