<?xml version="1.0" encoding="utf-8"?>
<ArrayOfSystemRequest>
  <SystemRequest>
    <RequestTime>2017-11-09</RequestTime>
    <Path>/fdr/pages/displayfiles.aspx</Path>
    <User>SARSGOV\S1037927</User>
    <Url>http://localhost/fdr/pages/displayfiles.aspx?submissionId=10042&amp;bck=L2Zkci9wYWdlcy9hY2NlcHRlZHN1Ym1pc3Npb25zLmFzcHg=</Url>
    <Time>12:58:14 PM +02</Time>
  </SystemRequest>
  <SystemRequest>
    <RequestTime>2017-11-09</RequestTime>
    <Path>/fdr/pages/displayfiles.aspx</Path>
    <User>SARSGOV\S1037927</User>
    <Url>http://localhost/fdr/pages/displayfiles.aspx?submissionId=10042&amp;bck=L2Zkci9wYWdlcy9hY2NlcHRlZHN1Ym1pc3Npb25zLmFzcHg=</Url>
    <Time>12:59:17 PM +02</Time>
  </SystemRequest>
  <SystemRequest>
    <RequestTime>2017-11-09</RequestTime>
    <Path>/fdr/pages/displayfiles.aspx</Path>
    <User>SARSGOV\S1037927</User>
    <Url>http://localhost/fdr/pages/displayfiles.aspx?submissionId=10042&amp;bck=L2Zkci9wYWdlcy9hY2NlcHRlZHN1Ym1pc3Npb25zLmFzcHg=</Url>
    <Time>12:59:32 PM +02</Time>
  </SystemRequest>
  <SystemRequest>
    <RequestTime>2017-11-09</RequestTime>
    <Path>/fdr/Default.aspx</Path>
    <User>SARSGOV\S1037927</User>
    <Url>http://localhost/fdr/Default.aspx</Url>
    <Time>13:04:46 PM +02</Time>
  </SystemRequest>
  <SystemRequest>
    <RequestTime>2017-11-09</RequestTime>
    <Path>/fdr/pages/displayfiles.aspx</Path>
    <User>SARSGOV\S1037927</User>
    <Url>http://localhost/fdr/pages/displayfiles.aspx?submissionId=10042&amp;bck=L2Zkci9wYWdlcy9hY2NlcHRlZHN1Ym1pc3Npb25zLmFzcHg=</Url>
    <Time>13:08:39 PM +02</Time>
  </SystemRequest>
  <SystemRequest>
    <RequestTime>2017-11-09</RequestTime>
    <Path>/fdr/pages/displayfiles.aspx</Path>
    <User>SARSGOV\S1037927</User>
    <Url>http://localhost/fdr/pages/displayfiles.aspx?submissionId=10042&amp;bck=L2Zkci9wYWdlcy9hY2NlcHRlZHN1Ym1pc3Npb25zLmFzcHg=</Url>
    <Time>13:08:47 PM +02</Time>
  </SystemRequest>
  <SystemRequest>
    <RequestTime>2017-11-09</RequestTime>
    <Path>/FDR/FDRQueueService.asmx</Path>
    <User>SARSGOV\S1037927</User>
    <Url>http://localhost/FDR/FDRQueueService.asmx</Url>
    <Time>16:17:27 PM +02</Time>
  </SystemRequest>
  <SystemRequest>
    <RequestTime>2017-11-09</RequestTime>
    <Path>/FDR/FDRQueueService.asmx</Path>
    <User>SARSGOV\S1037927</User>
    <Url>http://localhost/FDR/FDRQueueService.asmx?op=SendSms</Url>
    <Time>16:17:32 PM +02</Time>
  </SystemRequest>
  <SystemRequest>
    <RequestTime>2017-11-09</RequestTime>
    <Path>/FDR/FDRQueueService.asmx</Path>
    <User>SARSGOV\S1037927</User>
    <Url>http://localhost/FDR/FDRQueueService.asmx</Url>
    <Time>16:18:24 PM +02</Time>
  </SystemRequest>
  <SystemRequest>
    <RequestTime>2017-11-09</RequestTime>
    <Path>/FDR/FDRQueueService.asmx</Path>
    <User>SARSGOV\S1037927</User>
    <Url>http://localhost/FDR/FDRQueueService.asmx?op=GetTaxpayerRegistrationData</Url>
    <Time>16:18:26 PM +02</Time>
  </SystemRequest>
  <SystemRequest>
    <RequestTime>2017-11-09</RequestTime>
    <Path>/FDR/FDRQueueService.asmx/GetTaxpayerRegistrationData</Path>
    <User>SARSGOV\S1037927</User>
    <Url>http://localhost/FDR/FDRQueueService.asmx/GetTaxpayerRegistrationData</Url>
    <Time>16:20:20 PM +02</Time>
  </SystemRequest>
  <SystemRequest>
    <RequestTime>2017-11-09</RequestTime>
    <Path>/FDR/Default.aspx</Path>
    <User>SARSGOV\S1037927</User>
    <Url>http://localhost/FDR/Default.aspx</Url>
    <Time>16:20:49 PM +02</Time>
  </SystemRequest>
  <SystemRequest>
    <RequestTime>2017-11-09</RequestTime>
    <Path>/FDR/FDRQueueService.asmx/GetTaxpayerRegistrationData</Path>
    <User>SARSGOV\S1037927</User>
    <Url>http://localhost/FDR/FDRQueueService.asmx/GetTaxpayerRegistrationData</Url>
    <Time>16:21:00 PM +02</Time>
  </SystemRequest>
  <SystemRequest>
    <RequestTime>2017-11-09</RequestTime>
    <Path>/FDR/Default.aspx</Path>
    <User>SARSGOV\S1037927</User>
    <Url>http://localhost/FDR/Default.aspx</Url>
    <Time>16:40:14 PM +02</Time>
  </SystemRequest>
  <SystemRequest>
    <RequestTime>2017-11-09</RequestTime>
    <Path>/FDR/FDRQueueService.asmx</Path>
    <User>SARSGOV\S1037927</User>
    <Url>http://localhost/FDR/FDRQueueService.asmx</Url>
    <Time>16:49:05 PM +02</Time>
  </SystemRequest>
  <SystemRequest>
    <RequestTime>2017-11-09</RequestTime>
    <Path>/FDR/FDRQueueService.asmx</Path>
    <User>SARSGOV\S1037927</User>
    <Url>http://localhost/FDR/FDRQueueService.asmx?op=SendSms</Url>
    <Time>16:49:11 PM +02</Time>
  </SystemRequest>
  <SystemRequest>
    <RequestTime>2017-11-09</RequestTime>
    <Path>/FDR/FDRQueueService.asmx</Path>
    <User>SARSGOV\S1037927</User>
    <Url>http://localhost/FDR/FDRQueueService.asmx?op=EnquireRegistration</Url>
    <Time>16:49:17 PM +02</Time>
  </SystemRequest>
  <SystemRequest>
    <RequestTime>2017-11-09</RequestTime>
    <Path>/FDR/FDRQueueService.asmx/EnquireRegistration</Path>
    <User>SARSGOV\S1037927</User>
    <Url>http://localhost/FDR/FDRQueueService.asmx/EnquireRegistration</Url>
    <Time>16:49:20 PM +02</Time>
  </SystemRequest>
  <SystemRequest>
    <RequestTime>2017-11-09</RequestTime>
    <Path>/FDR/Default.aspx</Path>
    <User>SARSGOV\S1037927</User>
    <Url>http://localhost/FDR/Default.aspx</Url>
    <Time>16:55:33 PM +02</Time>
  </SystemRequest>
  <SystemRequest>
    <RequestTime>2017-11-09</RequestTime>
    <Path>/FDR/Default.aspx</Path>
    <User>SARSGOV\S1037927</User>
    <Url>http://localhost/FDR/Default.aspx</Url>
    <Time>16:55:51 PM +02</Time>
  </SystemRequest>
  <SystemRequest>
    <RequestTime>2017-11-09</RequestTime>
    <Path>/FDR/Default.aspx</Path>
    <User>SARSGOV\S1037927</User>
    <Url>http://localhost/FDR/Default.aspx</Url>
    <Time>16:56:12 PM +02</Time>
  </SystemRequest>
  <SystemRequest>
    <RequestTime>2017-11-09</RequestTime>
    <Path>/FDR/Default.aspx</Path>
    <User>SARSGOV\S1037927</User>
    <Url>http://localhost/FDR/Default.aspx</Url>
    <Time>16:57:50 PM +02</Time>
  </SystemRequest>
  <SystemRequest>
    <RequestTime>2017-11-09</RequestTime>
    <Path>/FDR/FDRQueueService.asmx</Path>
    <User>SARSGOV\S1037927</User>
    <Url>http://localhost/FDR/FDRQueueService.asmx</Url>
    <Time>16:58:20 PM +02</Time>
  </SystemRequest>
  <SystemRequest>
    <RequestTime>2017-11-09</RequestTime>
    <Path>/FDR/FDRQueueService.asmx</Path>
    <User>SARSGOV\S1037927</User>
    <Url>http://localhost/FDR/FDRQueueService.asmx?op=SendSms</Url>
    <Time>16:58:23 PM +02</Time>
  </SystemRequest>
  <SystemRequest>
    <RequestTime>2017-11-09</RequestTime>
    <Path>/FDR/FDRQueueService.asmx</Path>
    <User>SARSGOV\S1037927</User>
    <Url>http://localhost/FDR/FDRQueueService.asmx</Url>
    <Time>16:58:25 PM +02</Time>
  </SystemRequest>
  <SystemRequest>
    <RequestTime>2017-11-09</RequestTime>
    <Path>/FDR/FDRQueueService.asmx</Path>
    <User>SARSGOV\S1037927</User>
    <Url>http://localhost/FDR/FDRQueueService.asmx?op=EnquireRegistration</Url>
    <Time>16:58:27 PM +02</Time>
  </SystemRequest>
  <SystemRequest>
    <RequestTime>2017-11-09</RequestTime>
    <Path>/FDR/FDRQueueService.asmx/EnquireRegistration</Path>
    <User>SARSGOV\S1037927</User>
    <Url>http://localhost/FDR/FDRQueueService.asmx/EnquireRegistration</Url>
    <Time>16:58:31 PM +02</Time>
  </SystemRequest>
  <SystemRequest>
    <RequestTime>2017-11-09</RequestTime>
    <Path>/FDR/FDRQueueService.asmx</Path>
    <User>SARSGOV\S1037927</User>
    <Url>http://localhost/FDR/FDRQueueService.asmx</Url>
    <Time>17:14:07 PM +02</Time>
  </SystemRequest>
  <SystemRequest>
    <RequestTime>2017-11-09</RequestTime>
    <Path>/FDR/pages/u3tm.aspx</Path>
    <User>SARSGOV\S1037927</User>
    <Url>http://localhost/FDR/pages/u3tm.aspx</Url>
    <Time>17:25:30 PM +02</Time>
  </SystemRequest>
  <SystemRequest>
    <RequestTime>2017-11-09</RequestTime>
    <Path>/FDR/pages/u3tm.aspx</Path>
    <User>SARSGOV\S1037927</User>
    <Url>http://localhost/FDR/pages/u3tm.aspx</Url>
    <Time>17:25:49 PM +02</Time>
  </SystemRequest>
  <SystemRequest>
    <RequestTime>2017-11-09</RequestTime>
    <Path>/FDR/pages/u3tm.aspx</Path>
    <User>SARSGOV\S1037927</User>
    <Url>http://localhost/FDR/pages/u3tm.aspx</Url>
    <Time>17:26:00 PM +02</Time>
  </SystemRequest>
  <SystemRequest>
    <RequestTime>2017-11-09</RequestTime>
    <Path>/FDR/pages/u3tm.aspx</Path>
    <User>SARSGOV\S1037927</User>
    <Url>http://localhost/FDR/pages/u3tm.aspx</Url>
    <Time>17:27:03 PM +02</Time>
  </SystemRequest>
  <SystemRequest>
    <RequestTime>2017-11-09</RequestTime>
    <Path>/FDR/pages/u3tm.aspx</Path>
    <User>SARSGOV\S1037927</User>
    <Url>http://localhost/FDR/pages/u3tm.aspx</Url>
    <Time>17:27:10 PM +02</Time>
  </SystemRequest>
  <SystemRequest>
    <RequestTime>2017-11-09</RequestTime>
    <Path>/FDR/pages/u3tm.aspx</Path>
    <User>SARSGOV\S1037927</User>
    <Url>http://localhost/FDR/pages/u3tm.aspx</Url>
    <Time>17:28:41 PM +02</Time>
  </SystemRequest>
  <SystemRequest>
    <RequestTime>2017-11-09</RequestTime>
    <Path>/FDR/pages/u3tm.aspx</Path>
    <User>SARSGOV\S1037927</User>
    <Url>http://localhost/FDR/pages/u3tm.aspx</Url>
    <Time>17:28:58 PM +02</Time>
  </SystemRequest>
  <SystemRequest>
    <RequestTime>2017-11-09</RequestTime>
    <Path>/FDR/pages/u3tm.aspx</Path>
    <User>SARSGOV\S1037927</User>
    <Url>http://localhost/FDR/pages/u3tm.aspx</Url>
    <Time>17:34:16 PM +02</Time>
  </SystemRequest>
  <SystemRequest>
    <RequestTime>2017-11-09</RequestTime>
    <Path>/FDR/pages/u3tm.aspx</Path>
    <User>SARSGOV\S1037927</User>
    <Url>http://localhost/FDR/pages/u3tm.aspx</Url>
    <Time>17:34:23 PM +02</Time>
  </SystemRequest>
  <SystemRequest>
    <RequestTime>2017-11-09</RequestTime>
    <Path>/FDR/Default.aspx</Path>
    <User>SARSGOV\S1037927</User>
    <Url>http://localhost/FDR/Default.aspx</Url>
    <Time>17:40:40 PM +02</Time>
  </SystemRequest>
  <SystemRequest>
    <RequestTime>2017-11-09</RequestTime>
    <Path>/FDR/Default.aspx</Path>
    <User>SARSGOV\S1037927</User>
    <Url>http://localhost/FDR/Default.aspx</Url>
    <Time>17:40:52 PM +02</Time>
  </SystemRequest>
  <SystemRequest>
    <RequestTime>2017-11-09</RequestTime>
    <Path>/FDR/Default.aspx</Path>
    <User>SARSGOV\S1037927</User>
    <Url>http://localhost/FDR/Default.aspx</Url>
    <Time>17:41:48 PM +02</Time>
  </SystemRequest>
  <SystemRequest>
    <RequestTime>2017-11-09</RequestTime>
    <Path>/fdr/pages/incomingcbcdeclataions.aspx</Path>
    <User>SARSGOV\S1037927</User>
    <Url>http://localhost/fdr/pages/incomingcbcdeclataions.aspx</Url>
    <Time>17:41:49 PM +02</Time>
  </SystemRequest>
  <SystemRequest>
    <RequestTime>2017-11-09</RequestTime>
    <Path>/fdr/pages/incomingcbcdeclataions.aspx</Path>
    <User>SARSGOV\S1037927</User>
    <Url>http://localhost/fdr/pages/incomingcbcdeclataions.aspx</Url>
    <Time>17:41:51 PM +02</Time>
  </SystemRequest>
  <SystemRequest>
    <RequestTime>2017-11-09</RequestTime>
    <Path>/FDR/pages/cbcForm.aspx</Path>
    <User>SARSGOV\S1037927</User>
    <Url>http://localhost/FDR/pages/cbcForm.aspx?refno=9315130147&amp;year=2018</Url>
    <Time>17:41:51 PM +02</Time>
  </SystemRequest>
  <SystemRequest>
    <RequestTime>2017-11-09</RequestTime>
    <Path>/FDR/Default.aspx</Path>
    <User>SARSGOV\S1037927</User>
    <Url>http://localhost/FDR/Default.aspx</Url>
    <Time>17:41:58 PM +02</Time>
  </SystemRequest>
  <SystemRequest>
    <RequestTime>2017-11-09</RequestTime>
    <Path>/fdr/pages/viewedincomingcbcdeclataions.aspx</Path>
    <User>SARSGOV\S1037927</User>
    <Url>http://localhost/fdr/pages/viewedincomingcbcdeclataions.aspx</Url>
    <Time>17:41:59 PM +02</Time>
  </SystemRequest>
  <SystemRequest>
    <RequestTime>2017-11-09</RequestTime>
    <Path>/fdr/pages/viewedincomingcbcdeclataions.aspx</Path>
    <User>SARSGOV\S1037927</User>
    <Url>http://localhost/fdr/pages/viewedincomingcbcdeclataions.aspx</Url>
    <Time>17:42:19 PM +02</Time>
  </SystemRequest>
  <SystemRequest>
    <RequestTime>2017-11-09</RequestTime>
    <Path>/FDR/pages/cbcForm.aspx</Path>
    <User>SARSGOV\S1037927</User>
    <Url>http://localhost/FDR/pages/cbcForm.aspx?refno=9068321141&amp;year=2016</Url>
    <Time>17:42:19 PM +02</Time>
  </SystemRequest>
  <SystemRequest>
    <RequestTime>2017-11-09</RequestTime>
    <Path>/FDR/Default.aspx</Path>
    <User>SARSGOV\S1037927</User>
    <Url>http://localhost/FDR/Default.aspx</Url>
    <Time>17:42:25 PM +02</Time>
  </SystemRequest>
  <SystemRequest>
    <RequestTime>2017-11-09</RequestTime>
    <Path>/fdr/pages/viewedincomingcbcdeclataions.aspx</Path>
    <User>SARSGOV\S1037927</User>
    <Url>http://localhost/fdr/pages/viewedincomingcbcdeclataions.aspx</Url>
    <Time>17:42:27 PM +02</Time>
  </SystemRequest>
  <SystemRequest>
    <RequestTime>2017-11-09</RequestTime>
    <Path>/fdr/pages/viewedincomingcbcdeclataions.aspx</Path>
    <User>SARSGOV\S1037927</User>
    <Url>http://localhost/fdr/pages/viewedincomingcbcdeclataions.aspx</Url>
    <Time>17:42:30 PM +02</Time>
  </SystemRequest>
  <SystemRequest>
    <RequestTime>2017-11-09</RequestTime>
    <Path>/FDR/pages/cbcForm.aspx</Path>
    <User>SARSGOV\S1037927</User>
    <Url>http://localhost/FDR/pages/cbcForm.aspx?refno=9053018181&amp;year=2017</Url>
    <Time>17:42:30 PM +02</Time>
  </SystemRequest>
  <SystemRequest>
    <RequestTime>2017-11-09</RequestTime>
    <Path>/FDR/pages/u3tm.aspx</Path>
    <User>SARSGOV\S1037927</User>
    <Url>http://localhost/FDR/pages/u3tm.aspx</Url>
    <Time>17:45:20 PM +02</Time>
  </SystemRequest>
  <SystemRequest>
    <RequestTime>2017-11-09</RequestTime>
    <Path>/fdr/secureurl/menu.aspx</Path>
    <User>SARSGOV\S1037927</User>
    <Url>http://localhost/fdr/secureurl/menu.aspx</Url>
    <Time>17:45:28 PM +02</Time>
  </SystemRequest>
  <SystemRequest>
    <RequestTime>2017-11-09</RequestTime>
    <Path>/fdr/secureurl/ViewFunctions.aspx</Path>
    <User>SARSGOV\S1037927</User>
    <Url>http://localhost/fdr/secureurl/ViewFunctions.aspx</Url>
    <Time>17:45:32 PM +02</Time>
  </SystemRequest>
  <SystemRequest>
    <RequestTime>2017-11-09</RequestTime>
    <Path>/fdr/secureurl/ViewFunctions.aspx</Path>
    <User>SARSGOV\S1037927</User>
    <Url>http://localhost/fdr/secureurl/ViewFunctions.aspx</Url>
    <Time>17:45:33 PM +02</Time>
  </SystemRequest>
  <SystemRequest>
    <RequestTime>2017-11-09</RequestTime>
    <Path>/fdr/secureurl/ViewFunctions.aspx</Path>
    <User>SARSGOV\S1037927</User>
    <Url>http://localhost/fdr/secureurl/ViewFunctions.aspx</Url>
    <Time>17:46:02 PM +02</Time>
  </SystemRequest>
  <SystemRequest>
    <RequestTime>2017-11-09</RequestTime>
    <Path>/fdr/secureurl/menu.aspx</Path>
    <User>SARSGOV\S1037927</User>
    <Url>http://localhost/fdr/secureurl/menu.aspx</Url>
    <Time>17:46:04 PM +02</Time>
  </SystemRequest>
  <SystemRequest>
    <RequestTime>2017-11-09</RequestTime>
    <Path>/fdr/secureurl/AssignFunctionToRole.aspx</Path>
    <User>SARSGOV\S1037927</User>
    <Url>http://localhost/fdr/secureurl/AssignFunctionToRole.aspx</Url>
    <Time>17:46:06 PM +02</Time>
  </SystemRequest>
  <SystemRequest>
    <RequestTime>2017-11-09</RequestTime>
    <Path>/fdr/secureurl/AssignFunctionToRole.aspx</Path>
    <User>SARSGOV\S1037927</User>
    <Url>http://localhost/fdr/secureurl/AssignFunctionToRole.aspx</Url>
    <Time>17:46:09 PM +02</Time>
  </SystemRequest>
  <SystemRequest>
    <RequestTime>2017-11-09</RequestTime>
    <Path>/fdr/secureurl/AssignFunctionToRole.aspx</Path>
    <User>SARSGOV\S1037927</User>
    <Url>http://localhost/fdr/secureurl/AssignFunctionToRole.aspx</Url>
    <Time>17:46:10 PM +02</Time>
  </SystemRequest>
  <SystemRequest>
    <RequestTime>2017-11-09</RequestTime>
    <Path>/fdr/secureurl/AssignFunctionToRole.aspx</Path>
    <User>SARSGOV\S1037927</User>
    <Url>http://localhost/fdr/secureurl/AssignFunctionToRole.aspx</Url>
    <Time>17:46:12 PM +02</Time>
  </SystemRequest>
  <SystemRequest>
    <RequestTime>2017-11-09</RequestTime>
    <Path>/fdr/secureurl/AssignFunctionToRole.aspx</Path>
    <User>SARSGOV\S1037927</User>
    <Url>http://localhost/fdr/secureurl/AssignFunctionToRole.aspx</Url>
    <Time>17:46:14 PM +02</Time>
  </SystemRequest>
  <SystemRequest>
    <RequestTime>2017-11-09</RequestTime>
    <Path>/fdr/secureurl/AssignFunctionToRole.aspx</Path>
    <User>SARSGOV\S1037927</User>
    <Url>http://localhost/fdr/secureurl/AssignFunctionToRole.aspx</Url>
    <Time>17:46:14 PM +02</Time>
  </SystemRequest>
  <SystemRequest>
    <RequestTime>2017-11-09</RequestTime>
    <Path>/fdr/secureurl/AssignFunctionToRole.aspx</Path>
    <User>SARSGOV\S1037927</User>
    <Url>http://localhost/fdr/secureurl/AssignFunctionToRole.aspx</Url>
    <Time>17:46:17 PM +02</Time>
  </SystemRequest>
  <SystemRequest>
    <RequestTime>2017-11-09</RequestTime>
    <Path>/fdr/secureurl/menu.aspx</Path>
    <User>SARSGOV\S1037927</User>
    <Url>http://localhost/fdr/secureurl/menu.aspx</Url>
    <Time>17:46:23 PM +02</Time>
  </SystemRequest>
  <SystemRequest>
    <RequestTime>2017-11-09</RequestTime>
    <Path>/fdr/secureurl/MapUrlToFunction.aspx</Path>
    <User>SARSGOV\S1037927</User>
    <Url>http://localhost/fdr/secureurl/MapUrlToFunction.aspx</Url>
    <Time>17:46:30 PM +02</Time>
  </SystemRequest>
  <SystemRequest>
    <RequestTime>2017-11-09</RequestTime>
    <Path>/fdr/secureurl/MapUrlToFunction.aspx</Path>
    <User>SARSGOV\S1037927</User>
    <Url>http://localhost/fdr/secureurl/MapUrlToFunction.aspx</Url>
    <Time>17:46:36 PM +02</Time>
  </SystemRequest>
  <SystemRequest>
    <RequestTime>2017-11-09</RequestTime>
    <Path>/fdr/secureurl/MapUrlToFunction.aspx</Path>
    <User>SARSGOV\S1037927</User>
    <Url>http://localhost/fdr/secureurl/MapUrlToFunction.aspx</Url>
    <Time>17:46:38 PM +02</Time>
  </SystemRequest>
  <SystemRequest>
    <RequestTime>2017-11-09</RequestTime>
    <Path>/fdr/secureurl/MapUrlToFunction.aspx</Path>
    <User>SARSGOV\S1037927</User>
    <Url>http://localhost/fdr/secureurl/MapUrlToFunction.aspx</Url>
    <Time>17:46:41 PM +02</Time>
  </SystemRequest>
  <SystemRequest>
    <RequestTime>2017-11-09</RequestTime>
    <Path>/fdr/secureurl/menu.aspx</Path>
    <User>SARSGOV\S1037927</User>
    <Url>http://localhost/fdr/secureurl/menu.aspx</Url>
    <Time>17:46:43 PM +02</Time>
  </SystemRequest>
  <SystemRequest>
    <RequestTime>2017-11-09</RequestTime>
    <Path>/fdr/pages/u3tm.aspx</Path>
    <User>SARSGOV\S1037927</User>
    <Url>http://localhost/fdr/pages/u3tm.aspx</Url>
    <Time>17:46:46 PM +02</Time>
  </SystemRequest>
  <SystemRequest>
    <RequestTime>2017-11-09</RequestTime>
    <Path>/FDR/pages/u3tm.aspx</Path>
    <User>SARSGOV\S1037927</User>
    <Url>http://localhost/FDR/pages/u3tm.aspx</Url>
    <Time>17:51:14 PM +02</Time>
  </SystemRequest>
  <SystemRequest>
    <RequestTime>2017-11-09</RequestTime>
    <Path>/fdr/secureurl/menu.aspx</Path>
    <User>SARSGOV\S1037927</User>
    <Url>http://localhost/fdr/secureurl/menu.aspx</Url>
    <Time>17:51:23 PM +02</Time>
  </SystemRequest>
  <SystemRequest>
    <RequestTime>2017-11-09</RequestTime>
    <Path>/fdr/secureurl/ViewFunctions.aspx</Path>
    <User>SARSGOV\S1037927</User>
    <Url>http://localhost/fdr/secureurl/ViewFunctions.aspx</Url>
    <Time>17:51:25 PM +02</Time>
  </SystemRequest>
  <SystemRequest>
    <RequestTime>2017-11-09</RequestTime>
    <Path>/fdr/secureurl/ViewFunctions.aspx</Path>
    <User>SARSGOV\S1037927</User>
    <Url>http://localhost/fdr/secureurl/ViewFunctions.aspx</Url>
    <Time>17:51:27 PM +02</Time>
  </SystemRequest>
  <SystemRequest>
    <RequestTime>2017-11-09</RequestTime>
    <Path>/fdr/secureurl/ViewFunctions.aspx</Path>
    <User>SARSGOV\S1037927</User>
    <Url>http://localhost/fdr/secureurl/ViewFunctions.aspx</Url>
    <Time>17:51:35 PM +02</Time>
  </SystemRequest>
  <SystemRequest>
    <RequestTime>2017-11-09</RequestTime>
    <Path>/fdr/secureurl/menu.aspx</Path>
    <User>SARSGOV\S1037927</User>
    <Url>http://localhost/fdr/secureurl/menu.aspx</Url>
    <Time>17:51:40 PM +02</Time>
  </SystemRequest>
  <SystemRequest>
    <RequestTime>2017-11-09</RequestTime>
    <Path>/fdr/secureurl/refreshmenu.aspx</Path>
    <User>SARSGOV\S1037927</User>
    <Url>http://localhost/fdr/secureurl/refreshmenu.aspx</Url>
    <Time>17:51:43 PM +02</Time>
  </SystemRequest>
  <SystemRequest>
    <RequestTime>2017-11-09</RequestTime>
    <Path>/fdr/secureurl/menu.aspx</Path>
    <User>SARSGOV\S1037927</User>
    <Url>http://localhost/fdr/secureurl/menu.aspx</Url>
    <Time>17:51:46 PM +02</Time>
  </SystemRequest>
  <SystemRequest>
    <RequestTime>2017-11-09</RequestTime>
    <Path>/fdr/secureurl/AssignFunctionToRole.aspx</Path>
    <User>SARSGOV\S1037927</User>
    <Url>http://localhost/fdr/secureurl/AssignFunctionToRole.aspx</Url>
    <Time>17:51:47 PM +02</Time>
  </SystemRequest>
  <SystemRequest>
    <RequestTime>2017-11-09</RequestTime>
    <Path>/fdr/secureurl/AssignFunctionToRole.aspx</Path>
    <User>SARSGOV\S1037927</User>
    <Url>http://localhost/fdr/secureurl/AssignFunctionToRole.aspx</Url>
    <Time>17:51:51 PM +02</Time>
  </SystemRequest>
  <SystemRequest>
    <RequestTime>2017-11-09</RequestTime>
    <Path>/fdr/secureurl/AssignFunctionToRole.aspx</Path>
    <User>SARSGOV\S1037927</User>
    <Url>http://localhost/fdr/secureurl/AssignFunctionToRole.aspx</Url>
    <Time>17:51:53 PM +02</Time>
  </SystemRequest>
  <SystemRequest>
    <RequestTime>2017-11-09</RequestTime>
    <Path>/fdr/secureurl/AssignFunctionToRole.aspx</Path>
    <User>SARSGOV\S1037927</User>
    <Url>http://localhost/fdr/secureurl/AssignFunctionToRole.aspx</Url>
    <Time>17:51:55 PM +02</Time>
  </SystemRequest>
  <SystemRequest>
    <RequestTime>2017-11-09</RequestTime>
    <Path>/fdr/secureurl/AssignFunctionToRole.aspx</Path>
    <User>SARSGOV\S1037927</User>
    <Url>http://localhost/fdr/secureurl/AssignFunctionToRole.aspx</Url>
    <Time>17:51:56 PM +02</Time>
  </SystemRequest>
  <SystemRequest>
    <RequestTime>2017-11-09</RequestTime>
    <Path>/fdr/secureurl/menu.aspx</Path>
    <User>SARSGOV\S1037927</User>
    <Url>http://localhost/fdr/secureurl/menu.aspx</Url>
    <Time>17:51:58 PM +02</Time>
  </SystemRequest>
  <SystemRequest>
    <RequestTime>2017-11-09</RequestTime>
    <Path>/fdr/secureurl/ViewFunctions.aspx</Path>
    <User>SARSGOV\S1037927</User>
    <Url>http://localhost/fdr/secureurl/ViewFunctions.aspx</Url>
    <Time>17:52:00 PM +02</Time>
  </SystemRequest>
  <SystemRequest>
    <RequestTime>2017-11-09</RequestTime>
    <Path>/fdr/secureurl/menu.aspx</Path>
    <User>SARSGOV\S1037927</User>
    <Url>http://localhost/fdr/secureurl/menu.aspx</Url>
    <Time>17:52:04 PM +02</Time>
  </SystemRequest>
  <SystemRequest>
    <RequestTime>2017-11-09</RequestTime>
    <Path>/fdr/secureurl/MapUrlToFunction.aspx</Path>
    <User>SARSGOV\S1037927</User>
    <Url>http://localhost/fdr/secureurl/MapUrlToFunction.aspx</Url>
    <Time>17:52:17 PM +02</Time>
  </SystemRequest>
  <SystemRequest>
    <RequestTime>2017-11-09</RequestTime>
    <Path>/fdr/secureurl/MapUrlToFunction.aspx</Path>
    <User>SARSGOV\S1037927</User>
    <Url>http://localhost/fdr/secureurl/MapUrlToFunction.aspx</Url>
    <Time>17:52:20 PM +02</Time>
  </SystemRequest>
  <SystemRequest>
    <RequestTime>2017-11-09</RequestTime>
    <Path>/fdr/secureurl/MapUrlToFunction.aspx</Path>
    <User>SARSGOV\S1037927</User>
    <Url>http://localhost/fdr/secureurl/MapUrlToFunction.aspx</Url>
    <Time>17:52:21 PM +02</Time>
  </SystemRequest>
  <SystemRequest>
    <RequestTime>2017-11-09</RequestTime>
    <Path>/fdr/secureurl/MapUrlToFunction.aspx</Path>
    <User>SARSGOV\S1037927</User>
    <Url>http://localhost/fdr/secureurl/MapUrlToFunction.aspx</Url>
    <Time>17:52:24 PM +02</Time>
  </SystemRequest>
  <SystemRequest>
    <RequestTime>2017-11-09</RequestTime>
    <Path>/fdr/secureurl/menu.aspx</Path>
    <User>SARSGOV\S1037927</User>
    <Url>http://localhost/fdr/secureurl/menu.aspx</Url>
    <Time>17:52:25 PM +02</Time>
  </SystemRequest>
  <SystemRequest>
    <RequestTime>2017-11-09</RequestTime>
    <Path>/fdr/pages/u3tm.aspx</Path>
    <User>SARSGOV\S1037927</User>
    <Url>http://localhost/fdr/pages/u3tm.aspx</Url>
    <Time>17:52:27 PM +02</Time>
  </SystemRequest>
  <SystemRequest>
    <RequestTime>2017-11-09</RequestTime>
    <Path>/fdr/Default.aspx</Path>
    <User>SARSGOV\S1037927</User>
    <Url>http://localhost/fdr/Default.aspx</Url>
    <Time>17:52:35 PM +02</Time>
  </SystemRequest>
  <SystemRequest>
    <RequestTime>2017-11-09</RequestTime>
    <Path>/fdr/pages/viewedincomingcbcdeclataions.aspx</Path>
    <User>SARSGOV\S1037927</User>
    <Url>http://localhost/fdr/pages/viewedincomingcbcdeclataions.aspx</Url>
    <Time>18:12:14 PM +02</Time>
  </SystemRequest>
  <SystemRequest>
    <RequestTime>2017-11-09</RequestTime>
    <Path>/fdr/pages/viewedincomingcbcdeclataions.aspx</Path>
    <User>SARSGOV\S1037927</User>
    <Url>http://localhost/fdr/pages/viewedincomingcbcdeclataions.aspx</Url>
    <Time>18:13:24 PM +02</Time>
  </SystemRequest>
  <SystemRequest>
    <RequestTime>2017-11-09</RequestTime>
    <Path>/fdr/pages/viewedincomingcbcdeclataions.aspx</Path>
    <User>SARSGOV\S1037927</User>
    <Url>http://localhost/fdr/pages/viewedincomingcbcdeclataions.aspx</Url>
    <Time>18:13:43 PM +02</Time>
  </SystemRequest>
  <SystemRequest>
    <RequestTime>2017-11-09</RequestTime>
    <Path>/FDR/pages/cbcForm.aspx</Path>
    <User>SARSGOV\S1037927</User>
    <Url>http://localhost/FDR/pages/cbcForm.aspx?refno=9068321141&amp;year=2018</Url>
    <Time>18:13:43 PM +02</Time>
  </SystemRequest>
  <SystemRequest>
    <RequestTime>2017-11-09</RequestTime>
    <Path>/FDR/mnelistservice.asmx/GetCBCDataByTaxRefNo</Path>
    <User>SARSGOV\S1037927</User>
    <Url>http://localhost/FDR/mnelistservice.asmx/GetCBCDataByTaxRefNo</Url>
    <Time>18:13:44 PM +02</Time>
  </SystemRequest>
  <SystemRequest>
    <RequestTime>2017-11-09</RequestTime>
    <Path>/FDR/Default.aspx</Path>
    <User>SARSGOV\S1037927</User>
    <Url>http://localhost/FDR/Default.aspx</Url>
    <Time>18:13:53 PM +02</Time>
  </SystemRequest>
  <SystemRequest>
    <RequestTime>2017-11-09</RequestTime>
    <Path>/fdr/pages/incomingcbcdeclataions.aspx</Path>
    <User>SARSGOV\S1037927</User>
    <Url>http://localhost/fdr/pages/incomingcbcdeclataions.aspx?new=1</Url>
    <Time>18:13:55 PM +02</Time>
  </SystemRequest>
  <SystemRequest>
    <RequestTime>2017-11-09</RequestTime>
    <Path>/fdr/pages/incomingcbcdeclataions.aspx</Path>
    <User>SARSGOV\S1037927</User>
    <Url>http://localhost/fdr/pages/incomingcbcdeclataions.aspx?new=1</Url>
    <Time>18:13:56 PM +02</Time>
  </SystemRequest>
  <SystemRequest>
    <RequestTime>2017-11-09</RequestTime>
    <Path>/FDR/pages/cbcForm.aspx</Path>
    <User>SARSGOV\S1037927</User>
    <Url>http://localhost/FDR/pages/cbcForm.aspx?refno=9080191837&amp;year=2018</Url>
    <Time>18:13:56 PM +02</Time>
  </SystemRequest>
  <SystemRequest>
    <RequestTime>2017-11-09</RequestTime>
    <Path>/FDR/mnelistservice.asmx/GetCBCDataByTaxRefNo</Path>
    <User>SARSGOV\S1037927</User>
    <Url>http://localhost/FDR/mnelistservice.asmx/GetCBCDataByTaxRefNo</Url>
    <Time>18:13:56 PM +02</Time>
  </SystemRequest>
  <SystemRequest>
    <RequestTime>2017-11-09</RequestTime>
    <Path>/FDR/Default.aspx</Path>
    <User>SARSGOV\S1037927</User>
    <Url>http://localhost/FDR/Default.aspx</Url>
    <Time>18:16:09 PM +02</Time>
  </SystemRequest>
  <SystemRequest>
    <RequestTime>2017-11-09</RequestTime>
    <Path>/fdr/pages/incomingcbcdeclataions.aspx</Path>
    <User>SARSGOV\S1037927</User>
    <Url>http://localhost/fdr/pages/incomingcbcdeclataions.aspx?new=1</Url>
    <Time>18:16:11 PM +02</Time>
  </SystemRequest>
  <SystemRequest>
    <RequestTime>2017-11-09</RequestTime>
    <Path>/fdr/pages/incomingcbcdeclataions.aspx</Path>
    <User>SARSGOV\S1037927</User>
    <Url>http://localhost/fdr/pages/incomingcbcdeclataions.aspx?new=1</Url>
    <Time>18:16:15 PM +02</Time>
  </SystemRequest>
  <SystemRequest>
    <RequestTime>2017-11-09</RequestTime>
    <Path>/FDR/pages/cbcForm.aspx</Path>
    <User>SARSGOV\S1037927</User>
    <Url>http://localhost/FDR/pages/cbcForm.aspx?refno=9068321141&amp;year=2018</Url>
    <Time>18:16:15 PM +02</Time>
  </SystemRequest>
  <SystemRequest>
    <RequestTime>2017-11-09</RequestTime>
    <Path>/FDR/mnelistservice.asmx/GetCBCDataByTaxRefNo</Path>
    <User>SARSGOV\S1037927</User>
    <Url>http://localhost/FDR/mnelistservice.asmx/GetCBCDataByTaxRefNo</Url>
    <Time>18:16:15 PM +02</Time>
  </SystemRequest>
  <SystemRequest>
    <RequestTime>2017-11-09</RequestTime>
    <Path>/FDR/Default.aspx</Path>
    <User>SARSGOV\S1037927</User>
    <Url>http://localhost/FDR/Default.aspx</Url>
    <Time>18:16:25 PM +02</Time>
  </SystemRequest>
  <SystemRequest>
    <RequestTime>2017-11-09</RequestTime>
    <Path>/fdr/pages/incomingcbcdeclataions.aspx</Path>
    <User>SARSGOV\S1037927</User>
    <Url>http://localhost/fdr/pages/incomingcbcdeclataions.aspx?new=0</Url>
    <Time>18:16:27 PM +02</Time>
  </SystemRequest>
  <SystemRequest>
    <RequestTime>2017-11-09</RequestTime>
    <Path>/fdr/pages/incomingcbcdeclataions.aspx</Path>
    <User>SARSGOV\S1037927</User>
    <Url>http://localhost/fdr/pages/incomingcbcdeclataions.aspx?new=1</Url>
    <Time>18:16:28 PM +02</Time>
  </SystemRequest>
  <SystemRequest>
    <RequestTime>2017-11-09</RequestTime>
    <Path>/fdr/pages/incomingcbcdeclataions.aspx</Path>
    <User>SARSGOV\S1037927</User>
    <Url>http://localhost/fdr/pages/incomingcbcdeclataions.aspx?new=1</Url>
    <Time>18:16:30 PM +02</Time>
  </SystemRequest>
  <SystemRequest>
    <RequestTime>2017-11-09</RequestTime>
    <Path>/FDR/pages/cbcForm.aspx</Path>
    <User>SARSGOV\S1037927</User>
    <Url>http://localhost/FDR/pages/cbcForm.aspx?refno=9080191837&amp;year=2018</Url>
    <Time>18:16:30 PM +02</Time>
  </SystemRequest>
  <SystemRequest>
    <RequestTime>2017-11-09</RequestTime>
    <Path>/FDR/mnelistservice.asmx/GetCBCDataByTaxRefNo</Path>
    <User>SARSGOV\S1037927</User>
    <Url>http://localhost/FDR/mnelistservice.asmx/GetCBCDataByTaxRefNo</Url>
    <Time>18:16:30 PM +02</Time>
  </SystemRequest>
  <SystemRequest>
    <RequestTime>2017-11-09</RequestTime>
    <Path>/FDR/Default.aspx</Path>
    <User>SARSGOV\S1037927</User>
    <Url>http://localhost/FDR/Default.aspx</Url>
    <Time>18:16:36 PM +02</Time>
  </SystemRequest>
  <SystemRequest>
    <RequestTime>2017-11-09</RequestTime>
    <Path>/FDR/pages/u3tm.aspx</Path>
    <User>SARSGOV\S1037927</User>
    <Url>http://localhost/FDR/pages/u3tm.aspx</Url>
    <Time>18:21:04 PM +02</Time>
  </SystemRequest>
  <SystemRequest>
    <RequestTime>2017-11-09</RequestTime>
    <Path>/FDR/Default.aspx</Path>
    <User>SARSGOV\S1037927</User>
    <Url>http://localhost/FDR/Default.aspx</Url>
    <Time>18:21:26 PM +02</Time>
  </SystemRequest>
  <SystemRequest>
    <RequestTime>2017-11-09</RequestTime>
    <Path>/fdr/pages/incomingcbcdeclataions.aspx</Path>
    <User>SARSGOV\S1037927</User>
    <Url>http://localhost/fdr/pages/incomingcbcdeclataions.aspx?new=0</Url>
    <Time>18:21:33 PM +02</Time>
  </SystemRequest>
  <SystemRequest>
    <RequestTime>2017-11-09</RequestTime>
    <Path>/fdr/pages/incomingcbcdeclataions.aspx</Path>
    <User>SARSGOV\S1037927</User>
    <Url>http://localhost/fdr/pages/incomingcbcdeclataions.aspx?new=1</Url>
    <Time>18:21:36 PM +02</Time>
  </SystemRequest>
  <SystemRequest>
    <RequestTime>2017-11-09</RequestTime>
    <Path>/fdr/pages/incomingcbcdeclataions.aspx</Path>
    <User>SARSGOV\S1037927</User>
    <Url>http://localhost/fdr/pages/incomingcbcdeclataions.aspx?new=1</Url>
    <Time>18:21:38 PM +02</Time>
  </SystemRequest>
  <SystemRequest>
    <RequestTime>2017-11-09</RequestTime>
    <Path>/FDR/pages/cbcForm.aspx</Path>
    <User>SARSGOV\S1037927</User>
    <Url>http://localhost/FDR/pages/cbcForm.aspx?refno=9080191837&amp;year=2017</Url>
    <Time>18:21:38 PM +02</Time>
  </SystemRequest>
  <SystemRequest>
    <RequestTime>2017-11-09</RequestTime>
    <Path>/FDR/mnelistservice.asmx/GetCBCDataByTaxRefNo</Path>
    <User>SARSGOV\S1037927</User>
    <Url>http://localhost/FDR/mnelistservice.asmx/GetCBCDataByTaxRefNo</Url>
    <Time>18:21:38 PM +02</Time>
  </SystemRequest>
  <SystemRequest>
    <RequestTime>2017-11-09</RequestTime>
    <Path>/FDR/Default.aspx</Path>
    <User>SARSGOV\S1037927</User>
    <Url>http://localhost/FDR/Default.aspx</Url>
    <Time>20:13:15 PM +02</Time>
  </SystemRequest>
  <SystemRequest>
    <RequestTime>2017-11-09</RequestTime>
    <Path>/FDR/Default.aspx</Path>
    <User>SARSGOV\S1037927</User>
    <Url>http://localhost/FDR/Default.aspx</Url>
    <Time>20:46:22 PM +02</Time>
  </SystemRequest>
</ArrayOfSystemRequest>