<?xml version="1.0" encoding="utf-8"?>
<ArrayOfSystemRequest>
  <SystemRequest>
    <RequestTime>2017-11-15</RequestTime>
    <Path>/fdr/pages/displayfiles.aspx</Path>
    <User>SARSGOV\S1037927</User>
    <Url>http://localhost/fdr/pages/displayfiles.aspx?submissionId=14&amp;bck=L2Zkci9wYWdlcy9hY2NlcHRlZHN1Ym1pc3Npb25zLmFzcHg=</Url>
    <Time>12:54:15 PM +02</Time>
  </SystemRequest>
  <SystemRequest>
    <RequestTime>2017-11-15</RequestTime>
    <Path>/fdr/pages/displayfiles.aspx</Path>
    <User>SARSGOV\S1037927</User>
    <Url>http://localhost/fdr/pages/displayfiles.aspx?submissionId=14&amp;bck=L2Zkci9wYWdlcy9hY2NlcHRlZHN1Ym1pc3Npb25zLmFzcHg=</Url>
    <Time>12:54:18 PM +02</Time>
  </SystemRequest>
  <SystemRequest>
    <RequestTime>2017-11-15</RequestTime>
    <Path>/fdr/pages/acceptedsubmissions.aspx</Path>
    <User>SARSGOV\S1037927</User>
    <Url>http://localhost/fdr/pages/acceptedsubmissions.aspx</Url>
    <Time>12:54:18 PM +02</Time>
  </SystemRequest>
  <SystemRequest>
    <RequestTime>2017-11-15</RequestTime>
    <Path>/fdr/pages/acceptedsubmissions.aspx</Path>
    <User>SARSGOV\S1037927</User>
    <Url>http://localhost/fdr/pages/acceptedsubmissions.aspx</Url>
    <Time>12:54:20 PM +02</Time>
  </SystemRequest>
  <SystemRequest>
    <RequestTime>2017-11-15</RequestTime>
    <Path>/fdr/pages/displayfiles.aspx</Path>
    <User>SARSGOV\S1037927</User>
    <Url>http://localhost/fdr/pages/displayfiles.aspx?submissionId=10&amp;bck=L2Zkci9wYWdlcy9hY2NlcHRlZHN1Ym1pc3Npb25zLmFzcHg=</Url>
    <Time>12:54:20 PM +02</Time>
  </SystemRequest>
  <SystemRequest>
    <RequestTime>2017-11-15</RequestTime>
    <Path>/fdr/pages/inprogress.aspx</Path>
    <User>SARSGOV\S1037927</User>
    <Url>http://localhost/fdr/pages/inprogress.aspx</Url>
    <Time>12:54:25 PM +02</Time>
  </SystemRequest>
  <SystemRequest>
    <RequestTime>2017-11-15</RequestTime>
    <Path>/fdr/pages/inprogress.aspx</Path>
    <User>SARSGOV\S1037927</User>
    <Url>http://localhost/fdr/pages/inprogress.aspx</Url>
    <Time>12:54:27 PM +02</Time>
  </SystemRequest>
  <SystemRequest>
    <RequestTime>2017-11-15</RequestTime>
    <Path>/fdr/pages/displayfiles.aspx</Path>
    <User>SARSGOV\S1037927</User>
    <Url>http://localhost/fdr/pages/displayfiles.aspx?submissionId=12&amp;bck=L2Zkci9wYWdlcy9pbnByb2dyZXNzLmFzcHg=</Url>
    <Time>12:54:27 PM +02</Time>
  </SystemRequest>
  <SystemRequest>
    <RequestTime>2017-11-15</RequestTime>
    <Path>/fdr/pages/viewedincomingcbcdeclataions.aspx</Path>
    <User>SARSGOV\S1037927</User>
    <Url>http://localhost/fdr/pages/viewedincomingcbcdeclataions.aspx</Url>
    <Time>12:54:30 PM +02</Time>
  </SystemRequest>
  <SystemRequest>
    <RequestTime>2017-11-15</RequestTime>
    <Path>/fdr/pages/enquiremasterandlocalfiles.aspx</Path>
    <User>SARSGOV\S1037927</User>
    <Url>http://localhost/fdr/pages/enquiremasterandlocalfiles.aspx</Url>
    <Time>12:54:31 PM +02</Time>
  </SystemRequest>
  <SystemRequest>
    <RequestTime>2017-11-15</RequestTime>
    <Path>/fdr/pages/displayfiles.aspx</Path>
    <User>SARSGOV\S1037927</User>
    <Url>http://localhost/fdr/pages/displayfiles.aspx?submissionId=14&amp;bck=L2Zkci9wYWdlcy9lbnF1aXJlbWFzdGVyYW5kbG9jYWxmaWxlcy5hc3B4</Url>
    <Time>12:54:47 PM +02</Time>
  </SystemRequest>
  <SystemRequest>
    <RequestTime>2017-11-15</RequestTime>
    <Path>/fdr/pages/displayfiles.aspx</Path>
    <User>SARSGOV\S1037927</User>
    <Url>http://localhost/fdr/pages/displayfiles.aspx?submissionId=14&amp;bck=L2Zkci9wYWdlcy9lbnF1aXJlbWFzdGVyYW5kbG9jYWxmaWxlcy5hc3B4</Url>
    <Time>12:54:50 PM +02</Time>
  </SystemRequest>
  <SystemRequest>
    <RequestTime>2017-11-15</RequestTime>
    <Path>/fdr/pages/enquiremasterandlocalfiles.aspx</Path>
    <User>SARSGOV\S1037927</User>
    <Url>http://localhost/fdr/pages/enquiremasterandlocalfiles.aspx</Url>
    <Time>12:54:50 PM +02</Time>
  </SystemRequest>
  <SystemRequest>
    <RequestTime>2017-11-15</RequestTime>
    <Path>/fdr/pages/acceptedsubmissions.aspx</Path>
    <User>SARSGOV\S1037927</User>
    <Url>http://localhost/fdr/pages/acceptedsubmissions.aspx</Url>
    <Time>12:54:51 PM +02</Time>
  </SystemRequest>
  <SystemRequest>
    <RequestTime>2017-11-15</RequestTime>
    <Path>/fdr/pages/acceptedwithwarnings.aspx</Path>
    <User>SARSGOV\S1037927</User>
    <Url>http://localhost/fdr/pages/acceptedwithwarnings.aspx</Url>
    <Time>12:54:52 PM +02</Time>
  </SystemRequest>
  <SystemRequest>
    <RequestTime>2017-11-15</RequestTime>
    <Path>/fdr/pages/enquiremasterandlocalfiles.aspx</Path>
    <User>SARSGOV\S1037927</User>
    <Url>http://localhost/fdr/pages/enquiremasterandlocalfiles.aspx</Url>
    <Time>12:54:53 PM +02</Time>
  </SystemRequest>
  <SystemRequest>
    <RequestTime>2017-11-15</RequestTime>
    <Path>/fdr/pages/enquiremasterandlocalfiles.aspx</Path>
    <User>SARSGOV\S1037927</User>
    <Url>http://localhost/fdr/pages/enquiremasterandlocalfiles.aspx</Url>
    <Time>12:54:59 PM +02</Time>
  </SystemRequest>
  <SystemRequest>
    <RequestTime>2017-11-15</RequestTime>
    <Path>/fdr/pages/viewsubmissions.aspx</Path>
    <User>SARSGOV\S1037927</User>
    <Url>http://localhost/fdr/pages/viewsubmissions.aspx</Url>
    <Time>12:55:00 PM +02</Time>
  </SystemRequest>
  <SystemRequest>
    <RequestTime>2017-11-15</RequestTime>
    <Path>/fdr/pages/enquiremasterandlocalfiles.aspx</Path>
    <User>SARSGOV\S1037927</User>
    <Url>http://localhost/fdr/pages/enquiremasterandlocalfiles.aspx</Url>
    <Time>12:55:01 PM +02</Time>
  </SystemRequest>
  <SystemRequest>
    <RequestTime>2017-11-15</RequestTime>
    <Path>/fdr/pages/viewsubmissions.aspx</Path>
    <User>SARSGOV\S1037927</User>
    <Url>http://localhost/fdr/pages/viewsubmissions.aspx</Url>
    <Time>12:55:04 PM +02</Time>
  </SystemRequest>
  <SystemRequest>
    <RequestTime>2017-11-15</RequestTime>
    <Path>/fdr/pages/inprogress.aspx</Path>
    <User>SARSGOV\S1037927</User>
    <Url>http://localhost/fdr/pages/inprogress.aspx</Url>
    <Time>12:55:06 PM +02</Time>
  </SystemRequest>
  <SystemRequest>
    <RequestTime>2017-11-15</RequestTime>
    <Path>/fdr/pages/acceptedsubmissions.aspx</Path>
    <User>SARSGOV\S1037927</User>
    <Url>http://localhost/fdr/pages/acceptedsubmissions.aspx</Url>
    <Time>12:55:07 PM +02</Time>
  </SystemRequest>
  <SystemRequest>
    <RequestTime>2017-11-15</RequestTime>
    <Path>/fdr/pages/acceptedwithwarnings.aspx</Path>
    <User>SARSGOV\S1037927</User>
    <Url>http://localhost/fdr/pages/acceptedwithwarnings.aspx</Url>
    <Time>12:55:07 PM +02</Time>
  </SystemRequest>
  <SystemRequest>
    <RequestTime>2017-11-15</RequestTime>
    <Path>/fdr/pages/declinedsubmissions.aspx</Path>
    <User>SARSGOV\S1037927</User>
    <Url>http://localhost/fdr/pages/declinedsubmissions.aspx</Url>
    <Time>12:55:09 PM +02</Time>
  </SystemRequest>
  <SystemRequest>
    <RequestTime>2017-11-15</RequestTime>
    <Path>/fdr/pages/declinedsubmissions.aspx</Path>
    <User>SARSGOV\S1037927</User>
    <Url>http://localhost/fdr/pages/declinedsubmissions.aspx</Url>
    <Time>12:55:11 PM +02</Time>
  </SystemRequest>
  <SystemRequest>
    <RequestTime>2017-11-15</RequestTime>
    <Path>/fdr/pages/displayfiles.aspx</Path>
    <User>SARSGOV\S1037927</User>
    <Url>http://localhost/fdr/pages/displayfiles.aspx?submissionId=13&amp;bck=L2Zkci9wYWdlcy9kZWNsaW5lZHN1Ym1pc3Npb25zLmFzcHg=</Url>
    <Time>12:55:11 PM +02</Time>
  </SystemRequest>
  <SystemRequest>
    <RequestTime>2017-11-15</RequestTime>
    <Path>/fdr/pages/incomingcbcdeclataions.aspx</Path>
    <User>SARSGOV\S1037927</User>
    <Url>http://localhost/fdr/pages/incomingcbcdeclataions.aspx</Url>
    <Time>12:55:15 PM +02</Time>
  </SystemRequest>
  <SystemRequest>
    <RequestTime>2017-11-15</RequestTime>
    <Path>/fdr/pages/incomingcbcdeclataions.aspx</Path>
    <User>SARSGOV\S1037927</User>
    <Url>http://localhost/fdr/pages/incomingcbcdeclataions.aspx</Url>
    <Time>12:55:23 PM +02</Time>
  </SystemRequest>
  <SystemRequest>
    <RequestTime>2017-11-15</RequestTime>
    <Path>/FDR/pages/cbcForm.aspx</Path>
    <User>SARSGOV\S1037927</User>
    <Url>http://localhost/FDR/pages/cbcForm.aspx?refno=9616112141&amp;year=2015</Url>
    <Time>12:55:23 PM +02</Time>
  </SystemRequest>
  <SystemRequest>
    <RequestTime>2017-11-15</RequestTime>
    <Path>/FDR/mnelistservice.asmx/GetCBCDataByTaxRefNo</Path>
    <User>SARSGOV\S1037927</User>
    <Url>http://localhost/FDR/mnelistservice.asmx/GetCBCDataByTaxRefNo</Url>
    <Time>12:55:24 PM +02</Time>
  </SystemRequest>
  <SystemRequest>
    <RequestTime>2017-11-15</RequestTime>
    <Path>/FDR/Default.aspx</Path>
    <User>SARSGOV\S1037927</User>
    <Url>http://localhost/FDR/Default.aspx</Url>
    <Time>13:05:22 PM +02</Time>
  </SystemRequest>
  <SystemRequest>
    <RequestTime>2017-11-15</RequestTime>
    <Path>/fdr/pages/u3tm.aspx</Path>
    <User>SARSGOV\S1037927</User>
    <Url>http://localhost/fdr/pages/u3tm.aspx</Url>
    <Time>13:06:13 PM +02</Time>
  </SystemRequest>
  <SystemRequest>
    <RequestTime>2017-11-15</RequestTime>
    <Path>/FDR/admin/SentLetters.aspx</Path>
    <User>SARSGOV\S1037927</User>
    <Url>http://localhost/FDR/admin/SentLetters.aspx</Url>
    <Time>13:41:53 PM +02</Time>
  </SystemRequest>
  <SystemRequest>
    <RequestTime>2017-11-15</RequestTime>
    <Path>/FDR/admin/SentLetters.aspx</Path>
    <User>SARSGOV\S1037927</User>
    <Url>http://localhost/FDR/admin/SentLetters.aspx</Url>
    <Time>13:42:50 PM +02</Time>
  </SystemRequest>
  <SystemRequest>
    <RequestTime>2017-11-15</RequestTime>
    <Path>/FDR/pages/u3tm.aspx</Path>
    <User>SARSGOV\S1037927</User>
    <Url>http://localhost/FDR/pages/u3tm.aspx</Url>
    <Time>13:43:00 PM +02</Time>
  </SystemRequest>
  <SystemRequest>
    <RequestTime>2017-11-15</RequestTime>
    <Path>/FDR/admin/SentLetters.aspx</Path>
    <User>SARSGOV\S1037927</User>
    <Url>http://localhost/FDR/admin/SentLetters.aspx</Url>
    <Time>13:43:14 PM +02</Time>
  </SystemRequest>
  <SystemRequest>
    <RequestTime>2017-11-15</RequestTime>
    <Path>/FDR/admin/SentLetters.aspx</Path>
    <User>SARSGOV\S1037927</User>
    <Url>http://localhost/FDR/admin/SentLetters.aspx</Url>
    <Time>13:44:43 PM +02</Time>
  </SystemRequest>
  <SystemRequest>
    <RequestTime>2017-11-15</RequestTime>
    <Path>/FDR/admin/SentLetters.aspx</Path>
    <User>SARSGOV\S1037927</User>
    <Url>http://localhost/FDR/admin/SentLetters.aspx</Url>
    <Time>13:46:08 PM +02</Time>
  </SystemRequest>
  <SystemRequest>
    <RequestTime>2017-11-15</RequestTime>
    <Path>/FDR/admin/SentLetters.aspx</Path>
    <User>SARSGOV\S1037927</User>
    <Url>http://localhost/FDR/admin/SentLetters.aspx</Url>
    <Time>13:46:34 PM +02</Time>
  </SystemRequest>
  <SystemRequest>
    <RequestTime>2017-11-15</RequestTime>
    <Path>/fdr/pages/viewsubmissions.aspx</Path>
    <User>SARSGOV\S1037927</User>
    <Url>http://localhost/fdr/pages/viewsubmissions.aspx</Url>
    <Time>14:00:23 PM +02</Time>
  </SystemRequest>
</ArrayOfSystemRequest>