<?xml version="1.0" encoding="utf-8"?>
<ArrayOfSystemRequest>
  <SystemRequest>
    <RequestTime>2017-12-07</RequestTime>
    <Path>/FDR/allocate/Default.aspx</Path>
    <User>SARSGOV\S1037927</User>
    <Url>http://localhost/FDR/allocate/Default.aspx</Url>
    <Time>09:28:17 AM +02</Time>
  </SystemRequest>
  <SystemRequest>
    <RequestTime>2017-12-07</RequestTime>
    <Path>/FDR/allocate/default.aspx</Path>
    <User>SARSGOV\S1037927</User>
    <Url>http://localhost/FDR/allocate/default.aspx</Url>
    <Time>09:28:58 AM +02</Time>
  </SystemRequest>
  <SystemRequest>
    <RequestTime>2017-12-07</RequestTime>
    <Path>/fdr/secureurl/menu.aspx</Path>
    <User>SARSGOV\S1037927</User>
    <Url>http://localhost/fdr/secureurl/menu.aspx</Url>
    <Time>09:29:23 AM +02</Time>
  </SystemRequest>
  <SystemRequest>
    <RequestTime>2017-12-07</RequestTime>
    <Path>/fdr/secureurl/ViewFunctionGroups.aspx</Path>
    <User>SARSGOV\S1037927</User>
    <Url>http://localhost/fdr/secureurl/ViewFunctionGroups.aspx</Url>
    <Time>09:29:36 AM +02</Time>
  </SystemRequest>
  <SystemRequest>
    <RequestTime>2017-12-07</RequestTime>
    <Path>/fdr/secureurl/ViewFunctionGroups.aspx</Path>
    <User>SARSGOV\S1037927</User>
    <Url>http://localhost/fdr/secureurl/ViewFunctionGroups.aspx</Url>
    <Time>09:29:38 AM +02</Time>
  </SystemRequest>
  <SystemRequest>
    <RequestTime>2017-12-07</RequestTime>
    <Path>/fdr/secureurl/ViewFunctionGroups.aspx</Path>
    <User>SARSGOV\S1037927</User>
    <Url>http://localhost/fdr/secureurl/ViewFunctionGroups.aspx</Url>
    <Time>09:29:46 AM +02</Time>
  </SystemRequest>
  <SystemRequest>
    <RequestTime>2017-12-07</RequestTime>
    <Path>/fdr/secureurl/menu.aspx</Path>
    <User>SARSGOV\S1037927</User>
    <Url>http://localhost/fdr/secureurl/menu.aspx</Url>
    <Time>09:29:48 AM +02</Time>
  </SystemRequest>
  <SystemRequest>
    <RequestTime>2017-12-07</RequestTime>
    <Path>/fdr/secureurl/ViewFunctions.aspx</Path>
    <User>SARSGOV\S1037927</User>
    <Url>http://localhost/fdr/secureurl/ViewFunctions.aspx</Url>
    <Time>09:29:51 AM +02</Time>
  </SystemRequest>
  <SystemRequest>
    <RequestTime>2017-12-07</RequestTime>
    <Path>/fdr/secureurl/ViewFunctions.aspx</Path>
    <User>SARSGOV\S1037927</User>
    <Url>http://localhost/fdr/secureurl/ViewFunctions.aspx</Url>
    <Time>09:29:54 AM +02</Time>
  </SystemRequest>
  <SystemRequest>
    <RequestTime>2017-12-07</RequestTime>
    <Path>/fdr/secureurl/ViewFunctions.aspx</Path>
    <User>SARSGOV\S1037927</User>
    <Url>http://localhost/fdr/secureurl/ViewFunctions.aspx</Url>
    <Time>09:30:11 AM +02</Time>
  </SystemRequest>
  <SystemRequest>
    <RequestTime>2017-12-07</RequestTime>
    <Path>/fdr/secureurl/menu.aspx</Path>
    <User>SARSGOV\S1037927</User>
    <Url>http://localhost/fdr/secureurl/menu.aspx</Url>
    <Time>09:30:20 AM +02</Time>
  </SystemRequest>
  <SystemRequest>
    <RequestTime>2017-12-07</RequestTime>
    <Path>/fdr/secureurl/AssignFunctionToRole.aspx</Path>
    <User>SARSGOV\S1037927</User>
    <Url>http://localhost/fdr/secureurl/AssignFunctionToRole.aspx</Url>
    <Time>09:30:21 AM +02</Time>
  </SystemRequest>
  <SystemRequest>
    <RequestTime>2017-12-07</RequestTime>
    <Path>/fdr/secureurl/AssignFunctionToRole.aspx</Path>
    <User>SARSGOV\S1037927</User>
    <Url>http://localhost/fdr/secureurl/AssignFunctionToRole.aspx</Url>
    <Time>09:30:24 AM +02</Time>
  </SystemRequest>
  <SystemRequest>
    <RequestTime>2017-12-07</RequestTime>
    <Path>/fdr/secureurl/AssignFunctionToRole.aspx</Path>
    <User>SARSGOV\S1037927</User>
    <Url>http://localhost/fdr/secureurl/AssignFunctionToRole.aspx</Url>
    <Time>09:30:25 AM +02</Time>
  </SystemRequest>
  <SystemRequest>
    <RequestTime>2017-12-07</RequestTime>
    <Path>/fdr/secureurl/AssignFunctionToRole.aspx</Path>
    <User>SARSGOV\S1037927</User>
    <Url>http://localhost/fdr/secureurl/AssignFunctionToRole.aspx</Url>
    <Time>09:30:26 AM +02</Time>
  </SystemRequest>
  <SystemRequest>
    <RequestTime>2017-12-07</RequestTime>
    <Path>/fdr/secureurl/AssignFunctionToRole.aspx</Path>
    <User>SARSGOV\S1037927</User>
    <Url>http://localhost/fdr/secureurl/AssignFunctionToRole.aspx</Url>
    <Time>09:31:09 AM +02</Time>
  </SystemRequest>
  <SystemRequest>
    <RequestTime>2017-12-07</RequestTime>
    <Path>/fdr/secureurl/menu.aspx</Path>
    <User>SARSGOV\S1037927</User>
    <Url>http://localhost/fdr/secureurl/menu.aspx</Url>
    <Time>09:31:10 AM +02</Time>
  </SystemRequest>
  <SystemRequest>
    <RequestTime>2017-12-07</RequestTime>
    <Path>/fdr/secureurl/AssignFunctionToRole.aspx</Path>
    <User>SARSGOV\S1037927</User>
    <Url>http://localhost/fdr/secureurl/AssignFunctionToRole.aspx</Url>
    <Time>09:31:12 AM +02</Time>
  </SystemRequest>
  <SystemRequest>
    <RequestTime>2017-12-07</RequestTime>
    <Path>/fdr/secureurl/menu.aspx</Path>
    <User>SARSGOV\S1037927</User>
    <Url>http://localhost/fdr/secureurl/menu.aspx</Url>
    <Time>09:31:15 AM +02</Time>
  </SystemRequest>
  <SystemRequest>
    <RequestTime>2017-12-07</RequestTime>
    <Path>/fdr/secureurl/MapUrlToFunction.aspx</Path>
    <User>SARSGOV\S1037927</User>
    <Url>http://localhost/fdr/secureurl/MapUrlToFunction.aspx</Url>
    <Time>09:33:08 AM +02</Time>
  </SystemRequest>
  <SystemRequest>
    <RequestTime>2017-12-07</RequestTime>
    <Path>/fdr/secureurl/MapUrlToFunction.aspx</Path>
    <User>SARSGOV\S1037927</User>
    <Url>http://localhost/fdr/secureurl/MapUrlToFunction.aspx</Url>
    <Time>09:33:11 AM +02</Time>
  </SystemRequest>
  <SystemRequest>
    <RequestTime>2017-12-07</RequestTime>
    <Path>/fdr/secureurl/MapUrlToFunction.aspx</Path>
    <User>SARSGOV\S1037927</User>
    <Url>http://localhost/fdr/secureurl/MapUrlToFunction.aspx</Url>
    <Time>09:33:12 AM +02</Time>
  </SystemRequest>
  <SystemRequest>
    <RequestTime>2017-12-07</RequestTime>
    <Path>/fdr/secureurl/MapUrlToFunction.aspx</Path>
    <User>SARSGOV\S1037927</User>
    <Url>http://localhost/fdr/secureurl/MapUrlToFunction.aspx</Url>
    <Time>09:33:17 AM +02</Time>
  </SystemRequest>
  <SystemRequest>
    <RequestTime>2017-12-07</RequestTime>
    <Path>/fdr/secureurl/menu.aspx</Path>
    <User>SARSGOV\S1037927</User>
    <Url>http://localhost/fdr/secureurl/menu.aspx</Url>
    <Time>09:33:39 AM +02</Time>
  </SystemRequest>
  <SystemRequest>
    <RequestTime>2017-12-07</RequestTime>
    <Path>/fdr/secureurl/AssignFunctionToRole.aspx</Path>
    <User>SARSGOV\S1037927</User>
    <Url>http://localhost/fdr/secureurl/AssignFunctionToRole.aspx</Url>
    <Time>09:33:40 AM +02</Time>
  </SystemRequest>
  <SystemRequest>
    <RequestTime>2017-12-07</RequestTime>
    <Path>/fdr/secureurl/menu.aspx</Path>
    <User>SARSGOV\S1037927</User>
    <Url>http://localhost/fdr/secureurl/menu.aspx</Url>
    <Time>09:33:58 AM +02</Time>
  </SystemRequest>
  <SystemRequest>
    <RequestTime>2017-12-07</RequestTime>
    <Path>/fdr/secureurl/AssignFunctionToRole.aspx</Path>
    <User>SARSGOV\S1037927</User>
    <Url>http://localhost/fdr/secureurl/AssignFunctionToRole.aspx</Url>
    <Time>09:34:00 AM +02</Time>
  </SystemRequest>
  <SystemRequest>
    <RequestTime>2017-12-07</RequestTime>
    <Path>/fdr/secureurl/menu.aspx</Path>
    <User>SARSGOV\S1037927</User>
    <Url>http://localhost/fdr/secureurl/menu.aspx</Url>
    <Time>09:34:21 AM +02</Time>
  </SystemRequest>
  <SystemRequest>
    <RequestTime>2017-12-07</RequestTime>
    <Path>/fdr/secureurl/ViewRoles.aspx</Path>
    <User>SARSGOV\S1037927</User>
    <Url>http://localhost/fdr/secureurl/ViewRoles.aspx</Url>
    <Time>09:34:22 AM +02</Time>
  </SystemRequest>
  <SystemRequest>
    <RequestTime>2017-12-07</RequestTime>
    <Path>/fdr/secureurl/menu.aspx</Path>
    <User>SARSGOV\S1037927</User>
    <Url>http://localhost/fdr/secureurl/menu.aspx</Url>
    <Time>09:34:24 AM +02</Time>
  </SystemRequest>
  <SystemRequest>
    <RequestTime>2017-12-07</RequestTime>
    <Path>/fdr/secureurl/refreshmenu.aspx</Path>
    <User>SARSGOV\S1037927</User>
    <Url>http://localhost/fdr/secureurl/refreshmenu.aspx</Url>
    <Time>09:34:26 AM +02</Time>
  </SystemRequest>
  <SystemRequest>
    <RequestTime>2017-12-07</RequestTime>
    <Path>/fdr/secureurl/refreshmenu.aspx</Path>
    <User>SARSGOV\S1037927</User>
    <Url>http://localhost/fdr/secureurl/refreshmenu.aspx</Url>
    <Time>09:34:27 AM +02</Time>
  </SystemRequest>
  <SystemRequest>
    <RequestTime>2017-12-07</RequestTime>
    <Path>/fdr/allocate/default.aspx</Path>
    <User>SARSGOV\S1037927</User>
    <Url>http://localhost/fdr/allocate/default.aspx</Url>
    <Time>09:34:30 AM +02</Time>
  </SystemRequest>
  <SystemRequest>
    <RequestTime>2017-12-07</RequestTime>
    <Path>/fdr/allocate/default.aspx</Path>
    <User>SARSGOV\S1037927</User>
    <Url>http://localhost/fdr/allocate/default.aspx</Url>
    <Time>09:35:06 AM +02</Time>
  </SystemRequest>
  <SystemRequest>
    <RequestTime>2017-12-07</RequestTime>
    <Path>/fdr/allocate/allocate.aspx</Path>
    <User>SARSGOV\S1037927</User>
    <Url>http://localhost/fdr/allocate/allocate.aspx?submissionId=20099&amp;bck=L2Zkci9hbGxvY2F0ZS9kZWZhdWx0LmFzcHg=</Url>
    <Time>09:35:06 AM +02</Time>
  </SystemRequest>
  <SystemRequest>
    <RequestTime>2017-12-07</RequestTime>
    <Path>/fdr/allocate/default.aspx</Path>
    <User>SARSGOV\S1037927</User>
    <Url>http://localhost/fdr/allocate/default.aspx</Url>
    <Time>09:35:09 AM +02</Time>
  </SystemRequest>
  <SystemRequest>
    <RequestTime>2017-12-07</RequestTime>
    <Path>/fdr/secureurl/menu.aspx</Path>
    <User>SARSGOV\S1037927</User>
    <Url>http://localhost/fdr/secureurl/menu.aspx</Url>
    <Time>09:35:12 AM +02</Time>
  </SystemRequest>
  <SystemRequest>
    <RequestTime>2017-12-07</RequestTime>
    <Path>/fdr/secureurl/UrlDescovery.aspx</Path>
    <User>SARSGOV\S1037927</User>
    <Url>http://localhost/fdr/secureurl/UrlDescovery.aspx</Url>
    <Time>09:35:14 AM +02</Time>
  </SystemRequest>
  <SystemRequest>
    <RequestTime>2017-12-07</RequestTime>
    <Path>/fdr/secureurl/UrlDescovery.aspx</Path>
    <User>SARSGOV\S1037927</User>
    <Url>http://localhost/fdr/secureurl/UrlDescovery.aspx</Url>
    <Time>09:43:26 AM +02</Time>
  </SystemRequest>
  <SystemRequest>
    <RequestTime>2017-12-07</RequestTime>
    <Path>/FDR/Mics/DropDownListOptionGroup.aspx</Path>
    <User>SARSGOV\S1037927</User>
    <Url>http://localhost/FDR/Mics/DropDownListOptionGroup.aspx</Url>
    <Time>10:03:47 AM +02</Time>
  </SystemRequest>
  <SystemRequest>
    <RequestTime>2017-12-07</RequestTime>
    <Path>/FDR/Mics/DropDownListOptionGroup.aspx</Path>
    <User>SARSGOV\S1037927</User>
    <Url>http://localhost/FDR/Mics/DropDownListOptionGroup.aspx</Url>
    <Time>10:05:08 AM +02</Time>
  </SystemRequest>
  <SystemRequest>
    <RequestTime>2017-12-07</RequestTime>
    <Path>/FDR/Mics/DropDownListOptionGroup.aspx</Path>
    <User>SARSGOV\S1037927</User>
    <Url>http://localhost/FDR/Mics/DropDownListOptionGroup.aspx</Url>
    <Time>10:11:05 AM +02</Time>
  </SystemRequest>
  <SystemRequest>
    <RequestTime>2017-12-07</RequestTime>
    <Path>/FDR/Mics/DropDownListOptionGroup.aspx</Path>
    <User>SARSGOV\S1037927</User>
    <Url>http://localhost/FDR/Mics/DropDownListOptionGroup.aspx</Url>
    <Time>10:14:18 AM +02</Time>
  </SystemRequest>
  <SystemRequest>
    <RequestTime>2017-12-07</RequestTime>
    <Path>/FDR/Mics/DropDownListOptionGroup.aspx</Path>
    <User>SARSGOV\S1037927</User>
    <Url>http://localhost/FDR/Mics/DropDownListOptionGroup.aspx</Url>
    <Time>10:19:01 AM +02</Time>
  </SystemRequest>
  <SystemRequest>
    <RequestTime>2017-12-07</RequestTime>
    <Path>/FDR/Mics/urldescovery.aspx</Path>
    <User>SARSGOV\S1037927</User>
    <Url>http://localhost/FDR/Mics/urldescovery.aspx</Url>
    <Time>10:52:20 AM +02</Time>
  </SystemRequest>
  <SystemRequest>
    <RequestTime>2017-12-07</RequestTime>
    <Path>/FDR/Mics/urldescovery.aspx</Path>
    <User>SARSGOV\S1037927</User>
    <Url>http://localhost/FDR/Mics/urldescovery.aspx</Url>
    <Time>10:55:50 AM +02</Time>
  </SystemRequest>
  <SystemRequest>
    <RequestTime>2017-12-07</RequestTime>
    <Path>/FDR/Mics/urldescovery.aspx</Path>
    <User>SARSGOV\S1037927</User>
    <Url>http://localhost/FDR/Mics/urldescovery.aspx</Url>
    <Time>10:56:25 AM +02</Time>
  </SystemRequest>
  <SystemRequest>
    <RequestTime>2017-12-07</RequestTime>
    <Path>/FDR/Mics/urldescovery.aspx</Path>
    <User>SARSGOV\S1037927</User>
    <Url>http://localhost/FDR/Mics/urldescovery.aspx</Url>
    <Time>10:58:56 AM +02</Time>
  </SystemRequest>
  <SystemRequest>
    <RequestTime>2017-12-07</RequestTime>
    <Path>/FDR/Mics/urldescovery.aspx</Path>
    <User>SARSGOV\S1037927</User>
    <Url>http://localhost/FDR/Mics/urldescovery.aspx</Url>
    <Time>11:01:19 AM +02</Time>
  </SystemRequest>
  <SystemRequest>
    <RequestTime>2017-12-07</RequestTime>
    <Path>/FDR/Mics/urldescovery.aspx</Path>
    <User>SARSGOV\S1037927</User>
    <Url>http://localhost/FDR/Mics/urldescovery.aspx</Url>
    <Time>11:01:25 AM +02</Time>
  </SystemRequest>
  <SystemRequest>
    <RequestTime>2017-12-07</RequestTime>
    <Path>/FDR/Mics/urldescovery.aspx</Path>
    <User>SARSGOV\S1037927</User>
    <Url>http://localhost/FDR/Mics/urldescovery.aspx</Url>
    <Time>11:11:53 AM +02</Time>
  </SystemRequest>
  <SystemRequest>
    <RequestTime>2017-12-07</RequestTime>
    <Path>/FDR/Mics/urldescovery.aspx</Path>
    <User>SARSGOV\S1037927</User>
    <Url>http://localhost/FDR/Mics/urldescovery.aspx</Url>
    <Time>11:12:45 AM +02</Time>
  </SystemRequest>
  <SystemRequest>
    <RequestTime>2017-12-07</RequestTime>
    <Path>/FDR/secureurl/menu.aspx</Path>
    <User>SARSGOV\S1037927</User>
    <Url>http://localhost/FDR/secureurl/menu.aspx</Url>
    <Time>11:13:03 AM +02</Time>
  </SystemRequest>
  <SystemRequest>
    <RequestTime>2017-12-07</RequestTime>
    <Path>/fdr/pages/incomingcbcdeclataions.aspx</Path>
    <User>SARSGOV\S1037927</User>
    <Url>http://localhost/fdr/pages/incomingcbcdeclataions.aspx?new=1</Url>
    <Time>11:13:08 AM +02</Time>
  </SystemRequest>
  <SystemRequest>
    <RequestTime>2017-12-07</RequestTime>
    <Path>/fdr/allocate/default.aspx</Path>
    <User>SARSGOV\S1037927</User>
    <Url>http://localhost/fdr/allocate/default.aspx</Url>
    <Time>11:13:10 AM +02</Time>
  </SystemRequest>
  <SystemRequest>
    <RequestTime>2017-12-07</RequestTime>
    <Path>/fdr/allocate/default.aspx</Path>
    <User>SARSGOV\S1037927</User>
    <Url>http://localhost/fdr/allocate/default.aspx</Url>
    <Time>11:19:20 AM +02</Time>
  </SystemRequest>
  <SystemRequest>
    <RequestTime>2017-12-07</RequestTime>
    <Path>/fdr/allocate/allocate.aspx</Path>
    <User>SARSGOV\S1037927</User>
    <Url>http://localhost/fdr/allocate/allocate.aspx?submissionId=20099&amp;bck=L2Zkci9hbGxvY2F0ZS9kZWZhdWx0LmFzcHg=</Url>
    <Time>11:19:20 AM +02</Time>
  </SystemRequest>
  <SystemRequest>
    <RequestTime>2017-12-07</RequestTime>
    <Path>/fdr/allocate/default.aspx</Path>
    <User>SARSGOV\S1037927</User>
    <Url>http://localhost/fdr/allocate/default.aspx</Url>
    <Time>11:19:22 AM +02</Time>
  </SystemRequest>
  <SystemRequest>
    <RequestTime>2017-12-07</RequestTime>
    <Path>/fdr/allocate/default.aspx</Path>
    <User>SARSGOV\S1037927</User>
    <Url>http://localhost/fdr/allocate/default.aspx</Url>
    <Time>11:19:26 AM +02</Time>
  </SystemRequest>
  <SystemRequest>
    <RequestTime>2017-12-07</RequestTime>
    <Path>/fdr/allocate/allocate.aspx</Path>
    <User>SARSGOV\S1037927</User>
    <Url>http://localhost/fdr/allocate/allocate.aspx?submissionId=20097&amp;bck=L2Zkci9hbGxvY2F0ZS9kZWZhdWx0LmFzcHg=</Url>
    <Time>11:19:26 AM +02</Time>
  </SystemRequest>
  <SystemRequest>
    <RequestTime>2017-12-07</RequestTime>
    <Path>/fdr/allocate/default.aspx</Path>
    <User>SARSGOV\S1037927</User>
    <Url>http://localhost/fdr/allocate/default.aspx</Url>
    <Time>11:19:35 AM +02</Time>
  </SystemRequest>
  <SystemRequest>
    <RequestTime>2017-12-07</RequestTime>
    <Path>/fdr/allocate/default.aspx</Path>
    <User>SARSGOV\S1037927</User>
    <Url>http://localhost/fdr/allocate/default.aspx</Url>
    <Time>11:19:40 AM +02</Time>
  </SystemRequest>
  <SystemRequest>
    <RequestTime>2017-12-07</RequestTime>
    <Path>/fdr/allocate/allocate.aspx</Path>
    <User>SARSGOV\S1037927</User>
    <Url>http://localhost/fdr/allocate/allocate.aspx?submissionId=20099&amp;bck=L2Zkci9hbGxvY2F0ZS9kZWZhdWx0LmFzcHg=</Url>
    <Time>11:19:40 AM +02</Time>
  </SystemRequest>
  <SystemRequest>
    <RequestTime>2017-12-07</RequestTime>
    <Path>/fdr/allocate/allocate.aspx</Path>
    <User>SARSGOV\S1037927</User>
    <Url>http://localhost/fdr/allocate/allocate.aspx?submissionId=20099&amp;bck=L2Zkci9hbGxvY2F0ZS9kZWZhdWx0LmFzcHg=</Url>
    <Time>11:20:10 AM +02</Time>
  </SystemRequest>
  <SystemRequest>
    <RequestTime>2017-12-07</RequestTime>
    <Path>/FDR/Mics/urldescovery.aspx</Path>
    <User>SARSGOV\S1037927</User>
    <Url>http://localhost/FDR/Mics/urldescovery.aspx</Url>
    <Time>13:07:19 PM +02</Time>
  </SystemRequest>
  <SystemRequest>
    <RequestTime>2017-12-07</RequestTime>
    <Path>/fdr/allocate/default.aspx</Path>
    <User>SARSGOV\S1037927</User>
    <Url>http://localhost/fdr/allocate/default.aspx</Url>
    <Time>13:07:43 PM +02</Time>
  </SystemRequest>
  <SystemRequest>
    <RequestTime>2017-12-07</RequestTime>
    <Path>/FDR/Mics/urldescovery.aspx</Path>
    <User>SARSGOV\S1037927</User>
    <Url>http://localhost/FDR/Mics/urldescovery.aspx</Url>
    <Time>13:18:02 PM +02</Time>
  </SystemRequest>
  <SystemRequest>
    <RequestTime>2017-12-07</RequestTime>
    <Path>/fdr/allocate/default.aspx</Path>
    <User>SARSGOV\S1037927</User>
    <Url>http://localhost/fdr/allocate/default.aspx</Url>
    <Time>13:18:14 PM +02</Time>
  </SystemRequest>
  <SystemRequest>
    <RequestTime>2017-12-07</RequestTime>
    <Path>/fdr/allocate/allocate.aspx</Path>
    <User>SARSGOV\S1037927</User>
    <Url>http://localhost/fdr/allocate/allocate.aspx?submissionId=20099&amp;bck=L2Zkci9hbGxvY2F0ZS9kZWZhdWx0LmFzcHg=</Url>
    <Time>13:18:14 PM +02</Time>
  </SystemRequest>
</ArrayOfSystemRequest>