<?xml version="1.0" encoding="utf-8"?>
<ArrayOfSystemRequest>
  <SystemRequest>
    <RequestTime>2017-12-15</RequestTime>
    <Path>/FDR/Mics/urldescovery.aspx</Path>
    <User>SARSGOV\s1037927</User>
    <Url>http://localhost/FDR/Mics/urldescovery.aspx</Url>
    <Time>15:03:13 PM +02</Time>
  </SystemRequest>
  <SystemRequest>
    <RequestTime>2017-12-15</RequestTime>
    <Path>/FDR/Default.aspx</Path>
    <User>SARSGOV\s1037927</User>
    <Url>http://localhost/FDR/Default.aspx</Url>
    <Time>15:03:39 PM +02</Time>
  </SystemRequest>
  <SystemRequest>
    <RequestTime>2017-12-15</RequestTime>
    <Path>/fdr/secureurl/menu.aspx</Path>
    <User>SARSGOV\s1037927</User>
    <Url>http://localhost/fdr/secureurl/menu.aspx</Url>
    <Time>15:04:23 PM +02</Time>
  </SystemRequest>
  <SystemRequest>
    <RequestTime>2017-12-15</RequestTime>
    <Path>/fdr/secureurl/AssignUserToRole.aspx</Path>
    <User>SARSGOV\s1037927</User>
    <Url>http://localhost/fdr/secureurl/AssignUserToRole.aspx</Url>
    <Time>15:04:28 PM +02</Time>
  </SystemRequest>
  <SystemRequest>
    <RequestTime>2017-12-15</RequestTime>
    <Path>/fdr/secureurl/sarsactivedirectoryuserservice.asmx</Path>
    <User>SARSGOV\s1037927</User>
    <Url>http://localhost/fdr/secureurl/sarsactivedirectoryuserservice.asmx</Url>
    <Time>15:04:35 PM +02</Time>
  </SystemRequest>
  <SystemRequest>
    <RequestTime>2017-12-15</RequestTime>
    <Path>/fdr/secureurl/sarsactivedirectoryuserservice.asmx</Path>
    <User>SARSGOV\s1037927</User>
    <Url>http://localhost/fdr/secureurl/sarsactivedirectoryuserservice.asmx</Url>
    <Time>15:04:36 PM +02</Time>
  </SystemRequest>
  <SystemRequest>
    <RequestTime>2017-12-15</RequestTime>
    <Path>/fdr/secureurl/AssignUserToRole.aspx</Path>
    <User>SARSGOV\s1037927</User>
    <Url>http://localhost/fdr/secureurl/AssignUserToRole.aspx</Url>
    <Time>15:04:43 PM +02</Time>
  </SystemRequest>
  <SystemRequest>
    <RequestTime>2017-12-15</RequestTime>
    <Path>/fdr/secureurl/sarsactivedirectoryuserservice.asmx</Path>
    <User>SARSGOV\s1037927</User>
    <Url>http://localhost/fdr/secureurl/sarsactivedirectoryuserservice.asmx</Url>
    <Time>15:06:12 PM +02</Time>
  </SystemRequest>
  <SystemRequest>
    <RequestTime>2017-12-15</RequestTime>
    <Path>/fdr/secureurl/sarsactivedirectoryuserservice.asmx</Path>
    <User>SARSGOV\s1037927</User>
    <Url>http://localhost/fdr/secureurl/sarsactivedirectoryuserservice.asmx</Url>
    <Time>15:06:12 PM +02</Time>
  </SystemRequest>
  <SystemRequest>
    <RequestTime>2017-12-15</RequestTime>
    <Path>/fdr/secureurl/AssignUserToRole.aspx</Path>
    <User>SARSGOV\s1037927</User>
    <Url>http://localhost/fdr/secureurl/AssignUserToRole.aspx</Url>
    <Time>15:06:16 PM +02</Time>
  </SystemRequest>
  <SystemRequest>
    <RequestTime>2017-12-15</RequestTime>
    <Path>/fdr/secureurl/menu.aspx</Path>
    <User>SARSGOV\s1037927</User>
    <Url>http://localhost/fdr/secureurl/menu.aspx</Url>
    <Time>15:07:26 PM +02</Time>
  </SystemRequest>
  <SystemRequest>
    <RequestTime>2017-12-15</RequestTime>
    <Path>/fdr/secureurl/RemoveUserFromRole.aspx</Path>
    <User>SARSGOV\s1037927</User>
    <Url>http://localhost/fdr/secureurl/RemoveUserFromRole.aspx</Url>
    <Time>15:07:28 PM +02</Time>
  </SystemRequest>
  <SystemRequest>
    <RequestTime>2017-12-15</RequestTime>
    <Path>/fdr/secureurl/sarsactivedirectoryuserservice.asmx</Path>
    <User>SARSGOV\s1037927</User>
    <Url>http://localhost/fdr/secureurl/sarsactivedirectoryuserservice.asmx</Url>
    <Time>15:07:32 PM +02</Time>
  </SystemRequest>
  <SystemRequest>
    <RequestTime>2017-12-15</RequestTime>
    <Path>/fdr/secureurl/sarsactivedirectoryuserservice.asmx</Path>
    <User>SARSGOV\s1037927</User>
    <Url>http://localhost/fdr/secureurl/sarsactivedirectoryuserservice.asmx</Url>
    <Time>15:07:33 PM +02</Time>
  </SystemRequest>
  <SystemRequest>
    <RequestTime>2017-12-15</RequestTime>
    <Path>/fdr/secureurl/RemoveUserFromRole.aspx</Path>
    <User>SARSGOV\s1037927</User>
    <Url>http://localhost/fdr/secureurl/RemoveUserFromRole.aspx</Url>
    <Time>15:07:36 PM +02</Time>
  </SystemRequest>
  <SystemRequest>
    <RequestTime>2017-12-15</RequestTime>
    <Path>/fdr/secureurl/RemoveUserFromRole.aspx</Path>
    <User>SARSGOV\s1037927</User>
    <Url>http://localhost/fdr/secureurl/RemoveUserFromRole.aspx</Url>
    <Time>15:07:38 PM +02</Time>
  </SystemRequest>
  <SystemRequest>
    <RequestTime>2017-12-15</RequestTime>
    <Path>/fdr/secureurl/RemoveUserFromRole.aspx</Path>
    <User>SARSGOV\s1037927</User>
    <Url>http://localhost/fdr/secureurl/RemoveUserFromRole.aspx</Url>
    <Time>15:08:08 PM +02</Time>
  </SystemRequest>
  <SystemRequest>
    <RequestTime>2017-12-15</RequestTime>
    <Path>/fdr/secureurl/sarsactivedirectoryuserservice.asmx</Path>
    <User>SARSGOV\s1037927</User>
    <Url>http://localhost/fdr/secureurl/sarsactivedirectoryuserservice.asmx</Url>
    <Time>15:08:11 PM +02</Time>
  </SystemRequest>
  <SystemRequest>
    <RequestTime>2017-12-15</RequestTime>
    <Path>/fdr/secureurl/sarsactivedirectoryuserservice.asmx</Path>
    <User>SARSGOV\s1037927</User>
    <Url>http://localhost/fdr/secureurl/sarsactivedirectoryuserservice.asmx</Url>
    <Time>15:08:12 PM +02</Time>
  </SystemRequest>
  <SystemRequest>
    <RequestTime>2017-12-15</RequestTime>
    <Path>/fdr/secureurl/RemoveUserFromRole.aspx</Path>
    <User>SARSGOV\s1037927</User>
    <Url>http://localhost/fdr/secureurl/RemoveUserFromRole.aspx</Url>
    <Time>15:08:13 PM +02</Time>
  </SystemRequest>
  <SystemRequest>
    <RequestTime>2017-12-15</RequestTime>
    <Path>/fdr/secureurl/RemoveUserFromRole.aspx</Path>
    <User>SARSGOV\s1037927</User>
    <Url>http://localhost/fdr/secureurl/RemoveUserFromRole.aspx</Url>
    <Time>15:08:15 PM +02</Time>
  </SystemRequest>
  <SystemRequest>
    <RequestTime>2017-12-15</RequestTime>
    <Path>/fdr/secureurl/menu.aspx</Path>
    <User>SARSGOV\s1037927</User>
    <Url>http://localhost/fdr/secureurl/menu.aspx</Url>
    <Time>15:08:18 PM +02</Time>
  </SystemRequest>
  <SystemRequest>
    <RequestTime>2017-12-15</RequestTime>
    <Path>/FDR/default.aspx</Path>
    <User>SARSGOV\s1037927</User>
    <Url>http://lptabu95/FDR/default.aspx</Url>
    <Time>15:08:24 PM +02</Time>
  </SystemRequest>
  <SystemRequest>
    <RequestTime>2017-12-15</RequestTime>
    <Path>/FDR/Default.aspx</Path>
    <User>SARSGOV\s1037927</User>
    <Url>http://lptabu95/FDR/Default.aspx</Url>
    <Time>15:08:33 PM +02</Time>
  </SystemRequest>
  <SystemRequest>
    <RequestTime>2017-12-15</RequestTime>
    <Path>/FDR/Mics/urldescovery.aspx</Path>
    <User>SARSGOV\s1037927</User>
    <Url>http://localhost/FDR/Mics/urldescovery.aspx</Url>
    <Time>15:15:49 PM +02</Time>
  </SystemRequest>
  <SystemRequest>
    <RequestTime>2017-12-15</RequestTime>
    <Path>/fdr/secureurl/menu.aspx</Path>
    <User>SARSGOV\s1037927</User>
    <Url>http://localhost/fdr/secureurl/menu.aspx</Url>
    <Time>15:15:55 PM +02</Time>
  </SystemRequest>
  <SystemRequest>
    <RequestTime>2017-12-15</RequestTime>
    <Path>/fdr/secureurl/lookuptablemanager.aspx</Path>
    <User>SARSGOV\s1037927</User>
    <Url>http://localhost/fdr/secureurl/lookuptablemanager.aspx</Url>
    <Time>15:17:48 PM +02</Time>
  </SystemRequest>
  <SystemRequest>
    <RequestTime>2017-12-15</RequestTime>
    <Path>/FDR/Mics/lookuptablemanager.aspx</Path>
    <User>SARSGOV\s1037927</User>
    <Url>http://localhost/FDR/Mics/lookuptablemanager.aspx</Url>
    <Time>15:19:08 PM +02</Time>
  </SystemRequest>
  <SystemRequest>
    <RequestTime>2017-12-15</RequestTime>
    <Path>/FDR/Mics/lookuptablemanager.aspx</Path>
    <User>SARSGOV\s1037927</User>
    <Url>http://localhost/FDR/Mics/lookuptablemanager.aspx</Url>
    <Time>15:20:57 PM +02</Time>
  </SystemRequest>
  <SystemRequest>
    <RequestTime>2017-12-15</RequestTime>
    <Path>/FDR/Mics/lookuptablemanager.aspx</Path>
    <User>SARSGOV\s1037927</User>
    <Url>http://localhost/FDR/Mics/lookuptablemanager.aspx</Url>
    <Time>15:21:11 PM +02</Time>
  </SystemRequest>
  <SystemRequest>
    <RequestTime>2017-12-15</RequestTime>
    <Path>/FDR/Mics/lookuptablemanager.aspx</Path>
    <User>SARSGOV\s1037927</User>
    <Url>http://localhost/FDR/Mics/lookuptablemanager.aspx</Url>
    <Time>15:21:26 PM +02</Time>
  </SystemRequest>
  <SystemRequest>
    <RequestTime>2017-12-15</RequestTime>
    <Path>/FDR/Mics/lookuptablemanager.aspx</Path>
    <User>SARSGOV\s1037927</User>
    <Url>http://localhost/FDR/Mics/lookuptablemanager.aspx</Url>
    <Time>15:22:13 PM +02</Time>
  </SystemRequest>
  <SystemRequest>
    <RequestTime>2017-12-15</RequestTime>
    <Path>/FDR/Mics/lookuptablemanager.aspx</Path>
    <User>SARSGOV\s1037927</User>
    <Url>http://localhost/FDR/Mics/lookuptablemanager.aspx</Url>
    <Time>15:22:23 PM +02</Time>
  </SystemRequest>
  <SystemRequest>
    <RequestTime>2017-12-15</RequestTime>
    <Path>/FDR/Mics/lookuptablemanager.aspx</Path>
    <User>SARSGOV\s1037927</User>
    <Url>http://localhost/FDR/Mics/lookuptablemanager.aspx</Url>
    <Time>15:22:25 PM +02</Time>
  </SystemRequest>
  <SystemRequest>
    <RequestTime>2017-12-15</RequestTime>
    <Path>/FDR/Mics/lookuptablemanager.aspx</Path>
    <User>SARSGOV\s1037927</User>
    <Url>http://localhost/FDR/Mics/lookuptablemanager.aspx</Url>
    <Time>15:33:05 PM +02</Time>
  </SystemRequest>
  <SystemRequest>
    <RequestTime>2017-12-15</RequestTime>
    <Path>/FDR/Mics/lookuptablemanager.aspx</Path>
    <User>SARSGOV\s1037927</User>
    <Url>http://localhost/FDR/Mics/lookuptablemanager.aspx</Url>
    <Time>15:37:20 PM +02</Time>
  </SystemRequest>
  <SystemRequest>
    <RequestTime>2017-12-15</RequestTime>
    <Path>/FDR/Mics/lookuptablemanager.aspx</Path>
    <User>SARSGOV\s1037927</User>
    <Url>http://localhost/FDR/Mics/lookuptablemanager.aspx</Url>
    <Time>15:37:23 PM +02</Time>
  </SystemRequest>
  <SystemRequest>
    <RequestTime>2017-12-15</RequestTime>
    <Path>/FDR/Mics/lookuptablemanager.aspx</Path>
    <User>SARSGOV\s1037927</User>
    <Url>http://localhost/FDR/Mics/lookuptablemanager.aspx</Url>
    <Time>15:37:24 PM +02</Time>
  </SystemRequest>
  <SystemRequest>
    <RequestTime>2017-12-15</RequestTime>
    <Path>/FDR/Mics/lookuptablemanager.aspx</Path>
    <User>SARSGOV\s1037927</User>
    <Url>http://localhost/FDR/Mics/lookuptablemanager.aspx</Url>
    <Time>15:37:46 PM +02</Time>
  </SystemRequest>
  <SystemRequest>
    <RequestTime>2017-12-15</RequestTime>
    <Path>/FDR/Mics/lookuptablemanager.aspx</Path>
    <User>SARSGOV\s1037927</User>
    <Url>http://localhost/FDR/Mics/lookuptablemanager.aspx</Url>
    <Time>15:37:48 PM +02</Time>
  </SystemRequest>
  <SystemRequest>
    <RequestTime>2017-12-15</RequestTime>
    <Path>/FDR/Mics/lookuptablemanager.aspx</Path>
    <User>SARSGOV\s1037927</User>
    <Url>http://localhost/FDR/Mics/lookuptablemanager.aspx</Url>
    <Time>15:37:49 PM +02</Time>
  </SystemRequest>
  <SystemRequest>
    <RequestTime>2017-12-15</RequestTime>
    <Path>/FDR/Mics/lookuptablemanager.aspx</Path>
    <User>SARSGOV\s1037927</User>
    <Url>http://localhost/FDR/Mics/lookuptablemanager.aspx</Url>
    <Time>15:38:00 PM +02</Time>
  </SystemRequest>
  <SystemRequest>
    <RequestTime>2017-12-15</RequestTime>
    <Path>/FDR/Mics/lookuptablemanager.aspx</Path>
    <User>SARSGOV\s1037927</User>
    <Url>http://localhost/FDR/Mics/lookuptablemanager.aspx</Url>
    <Time>15:38:03 PM +02</Time>
  </SystemRequest>
  <SystemRequest>
    <RequestTime>2017-12-15</RequestTime>
    <Path>/FDR/Mics/lookuptablemanager.aspx</Path>
    <User>SARSGOV\s1037927</User>
    <Url>http://localhost/FDR/Mics/lookuptablemanager.aspx</Url>
    <Time>15:38:15 PM +02</Time>
  </SystemRequest>
  <SystemRequest>
    <RequestTime>2017-12-15</RequestTime>
    <Path>/FDR/Mics/lookuptablemanager.aspx</Path>
    <User>SARSGOV\s1037927</User>
    <Url>http://localhost/FDR/Mics/lookuptablemanager.aspx</Url>
    <Time>15:38:19 PM +02</Time>
  </SystemRequest>
  <SystemRequest>
    <RequestTime>2017-12-15</RequestTime>
    <Path>/FDR/Mics/lookuptablemanager.aspx</Path>
    <User>SARSGOV\s1037927</User>
    <Url>http://localhost/FDR/Mics/lookuptablemanager.aspx</Url>
    <Time>15:38:20 PM +02</Time>
  </SystemRequest>
  <SystemRequest>
    <RequestTime>2017-12-15</RequestTime>
    <Path>/FDR/Mics/lookuptablemanager.aspx</Path>
    <User>SARSGOV\s1037927</User>
    <Url>http://localhost/FDR/Mics/lookuptablemanager.aspx</Url>
    <Time>15:38:23 PM +02</Time>
  </SystemRequest>
  <SystemRequest>
    <RequestTime>2017-12-15</RequestTime>
    <Path>/FDR/Mics/lookuptablemanager.aspx</Path>
    <User>SARSGOV\s1037927</User>
    <Url>http://localhost/FDR/Mics/lookuptablemanager.aspx</Url>
    <Time>15:38:45 PM +02</Time>
  </SystemRequest>
  <SystemRequest>
    <RequestTime>2017-12-15</RequestTime>
    <Path>/FDR/Mics/lookuptablemanager.aspx</Path>
    <User>SARSGOV\s1037927</User>
    <Url>http://localhost/FDR/Mics/lookuptablemanager.aspx</Url>
    <Time>15:38:48 PM +02</Time>
  </SystemRequest>
  <SystemRequest>
    <RequestTime>2017-12-15</RequestTime>
    <Path>/FDR/Mics/lookuptablemanager.aspx</Path>
    <User>SARSGOV\s1037927</User>
    <Url>http://localhost/FDR/Mics/lookuptablemanager.aspx</Url>
    <Time>15:38:54 PM +02</Time>
  </SystemRequest>
  <SystemRequest>
    <RequestTime>2017-12-15</RequestTime>
    <Path>/FDR/Mics/lookuptablemanager.aspx</Path>
    <User>SARSGOV\s1037927</User>
    <Url>http://localhost/FDR/Mics/lookuptablemanager.aspx</Url>
    <Time>15:38:57 PM +02</Time>
  </SystemRequest>
  <SystemRequest>
    <RequestTime>2017-12-15</RequestTime>
    <Path>/FDR/Mics/lookuptablemanager.aspx</Path>
    <User>SARSGOV\s1037927</User>
    <Url>http://localhost/FDR/Mics/lookuptablemanager.aspx</Url>
    <Time>15:39:03 PM +02</Time>
  </SystemRequest>
  <SystemRequest>
    <RequestTime>2017-12-15</RequestTime>
    <Path>/FDR/Mics/lookuptablemanager.aspx</Path>
    <User>SARSGOV\s1037927</User>
    <Url>http://localhost/FDR/Mics/lookuptablemanager.aspx</Url>
    <Time>15:39:06 PM +02</Time>
  </SystemRequest>
  <SystemRequest>
    <RequestTime>2017-12-15</RequestTime>
    <Path>/FDR/Mics/lookuptablemanager.aspx</Path>
    <User>SARSGOV\s1037927</User>
    <Url>http://localhost/FDR/Mics/lookuptablemanager.aspx</Url>
    <Time>15:39:11 PM +02</Time>
  </SystemRequest>
  <SystemRequest>
    <RequestTime>2017-12-15</RequestTime>
    <Path>/FDR/Mics/lookuptablemanager.aspx</Path>
    <User>SARSGOV\s1037927</User>
    <Url>http://localhost/FDR/Mics/lookuptablemanager.aspx</Url>
    <Time>15:39:34 PM +02</Time>
  </SystemRequest>
  <SystemRequest>
    <RequestTime>2017-12-15</RequestTime>
    <Path>/FDR/Mics/lookuptablemanager.aspx</Path>
    <User>SARSGOV\s1037927</User>
    <Url>http://localhost/FDR/Mics/lookuptablemanager.aspx</Url>
    <Time>15:39:43 PM +02</Time>
  </SystemRequest>
  <SystemRequest>
    <RequestTime>2017-12-15</RequestTime>
    <Path>/FDR/Mics/lookuptablemanager.aspx</Path>
    <User>SARSGOV\s1037927</User>
    <Url>http://localhost/FDR/Mics/lookuptablemanager.aspx</Url>
    <Time>15:46:42 PM +02</Time>
  </SystemRequest>
  <SystemRequest>
    <RequestTime>2017-12-15</RequestTime>
    <Path>/FDR/Mics/lookuptablemanager.aspx</Path>
    <User>SARSGOV\s1037927</User>
    <Url>http://localhost/FDR/Mics/lookuptablemanager.aspx</Url>
    <Time>15:46:45 PM +02</Time>
  </SystemRequest>
  <SystemRequest>
    <RequestTime>2017-12-15</RequestTime>
    <Path>/FDR/Mics/lookuptablemanager.aspx</Path>
    <User>SARSGOV\s1037927</User>
    <Url>http://localhost/FDR/Mics/lookuptablemanager.aspx</Url>
    <Time>15:46:49 PM +02</Time>
  </SystemRequest>
  <SystemRequest>
    <RequestTime>2017-12-15</RequestTime>
    <Path>/FDR/Mics/lookuptablemanager.aspx</Path>
    <User>SARSGOV\s1037927</User>
    <Url>http://localhost/FDR/Mics/lookuptablemanager.aspx</Url>
    <Time>15:46:56 PM +02</Time>
  </SystemRequest>
  <SystemRequest>
    <RequestTime>2017-12-15</RequestTime>
    <Path>/FDR/Mics/lookuptablemanager.aspx</Path>
    <User>SARSGOV\s1037927</User>
    <Url>http://localhost/FDR/Mics/lookuptablemanager.aspx</Url>
    <Time>15:46:59 PM +02</Time>
  </SystemRequest>
  <SystemRequest>
    <RequestTime>2017-12-15</RequestTime>
    <Path>/FDR/Mics/lookuptablemanager.aspx</Path>
    <User>SARSGOV\s1037927</User>
    <Url>http://localhost/FDR/Mics/lookuptablemanager.aspx</Url>
    <Time>15:47:01 PM +02</Time>
  </SystemRequest>
  <SystemRequest>
    <RequestTime>2017-12-15</RequestTime>
    <Path>/FDR/Mics/lookuptablemanager.aspx</Path>
    <User>SARSGOV\s1037927</User>
    <Url>http://localhost/FDR/Mics/lookuptablemanager.aspx</Url>
    <Time>15:47:04 PM +02</Time>
  </SystemRequest>
  <SystemRequest>
    <RequestTime>2017-12-15</RequestTime>
    <Path>/FDR/Mics/lookuptablemanager.aspx</Path>
    <User>SARSGOV\s1037927</User>
    <Url>http://localhost/FDR/Mics/lookuptablemanager.aspx</Url>
    <Time>15:47:07 PM +02</Time>
  </SystemRequest>
  <SystemRequest>
    <RequestTime>2017-12-15</RequestTime>
    <Path>/FDR/Mics/lookuptablemanager.aspx</Path>
    <User>SARSGOV\s1037927</User>
    <Url>http://localhost/FDR/Mics/lookuptablemanager.aspx</Url>
    <Time>15:48:39 PM +02</Time>
  </SystemRequest>
  <SystemRequest>
    <RequestTime>2017-12-15</RequestTime>
    <Path>/FDR/Mics/lookuptablemanager.aspx</Path>
    <User>SARSGOV\s1037927</User>
    <Url>http://localhost/FDR/Mics/lookuptablemanager.aspx</Url>
    <Time>15:48:55 PM +02</Time>
  </SystemRequest>
  <SystemRequest>
    <RequestTime>2017-12-15</RequestTime>
    <Path>/FDR/Mics/lookuptablemanager.aspx</Path>
    <User>SARSGOV\s1037927</User>
    <Url>http://localhost/FDR/Mics/lookuptablemanager.aspx</Url>
    <Time>15:49:00 PM +02</Time>
  </SystemRequest>
  <SystemRequest>
    <RequestTime>2017-12-15</RequestTime>
    <Path>/FDR/Mics/lookuptablemanager.aspx</Path>
    <User>SARSGOV\s1037927</User>
    <Url>http://localhost/FDR/Mics/lookuptablemanager.aspx</Url>
    <Time>15:49:01 PM +02</Time>
  </SystemRequest>
  <SystemRequest>
    <RequestTime>2017-12-15</RequestTime>
    <Path>/FDR/Mics/lookuptablemanager.aspx</Path>
    <User>SARSGOV\s1037927</User>
    <Url>http://localhost/FDR/Mics/lookuptablemanager.aspx</Url>
    <Time>16:49:37 PM +02</Time>
  </SystemRequest>
  <SystemRequest>
    <RequestTime>2017-12-15</RequestTime>
    <Path>/FDR/Mics/lookuptablemanager.aspx</Path>
    <User>SARSGOV\s1037927</User>
    <Url>http://localhost/FDR/Mics/lookuptablemanager.aspx</Url>
    <Time>16:50:10 PM +02</Time>
  </SystemRequest>
  <SystemRequest>
    <RequestTime>2017-12-15</RequestTime>
    <Path>/FDR/Mics/lookuptablemanager.aspx</Path>
    <User>SARSGOV\s1037927</User>
    <Url>http://localhost/FDR/Mics/lookuptablemanager.aspx</Url>
    <Time>16:50:18 PM +02</Time>
  </SystemRequest>
  <SystemRequest>
    <RequestTime>2017-12-15</RequestTime>
    <Path>/FDR/Mics/lookuptablemanager.aspx</Path>
    <User>SARSGOV\s1037927</User>
    <Url>http://localhost/FDR/Mics/lookuptablemanager.aspx</Url>
    <Time>16:50:29 PM +02</Time>
  </SystemRequest>
  <SystemRequest>
    <RequestTime>2017-12-15</RequestTime>
    <Path>/FDR/Mics/lookuptablemanager.aspx</Path>
    <User>SARSGOV\s1037927</User>
    <Url>http://localhost/FDR/Mics/lookuptablemanager.aspx</Url>
    <Time>16:50:37 PM +02</Time>
  </SystemRequest>
  <SystemRequest>
    <RequestTime>2017-12-15</RequestTime>
    <Path>/FDR/Mics/lookuptablemanager.aspx</Path>
    <User>SARSGOV\s1037927</User>
    <Url>http://localhost/FDR/Mics/lookuptablemanager.aspx</Url>
    <Time>16:50:39 PM +02</Time>
  </SystemRequest>
  <SystemRequest>
    <RequestTime>2017-12-15</RequestTime>
    <Path>/FDR/Mics/lookuptablemanager.aspx</Path>
    <User>SARSGOV\s1037927</User>
    <Url>http://localhost/FDR/Mics/lookuptablemanager.aspx</Url>
    <Time>16:50:42 PM +02</Time>
  </SystemRequest>
  <SystemRequest>
    <RequestTime>2017-12-15</RequestTime>
    <Path>/FDR/Mics/lookuptablemanager.aspx</Path>
    <User>SARSGOV\s1037927</User>
    <Url>http://localhost/FDR/Mics/lookuptablemanager.aspx</Url>
    <Time>16:51:07 PM +02</Time>
  </SystemRequest>
  <SystemRequest>
    <RequestTime>2017-12-15</RequestTime>
    <Path>/FDR/Mics/lookuptablemanager.aspx</Path>
    <User>SARSGOV\s1037927</User>
    <Url>http://localhost/FDR/Mics/lookuptablemanager.aspx</Url>
    <Time>16:51:12 PM +02</Time>
  </SystemRequest>
  <SystemRequest>
    <RequestTime>2017-12-15</RequestTime>
    <Path>/FDR/Mics/lookuptablemanager.aspx</Path>
    <User>SARSGOV\s1037927</User>
    <Url>http://localhost/FDR/Mics/lookuptablemanager.aspx</Url>
    <Time>16:51:20 PM +02</Time>
  </SystemRequest>
  <SystemRequest>
    <RequestTime>2017-12-15</RequestTime>
    <Path>/FDR/Mics/lookuptablemanager.aspx</Path>
    <User>SARSGOV\s1037927</User>
    <Url>http://localhost/FDR/Mics/lookuptablemanager.aspx</Url>
    <Time>16:51:24 PM +02</Time>
  </SystemRequest>
  <SystemRequest>
    <RequestTime>2017-12-15</RequestTime>
    <Path>/FDR/Mics/lookuptablemanager.aspx</Path>
    <User>SARSGOV\s1037927</User>
    <Url>http://localhost/FDR/Mics/lookuptablemanager.aspx</Url>
    <Time>16:51:30 PM +02</Time>
  </SystemRequest>
  <SystemRequest>
    <RequestTime>2017-12-15</RequestTime>
    <Path>/FDR/Mics/lookuptablemanager.aspx</Path>
    <User>SARSGOV\s1037927</User>
    <Url>http://localhost/FDR/Mics/lookuptablemanager.aspx</Url>
    <Time>16:51:32 PM +02</Time>
  </SystemRequest>
  <SystemRequest>
    <RequestTime>2017-12-15</RequestTime>
    <Path>/FDR/Mics/lookuptablemanager.aspx</Path>
    <User>SARSGOV\s1037927</User>
    <Url>http://localhost/FDR/Mics/lookuptablemanager.aspx</Url>
    <Time>16:51:35 PM +02</Time>
  </SystemRequest>
  <SystemRequest>
    <RequestTime>2017-12-15</RequestTime>
    <Path>/FDR/Mics/lookuptablemanager.aspx</Path>
    <User>SARSGOV\s1037927</User>
    <Url>http://localhost/FDR/Mics/lookuptablemanager.aspx</Url>
    <Time>16:51:38 PM +02</Time>
  </SystemRequest>
  <SystemRequest>
    <RequestTime>2017-12-15</RequestTime>
    <Path>/FDR/Mics/lookuptablemanager.aspx</Path>
    <User>SARSGOV\s1037927</User>
    <Url>http://localhost/FDR/Mics/lookuptablemanager.aspx</Url>
    <Time>16:51:42 PM +02</Time>
  </SystemRequest>
  <SystemRequest>
    <RequestTime>2017-12-15</RequestTime>
    <Path>/FDR/Mics/lookuptablemanager.aspx</Path>
    <User>SARSGOV\s1037927</User>
    <Url>http://localhost/FDR/Mics/lookuptablemanager.aspx</Url>
    <Time>16:51:43 PM +02</Time>
  </SystemRequest>
  <SystemRequest>
    <RequestTime>2017-12-15</RequestTime>
    <Path>/FDR/Mics/lookuptablemanager.aspx</Path>
    <User>SARSGOV\s1037927</User>
    <Url>http://localhost/FDR/Mics/lookuptablemanager.aspx</Url>
    <Time>16:51:47 PM +02</Time>
  </SystemRequest>
  <SystemRequest>
    <RequestTime>2017-12-15</RequestTime>
    <Path>/FDR/Mics/lookuptablemanager.aspx</Path>
    <User>SARSGOV\s1037927</User>
    <Url>http://localhost/FDR/Mics/lookuptablemanager.aspx</Url>
    <Time>16:51:49 PM +02</Time>
  </SystemRequest>
  <SystemRequest>
    <RequestTime>2017-12-15</RequestTime>
    <Path>/FDR/Mics/lookuptablemanager.aspx</Path>
    <User>SARSGOV\s1037927</User>
    <Url>http://localhost/FDR/Mics/lookuptablemanager.aspx</Url>
    <Time>16:51:51 PM +02</Time>
  </SystemRequest>
  <SystemRequest>
    <RequestTime>2017-12-15</RequestTime>
    <Path>/FDR/Mics/lookuptablemanager.aspx</Path>
    <User>SARSGOV\s1037927</User>
    <Url>http://localhost/FDR/Mics/lookuptablemanager.aspx</Url>
    <Time>16:52:52 PM +02</Time>
  </SystemRequest>
  <SystemRequest>
    <RequestTime>2017-12-15</RequestTime>
    <Path>/fdr/secureurl/menu.aspx</Path>
    <User>SARSGOV\s1037927</User>
    <Url>http://localhost/fdr/secureurl/menu.aspx</Url>
    <Time>16:52:57 PM +02</Time>
  </SystemRequest>
  <SystemRequest>
    <RequestTime>2017-12-15</RequestTime>
    <Path>/fdr/secureurl/lookuptablemanager.aspx</Path>
    <User>SARSGOV\s1037927</User>
    <Url>http://localhost/fdr/secureurl/lookuptablemanager.aspx</Url>
    <Time>16:53:00 PM +02</Time>
  </SystemRequest>
  <SystemRequest>
    <RequestTime>2017-12-15</RequestTime>
    <Path>/fdr/secureurl/lookuptablemanager.aspx</Path>
    <User>SARSGOV\s1037927</User>
    <Url>http://localhost/fdr/secureurl/lookuptablemanager.aspx</Url>
    <Time>16:53:03 PM +02</Time>
  </SystemRequest>
  <SystemRequest>
    <RequestTime>2017-12-15</RequestTime>
    <Path>/fdr/secureurl/lookuptablemanager.aspx</Path>
    <User>SARSGOV\s1037927</User>
    <Url>http://localhost/fdr/secureurl/lookuptablemanager.aspx</Url>
    <Time>16:53:04 PM +02</Time>
  </SystemRequest>
  <SystemRequest>
    <RequestTime>2017-12-15</RequestTime>
    <Path>/fdr/secureurl/lookuptablemanager.aspx</Path>
    <User>SARSGOV\s1037927</User>
    <Url>http://localhost/fdr/secureurl/lookuptablemanager.aspx</Url>
    <Time>16:53:08 PM +02</Time>
  </SystemRequest>
  <SystemRequest>
    <RequestTime>2017-12-15</RequestTime>
    <Path>/fdr/secureurl/lookuptablemanager.aspx</Path>
    <User>SARSGOV\s1037927</User>
    <Url>http://localhost/fdr/secureurl/lookuptablemanager.aspx</Url>
    <Time>16:53:11 PM +02</Time>
  </SystemRequest>
  <SystemRequest>
    <RequestTime>2017-12-15</RequestTime>
    <Path>/fdr/secureurl/lookuptablemanager.aspx</Path>
    <User>SARSGOV\s1037927</User>
    <Url>http://localhost/fdr/secureurl/lookuptablemanager.aspx</Url>
    <Time>16:53:14 PM +02</Time>
  </SystemRequest>
  <SystemRequest>
    <RequestTime>2017-12-15</RequestTime>
    <Path>/fdr/secureurl/lookuptablemanager.aspx</Path>
    <User>SARSGOV\s1037927</User>
    <Url>http://localhost/fdr/secureurl/lookuptablemanager.aspx</Url>
    <Time>16:53:18 PM +02</Time>
  </SystemRequest>
  <SystemRequest>
    <RequestTime>2017-12-15</RequestTime>
    <Path>/fdr/secureurl/lookuptablemanager.aspx</Path>
    <User>SARSGOV\s1037927</User>
    <Url>http://localhost/fdr/secureurl/lookuptablemanager.aspx</Url>
    <Time>16:53:26 PM +02</Time>
  </SystemRequest>
  <SystemRequest>
    <RequestTime>2017-12-15</RequestTime>
    <Path>/fdr/secureurl/lookuptablemanager.aspx</Path>
    <User>SARSGOV\s1037927</User>
    <Url>http://localhost/fdr/secureurl/lookuptablemanager.aspx</Url>
    <Time>16:53:27 PM +02</Time>
  </SystemRequest>
  <SystemRequest>
    <RequestTime>2017-12-15</RequestTime>
    <Path>/fdr/secureurl/lookuptablemanager.aspx</Path>
    <User>SARSGOV\s1037927</User>
    <Url>http://localhost/fdr/secureurl/lookuptablemanager.aspx</Url>
    <Time>16:53:28 PM +02</Time>
  </SystemRequest>
</ArrayOfSystemRequest>