<?xml version="1.0" encoding="utf-8"?>
<ArrayOfSystemRequest>
  <SystemRequest>
    <RequestTime>2017-12-06</RequestTime>
    <Path>/FDR/pages/u3tm.aspx</Path>
    <User>SARSGOV\S1037927</User>
    <Url>http://localhost/FDR/pages/u3tm.aspx</Url>
    <Time>18:07:09 PM +02</Time>
  </SystemRequest>
  <SystemRequest>
    <RequestTime>2017-12-06</RequestTime>
    <Path>/fdr/pages/enquiremasterandlocalfiles.aspx</Path>
    <User>SARSGOV\S1037927</User>
    <Url>http://localhost/fdr/pages/enquiremasterandlocalfiles.aspx</Url>
    <Time>18:17:27 PM +02</Time>
  </SystemRequest>
  <SystemRequest>
    <RequestTime>2017-12-06</RequestTime>
    <Path>/FDR/allocate/Default.aspx</Path>
    <User>SARSGOV\S1037927</User>
    <Url>http://localhost/FDR/allocate/Default.aspx</Url>
    <Time>18:28:47 PM +02</Time>
  </SystemRequest>
  <SystemRequest>
    <RequestTime>2017-12-06</RequestTime>
    <Path>/FDR/allocate/Default.aspx</Path>
    <User>SARSGOV\S1037927</User>
    <Url>http://localhost/FDR/allocate/Default.aspx</Url>
    <Time>18:31:38 PM +02</Time>
  </SystemRequest>
  <SystemRequest>
    <RequestTime>2017-12-06</RequestTime>
    <Path>/FDR/allocate/displayfiles.aspx</Path>
    <User>SARSGOV\S1037927</User>
    <Url>http://localhost/FDR/allocate/displayfiles.aspx?submissionId=20098&amp;bck=L0ZEUi9hbGxvY2F0ZS9EZWZhdWx0LmFzcHg=</Url>
    <Time>18:31:39 PM +02</Time>
  </SystemRequest>
  <SystemRequest>
    <RequestTime>2017-12-06</RequestTime>
    <Path>/FDR/allocate/Default.aspx</Path>
    <User>SARSGOV\S1037927</User>
    <Url>http://localhost/FDR/allocate/Default.aspx</Url>
    <Time>18:32:07 PM +02</Time>
  </SystemRequest>
  <SystemRequest>
    <RequestTime>2017-12-06</RequestTime>
    <Path>/FDR/allocate/Default.aspx</Path>
    <User>SARSGOV\S1037927</User>
    <Url>http://localhost/FDR/allocate/Default.aspx</Url>
    <Time>18:32:10 PM +02</Time>
  </SystemRequest>
  <SystemRequest>
    <RequestTime>2017-12-06</RequestTime>
    <Path>/FDR/allocate/displayfiles.aspx</Path>
    <User>SARSGOV\S1037927</User>
    <Url>http://localhost/FDR/allocate/displayfiles.aspx?submissionId=20098&amp;bck=L0ZEUi9hbGxvY2F0ZS9EZWZhdWx0LmFzcHg=</Url>
    <Time>18:32:10 PM +02</Time>
  </SystemRequest>
  <SystemRequest>
    <RequestTime>2017-12-06</RequestTime>
    <Path>/FDR/allocate/Default.aspx</Path>
    <User>SARSGOV\S1037927</User>
    <Url>http://localhost/FDR/allocate/Default.aspx</Url>
    <Time>18:32:14 PM +02</Time>
  </SystemRequest>
  <SystemRequest>
    <RequestTime>2017-12-06</RequestTime>
    <Path>/FDR/allocate/Default.aspx</Path>
    <User>SARSGOV\S1037927</User>
    <Url>http://localhost/FDR/allocate/Default.aspx</Url>
    <Time>18:34:12 PM +02</Time>
  </SystemRequest>
  <SystemRequest>
    <RequestTime>2017-12-06</RequestTime>
    <Path>/FDR/allocate/Default.aspx</Path>
    <User>SARSGOV\S1037927</User>
    <Url>http://localhost/FDR/allocate/Default.aspx</Url>
    <Time>18:36:54 PM +02</Time>
  </SystemRequest>
  <SystemRequest>
    <RequestTime>2017-12-06</RequestTime>
    <Path>/FDR/allocate/Default.aspx</Path>
    <User>SARSGOV\S1037927</User>
    <Url>http://localhost/FDR/allocate/Default.aspx</Url>
    <Time>18:36:57 PM +02</Time>
  </SystemRequest>
  <SystemRequest>
    <RequestTime>2017-12-06</RequestTime>
    <Path>/FDR/pages/enquiremasterandlocalfiles.aspx</Path>
    <User>SARSGOV\S1037927</User>
    <Url>http://localhost/FDR/pages/enquiremasterandlocalfiles.aspx</Url>
    <Time>18:37:19 PM +02</Time>
  </SystemRequest>
  <SystemRequest>
    <RequestTime>2017-12-06</RequestTime>
    <Path>/FDR/allocate/Default.aspx</Path>
    <User>SARSGOV\S1037927</User>
    <Url>http://localhost/FDR/allocate/Default.aspx</Url>
    <Time>18:37:34 PM +02</Time>
  </SystemRequest>
  <SystemRequest>
    <RequestTime>2017-12-06</RequestTime>
    <Path>/FDR/allocate/Default.aspx</Path>
    <User>SARSGOV\S1037927</User>
    <Url>http://localhost/FDR/allocate/Default.aspx</Url>
    <Time>18:37:41 PM +02</Time>
  </SystemRequest>
  <SystemRequest>
    <RequestTime>2017-12-06</RequestTime>
    <Path>/FDR/allocate/Default.aspx</Path>
    <User>SARSGOV\S1037927</User>
    <Url>http://localhost/FDR/allocate/Default.aspx</Url>
    <Time>18:37:41 PM +02</Time>
  </SystemRequest>
  <SystemRequest>
    <RequestTime>2017-12-06</RequestTime>
    <Path>/FDR/allocate/Default.aspx</Path>
    <User>SARSGOV\S1037927</User>
    <Url>http://localhost/FDR/allocate/Default.aspx</Url>
    <Time>18:37:44 PM +02</Time>
  </SystemRequest>
  <SystemRequest>
    <RequestTime>2017-12-06</RequestTime>
    <Path>/FDR/allocate/Default.aspx</Path>
    <User>SARSGOV\S1037927</User>
    <Url>http://localhost/FDR/allocate/Default.aspx</Url>
    <Time>18:37:56 PM +02</Time>
  </SystemRequest>
  <SystemRequest>
    <RequestTime>2017-12-06</RequestTime>
    <Path>/FDR/allocate/Default.aspx</Path>
    <User>SARSGOV\S1037927</User>
    <Url>http://localhost/FDR/allocate/Default.aspx</Url>
    <Time>18:37:57 PM +02</Time>
  </SystemRequest>
  <SystemRequest>
    <RequestTime>2017-12-06</RequestTime>
    <Path>/FDR/allocate/Default.aspx</Path>
    <User>SARSGOV\S1037927</User>
    <Url>http://localhost/FDR/allocate/Default.aspx</Url>
    <Time>18:37:57 PM +02</Time>
  </SystemRequest>
  <SystemRequest>
    <RequestTime>2017-12-06</RequestTime>
    <Path>/FDR/allocate/Default.aspx</Path>
    <User>SARSGOV\S1037927</User>
    <Url>http://localhost/FDR/allocate/Default.aspx</Url>
    <Time>18:37:58 PM +02</Time>
  </SystemRequest>
  <SystemRequest>
    <RequestTime>2017-12-06</RequestTime>
    <Path>/FDR/allocate/Default.aspx</Path>
    <User>SARSGOV\S1037927</User>
    <Url>http://localhost/FDR/allocate/Default.aspx</Url>
    <Time>18:37:59 PM +02</Time>
  </SystemRequest>
  <SystemRequest>
    <RequestTime>2017-12-06</RequestTime>
    <Path>/FDR/allocate/Default.aspx</Path>
    <User>SARSGOV\S1037927</User>
    <Url>http://localhost/FDR/allocate/Default.aspx</Url>
    <Time>18:38:01 PM +02</Time>
  </SystemRequest>
  <SystemRequest>
    <RequestTime>2017-12-06</RequestTime>
    <Path>/FDR/allocate/Default.aspx</Path>
    <User>SARSGOV\S1037927</User>
    <Url>http://localhost/FDR/allocate/Default.aspx</Url>
    <Time>18:38:03 PM +02</Time>
  </SystemRequest>
  <SystemRequest>
    <RequestTime>2017-12-06</RequestTime>
    <Path>/FDR/allocate/Default.aspx</Path>
    <User>SARSGOV\S1037927</User>
    <Url>http://localhost/FDR/allocate/Default.aspx</Url>
    <Time>18:38:05 PM +02</Time>
  </SystemRequest>
  <SystemRequest>
    <RequestTime>2017-12-06</RequestTime>
    <Path>/FDR/allocate/Default.aspx</Path>
    <User>SARSGOV\S1037927</User>
    <Url>http://localhost/FDR/allocate/Default.aspx</Url>
    <Time>18:38:16 PM +02</Time>
  </SystemRequest>
  <SystemRequest>
    <RequestTime>2017-12-06</RequestTime>
    <Path>/FDR/allocate/displayfiles.aspx</Path>
    <User>SARSGOV\S1037927</User>
    <Url>http://localhost/FDR/allocate/displayfiles.aspx?submissionId=20069&amp;bck=L0ZEUi9hbGxvY2F0ZS9EZWZhdWx0LmFzcHg=</Url>
    <Time>18:38:16 PM +02</Time>
  </SystemRequest>
  <SystemRequest>
    <RequestTime>2017-12-06</RequestTime>
    <Path>/FDR/allocate/Default.aspx</Path>
    <User>SARSGOV\S1037927</User>
    <Url>http://localhost/FDR/allocate/Default.aspx</Url>
    <Time>18:38:25 PM +02</Time>
  </SystemRequest>
  <SystemRequest>
    <RequestTime>2017-12-06</RequestTime>
    <Path>/FDR/allocate/Default.aspx</Path>
    <User>SARSGOV\S1037927</User>
    <Url>http://localhost/FDR/allocate/Default.aspx</Url>
    <Time>18:38:45 PM +02</Time>
  </SystemRequest>
  <SystemRequest>
    <RequestTime>2017-12-06</RequestTime>
    <Path>/FDR/allocate/Default.aspx</Path>
    <User>SARSGOV\S1037927</User>
    <Url>http://localhost/FDR/allocate/Default.aspx</Url>
    <Time>18:38:47 PM +02</Time>
  </SystemRequest>
  <SystemRequest>
    <RequestTime>2017-12-06</RequestTime>
    <Path>/FDR/allocate/displayfiles.aspx</Path>
    <User>SARSGOV\S1037927</User>
    <Url>http://localhost/FDR/allocate/displayfiles.aspx?submissionId=20099&amp;bck=L0ZEUi9hbGxvY2F0ZS9EZWZhdWx0LmFzcHg=</Url>
    <Time>18:38:47 PM +02</Time>
  </SystemRequest>
  <SystemRequest>
    <RequestTime>2017-12-06</RequestTime>
    <Path>/FDR/allocate/Default.aspx</Path>
    <User>SARSGOV\S1037927</User>
    <Url>http://localhost/FDR/allocate/Default.aspx</Url>
    <Time>18:39:03 PM +02</Time>
  </SystemRequest>
  <SystemRequest>
    <RequestTime>2017-12-06</RequestTime>
    <Path>/FDR/allocate/Default.aspx</Path>
    <User>SARSGOV\S1037927</User>
    <Url>http://localhost/FDR/allocate/Default.aspx</Url>
    <Time>18:39:09 PM +02</Time>
  </SystemRequest>
  <SystemRequest>
    <RequestTime>2017-12-06</RequestTime>
    <Path>/FDR/allocate/Default.aspx</Path>
    <User>SARSGOV\S1037927</User>
    <Url>http://localhost/FDR/allocate/Default.aspx</Url>
    <Time>18:39:39 PM +02</Time>
  </SystemRequest>
  <SystemRequest>
    <RequestTime>2017-12-06</RequestTime>
    <Path>/FDR/allocate/Default.aspx</Path>
    <User>SARSGOV\S1037927</User>
    <Url>http://localhost/FDR/allocate/Default.aspx</Url>
    <Time>18:39:43 PM +02</Time>
  </SystemRequest>
  <SystemRequest>
    <RequestTime>2017-12-06</RequestTime>
    <Path>/FDR/allocate/Default.aspx</Path>
    <User>SARSGOV\S1037927</User>
    <Url>http://localhost/FDR/allocate/Default.aspx</Url>
    <Time>18:39:45 PM +02</Time>
  </SystemRequest>
  <SystemRequest>
    <RequestTime>2017-12-06</RequestTime>
    <Path>/FDR/allocate/pages/displayfiles.aspx</Path>
    <User>SARSGOV\S1037927</User>
    <Url>http://localhost/FDR/allocate/pages/displayfiles.aspx?submissionId=20097&amp;bck=L0ZEUi9hbGxvY2F0ZS9EZWZhdWx0LmFzcHg=</Url>
    <Time>18:39:45 PM +02</Time>
  </SystemRequest>
  <SystemRequest>
    <RequestTime>2017-12-06</RequestTime>
    <Path>/FDR/allocate/Default.aspx</Path>
    <User>SARSGOV\S1037927</User>
    <Url>http://localhost/FDR/allocate/Default.aspx</Url>
    <Time>18:39:48 PM +02</Time>
  </SystemRequest>
  <SystemRequest>
    <RequestTime>2017-12-06</RequestTime>
    <Path>/FDR/allocate/Default.aspx</Path>
    <User>SARSGOV\S1037927</User>
    <Url>http://localhost/FDR/allocate/Default.aspx</Url>
    <Time>18:39:57 PM +02</Time>
  </SystemRequest>
  <SystemRequest>
    <RequestTime>2017-12-06</RequestTime>
    <Path>/FDR/allocate/Default.aspx</Path>
    <User>SARSGOV\S1037927</User>
    <Url>http://localhost/FDR/allocate/Default.aspx</Url>
    <Time>18:39:59 PM +02</Time>
  </SystemRequest>
  <SystemRequest>
    <RequestTime>2017-12-06</RequestTime>
    <Path>/FDR/allocate/pages/displayfiles.aspx</Path>
    <User>SARSGOV\S1037927</User>
    <Url>http://localhost/FDR/allocate/pages/displayfiles.aspx?submissionId=20097&amp;bck=L0ZEUi9hbGxvY2F0ZS9EZWZhdWx0LmFzcHg=</Url>
    <Time>18:39:59 PM +02</Time>
  </SystemRequest>
  <SystemRequest>
    <RequestTime>2017-12-06</RequestTime>
    <Path>/FDR/allocate/Default.aspx</Path>
    <User>SARSGOV\S1037927</User>
    <Url>http://localhost/FDR/allocate/Default.aspx</Url>
    <Time>18:40:40 PM +02</Time>
  </SystemRequest>
  <SystemRequest>
    <RequestTime>2017-12-06</RequestTime>
    <Path>/FDR/allocate/Default.aspx</Path>
    <User>SARSGOV\S1037927</User>
    <Url>http://localhost/FDR/allocate/Default.aspx</Url>
    <Time>18:40:44 PM +02</Time>
  </SystemRequest>
  <SystemRequest>
    <RequestTime>2017-12-06</RequestTime>
    <Path>/FDR/allocate/Default.aspx</Path>
    <User>SARSGOV\S1037927</User>
    <Url>http://localhost/FDR/allocate/Default.aspx</Url>
    <Time>18:40:46 PM +02</Time>
  </SystemRequest>
  <SystemRequest>
    <RequestTime>2017-12-06</RequestTime>
    <Path>/FDR/pages/displayfiles.aspx</Path>
    <User>SARSGOV\S1037927</User>
    <Url>http://localhost/FDR/pages/displayfiles.aspx?submissionId=20097&amp;bck=L0ZEUi9hbGxvY2F0ZS9EZWZhdWx0LmFzcHg=</Url>
    <Time>18:40:46 PM +02</Time>
  </SystemRequest>
</ArrayOfSystemRequest>