<?xml version="1.0" encoding="utf-8"?>
<ArrayOfSystemRequest>
  <SystemRequest>
    <RequestTime>2017-12-01</RequestTime>
    <Path>/FDR/pages/u3tm.aspx</Path>
    <User>SARSGOV\s1037927</User>
    <Url>http://localhost/FDR/pages/u3tm.aspx</Url>
    <Time>11:50:32 AM +02</Time>
  </SystemRequest>
  <SystemRequest>
    <RequestTime>2017-12-01</RequestTime>
    <Path>/fdr/pages/incomingcbcdeclataions.aspx</Path>
    <User>SARSGOV\s1037927</User>
    <Url>http://localhost/fdr/pages/incomingcbcdeclataions.aspx</Url>
    <Time>11:51:07 AM +02</Time>
  </SystemRequest>
  <SystemRequest>
    <RequestTime>2017-12-01</RequestTime>
    <Path>/FDR/pages/u3tm.aspx</Path>
    <User>SARSGOV\s1037927</User>
    <Url>http://localhost/FDR/pages/u3tm.aspx</Url>
    <Time>11:52:48 AM +02</Time>
  </SystemRequest>
  <SystemRequest>
    <RequestTime>2017-12-01</RequestTime>
    <Path>/fdr/pages/viewedincomingcbcdeclataions.aspx</Path>
    <User>SARSGOV\s1037927</User>
    <Url>http://localhost/fdr/pages/viewedincomingcbcdeclataions.aspx</Url>
    <Time>11:52:51 AM +02</Time>
  </SystemRequest>
  <SystemRequest>
    <RequestTime>2017-12-01</RequestTime>
    <Path>/fdr/pages/viewedincomingcbcdeclataions.aspx</Path>
    <User>SARSGOV\s1037927</User>
    <Url>http://localhost/fdr/pages/viewedincomingcbcdeclataions.aspx</Url>
    <Time>11:52:55 AM +02</Time>
  </SystemRequest>
  <SystemRequest>
    <RequestTime>2017-12-01</RequestTime>
    <Path>/FDR/pages/cbcForm.aspx</Path>
    <User>SARSGOV\s1037927</User>
    <Url>http://localhost/FDR/pages/cbcForm.aspx?refno=9012266186&amp;year=2017</Url>
    <Time>11:52:55 AM +02</Time>
  </SystemRequest>
  <SystemRequest>
    <RequestTime>2017-12-01</RequestTime>
    <Path>/FDR/mnelistservice.asmx/GetCBCDataByTaxRefNo</Path>
    <User>SARSGOV\s1037927</User>
    <Url>http://localhost/FDR/mnelistservice.asmx/GetCBCDataByTaxRefNo</Url>
    <Time>11:52:55 AM +02</Time>
  </SystemRequest>
</ArrayOfSystemRequest>