<?xml version="1.0" encoding="utf-8"?>
<ArrayOfSystemRequest>
  <SystemRequest>
    <RequestTime>2017-10-18</RequestTime>
    <Path>/FDR/Default.aspx</Path>
    <User>SARSGOV\s2024134</User>
    <Url>http://localhost/FDR/Default.aspx</Url>
    <Time>08:05:11 AM +02</Time>
  </SystemRequest>
  <SystemRequest>
    <RequestTime>2017-10-18</RequestTime>
    <Path>/fdr/pages/incomingcbcdeclataions.aspx</Path>
    <User>SARSGOV\s2024134</User>
    <Url>http://localhost/fdr/pages/incomingcbcdeclataions.aspx</Url>
    <Time>08:05:52 AM +02</Time>
  </SystemRequest>
  <SystemRequest>
    <RequestTime>2017-10-18</RequestTime>
    <Path>/fdr/pages/incomingcbcdeclataions.aspx</Path>
    <User>SARSGOV\s2024134</User>
    <Url>http://localhost/fdr/pages/incomingcbcdeclataions.aspx</Url>
    <Time>08:05:59 AM +02</Time>
  </SystemRequest>
  <SystemRequest>
    <RequestTime>2017-10-18</RequestTime>
    <Path>/FDR/pages/cbcForm.aspx</Path>
    <User>SARSGOV\s2024134</User>
    <Url>http://localhost/FDR/pages/cbcForm.aspx?refno=1010101010&amp;year=2007</Url>
    <Time>08:06:03 AM +02</Time>
  </SystemRequest>
  <SystemRequest>
    <RequestTime>2017-10-18</RequestTime>
    <Path>/FDR/mnelistservice.asmx/GetCBCDataByTaxRefNo</Path>
    <User>SARSGOV\s2024134</User>
    <Url>http://localhost/FDR/mnelistservice.asmx/GetCBCDataByTaxRefNo</Url>
    <Time>08:06:05 AM +02</Time>
  </SystemRequest>
  <SystemRequest>
    <RequestTime>2017-10-18</RequestTime>
    <Path>/FDR/pages/cbcForm.aspx</Path>
    <User>SARSGOV\s2024134</User>
    <Url>http://localhost/FDR/pages/cbcForm.aspx?refno=1010101010&amp;year=2007</Url>
    <Time>08:20:05 AM +02</Time>
  </SystemRequest>
  <SystemRequest>
    <RequestTime>2017-10-18</RequestTime>
    <Path>/FDR/mnelistservice.asmx/GetCBCDataByTaxRefNo</Path>
    <User>SARSGOV\s2024134</User>
    <Url>http://localhost/FDR/mnelistservice.asmx/GetCBCDataByTaxRefNo</Url>
    <Time>08:20:06 AM +02</Time>
  </SystemRequest>
  <SystemRequest>
    <RequestTime>2017-10-18</RequestTime>
    <Path>/FDR/pages/cbcForm.aspx</Path>
    <User>SARSGOV\s2024134</User>
    <Url>http://localhost/FDR/pages/cbcForm.aspx?refno=1010101010&amp;year=2007</Url>
    <Time>08:20:37 AM +02</Time>
  </SystemRequest>
  <SystemRequest>
    <RequestTime>2017-10-18</RequestTime>
    <Path>/FDR/mnelistservice.asmx/GetCBCDataByTaxRefNo</Path>
    <User>SARSGOV\s2024134</User>
    <Url>http://localhost/FDR/mnelistservice.asmx/GetCBCDataByTaxRefNo</Url>
    <Time>08:20:39 AM +02</Time>
  </SystemRequest>
  <SystemRequest>
    <RequestTime>2017-10-18</RequestTime>
    <Path>/FDR/pages/cbcForm.aspx</Path>
    <User>SARSGOV\s2024134</User>
    <Url>http://localhost/FDR/pages/cbcForm.aspx?refno=1010101010&amp;year=2007</Url>
    <Time>09:28:12 AM +02</Time>
  </SystemRequest>
  <SystemRequest>
    <RequestTime>2017-10-18</RequestTime>
    <Path>/FDR/mnelistservice.asmx/GetCBCDataByTaxRefNo</Path>
    <User>SARSGOV\s2024134</User>
    <Url>http://localhost/FDR/mnelistservice.asmx/GetCBCDataByTaxRefNo</Url>
    <Time>09:28:19 AM +02</Time>
  </SystemRequest>
  <SystemRequest>
    <RequestTime>2017-10-18</RequestTime>
    <Path>/FDR/Default.aspx</Path>
    <User>SARSGOV\s2024134</User>
    <Url>http://localhost/FDR/Default.aspx</Url>
    <Time>10:34:18 AM +02</Time>
  </SystemRequest>
  <SystemRequest>
    <RequestTime>2017-10-18</RequestTime>
    <Path>/fdr/pages/uploadmnelist.aspx</Path>
    <User>SARSGOV\s2024134</User>
    <Url>http://localhost/fdr/pages/uploadmnelist.aspx</Url>
    <Time>10:35:07 AM +02</Time>
  </SystemRequest>
  <SystemRequest>
    <RequestTime>2017-10-18</RequestTime>
    <Path>/fdr/pages/uploadmnelist.aspx</Path>
    <User>SARSGOV\s2024134</User>
    <Url>http://localhost/fdr/pages/uploadmnelist.aspx</Url>
    <Time>10:35:21 AM +02</Time>
  </SystemRequest>
  <SystemRequest>
    <RequestTime>2017-10-18</RequestTime>
    <Path>/fdr/pages/uploadmnelist.aspx</Path>
    <User>SARSGOV\s2024134</User>
    <Url>http://localhost/fdr/pages/uploadmnelist.aspx</Url>
    <Time>10:38:02 AM +02</Time>
  </SystemRequest>
  <SystemRequest>
    <RequestTime>2017-10-18</RequestTime>
    <Path>/FDR/Default.aspx</Path>
    <User>SARSGOV\s2024134</User>
    <Url>http://localhost/FDR/Default.aspx</Url>
    <Time>10:41:14 AM +02</Time>
  </SystemRequest>
  <SystemRequest>
    <RequestTime>2017-10-18</RequestTime>
    <Path>/FDR/Default.aspx</Path>
    <User>SARSGOV\s2024134</User>
    <Url>http://localhost/FDR/Default.aspx</Url>
    <Time>11:02:23 AM +02</Time>
  </SystemRequest>
  <SystemRequest>
    <RequestTime>2017-10-18</RequestTime>
    <Path>/fdr/pages/uploadmnelist.aspx</Path>
    <User>SARSGOV\s2024134</User>
    <Url>http://localhost/fdr/pages/uploadmnelist.aspx</Url>
    <Time>11:05:56 AM +02</Time>
  </SystemRequest>
  <SystemRequest>
    <RequestTime>2017-10-18</RequestTime>
    <Path>/fdr/pages/uploadmnelist.aspx</Path>
    <User>SARSGOV\s2024134</User>
    <Url>http://localhost/fdr/pages/uploadmnelist.aspx</Url>
    <Time>11:06:02 AM +02</Time>
  </SystemRequest>
  <SystemRequest>
    <RequestTime>2017-10-18</RequestTime>
    <Path>/FDR/Default.aspx</Path>
    <User>SARSGOV\s2024134</User>
    <Url>http://localhost/FDR/Default.aspx</Url>
    <Time>11:28:05 AM +02</Time>
  </SystemRequest>
  <SystemRequest>
    <RequestTime>2017-10-18</RequestTime>
    <Path>/fdr/pages/uploadmnelist.aspx</Path>
    <User>SARSGOV\s2024134</User>
    <Url>http://localhost/fdr/pages/uploadmnelist.aspx</Url>
    <Time>11:29:54 AM +02</Time>
  </SystemRequest>
  <SystemRequest>
    <RequestTime>2017-10-18</RequestTime>
    <Path>/fdr/pages/uploadmnelist.aspx</Path>
    <User>SARSGOV\s2024134</User>
    <Url>http://localhost/fdr/pages/uploadmnelist.aspx</Url>
    <Time>11:30:08 AM +02</Time>
  </SystemRequest>
  <SystemRequest>
    <RequestTime>2017-10-18</RequestTime>
    <Path>/FDR/Default.aspx</Path>
    <User>SARSGOV\s2024134</User>
    <Url>http://localhost/FDR/Default.aspx</Url>
    <Time>12:08:47 PM +02</Time>
  </SystemRequest>
  <SystemRequest>
    <RequestTime>2017-10-18</RequestTime>
    <Path>/fdr/pages/uploadmnelist.aspx</Path>
    <User>SARSGOV\s2024134</User>
    <Url>http://localhost/fdr/pages/uploadmnelist.aspx</Url>
    <Time>12:09:02 PM +02</Time>
  </SystemRequest>
  <SystemRequest>
    <RequestTime>2017-10-18</RequestTime>
    <Path>/fdr/pages/uploadmnelist.aspx</Path>
    <User>SARSGOV\s2024134</User>
    <Url>http://localhost/fdr/pages/uploadmnelist.aspx</Url>
    <Time>12:09:09 PM +02</Time>
  </SystemRequest>
  <SystemRequest>
    <RequestTime>2017-10-18</RequestTime>
    <Path>/fdr/pages/uploadmnelist.aspx</Path>
    <User>SARSGOV\s2024134</User>
    <Url>http://localhost/fdr/pages/uploadmnelist.aspx</Url>
    <Time>12:09:56 PM +02</Time>
  </SystemRequest>
  <SystemRequest>
    <RequestTime>2017-10-18</RequestTime>
    <Path>/fdr/pages/uploadmnelist.aspx</Path>
    <User>SARSGOV\s2024134</User>
    <Url>http://localhost/fdr/pages/uploadmnelist.aspx</Url>
    <Time>12:10:50 PM +02</Time>
  </SystemRequest>
  <SystemRequest>
    <RequestTime>2017-10-18</RequestTime>
    <Path>/FDR/Default.aspx</Path>
    <User>SARSGOV\s2024134</User>
    <Url>http://localhost/FDR/Default.aspx</Url>
    <Time>12:19:42 PM +02</Time>
  </SystemRequest>
  <SystemRequest>
    <RequestTime>2017-10-18</RequestTime>
    <Path>/fdr/pages/uploadmnelist.aspx</Path>
    <User>SARSGOV\s2024134</User>
    <Url>http://localhost/fdr/pages/uploadmnelist.aspx</Url>
    <Time>12:20:07 PM +02</Time>
  </SystemRequest>
  <SystemRequest>
    <RequestTime>2017-10-18</RequestTime>
    <Path>/fdr/pages/uploadmnelist.aspx</Path>
    <User>SARSGOV\s2024134</User>
    <Url>http://localhost/fdr/pages/uploadmnelist.aspx</Url>
    <Time>12:20:20 PM +02</Time>
  </SystemRequest>
  <SystemRequest>
    <RequestTime>2017-10-18</RequestTime>
    <Path>/FDR/Default.aspx</Path>
    <User>SARSGOV\s2024134</User>
    <Url>http://localhost/FDR/Default.aspx</Url>
    <Time>12:32:15 PM +02</Time>
  </SystemRequest>
  <SystemRequest>
    <RequestTime>2017-10-18</RequestTime>
    <Path>/fdr/pages/uploadmnelist.aspx</Path>
    <User>SARSGOV\s2024134</User>
    <Url>http://localhost/fdr/pages/uploadmnelist.aspx</Url>
    <Time>12:32:58 PM +02</Time>
  </SystemRequest>
  <SystemRequest>
    <RequestTime>2017-10-18</RequestTime>
    <Path>/fdr/pages/uploadmnelist.aspx</Path>
    <User>SARSGOV\s2024134</User>
    <Url>http://localhost/fdr/pages/uploadmnelist.aspx</Url>
    <Time>12:33:34 PM +02</Time>
  </SystemRequest>
  <SystemRequest>
    <RequestTime>2017-10-18</RequestTime>
    <Path>/FDR/Default.aspx</Path>
    <User>SARSGOV\s2024134</User>
    <Url>http://localhost/FDR/Default.aspx</Url>
    <Time>12:38:53 PM +02</Time>
  </SystemRequest>
  <SystemRequest>
    <RequestTime>2017-10-18</RequestTime>
    <Path>/fdr/pages/uploadmnelist.aspx</Path>
    <User>SARSGOV\s2024134</User>
    <Url>http://localhost/fdr/pages/uploadmnelist.aspx</Url>
    <Time>12:39:31 PM +02</Time>
  </SystemRequest>
  <SystemRequest>
    <RequestTime>2017-10-18</RequestTime>
    <Path>/fdr/pages/uploadmnelist.aspx</Path>
    <User>SARSGOV\s2024134</User>
    <Url>http://localhost/fdr/pages/uploadmnelist.aspx</Url>
    <Time>12:39:34 PM +02</Time>
  </SystemRequest>
  <SystemRequest>
    <RequestTime>2017-10-18</RequestTime>
    <Path>/FDR/Default.aspx</Path>
    <User>SARSGOV\s2024134</User>
    <Url>http://localhost/FDR/Default.aspx</Url>
    <Time>12:58:14 PM +02</Time>
  </SystemRequest>
  <SystemRequest>
    <RequestTime>2017-10-18</RequestTime>
    <Path>/FDR/Default.aspx</Path>
    <User>SARSGOV\s2024134</User>
    <Url>http://localhost/FDR/Default.aspx</Url>
    <Time>12:59:12 PM +02</Time>
  </SystemRequest>
  <SystemRequest>
    <RequestTime>2017-10-18</RequestTime>
    <Path>/fdr/pages/uploadmnelist.aspx</Path>
    <User>SARSGOV\s2024134</User>
    <Url>http://localhost/fdr/pages/uploadmnelist.aspx</Url>
    <Time>12:59:27 PM +02</Time>
  </SystemRequest>
  <SystemRequest>
    <RequestTime>2017-10-18</RequestTime>
    <Path>/fdr/pages/uploadmnelist.aspx</Path>
    <User>SARSGOV\s2024134</User>
    <Url>http://localhost/fdr/pages/uploadmnelist.aspx</Url>
    <Time>12:59:50 PM +02</Time>
  </SystemRequest>
  <SystemRequest>
    <RequestTime>2017-10-18</RequestTime>
    <Path>/FDR/Default.aspx</Path>
    <User>SARSGOV\s2024134</User>
    <Url>http://localhost/FDR/Default.aspx</Url>
    <Time>13:19:46 PM +02</Time>
  </SystemRequest>
  <SystemRequest>
    <RequestTime>2017-10-18</RequestTime>
    <Path>/fdr/pages/uploadmnelist.aspx</Path>
    <User>SARSGOV\s2024134</User>
    <Url>http://localhost/fdr/pages/uploadmnelist.aspx</Url>
    <Time>13:20:06 PM +02</Time>
  </SystemRequest>
  <SystemRequest>
    <RequestTime>2017-10-18</RequestTime>
    <Path>/fdr/pages/uploadmnelist.aspx</Path>
    <User>SARSGOV\s2024134</User>
    <Url>http://localhost/fdr/pages/uploadmnelist.aspx</Url>
    <Time>13:20:30 PM +02</Time>
  </SystemRequest>
  <SystemRequest>
    <RequestTime>2017-10-18</RequestTime>
    <Path>/fdr/pages/uploadmnelist.aspx</Path>
    <User>SARSGOV\s2024134</User>
    <Url>http://localhost/fdr/pages/uploadmnelist.aspx</Url>
    <Time>13:36:17 PM +02</Time>
  </SystemRequest>
  <SystemRequest>
    <RequestTime>2017-10-18</RequestTime>
    <Path>/FDR/Default.aspx</Path>
    <User>SARSGOV\s2024134</User>
    <Url>http://localhost/FDR/Default.aspx</Url>
    <Time>14:07:49 PM +02</Time>
  </SystemRequest>
  <SystemRequest>
    <RequestTime>2017-10-18</RequestTime>
    <Path>/fdr/pages/uploadmnelist.aspx</Path>
    <User>SARSGOV\s2024134</User>
    <Url>http://localhost/fdr/pages/uploadmnelist.aspx</Url>
    <Time>14:08:35 PM +02</Time>
  </SystemRequest>
  <SystemRequest>
    <RequestTime>2017-10-18</RequestTime>
    <Path>/fdr/pages/uploadmnelist.aspx</Path>
    <User>SARSGOV\s2024134</User>
    <Url>http://localhost/fdr/pages/uploadmnelist.aspx</Url>
    <Time>14:08:43 PM +02</Time>
  </SystemRequest>
  <SystemRequest>
    <RequestTime>2017-10-18</RequestTime>
    <Path>/fdr/secureurl/menu.aspx</Path>
    <User>SARSGOV\s2024134</User>
    <Url>http://localhost/fdr/secureurl/menu.aspx</Url>
    <Time>16:05:36 PM +02</Time>
  </SystemRequest>
  <SystemRequest>
    <RequestTime>2017-10-18</RequestTime>
    <Path>/FDR/Default.aspx</Path>
    <User>SARSGOV\s2024134</User>
    <Url>http://localhost/FDR/Default.aspx</Url>
    <Time>16:15:21 PM +02</Time>
  </SystemRequest>
  <SystemRequest>
    <RequestTime>2017-10-18</RequestTime>
    <Path>/fdr/pages/incomingcbcdeclataions.aspx</Path>
    <User>SARSGOV\s2024134</User>
    <Url>http://localhost/fdr/pages/incomingcbcdeclataions.aspx</Url>
    <Time>16:15:50 PM +02</Time>
  </SystemRequest>
  <SystemRequest>
    <RequestTime>2017-10-18</RequestTime>
    <Path>/FDR/Default.aspx</Path>
    <User>SARSGOV\s2024134</User>
    <Url>http://localhost/FDR/Default.aspx</Url>
    <Time>16:17:12 PM +02</Time>
  </SystemRequest>
  <SystemRequest>
    <RequestTime>2017-10-18</RequestTime>
    <Path>/fdr/pages/incomingcbcdeclataions.aspx</Path>
    <User>SARSGOV\s2024134</User>
    <Url>http://localhost/fdr/pages/incomingcbcdeclataions.aspx</Url>
    <Time>16:17:28 PM +02</Time>
  </SystemRequest>
  <SystemRequest>
    <RequestTime>2017-10-18</RequestTime>
    <Path>/fdr/pages/incomingcbcdeclataions.aspx</Path>
    <User>SARSGOV\s2024134</User>
    <Url>http://localhost/fdr/pages/incomingcbcdeclataions.aspx</Url>
    <Time>16:17:32 PM +02</Time>
  </SystemRequest>
  <SystemRequest>
    <RequestTime>2017-10-18</RequestTime>
    <Path>/FDR/pages/cbcForm.aspx</Path>
    <User>SARSGOV\s2024134</User>
    <Url>http://localhost/FDR/pages/cbcForm.aspx?refno=1010101010&amp;year=2007</Url>
    <Time>16:17:34 PM +02</Time>
  </SystemRequest>
  <SystemRequest>
    <RequestTime>2017-10-18</RequestTime>
    <Path>/FDR/mnelistservice.asmx/GetCBCDataByTaxRefNo</Path>
    <User>SARSGOV\s2024134</User>
    <Url>http://localhost/FDR/mnelistservice.asmx/GetCBCDataByTaxRefNo</Url>
    <Time>16:17:37 PM +02</Time>
  </SystemRequest>
  <SystemRequest>
    <RequestTime>2017-10-18</RequestTime>
    <Path>/FDR/Default.aspx</Path>
    <User>SARSGOV\s2024134</User>
    <Url>http://localhost/FDR/Default.aspx</Url>
    <Time>16:18:55 PM +02</Time>
  </SystemRequest>
  <SystemRequest>
    <RequestTime>2017-10-18</RequestTime>
    <Path>/fdr/pages/uploadmnelist.aspx</Path>
    <User>SARSGOV\s2024134</User>
    <Url>http://localhost/fdr/pages/uploadmnelist.aspx</Url>
    <Time>16:29:36 PM +02</Time>
  </SystemRequest>
  <SystemRequest>
    <RequestTime>2017-10-18</RequestTime>
    <Path>/FDR/Default.aspx</Path>
    <User>SARSGOV\s2024134</User>
    <Url>http://localhost/FDR/Default.aspx</Url>
    <Time>16:30:19 PM +02</Time>
  </SystemRequest>
  <SystemRequest>
    <RequestTime>2017-10-18</RequestTime>
    <Path>/fdr/pages/uploadmnelist.aspx</Path>
    <User>SARSGOV\s2024134</User>
    <Url>http://localhost/fdr/pages/uploadmnelist.aspx</Url>
    <Time>16:31:09 PM +02</Time>
  </SystemRequest>
  <SystemRequest>
    <RequestTime>2017-10-18</RequestTime>
    <Path>/fdr/pages/uploadmnelist.aspx</Path>
    <User>SARSGOV\s2024134</User>
    <Url>http://localhost/fdr/pages/uploadmnelist.aspx</Url>
    <Time>16:31:12 PM +02</Time>
  </SystemRequest>
  <SystemRequest>
    <RequestTime>2017-10-18</RequestTime>
    <Path>/FDR/Default.aspx</Path>
    <User>SARSGOV\s2024134</User>
    <Url>http://localhost/FDR/Default.aspx</Url>
    <Time>16:32:48 PM +02</Time>
  </SystemRequest>
  <SystemRequest>
    <RequestTime>2017-10-18</RequestTime>
    <Path>/fdr/pages/incomingcbcdeclataions.aspx</Path>
    <User>SARSGOV\s2024134</User>
    <Url>http://localhost/fdr/pages/incomingcbcdeclataions.aspx</Url>
    <Time>16:33:01 PM +02</Time>
  </SystemRequest>
  <SystemRequest>
    <RequestTime>2017-10-18</RequestTime>
    <Path>/fdr/pages/uploadmnelist.aspx</Path>
    <User>SARSGOV\s2024134</User>
    <Url>http://localhost/fdr/pages/uploadmnelist.aspx</Url>
    <Time>16:33:03 PM +02</Time>
  </SystemRequest>
  <SystemRequest>
    <RequestTime>2017-10-18</RequestTime>
    <Path>/fdr/pages/uploadmnelist.aspx</Path>
    <User>SARSGOV\s2024134</User>
    <Url>http://localhost/fdr/pages/uploadmnelist.aspx</Url>
    <Time>16:33:11 PM +02</Time>
  </SystemRequest>
  <SystemRequest>
    <RequestTime>2017-10-18</RequestTime>
    <Path>/FDR/Default.aspx</Path>
    <User>SARSGOV\s2024134</User>
    <Url>http://localhost/FDR/Default.aspx</Url>
    <Time>16:43:01 PM +02</Time>
  </SystemRequest>
  <SystemRequest>
    <RequestTime>2017-10-18</RequestTime>
    <Path>/fdr/pages/uploadmnelist.aspx</Path>
    <User>SARSGOV\s2024134</User>
    <Url>http://localhost/fdr/pages/uploadmnelist.aspx</Url>
    <Time>16:43:08 PM +02</Time>
  </SystemRequest>
  <SystemRequest>
    <RequestTime>2017-10-18</RequestTime>
    <Path>/fdr/pages/uploadmnelist.aspx</Path>
    <User>SARSGOV\s2024134</User>
    <Url>http://localhost/fdr/pages/uploadmnelist.aspx</Url>
    <Time>16:43:13 PM +02</Time>
  </SystemRequest>
  <SystemRequest>
    <RequestTime>2017-10-18</RequestTime>
    <Path>/fdr/pages/uploadmnelist.aspx</Path>
    <User>SARSGOV\s2024134</User>
    <Url>http://localhost/fdr/pages/uploadmnelist.aspx</Url>
    <Time>16:44:11 PM +02</Time>
  </SystemRequest>
</ArrayOfSystemRequest>