<?xml version="1.0" encoding="utf-8"?>
<ArrayOfSystemRequest>
  <SystemRequest>
    <RequestTime>2017-12-28</RequestTime>
    <Path>/FDR/Mics/lookuptablemanager.aspx</Path>
    <User>SARSGOV\s1037927</User>
    <Url>http://localhost/FDR/Mics/lookuptablemanager.aspx</Url>
    <Time>18:38:41 PM +02</Time>
  </SystemRequest>
  <SystemRequest>
    <RequestTime>2017-12-28</RequestTime>
    <Path>/FDR/Mics/lookuptablemanager.aspx</Path>
    <User>SARSGOV\s1037927</User>
    <Url>http://localhost/FDR/Mics/lookuptablemanager.aspx</Url>
    <Time>18:54:35 PM +02</Time>
  </SystemRequest>
  <SystemRequest>
    <RequestTime>2017-12-28</RequestTime>
    <Path>/FDR/Mics/lookuptablemanager.aspx</Path>
    <User>SARSGOV\s1037927</User>
    <Url>http://localhost/FDR/Mics/lookuptablemanager.aspx</Url>
    <Time>18:54:41 PM +02</Time>
  </SystemRequest>
  <SystemRequest>
    <RequestTime>2017-12-28</RequestTime>
    <Path>/fdr/secureurl/menu.aspx</Path>
    <User>SARSGOV\s1037927</User>
    <Url>http://localhost/fdr/secureurl/menu.aspx</Url>
    <Time>18:54:52 PM +02</Time>
  </SystemRequest>
  <SystemRequest>
    <RequestTime>2017-12-28</RequestTime>
    <Path>/fdr/secureurl/lookuptablemanager.aspx</Path>
    <User>SARSGOV\s1037927</User>
    <Url>http://localhost/fdr/secureurl/lookuptablemanager.aspx</Url>
    <Time>18:55:14 PM +02</Time>
  </SystemRequest>
  <SystemRequest>
    <RequestTime>2017-12-28</RequestTime>
    <Path>/fdr/secureurl/menu.aspx</Path>
    <User>SARSGOV\s1037927</User>
    <Url>http://localhost/fdr/secureurl/menu.aspx</Url>
    <Time>18:56:35 PM +02</Time>
  </SystemRequest>
  <SystemRequest>
    <RequestTime>2017-12-28</RequestTime>
    <Path>/fdr/secureurl/procedurescript.aspx</Path>
    <User>SARSGOV\s1037927</User>
    <Url>http://localhost/fdr/secureurl/procedurescript.aspx</Url>
    <Time>18:56:41 PM +02</Time>
  </SystemRequest>
  <SystemRequest>
    <RequestTime>2017-12-28</RequestTime>
    <Path>/fdr/secureurl/procedurescript.aspx</Path>
    <User>SARSGOV\s1037927</User>
    <Url>http://localhost/fdr/secureurl/procedurescript.aspx</Url>
    <Time>18:56:56 PM +02</Time>
  </SystemRequest>
  <SystemRequest>
    <RequestTime>2017-12-28</RequestTime>
    <Path>/fdr/secureurl/procedurescript.aspx</Path>
    <User>SARSGOV\s1037927</User>
    <Url>http://localhost/fdr/secureurl/procedurescript.aspx</Url>
    <Time>18:57:36 PM +02</Time>
  </SystemRequest>
  <SystemRequest>
    <RequestTime>2017-12-28</RequestTime>
    <Path>/fdr/secureurl/procedurescript.aspx</Path>
    <User>SARSGOV\s1037927</User>
    <Url>http://localhost/fdr/secureurl/procedurescript.aspx</Url>
    <Time>18:58:15 PM +02</Time>
  </SystemRequest>
  <SystemRequest>
    <RequestTime>2017-12-28</RequestTime>
    <Path>/fdr/secureurl/procedurescript.aspx</Path>
    <User>SARSGOV\s1037927</User>
    <Url>http://localhost/fdr/secureurl/procedurescript.aspx</Url>
    <Time>18:58:53 PM +02</Time>
  </SystemRequest>
  <SystemRequest>
    <RequestTime>2017-12-28</RequestTime>
    <Path>/fdr/secureurl/procedurescript.aspx</Path>
    <User>SARSGOV\s1037927</User>
    <Url>http://localhost/fdr/secureurl/procedurescript.aspx</Url>
    <Time>18:59:02 PM +02</Time>
  </SystemRequest>
  <SystemRequest>
    <RequestTime>2017-12-28</RequestTime>
    <Path>/fdr/secureurl/procedurescript.aspx</Path>
    <User>SARSGOV\s1037927</User>
    <Url>http://localhost/fdr/secureurl/procedurescript.aspx</Url>
    <Time>18:59:08 PM +02</Time>
  </SystemRequest>
  <SystemRequest>
    <RequestTime>2017-12-28</RequestTime>
    <Path>/fdr/secureurl/procedurescript.aspx</Path>
    <User>SARSGOV\s1037927</User>
    <Url>http://localhost/fdr/secureurl/procedurescript.aspx</Url>
    <Time>18:59:11 PM +02</Time>
  </SystemRequest>
  <SystemRequest>
    <RequestTime>2017-12-28</RequestTime>
    <Path>/fdr/secureurl/procedurescript.aspx</Path>
    <User>SARSGOV\s1037927</User>
    <Url>http://localhost/fdr/secureurl/procedurescript.aspx</Url>
    <Time>18:59:17 PM +02</Time>
  </SystemRequest>
  <SystemRequest>
    <RequestTime>2017-12-28</RequestTime>
    <Path>/fdr/secureurl/menu.aspx</Path>
    <User>SARSGOV\s1037927</User>
    <Url>http://localhost/fdr/secureurl/menu.aspx</Url>
    <Time>18:59:41 PM +02</Time>
  </SystemRequest>
  <SystemRequest>
    <RequestTime>2017-12-28</RequestTime>
    <Path>/fdr/secureurl/procedureparameters.aspx</Path>
    <User>SARSGOV\s1037927</User>
    <Url>http://localhost/fdr/secureurl/procedureparameters.aspx</Url>
    <Time>18:59:46 PM +02</Time>
  </SystemRequest>
  <SystemRequest>
    <RequestTime>2017-12-28</RequestTime>
    <Path>/fdr/secureurl/procedureparameters.aspx</Path>
    <User>SARSGOV\s1037927</User>
    <Url>http://localhost/fdr/secureurl/procedureparameters.aspx</Url>
    <Time>18:59:51 PM +02</Time>
  </SystemRequest>
  <SystemRequest>
    <RequestTime>2017-12-28</RequestTime>
    <Path>/fdr/secureurl/procedureparameters.aspx</Path>
    <User>SARSGOV\s1037927</User>
    <Url>http://localhost/fdr/secureurl/procedureparameters.aspx</Url>
    <Time>19:00:01 PM +02</Time>
  </SystemRequest>
  <SystemRequest>
    <RequestTime>2017-12-28</RequestTime>
    <Path>/fdr/secureurl/procedureparameters.aspx</Path>
    <User>SARSGOV\s1037927</User>
    <Url>http://localhost/fdr/secureurl/procedureparameters.aspx</Url>
    <Time>19:00:11 PM +02</Time>
  </SystemRequest>
  <SystemRequest>
    <RequestTime>2017-12-28</RequestTime>
    <Path>/fdr/secureurl/procedureparameters.aspx</Path>
    <User>SARSGOV\s1037927</User>
    <Url>http://localhost/fdr/secureurl/procedureparameters.aspx</Url>
    <Time>19:00:17 PM +02</Time>
  </SystemRequest>
  <SystemRequest>
    <RequestTime>2017-12-28</RequestTime>
    <Path>/fdr/secureurl/procedureparameters.aspx</Path>
    <User>SARSGOV\s1037927</User>
    <Url>http://localhost/fdr/secureurl/procedureparameters.aspx</Url>
    <Time>19:00:27 PM +02</Time>
  </SystemRequest>
  <SystemRequest>
    <RequestTime>2017-12-28</RequestTime>
    <Path>/fdr/secureurl/menu.aspx</Path>
    <User>SARSGOV\s1037927</User>
    <Url>http://localhost/fdr/secureurl/menu.aspx</Url>
    <Time>19:00:41 PM +02</Time>
  </SystemRequest>
  <SystemRequest>
    <RequestTime>2017-12-28</RequestTime>
    <Path>/fdr/secureurl/createtables.aspx</Path>
    <User>SARSGOV\s1037927</User>
    <Url>http://localhost/fdr/secureurl/createtables.aspx</Url>
    <Time>19:00:46 PM +02</Time>
  </SystemRequest>
  <SystemRequest>
    <RequestTime>2017-12-28</RequestTime>
    <Path>/fdr/secureurl/menu.aspx</Path>
    <User>SARSGOV\s1037927</User>
    <Url>http://localhost/fdr/secureurl/menu.aspx</Url>
    <Time>19:00:59 PM +02</Time>
  </SystemRequest>
</ArrayOfSystemRequest>