<?xml version="1.0" encoding="utf-8"?>
<ArrayOfSystemRequest>
  <SystemRequest>
    <RequestTime>2017-11-30</RequestTime>
    <Path>/FDR/pages/u3tm.aspx</Path>
    <User>SARSGOV\s1037927</User>
    <Url>http://localhost/FDR/pages/u3tm.aspx</Url>
    <Time>16:40:28 PM +02</Time>
  </SystemRequest>
  <SystemRequest>
    <RequestTime>2017-11-30</RequestTime>
    <Path>/FDR/pages/u3tm.aspx</Path>
    <User>SARSGOV\s1037927</User>
    <Url>http://localhost/FDR/pages/u3tm.aspx</Url>
    <Time>16:41:00 PM +02</Time>
  </SystemRequest>
  <SystemRequest>
    <RequestTime>2017-11-30</RequestTime>
    <Path>/FDR/pages/u3tm.aspx</Path>
    <User>SARSGOV\s1037927</User>
    <Url>http://localhost/FDR/pages/u3tm.aspx</Url>
    <Time>16:41:38 PM +02</Time>
  </SystemRequest>
</ArrayOfSystemRequest>