<?xml version="1.0" encoding="utf-8"?>
<ArrayOfSystemRequest>
  <SystemRequest>
    <RequestTime>2017-11-02</RequestTime>
    <Path>/FDR/pages/ViewedIncomingcbcdeclataions.aspx</Path>
    <User>SARSGOV\S1037927</User>
    <Url>http://localhost/FDR/pages/ViewedIncomingcbcdeclataions.aspx</Url>
    <Time>11:52:27 AM +02</Time>
  </SystemRequest>
  <SystemRequest>
    <RequestTime>2017-11-02</RequestTime>
    <Path>/fdr/pages/incomingcbcdeclataions.aspx</Path>
    <User>SARSGOV\S1037927</User>
    <Url>http://localhost/fdr/pages/incomingcbcdeclataions.aspx</Url>
    <Time>11:53:04 AM +02</Time>
  </SystemRequest>
  <SystemRequest>
    <RequestTime>2017-11-02</RequestTime>
    <Path>/fdr/pages/incomingcbcdeclataions.aspx</Path>
    <User>SARSGOV\S1037927</User>
    <Url>http://localhost/fdr/pages/incomingcbcdeclataions.aspx</Url>
    <Time>11:53:06 AM +02</Time>
  </SystemRequest>
  <SystemRequest>
    <RequestTime>2017-11-02</RequestTime>
    <Path>/fdr/pages/incomingcbcdeclataions.aspx</Path>
    <User>SARSGOV\S1037927</User>
    <Url>http://localhost/fdr/pages/incomingcbcdeclataions.aspx</Url>
    <Time>11:53:08 AM +02</Time>
  </SystemRequest>
  <SystemRequest>
    <RequestTime>2017-11-02</RequestTime>
    <Path>/fdr/pages/incomingcbcdeclataions.aspx</Path>
    <User>SARSGOV\S1037927</User>
    <Url>http://localhost/fdr/pages/incomingcbcdeclataions.aspx</Url>
    <Time>11:53:09 AM +02</Time>
  </SystemRequest>
  <SystemRequest>
    <RequestTime>2017-11-02</RequestTime>
    <Path>/FDR/pages/ViewedIncomingcbcdeclataions.aspx</Path>
    <User>SARSGOV\S1037927</User>
    <Url>http://localhost/FDR/pages/ViewedIncomingcbcdeclataions.aspx</Url>
    <Time>11:53:13 AM +02</Time>
  </SystemRequest>
  <SystemRequest>
    <RequestTime>2017-11-02</RequestTime>
    <Path>/FDR/pages/ViewedIncomingcbcdeclataions.aspx</Path>
    <User>SARSGOV\S1037927</User>
    <Url>http://localhost/FDR/pages/ViewedIncomingcbcdeclataions.aspx</Url>
    <Time>11:53:16 AM +02</Time>
  </SystemRequest>
  <SystemRequest>
    <RequestTime>2017-11-02</RequestTime>
    <Path>/FDR/Default.aspx</Path>
    <User>SARSGOV\S1037927</User>
    <Url>http://localhost/FDR/Default.aspx</Url>
    <Time>11:54:47 AM +02</Time>
  </SystemRequest>
  <SystemRequest>
    <RequestTime>2017-11-02</RequestTime>
    <Path>/fdr/pages/incomingcbcdeclataions.aspx</Path>
    <User>SARSGOV\S1037927</User>
    <Url>http://localhost/fdr/pages/incomingcbcdeclataions.aspx</Url>
    <Time>11:54:48 AM +02</Time>
  </SystemRequest>
  <SystemRequest>
    <RequestTime>2017-11-02</RequestTime>
    <Path>/fdr/pages/incomingcbcdeclataions.aspx</Path>
    <User>SARSGOV\S1037927</User>
    <Url>http://localhost/fdr/pages/incomingcbcdeclataions.aspx</Url>
    <Time>11:54:51 AM +02</Time>
  </SystemRequest>
  <SystemRequest>
    <RequestTime>2017-11-02</RequestTime>
    <Path>/FDR/pages/cbcForm.aspx</Path>
    <User>SARSGOV\S1037927</User>
    <Url>http://localhost/FDR/pages/cbcForm.aspx?refno=9080191837&amp;year=2015</Url>
    <Time>11:54:51 AM +02</Time>
  </SystemRequest>
  <SystemRequest>
    <RequestTime>2017-11-02</RequestTime>
    <Path>/FDR/mnelistservice.asmxGetCBCDataByTaxRefNo</Path>
    <User>SARSGOV\S1037927</User>
    <Url>http://localhost/FDR/mnelistservice.asmxGetCBCDataByTaxRefNo</Url>
    <Time>11:54:52 AM +02</Time>
  </SystemRequest>
  <SystemRequest>
    <RequestTime>2017-11-02</RequestTime>
    <Path>/FDR/pages/ViewedIncomingcbcdeclataions.aspx</Path>
    <User>SARSGOV\S1037927</User>
    <Url>http://localhost/FDR/pages/ViewedIncomingcbcdeclataions.aspx</Url>
    <Time>11:56:54 AM +02</Time>
  </SystemRequest>
  <SystemRequest>
    <RequestTime>2017-11-02</RequestTime>
    <Path>/FDR/pages/ViewedIncomingcbcdeclataions.aspx</Path>
    <User>SARSGOV\S1037927</User>
    <Url>http://localhost/FDR/pages/ViewedIncomingcbcdeclataions.aspx</Url>
    <Time>11:57:02 AM +02</Time>
  </SystemRequest>
  <SystemRequest>
    <RequestTime>2017-11-02</RequestTime>
    <Path>/FDR/pages/cbcForm.aspx</Path>
    <User>SARSGOV\S1037927</User>
    <Url>http://localhost/FDR/pages/cbcForm.aspx?refno=9428429840&amp;year=2018</Url>
    <Time>11:57:02 AM +02</Time>
  </SystemRequest>
  <SystemRequest>
    <RequestTime>2017-11-02</RequestTime>
    <Path>/FDR/mnelistservice.asmxGetCBCDataByTaxRefNo</Path>
    <User>SARSGOV\S1037927</User>
    <Url>http://localhost/FDR/mnelistservice.asmxGetCBCDataByTaxRefNo</Url>
    <Time>11:57:03 AM +02</Time>
  </SystemRequest>
  <SystemRequest>
    <RequestTime>2017-11-02</RequestTime>
    <Path>/FDR/pages/ViewedIncomingcbcdeclataions.aspx</Path>
    <User>SARSGOV\S1037927</User>
    <Url>http://localhost/FDR/pages/ViewedIncomingcbcdeclataions.aspx</Url>
    <Time>11:57:15 AM +02</Time>
  </SystemRequest>
  <SystemRequest>
    <RequestTime>2017-11-02</RequestTime>
    <Path>/FDR/pages/ViewedIncomingcbcdeclataions.aspx</Path>
    <User>SARSGOV\S1037927</User>
    <Url>http://localhost/FDR/pages/ViewedIncomingcbcdeclataions.aspx</Url>
    <Time>11:57:47 AM +02</Time>
  </SystemRequest>
  <SystemRequest>
    <RequestTime>2017-11-02</RequestTime>
    <Path>/FDR/pages/ViewedIncomingcbcdeclataions.aspx</Path>
    <User>SARSGOV\S1037927</User>
    <Url>http://localhost/FDR/pages/ViewedIncomingcbcdeclataions.aspx</Url>
    <Time>11:57:51 AM +02</Time>
  </SystemRequest>
  <SystemRequest>
    <RequestTime>2017-11-02</RequestTime>
    <Path>/FDR/pages/cbcForm.aspx</Path>
    <User>SARSGOV\S1037927</User>
    <Url>http://localhost/FDR/pages/cbcForm.aspx?refno=9428429840&amp;year=2018</Url>
    <Time>11:57:51 AM +02</Time>
  </SystemRequest>
  <SystemRequest>
    <RequestTime>2017-11-02</RequestTime>
    <Path>/FDR/mnelistservice.asmxGetCBCDataByTaxRefNo</Path>
    <User>SARSGOV\S1037927</User>
    <Url>http://localhost/FDR/mnelistservice.asmxGetCBCDataByTaxRefNo</Url>
    <Time>11:57:52 AM +02</Time>
  </SystemRequest>
  <SystemRequest>
    <RequestTime>2017-11-02</RequestTime>
    <Path>/FDR/pages/cbcForm.aspx</Path>
    <User>SARSGOV\S1037927</User>
    <Url>http://localhost/FDR/pages/cbcForm.aspx?refno=9428429840&amp;year=2018</Url>
    <Time>11:58:01 AM +02</Time>
  </SystemRequest>
  <SystemRequest>
    <RequestTime>2017-11-02</RequestTime>
    <Path>/FDR/mnelistservice.asmxGetCBCDataByTaxRefNo</Path>
    <User>SARSGOV\S1037927</User>
    <Url>http://localhost/FDR/mnelistservice.asmxGetCBCDataByTaxRefNo</Url>
    <Time>11:58:02 AM +02</Time>
  </SystemRequest>
  <SystemRequest>
    <RequestTime>2017-11-02</RequestTime>
    <Path>/FDR/pages/ViewedIncomingcbcdeclataions.aspx</Path>
    <User>SARSGOV\S1037927</User>
    <Url>http://localhost/FDR/pages/ViewedIncomingcbcdeclataions.aspx</Url>
    <Time>12:01:11 PM +02</Time>
  </SystemRequest>
  <SystemRequest>
    <RequestTime>2017-11-02</RequestTime>
    <Path>/FDR/pages/ViewedIncomingcbcdeclataions.aspx</Path>
    <User>SARSGOV\S1037927</User>
    <Url>http://localhost/FDR/pages/ViewedIncomingcbcdeclataions.aspx</Url>
    <Time>12:01:18 PM +02</Time>
  </SystemRequest>
  <SystemRequest>
    <RequestTime>2017-11-02</RequestTime>
    <Path>/FDR/pages/cbcForm.aspx</Path>
    <User>SARSGOV\S1037927</User>
    <Url>http://localhost/FDR/pages/cbcForm.aspx?refno=9428429840&amp;year=2018</Url>
    <Time>12:01:18 PM +02</Time>
  </SystemRequest>
  <SystemRequest>
    <RequestTime>2017-11-02</RequestTime>
    <Path>/FDR/mnelistservice.asmxGetCBCDataByTaxRefNo</Path>
    <User>SARSGOV\S1037927</User>
    <Url>http://localhost/FDR/mnelistservice.asmxGetCBCDataByTaxRefNo</Url>
    <Time>12:01:19 PM +02</Time>
  </SystemRequest>
  <SystemRequest>
    <RequestTime>2017-11-02</RequestTime>
    <Path>/FDR/pages/ViewedIncomingcbcdeclataions.aspx</Path>
    <User>SARSGOV\S1037927</User>
    <Url>http://localhost/FDR/pages/ViewedIncomingcbcdeclataions.aspx</Url>
    <Time>12:04:36 PM +02</Time>
  </SystemRequest>
  <SystemRequest>
    <RequestTime>2017-11-02</RequestTime>
    <Path>/FDR/pages/cbcForm.aspx</Path>
    <User>SARSGOV\S1037927</User>
    <Url>http://localhost/FDR/pages/cbcForm.aspx?refno=9428429840&amp;year=2018</Url>
    <Time>12:04:37 PM +02</Time>
  </SystemRequest>
  <SystemRequest>
    <RequestTime>2017-11-02</RequestTime>
    <Path>/FDR/mnelistservice.asmxGetCBCDataByTaxRefNo</Path>
    <User>SARSGOV\S1037927</User>
    <Url>http://localhost/FDR/mnelistservice.asmxGetCBCDataByTaxRefNo</Url>
    <Time>12:04:37 PM +02</Time>
  </SystemRequest>
  <SystemRequest>
    <RequestTime>2017-11-02</RequestTime>
    <Path>/FDR/pages/ViewedIncomingcbcdeclataions.aspx</Path>
    <User>SARSGOV\S1037927</User>
    <Url>http://localhost/FDR/pages/ViewedIncomingcbcdeclataions.aspx</Url>
    <Time>12:04:39 PM +02</Time>
  </SystemRequest>
  <SystemRequest>
    <RequestTime>2017-11-02</RequestTime>
    <Path>/FDR/pages/ViewedIncomingcbcdeclataions.aspx</Path>
    <User>SARSGOV\S1037927</User>
    <Url>http://localhost/FDR/pages/ViewedIncomingcbcdeclataions.aspx</Url>
    <Time>12:04:41 PM +02</Time>
  </SystemRequest>
  <SystemRequest>
    <RequestTime>2017-11-02</RequestTime>
    <Path>/FDR/pages/cbcForm.aspx</Path>
    <User>SARSGOV\S1037927</User>
    <Url>http://localhost/FDR/pages/cbcForm.aspx?refno=9080191837&amp;year=2018</Url>
    <Time>12:04:41 PM +02</Time>
  </SystemRequest>
  <SystemRequest>
    <RequestTime>2017-11-02</RequestTime>
    <Path>/FDR/mnelistservice.asmxGetCBCDataByTaxRefNo</Path>
    <User>SARSGOV\S1037927</User>
    <Url>http://localhost/FDR/mnelistservice.asmxGetCBCDataByTaxRefNo</Url>
    <Time>12:04:41 PM +02</Time>
  </SystemRequest>
  <SystemRequest>
    <RequestTime>2017-11-02</RequestTime>
    <Path>/FDR/pages/ViewedIncomingcbcdeclataions.aspx</Path>
    <User>SARSGOV\S1037927</User>
    <Url>http://localhost/FDR/pages/ViewedIncomingcbcdeclataions.aspx</Url>
    <Time>12:10:03 PM +02</Time>
  </SystemRequest>
  <SystemRequest>
    <RequestTime>2017-11-02</RequestTime>
    <Path>/FDR/pages/ViewedIncomingcbcdeclataions.aspx</Path>
    <User>SARSGOV\S1037927</User>
    <Url>http://localhost/FDR/pages/ViewedIncomingcbcdeclataions.aspx</Url>
    <Time>13:27:30 PM +02</Time>
  </SystemRequest>
  <SystemRequest>
    <RequestTime>2017-11-02</RequestTime>
    <Path>/FDR/pages/ViewedIncomingcbcdeclataions.aspx</Path>
    <User>SARSGOV\S1037927</User>
    <Url>http://localhost/FDR/pages/ViewedIncomingcbcdeclataions.aspx</Url>
    <Time>13:27:36 PM +02</Time>
  </SystemRequest>
  <SystemRequest>
    <RequestTime>2017-11-02</RequestTime>
    <Path>/FDR/pages/cbcForm.aspx</Path>
    <User>SARSGOV\S1037927</User>
    <Url>http://localhost/FDR/pages/cbcForm.aspx?refno=9428429840&amp;year=2018</Url>
    <Time>13:27:37 PM +02</Time>
  </SystemRequest>
  <SystemRequest>
    <RequestTime>2017-11-02</RequestTime>
    <Path>/FDR/mnelistservice.asmx/GetCBCDataByTaxRefNo</Path>
    <User>SARSGOV\S1037927</User>
    <Url>http://localhost/FDR/mnelistservice.asmx/GetCBCDataByTaxRefNo</Url>
    <Time>13:28:00 PM +02</Time>
  </SystemRequest>
</ArrayOfSystemRequest>