<?xml version="1.0" encoding="utf-8"?>
<ArrayOfSystemRequest>
  <SystemRequest>
    <RequestTime>2018-02-07</RequestTime>
    <Path>/FDR/Default.aspx</Path>
    <User>SARSGOV\s2024134</User>
    <Url>http://localhost/FDR/Default.aspx</Url>
    <Time>09:35:16 AM +02</Time>
  </SystemRequest>
  <SystemRequest>
    <RequestTime>2018-02-07</RequestTime>
    <Path>/fdr/secureurl/menu.aspx</Path>
    <User>SARSGOV\s2024134</User>
    <Url>http://localhost/fdr/secureurl/menu.aspx</Url>
    <Time>09:38:13 AM +02</Time>
  </SystemRequest>
  <SystemRequest>
    <RequestTime>2018-02-07</RequestTime>
    <Path>/fdr/secureurl/ViewRoles.aspx</Path>
    <User>SARSGOV\s2024134</User>
    <Url>http://localhost/fdr/secureurl/ViewRoles.aspx</Url>
    <Time>09:38:36 AM +02</Time>
  </SystemRequest>
  <SystemRequest>
    <RequestTime>2018-02-07</RequestTime>
    <Path>/fdr/secureurl/ViewRoles.aspx</Path>
    <User>SARSGOV\s2024134</User>
    <Url>http://localhost/fdr/secureurl/ViewRoles.aspx</Url>
    <Time>09:38:46 AM +02</Time>
  </SystemRequest>
  <SystemRequest>
    <RequestTime>2018-02-07</RequestTime>
    <Path>/fdr/secureurl/ViewRoles.aspx</Path>
    <User>SARSGOV\s2024134</User>
    <Url>http://localhost/fdr/secureurl/ViewRoles.aspx</Url>
    <Time>09:39:06 AM +02</Time>
  </SystemRequest>
  <SystemRequest>
    <RequestTime>2018-02-07</RequestTime>
    <Path>/fdr/secureurl/ViewRoles.aspx</Path>
    <User>SARSGOV\s2024134</User>
    <Url>http://localhost/fdr/secureurl/ViewRoles.aspx</Url>
    <Time>09:39:22 AM +02</Time>
  </SystemRequest>
  <SystemRequest>
    <RequestTime>2018-02-07</RequestTime>
    <Path>/fdr/secureurl/menu.aspx</Path>
    <User>SARSGOV\s2024134</User>
    <Url>http://localhost/fdr/secureurl/menu.aspx</Url>
    <Time>09:45:13 AM +02</Time>
  </SystemRequest>
  <SystemRequest>
    <RequestTime>2018-02-07</RequestTime>
    <Path>/fdr/secureurl/AssignFunctionToRole.aspx</Path>
    <User>SARSGOV\s2024134</User>
    <Url>http://localhost/fdr/secureurl/AssignFunctionToRole.aspx</Url>
    <Time>09:45:36 AM +02</Time>
  </SystemRequest>
  <SystemRequest>
    <RequestTime>2018-02-07</RequestTime>
    <Path>/fdr/secureurl/AssignFunctionToRole.aspx</Path>
    <User>SARSGOV\s2024134</User>
    <Url>http://localhost/fdr/secureurl/AssignFunctionToRole.aspx</Url>
    <Time>09:45:50 AM +02</Time>
  </SystemRequest>
  <SystemRequest>
    <RequestTime>2018-02-07</RequestTime>
    <Path>/fdr/secureurl/AssignFunctionToRole.aspx</Path>
    <User>SARSGOV\s2024134</User>
    <Url>http://localhost/fdr/secureurl/AssignFunctionToRole.aspx</Url>
    <Time>09:49:12 AM +02</Time>
  </SystemRequest>
  <SystemRequest>
    <RequestTime>2018-02-07</RequestTime>
    <Path>/fdr/secureurl/menu.aspx</Path>
    <User>SARSGOV\s2024134</User>
    <Url>http://localhost/fdr/secureurl/menu.aspx</Url>
    <Time>09:50:01 AM +02</Time>
  </SystemRequest>
  <SystemRequest>
    <RequestTime>2018-02-07</RequestTime>
    <Path>/fdr/secureurl/ViewFunctions.aspx</Path>
    <User>SARSGOV\s2024134</User>
    <Url>http://localhost/fdr/secureurl/ViewFunctions.aspx</Url>
    <Time>09:50:10 AM +02</Time>
  </SystemRequest>
  <SystemRequest>
    <RequestTime>2018-02-07</RequestTime>
    <Path>/fdr/secureurl/ViewFunctionGroups.aspx</Path>
    <User>SARSGOV\s2024134</User>
    <Url>http://localhost/fdr/secureurl/ViewFunctionGroups.aspx</Url>
    <Time>09:50:14 AM +02</Time>
  </SystemRequest>
  <SystemRequest>
    <RequestTime>2018-02-07</RequestTime>
    <Path>/fdr/secureurl/ViewFunctionGroups.aspx</Path>
    <User>SARSGOV\s2024134</User>
    <Url>http://localhost/fdr/secureurl/ViewFunctionGroups.aspx</Url>
    <Time>09:51:38 AM +02</Time>
  </SystemRequest>
  <SystemRequest>
    <RequestTime>2018-02-07</RequestTime>
    <Path>/fdr/secureurl/ViewFunctionGroups.aspx</Path>
    <User>SARSGOV\s2024134</User>
    <Url>http://localhost/fdr/secureurl/ViewFunctionGroups.aspx</Url>
    <Time>09:51:45 AM +02</Time>
  </SystemRequest>
  <SystemRequest>
    <RequestTime>2018-02-07</RequestTime>
    <Path>/fdr/secureurl/menu.aspx</Path>
    <User>SARSGOV\s2024134</User>
    <Url>http://localhost/fdr/secureurl/menu.aspx</Url>
    <Time>09:52:27 AM +02</Time>
  </SystemRequest>
  <SystemRequest>
    <RequestTime>2018-02-07</RequestTime>
    <Path>/fdr/secureurl/refreshmenu.aspx</Path>
    <User>SARSGOV\s2024134</User>
    <Url>http://localhost/fdr/secureurl/refreshmenu.aspx</Url>
    <Time>09:52:31 AM +02</Time>
  </SystemRequest>
  <SystemRequest>
    <RequestTime>2018-02-07</RequestTime>
    <Path>/fdr/secureurl/refreshmenu.aspx</Path>
    <User>SARSGOV\s2024134</User>
    <Url>http://localhost/fdr/secureurl/refreshmenu.aspx</Url>
    <Time>09:52:34 AM +02</Time>
  </SystemRequest>
  <SystemRequest>
    <RequestTime>2018-02-07</RequestTime>
    <Path>/fdr/secureurl/refreshmenu.aspx</Path>
    <User>SARSGOV\s2024134</User>
    <Url>http://localhost/fdr/secureurl/refreshmenu.aspx</Url>
    <Time>09:52:38 AM +02</Time>
  </SystemRequest>
  <SystemRequest>
    <RequestTime>2018-02-07</RequestTime>
    <Path>/fdr/secureurl/menu.aspx</Path>
    <User>SARSGOV\s2024134</User>
    <Url>http://localhost/fdr/secureurl/menu.aspx</Url>
    <Time>09:52:40 AM +02</Time>
  </SystemRequest>
  <SystemRequest>
    <RequestTime>2018-02-07</RequestTime>
    <Path>/fdr/secureurl/ViewFunctions.aspx</Path>
    <User>SARSGOV\s2024134</User>
    <Url>http://localhost/fdr/secureurl/ViewFunctions.aspx</Url>
    <Time>09:52:53 AM +02</Time>
  </SystemRequest>
  <SystemRequest>
    <RequestTime>2018-02-07</RequestTime>
    <Path>/fdr/secureurl/ViewFunctions.aspx</Path>
    <User>SARSGOV\s2024134</User>
    <Url>http://localhost/fdr/secureurl/ViewFunctions.aspx</Url>
    <Time>09:53:14 AM +02</Time>
  </SystemRequest>
  <SystemRequest>
    <RequestTime>2018-02-07</RequestTime>
    <Path>/fdr/secureurl/ViewFunctions.aspx</Path>
    <User>SARSGOV\s2024134</User>
    <Url>http://localhost/fdr/secureurl/ViewFunctions.aspx</Url>
    <Time>09:53:20 AM +02</Time>
  </SystemRequest>
  <SystemRequest>
    <RequestTime>2018-02-07</RequestTime>
    <Path>/fdr/secureurl/ViewFunctions.aspx</Path>
    <User>SARSGOV\s2024134</User>
    <Url>http://localhost/fdr/secureurl/ViewFunctions.aspx</Url>
    <Time>09:54:49 AM +02</Time>
  </SystemRequest>
  <SystemRequest>
    <RequestTime>2018-02-07</RequestTime>
    <Path>/fdr/secureurl/ViewFunctions.aspx</Path>
    <User>SARSGOV\s2024134</User>
    <Url>http://localhost/fdr/secureurl/ViewFunctions.aspx</Url>
    <Time>09:55:01 AM +02</Time>
  </SystemRequest>
  <SystemRequest>
    <RequestTime>2018-02-07</RequestTime>
    <Path>/fdr/secureurl/ViewFunctions.aspx</Path>
    <User>SARSGOV\s2024134</User>
    <Url>http://localhost/fdr/secureurl/ViewFunctions.aspx</Url>
    <Time>09:55:22 AM +02</Time>
  </SystemRequest>
  <SystemRequest>
    <RequestTime>2018-02-07</RequestTime>
    <Path>/fdr/secureurl/ViewFunctions.aspx</Path>
    <User>SARSGOV\s2024134</User>
    <Url>http://localhost/fdr/secureurl/ViewFunctions.aspx</Url>
    <Time>09:56:10 AM +02</Time>
  </SystemRequest>
  <SystemRequest>
    <RequestTime>2018-02-07</RequestTime>
    <Path>/fdr/allocate/default.aspx</Path>
    <User>SARSGOV\s2024134</User>
    <Url>http://localhost/fdr/allocate/default.aspx</Url>
    <Time>09:56:50 AM +02</Time>
  </SystemRequest>
  <SystemRequest>
    <RequestTime>2018-02-07</RequestTime>
    <Path>/fdr/allocate/default.aspx</Path>
    <User>SARSGOV\s2024134</User>
    <Url>http://localhost/fdr/allocate/default.aspx</Url>
    <Time>09:57:04 AM +02</Time>
  </SystemRequest>
  <SystemRequest>
    <RequestTime>2018-02-07</RequestTime>
    <Path>/fdr/allocate/allocate.aspx</Path>
    <User>SARSGOV\s2024134</User>
    <Url>http://localhost/fdr/allocate/allocate.aspx?submissionId=20099&amp;bck=L2Zkci9hbGxvY2F0ZS9kZWZhdWx0LmFzcHg=</Url>
    <Time>09:57:04 AM +02</Time>
  </SystemRequest>
  <SystemRequest>
    <RequestTime>2018-02-07</RequestTime>
    <Path>/fdr/allocate/allocate.aspx</Path>
    <User>SARSGOV\s2024134</User>
    <Url>http://localhost/fdr/allocate/allocate.aspx?submissionId=20099&amp;bck=L2Zkci9hbGxvY2F0ZS9kZWZhdWx0LmFzcHg=</Url>
    <Time>09:57:20 AM +02</Time>
  </SystemRequest>
  <SystemRequest>
    <RequestTime>2018-02-07</RequestTime>
    <Path>/FDR/Default.aspx</Path>
    <User>SARSGOV\s2024134</User>
    <Url>http://localhost/FDR/Default.aspx</Url>
    <Time>10:11:40 AM +02</Time>
  </SystemRequest>
  <SystemRequest>
    <RequestTime>2018-02-07</RequestTime>
    <Path>/fdr/allocate/default.aspx</Path>
    <User>SARSGOV\s2024134</User>
    <Url>http://localhost/fdr/allocate/default.aspx</Url>
    <Time>10:31:49 AM +02</Time>
  </SystemRequest>
  <SystemRequest>
    <RequestTime>2018-02-07</RequestTime>
    <Path>/FDR/Default.aspx</Path>
    <User>SARSGOV\s2024134</User>
    <Url>http://localhost/FDR/Default.aspx</Url>
    <Time>10:32:31 AM +02</Time>
  </SystemRequest>
  <SystemRequest>
    <RequestTime>2018-02-07</RequestTime>
    <Path>/fdr/allocate/default.aspx</Path>
    <User>SARSGOV\s2024134</User>
    <Url>http://localhost/fdr/allocate/default.aspx</Url>
    <Time>10:32:35 AM +02</Time>
  </SystemRequest>
  <SystemRequest>
    <RequestTime>2018-02-07</RequestTime>
    <Path>/fdr/allocate/default.aspx</Path>
    <User>SARSGOV\s2024134</User>
    <Url>http://localhost/fdr/allocate/default.aspx</Url>
    <Time>10:33:00 AM +02</Time>
  </SystemRequest>
  <SystemRequest>
    <RequestTime>2018-02-07</RequestTime>
    <Path>/fdr/allocate/allocate.aspx</Path>
    <User>SARSGOV\s2024134</User>
    <Url>http://localhost/fdr/allocate/allocate.aspx?submissionId=20099&amp;bck=L2Zkci9hbGxvY2F0ZS9kZWZhdWx0LmFzcHg=</Url>
    <Time>10:33:00 AM +02</Time>
  </SystemRequest>
  <SystemRequest>
    <RequestTime>2018-02-07</RequestTime>
    <Path>/FDR/Default.aspx</Path>
    <User>SARSGOV\s2024134</User>
    <Url>http://localhost/FDR/Default.aspx</Url>
    <Time>10:35:14 AM +02</Time>
  </SystemRequest>
  <SystemRequest>
    <RequestTime>2018-02-07</RequestTime>
    <Path>/fdr/allocate/default.aspx</Path>
    <User>SARSGOV\s2024134</User>
    <Url>http://localhost/fdr/allocate/default.aspx</Url>
    <Time>10:36:32 AM +02</Time>
  </SystemRequest>
  <SystemRequest>
    <RequestTime>2018-02-07</RequestTime>
    <Path>/fdr/allocate/allocate.aspx</Path>
    <User>SARSGOV\s2024134</User>
    <Url>http://localhost/fdr/allocate/allocate.aspx?submissionId=20099&amp;bck=L2Zkci9hbGxvY2F0ZS9kZWZhdWx0LmFzcHg=</Url>
    <Time>10:36:38 AM +02</Time>
  </SystemRequest>
  <SystemRequest>
    <RequestTime>2018-02-07</RequestTime>
    <Path>/fdr/allocate/default.aspx</Path>
    <User>SARSGOV\s2024134</User>
    <Url>http://localhost/fdr/allocate/default.aspx</Url>
    <Time>10:36:38 AM +02</Time>
  </SystemRequest>
  <SystemRequest>
    <RequestTime>2018-02-07</RequestTime>
    <Path>/fdr/allocate/allocate.aspx</Path>
    <User>SARSGOV\s2024134</User>
    <Url>http://localhost/fdr/allocate/allocate.aspx?submissionId=20099&amp;bck=L2Zkci9hbGxvY2F0ZS9kZWZhdWx0LmFzcHg=</Url>
    <Time>10:36:45 AM +02</Time>
  </SystemRequest>
  <SystemRequest>
    <RequestTime>2018-02-07</RequestTime>
    <Path>/FDR/Default.aspx</Path>
    <User>SARSGOV\s2024134</User>
    <Url>http://localhost/FDR/Default.aspx</Url>
    <Time>10:39:01 AM +02</Time>
  </SystemRequest>
  <SystemRequest>
    <RequestTime>2018-02-07</RequestTime>
    <Path>/fdr/secureurl/menu.aspx</Path>
    <User>SARSGOV\s2024134</User>
    <Url>http://localhost/fdr/secureurl/menu.aspx</Url>
    <Time>10:39:22 AM +02</Time>
  </SystemRequest>
  <SystemRequest>
    <RequestTime>2018-02-07</RequestTime>
    <Path>/fdr/secureurl/AssignFunctionToRole.aspx</Path>
    <User>SARSGOV\s2024134</User>
    <Url>http://localhost/fdr/secureurl/AssignFunctionToRole.aspx</Url>
    <Time>10:39:30 AM +02</Time>
  </SystemRequest>
  <SystemRequest>
    <RequestTime>2018-02-07</RequestTime>
    <Path>/fdr/secureurl/AssignFunctionToRole.aspx</Path>
    <User>SARSGOV\s2024134</User>
    <Url>http://localhost/fdr/secureurl/AssignFunctionToRole.aspx</Url>
    <Time>10:39:35 AM +02</Time>
  </SystemRequest>
  <SystemRequest>
    <RequestTime>2018-02-07</RequestTime>
    <Path>/fdr/secureurl/AssignFunctionToRole.aspx</Path>
    <User>SARSGOV\s2024134</User>
    <Url>http://localhost/fdr/secureurl/AssignFunctionToRole.aspx</Url>
    <Time>10:40:31 AM +02</Time>
  </SystemRequest>
  <SystemRequest>
    <RequestTime>2018-02-07</RequestTime>
    <Path>/fdr/secureurl/AssignFunctionToRole.aspx</Path>
    <User>SARSGOV\s2024134</User>
    <Url>http://localhost/fdr/secureurl/AssignFunctionToRole.aspx</Url>
    <Time>10:40:38 AM +02</Time>
  </SystemRequest>
  <SystemRequest>
    <RequestTime>2018-02-07</RequestTime>
    <Path>/fdr/secureurl/AssignFunctionToRole.aspx</Path>
    <User>SARSGOV\s2024134</User>
    <Url>http://localhost/fdr/secureurl/AssignFunctionToRole.aspx</Url>
    <Time>10:40:42 AM +02</Time>
  </SystemRequest>
  <SystemRequest>
    <RequestTime>2018-02-07</RequestTime>
    <Path>/fdr/secureurl/AssignFunctionToRole.aspx</Path>
    <User>SARSGOV\s2024134</User>
    <Url>http://localhost/fdr/secureurl/AssignFunctionToRole.aspx</Url>
    <Time>10:40:45 AM +02</Time>
  </SystemRequest>
  <SystemRequest>
    <RequestTime>2018-02-07</RequestTime>
    <Path>/fdr/secureurl/menu.aspx</Path>
    <User>SARSGOV\s2024134</User>
    <Url>http://localhost/fdr/secureurl/menu.aspx</Url>
    <Time>10:40:49 AM +02</Time>
  </SystemRequest>
  <SystemRequest>
    <RequestTime>2018-02-07</RequestTime>
    <Path>/fdr/secureurl/RemoveUserFromRole.aspx</Path>
    <User>SARSGOV\s2024134</User>
    <Url>http://localhost/fdr/secureurl/RemoveUserFromRole.aspx</Url>
    <Time>10:40:57 AM +02</Time>
  </SystemRequest>
  <SystemRequest>
    <RequestTime>2018-02-07</RequestTime>
    <Path>/fdr/secureurl/menu.aspx</Path>
    <User>SARSGOV\s2024134</User>
    <Url>http://localhost/fdr/secureurl/menu.aspx</Url>
    <Time>10:41:08 AM +02</Time>
  </SystemRequest>
  <SystemRequest>
    <RequestTime>2018-02-07</RequestTime>
    <Path>/fdr/secureurl/AssignUserToRole.aspx</Path>
    <User>SARSGOV\s2024134</User>
    <Url>http://localhost/fdr/secureurl/AssignUserToRole.aspx</Url>
    <Time>10:41:11 AM +02</Time>
  </SystemRequest>
  <SystemRequest>
    <RequestTime>2018-02-07</RequestTime>
    <Path>/fdr/secureurl/sarsactivedirectoryuserservice.asmx</Path>
    <User>SARSGOV\s2024134</User>
    <Url>http://localhost/fdr/secureurl/sarsactivedirectoryuserservice.asmx</Url>
    <Time>10:41:24 AM +02</Time>
  </SystemRequest>
  <SystemRequest>
    <RequestTime>2018-02-07</RequestTime>
    <Path>/fdr/secureurl/sarsactivedirectoryuserservice.asmx</Path>
    <User>SARSGOV\s2024134</User>
    <Url>http://localhost/fdr/secureurl/sarsactivedirectoryuserservice.asmx</Url>
    <Time>10:41:32 AM +02</Time>
  </SystemRequest>
  <SystemRequest>
    <RequestTime>2018-02-07</RequestTime>
    <Path>/fdr/secureurl/sarsactivedirectoryuserservice.asmx</Path>
    <User>SARSGOV\s2024134</User>
    <Url>http://localhost/fdr/secureurl/sarsactivedirectoryuserservice.asmx</Url>
    <Time>10:41:38 AM +02</Time>
  </SystemRequest>
  <SystemRequest>
    <RequestTime>2018-02-07</RequestTime>
    <Path>/fdr/secureurl/sarsactivedirectoryuserservice.asmx</Path>
    <User>SARSGOV\s2024134</User>
    <Url>http://localhost/fdr/secureurl/sarsactivedirectoryuserservice.asmx</Url>
    <Time>10:41:40 AM +02</Time>
  </SystemRequest>
  <SystemRequest>
    <RequestTime>2018-02-07</RequestTime>
    <Path>/fdr/secureurl/AssignUserToRole.aspx</Path>
    <User>SARSGOV\s2024134</User>
    <Url>http://localhost/fdr/secureurl/AssignUserToRole.aspx</Url>
    <Time>10:41:44 AM +02</Time>
  </SystemRequest>
  <SystemRequest>
    <RequestTime>2018-02-07</RequestTime>
    <Path>/fdr/secureurl/menu.aspx</Path>
    <User>SARSGOV\s2024134</User>
    <Url>http://localhost/fdr/secureurl/menu.aspx</Url>
    <Time>11:15:17 AM +02</Time>
  </SystemRequest>
  <SystemRequest>
    <RequestTime>2018-02-07</RequestTime>
    <Path>/fdr/secureurl/refreshmenu.aspx</Path>
    <User>SARSGOV\s2024134</User>
    <Url>http://localhost/fdr/secureurl/refreshmenu.aspx</Url>
    <Time>11:16:56 AM +02</Time>
  </SystemRequest>
  <SystemRequest>
    <RequestTime>2018-02-07</RequestTime>
    <Path>/fdr/secureurl/refreshmenu.aspx</Path>
    <User>SARSGOV\s2024134</User>
    <Url>http://localhost/fdr/secureurl/refreshmenu.aspx</Url>
    <Time>11:16:58 AM +02</Time>
  </SystemRequest>
  <SystemRequest>
    <RequestTime>2018-02-07</RequestTime>
    <Path>/fdr/Default.aspx</Path>
    <User>SARSGOV\s2024134</User>
    <Url>http://localhost/fdr/Default.aspx</Url>
    <Time>11:17:02 AM +02</Time>
  </SystemRequest>
  <SystemRequest>
    <RequestTime>2018-02-07</RequestTime>
    <Path>/fdr/Default.aspx</Path>
    <User>SARSGOV\s2024134</User>
    <Url>http://localhost/fdr/Default.aspx</Url>
    <Time>11:17:04 AM +02</Time>
  </SystemRequest>
  <SystemRequest>
    <RequestTime>2018-02-07</RequestTime>
    <Path>/fdr/secureurl/menu.aspx</Path>
    <User>SARSGOV\s2024134</User>
    <Url>http://localhost/fdr/secureurl/menu.aspx</Url>
    <Time>11:17:23 AM +02</Time>
  </SystemRequest>
  <SystemRequest>
    <RequestTime>2018-02-07</RequestTime>
    <Path>/fdr/secureurl/ViewFunctions.aspx</Path>
    <User>SARSGOV\s2024134</User>
    <Url>http://localhost/fdr/secureurl/ViewFunctions.aspx</Url>
    <Time>11:17:36 AM +02</Time>
  </SystemRequest>
  <SystemRequest>
    <RequestTime>2018-02-07</RequestTime>
    <Path>/fdr/secureurl/ViewFunctions.aspx</Path>
    <User>SARSGOV\s2024134</User>
    <Url>http://localhost/fdr/secureurl/ViewFunctions.aspx</Url>
    <Time>11:17:49 AM +02</Time>
  </SystemRequest>
  <SystemRequest>
    <RequestTime>2018-02-07</RequestTime>
    <Path>/fdr/secureurl/ViewFunctions.aspx</Path>
    <User>SARSGOV\s2024134</User>
    <Url>http://localhost/fdr/secureurl/ViewFunctions.aspx</Url>
    <Time>11:17:54 AM +02</Time>
  </SystemRequest>
  <SystemRequest>
    <RequestTime>2018-02-07</RequestTime>
    <Path>/fdr/secureurl/ViewFunctions.aspx</Path>
    <User>SARSGOV\s2024134</User>
    <Url>http://localhost/fdr/secureurl/ViewFunctions.aspx</Url>
    <Time>11:17:58 AM +02</Time>
  </SystemRequest>
  <SystemRequest>
    <RequestTime>2018-02-07</RequestTime>
    <Path>/fdr/secureurl/menu.aspx</Path>
    <User>SARSGOV\s2024134</User>
    <Url>http://localhost/fdr/secureurl/menu.aspx</Url>
    <Time>11:18:05 AM +02</Time>
  </SystemRequest>
  <SystemRequest>
    <RequestTime>2018-02-07</RequestTime>
    <Path>/fdr/pages/incomingcbcdeclataions.aspx</Path>
    <User>SARSGOV\s2024134</User>
    <Url>http://localhost/fdr/pages/incomingcbcdeclataions.aspx?new=0</Url>
    <Time>11:19:47 AM +02</Time>
  </SystemRequest>
  <SystemRequest>
    <RequestTime>2018-02-07</RequestTime>
    <Path>/fdr/pages/incomingcbcdeclataions.aspx</Path>
    <User>SARSGOV\s2024134</User>
    <Url>http://localhost/fdr/pages/incomingcbcdeclataions.aspx?new=1</Url>
    <Time>11:19:52 AM +02</Time>
  </SystemRequest>
  <SystemRequest>
    <RequestTime>2018-02-07</RequestTime>
    <Path>/fdr/pages/incomingcbcdeclataions.aspx</Path>
    <User>SARSGOV\s2024134</User>
    <Url>http://localhost/fdr/pages/incomingcbcdeclataions.aspx?new=1</Url>
    <Time>11:19:54 AM +02</Time>
  </SystemRequest>
  <SystemRequest>
    <RequestTime>2018-02-07</RequestTime>
    <Path>/FDR/pages/cbcForm.aspx</Path>
    <User>SARSGOV\s2024134</User>
    <Url>http://localhost/FDR/pages/cbcForm.aspx?refno=9080191837&amp;year=2017&amp;bck=L2Zkci9wYWdlcy9pbmNvbWluZ2NiY2RlY2xhdGFpb25zLmFzcHg/bmV3PTE=</Url>
    <Time>11:19:55 AM +02</Time>
  </SystemRequest>
  <SystemRequest>
    <RequestTime>2018-02-07</RequestTime>
    <Path>/FDR/mnelistservice.asmx/GetCBCDataByTaxRefNo</Path>
    <User>SARSGOV\s2024134</User>
    <Url>http://localhost/FDR/mnelistservice.asmx/GetCBCDataByTaxRefNo</Url>
    <Time>11:20:01 AM +02</Time>
  </SystemRequest>
  <SystemRequest>
    <RequestTime>2018-02-07</RequestTime>
    <Path>/FDR/Default.aspx</Path>
    <User>SARSGOV\s2024134</User>
    <Url>http://localhost/FDR/Default.aspx</Url>
    <Time>11:29:28 AM +02</Time>
  </SystemRequest>
  <SystemRequest>
    <RequestTime>2018-02-07</RequestTime>
    <Path>/fdr/pages/incomingcbcdeclataions.aspx</Path>
    <User>SARSGOV\s2024134</User>
    <Url>http://localhost/fdr/pages/incomingcbcdeclataions.aspx?new=1</Url>
    <Time>11:31:24 AM +02</Time>
  </SystemRequest>
  <SystemRequest>
    <RequestTime>2018-02-07</RequestTime>
    <Path>/fdr/pages/incomingcbcdeclataions.aspx</Path>
    <User>SARSGOV\s2024134</User>
    <Url>http://localhost/fdr/pages/incomingcbcdeclataions.aspx?new=1</Url>
    <Time>11:31:29 AM +02</Time>
  </SystemRequest>
  <SystemRequest>
    <RequestTime>2018-02-07</RequestTime>
    <Path>/FDR/pages/cbcForm.aspx</Path>
    <User>SARSGOV\s2024134</User>
    <Url>http://localhost/FDR/pages/cbcForm.aspx?refno=9080191837&amp;year=2017&amp;bck=L2Zkci9wYWdlcy9pbmNvbWluZ2NiY2RlY2xhdGFpb25zLmFzcHg/bmV3PTE=</Url>
    <Time>11:31:30 AM +02</Time>
  </SystemRequest>
  <SystemRequest>
    <RequestTime>2018-02-07</RequestTime>
    <Path>/FDR/mnelistservice.asmx/GetCBCDataByTaxRefNo</Path>
    <User>SARSGOV\s2024134</User>
    <Url>http://localhost/FDR/mnelistservice.asmx/GetCBCDataByTaxRefNo</Url>
    <Time>11:31:32 AM +02</Time>
  </SystemRequest>
  <SystemRequest>
    <RequestTime>2018-02-07</RequestTime>
    <Path>/FDR/Default.aspx</Path>
    <User>SARSGOV\s2024134</User>
    <Url>http://localhost/FDR/Default.aspx</Url>
    <Time>11:32:41 AM +02</Time>
  </SystemRequest>
  <SystemRequest>
    <RequestTime>2018-02-07</RequestTime>
    <Path>/fdr/pages/incomingcbcdeclataions.aspx</Path>
    <User>SARSGOV\s2024134</User>
    <Url>http://localhost/fdr/pages/incomingcbcdeclataions.aspx?new=1</Url>
    <Time>11:32:56 AM +02</Time>
  </SystemRequest>
  <SystemRequest>
    <RequestTime>2018-02-07</RequestTime>
    <Path>/fdr/pages/incomingcbcdeclataions.aspx</Path>
    <User>SARSGOV\s2024134</User>
    <Url>http://localhost/fdr/pages/incomingcbcdeclataions.aspx?new=1</Url>
    <Time>11:32:59 AM +02</Time>
  </SystemRequest>
  <SystemRequest>
    <RequestTime>2018-02-07</RequestTime>
    <Path>/fdr/pages/incomingcbcdeclataions.aspx</Path>
    <User>SARSGOV\s2024134</User>
    <Url>http://localhost/fdr/pages/incomingcbcdeclataions.aspx?new=1</Url>
    <Time>11:33:40 AM +02</Time>
  </SystemRequest>
  <SystemRequest>
    <RequestTime>2018-02-07</RequestTime>
    <Path>/FDR/pages/cbcForm.aspx</Path>
    <User>SARSGOV\s2024134</User>
    <Url>http://localhost/FDR/pages/cbcForm.aspx?refno=9080191837&amp;year=2017&amp;bck=L2Zkci9wYWdlcy9pbmNvbWluZ2NiY2RlY2xhdGFpb25zLmFzcHg/bmV3PTE=</Url>
    <Time>11:33:41 AM +02</Time>
  </SystemRequest>
  <SystemRequest>
    <RequestTime>2018-02-07</RequestTime>
    <Path>/FDR/mnelistservice.asmx/GetCBCDataByTaxRefNo</Path>
    <User>SARSGOV\s2024134</User>
    <Url>http://localhost/FDR/mnelistservice.asmx/GetCBCDataByTaxRefNo</Url>
    <Time>11:33:47 AM +02</Time>
  </SystemRequest>
  <SystemRequest>
    <RequestTime>2018-02-07</RequestTime>
    <Path>/FDR/pages/cbcForm.aspx</Path>
    <User>SARSGOV\s2024134</User>
    <Url>http://localhost/FDR/pages/cbcForm.aspx?refno=9080191837&amp;year=2017&amp;bck=L2Zkci9wYWdlcy9pbmNvbWluZ2NiY2RlY2xhdGFpb25zLmFzcHg/bmV3PTE=</Url>
    <Time>11:34:29 AM +02</Time>
  </SystemRequest>
  <SystemRequest>
    <RequestTime>2018-02-07</RequestTime>
    <Path>/FDR/pages/cbcForm.aspx</Path>
    <User>SARSGOV\s2024134</User>
    <Url>http://localhost/FDR/pages/cbcForm.aspx?refno=9080191837&amp;year=2017&amp;bck=L2Zkci9wYWdlcy9pbmNvbWluZ2NiY2RlY2xhdGFpb25zLmFzcHg/bmV3PTE=</Url>
    <Time>11:35:04 AM +02</Time>
  </SystemRequest>
  <SystemRequest>
    <RequestTime>2018-02-07</RequestTime>
    <Path>/FDR/mnelistservice.asmx/GetCBCDataByTaxRefNo</Path>
    <User>SARSGOV\s2024134</User>
    <Url>http://localhost/FDR/mnelistservice.asmx/GetCBCDataByTaxRefNo</Url>
    <Time>11:35:36 AM +02</Time>
  </SystemRequest>
  <SystemRequest>
    <RequestTime>2018-02-07</RequestTime>
    <Path>/FDR/Default.aspx</Path>
    <User>SARSGOV\s2024134</User>
    <Url>http://localhost/FDR/Default.aspx</Url>
    <Time>11:39:00 AM +02</Time>
  </SystemRequest>
  <SystemRequest>
    <RequestTime>2018-02-07</RequestTime>
    <Path>/fdr/pages/incomingcbcdeclataions.aspx</Path>
    <User>SARSGOV\s2024134</User>
    <Url>http://localhost/fdr/pages/incomingcbcdeclataions.aspx?new=1</Url>
    <Time>11:39:43 AM +02</Time>
  </SystemRequest>
  <SystemRequest>
    <RequestTime>2018-02-07</RequestTime>
    <Path>/fdr/pages/incomingcbcdeclataions.aspx</Path>
    <User>SARSGOV\s2024134</User>
    <Url>http://localhost/fdr/pages/incomingcbcdeclataions.aspx?new=1</Url>
    <Time>11:39:47 AM +02</Time>
  </SystemRequest>
  <SystemRequest>
    <RequestTime>2018-02-07</RequestTime>
    <Path>/FDR/pages/cbcForm.aspx</Path>
    <User>SARSGOV\s2024134</User>
    <Url>http://localhost/FDR/pages/cbcForm.aspx?refno=9080191837&amp;year=2017&amp;bck=L2Zkci9wYWdlcy9pbmNvbWluZ2NiY2RlY2xhdGFpb25zLmFzcHg/bmV3PTE=</Url>
    <Time>11:39:48 AM +02</Time>
  </SystemRequest>
  <SystemRequest>
    <RequestTime>2018-02-07</RequestTime>
    <Path>/FDR/mnelistservice.asmx/GetCBCDataByTaxRefNo</Path>
    <User>SARSGOV\s2024134</User>
    <Url>http://localhost/FDR/mnelistservice.asmx/GetCBCDataByTaxRefNo</Url>
    <Time>11:40:03 AM +02</Time>
  </SystemRequest>
  <SystemRequest>
    <RequestTime>2018-02-07</RequestTime>
    <Path>/FDR/pages/cbcForm.aspx</Path>
    <User>SARSGOV\s2024134</User>
    <Url>http://localhost/FDR/pages/cbcForm.aspx?refno=9080191837&amp;year=2017&amp;bck=L2Zkci9wYWdlcy9pbmNvbWluZ2NiY2RlY2xhdGFpb25zLmFzcHg/bmV3PTE=</Url>
    <Time>11:40:58 AM +02</Time>
  </SystemRequest>
  <SystemRequest>
    <RequestTime>2018-02-07</RequestTime>
    <Path>/FDR/Default.aspx</Path>
    <User>SARSGOV\s2024134</User>
    <Url>http://localhost/FDR/Default.aspx</Url>
    <Time>11:45:27 AM +02</Time>
  </SystemRequest>
  <SystemRequest>
    <RequestTime>2018-02-07</RequestTime>
    <Path>/fdr/pages/incomingcbcdeclataions.aspx</Path>
    <User>SARSGOV\s2024134</User>
    <Url>http://localhost/fdr/pages/incomingcbcdeclataions.aspx?new=1</Url>
    <Time>11:46:04 AM +02</Time>
  </SystemRequest>
  <SystemRequest>
    <RequestTime>2018-02-07</RequestTime>
    <Path>/fdr/pages/incomingcbcdeclataions.aspx</Path>
    <User>SARSGOV\s2024134</User>
    <Url>http://localhost/fdr/pages/incomingcbcdeclataions.aspx?new=1</Url>
    <Time>11:46:09 AM +02</Time>
  </SystemRequest>
  <SystemRequest>
    <RequestTime>2018-02-07</RequestTime>
    <Path>/FDR/pages/cbcForm.aspx</Path>
    <User>SARSGOV\s2024134</User>
    <Url>http://localhost/FDR/pages/cbcForm.aspx?refno=9080191837&amp;year=2017&amp;bck=L2Zkci9wYWdlcy9pbmNvbWluZ2NiY2RlY2xhdGFpb25zLmFzcHg/bmV3PTE=</Url>
    <Time>11:46:09 AM +02</Time>
  </SystemRequest>
  <SystemRequest>
    <RequestTime>2018-02-07</RequestTime>
    <Path>/FDR/mnelistservice.asmx/GetCBCDataByTaxRefNo</Path>
    <User>SARSGOV\s2024134</User>
    <Url>http://localhost/FDR/mnelistservice.asmx/GetCBCDataByTaxRefNo</Url>
    <Time>11:46:19 AM +02</Time>
  </SystemRequest>
  <SystemRequest>
    <RequestTime>2018-02-07</RequestTime>
    <Path>/FDR/pages/cbcForm.aspx</Path>
    <User>SARSGOV\s2024134</User>
    <Url>http://localhost/FDR/pages/cbcForm.aspx?refno=9080191837&amp;year=2017&amp;bck=L2Zkci9wYWdlcy9pbmNvbWluZ2NiY2RlY2xhdGFpb25zLmFzcHg/bmV3PTE=</Url>
    <Time>11:47:18 AM +02</Time>
  </SystemRequest>
  <SystemRequest>
    <RequestTime>2018-02-07</RequestTime>
    <Path>/fdr/pages/incomingcbcdeclataions.aspx</Path>
    <User>SARSGOV\s2024134</User>
    <Url>http://localhost/fdr/pages/incomingcbcdeclataions.aspx?new=1</Url>
    <Time>11:47:31 AM +02</Time>
  </SystemRequest>
  <SystemRequest>
    <RequestTime>2018-02-07</RequestTime>
    <Path>/FDR/Default.aspx</Path>
    <User>SARSGOV\s2024134</User>
    <Url>http://localhost/FDR/Default.aspx</Url>
    <Time>12:07:16 PM +02</Time>
  </SystemRequest>
  <SystemRequest>
    <RequestTime>2018-02-07</RequestTime>
    <Path>/fdr/pages/incomingcbcdeclataions.aspx</Path>
    <User>SARSGOV\s2024134</User>
    <Url>http://localhost/fdr/pages/incomingcbcdeclataions.aspx?new=1</Url>
    <Time>12:08:39 PM +02</Time>
  </SystemRequest>
  <SystemRequest>
    <RequestTime>2018-02-07</RequestTime>
    <Path>/FDR/Default.aspx</Path>
    <User>SARSGOV\s2024134</User>
    <Url>http://localhost/FDR/Default.aspx</Url>
    <Time>12:09:31 PM +02</Time>
  </SystemRequest>
  <SystemRequest>
    <RequestTime>2018-02-07</RequestTime>
    <Path>/fdr/pages/incomingcbcdeclataions.aspx</Path>
    <User>SARSGOV\s2024134</User>
    <Url>http://localhost/fdr/pages/incomingcbcdeclataions.aspx?new=0</Url>
    <Time>12:10:30 PM +02</Time>
  </SystemRequest>
  <SystemRequest>
    <RequestTime>2018-02-07</RequestTime>
    <Path>/FDR/Default.aspx</Path>
    <User>SARSGOV\s2024134</User>
    <Url>http://localhost/FDR/Default.aspx</Url>
    <Time>12:18:28 PM +02</Time>
  </SystemRequest>
  <SystemRequest>
    <RequestTime>2018-02-07</RequestTime>
    <Path>/fdr/pages/u3tm.aspx</Path>
    <User>SARSGOV\s2024134</User>
    <Url>http://localhost/fdr/pages/u3tm.aspx</Url>
    <Time>12:21:33 PM +02</Time>
  </SystemRequest>
  <SystemRequest>
    <RequestTime>2018-02-07</RequestTime>
    <Path>/fdr/pages/incomingcbcdeclataions.aspx</Path>
    <User>SARSGOV\s2024134</User>
    <Url>http://localhost/fdr/pages/incomingcbcdeclataions.aspx?new=1</Url>
    <Time>12:21:44 PM +02</Time>
  </SystemRequest>
  <SystemRequest>
    <RequestTime>2018-02-07</RequestTime>
    <Path>/fdr/pages/u3tm.aspx</Path>
    <User>SARSGOV\s2024134</User>
    <Url>http://localhost/fdr/pages/u3tm.aspx</Url>
    <Time>12:21:53 PM +02</Time>
  </SystemRequest>
  <SystemRequest>
    <RequestTime>2018-02-07</RequestTime>
    <Path>/fdr/pages/u3tm.aspx</Path>
    <User>SARSGOV\s2024134</User>
    <Url>http://localhost/fdr/pages/u3tm.aspx</Url>
    <Time>12:21:57 PM +02</Time>
  </SystemRequest>
  <SystemRequest>
    <RequestTime>2018-02-07</RequestTime>
    <Path>/fdr/pages/u3tm.aspx</Path>
    <User>SARSGOV\s2024134</User>
    <Url>http://localhost/fdr/pages/u3tm.aspx</Url>
    <Time>12:22:03 PM +02</Time>
  </SystemRequest>
  <SystemRequest>
    <RequestTime>2018-02-07</RequestTime>
    <Path>/fdr/pages/viewsubmissions.aspx</Path>
    <User>SARSGOV\s2024134</User>
    <Url>http://localhost/fdr/pages/viewsubmissions.aspx</Url>
    <Time>12:24:57 PM +02</Time>
  </SystemRequest>
  <SystemRequest>
    <RequestTime>2018-02-07</RequestTime>
    <Path>/fdr/pages/viewsubmissions.aspx</Path>
    <User>SARSGOV\s2024134</User>
    <Url>http://localhost/fdr/pages/viewsubmissions.aspx</Url>
    <Time>12:25:04 PM +02</Time>
  </SystemRequest>
  <SystemRequest>
    <RequestTime>2018-02-07</RequestTime>
    <Path>/fdr/pages/viewsubmissions.aspx</Path>
    <User>SARSGOV\s2024134</User>
    <Url>http://localhost/fdr/pages/viewsubmissions.aspx</Url>
    <Time>12:25:12 PM +02</Time>
  </SystemRequest>
  <SystemRequest>
    <RequestTime>2018-02-07</RequestTime>
    <Path>/fdr/pages/viewsubmissions.aspx</Path>
    <User>SARSGOV\s2024134</User>
    <Url>http://localhost/fdr/pages/viewsubmissions.aspx</Url>
    <Time>12:25:16 PM +02</Time>
  </SystemRequest>
  <SystemRequest>
    <RequestTime>2018-02-07</RequestTime>
    <Path>/fdr/pages/viewsubmissions.aspx</Path>
    <User>SARSGOV\s2024134</User>
    <Url>http://localhost/fdr/pages/viewsubmissions.aspx</Url>
    <Time>12:26:02 PM +02</Time>
  </SystemRequest>
  <SystemRequest>
    <RequestTime>2018-02-07</RequestTime>
    <Path>/fdr/pages/displayfiles.aspx</Path>
    <User>SARSGOV\s2024134</User>
    <Url>http://localhost/fdr/pages/displayfiles.aspx?submissionId=20097&amp;bck=L2Zkci9wYWdlcy92aWV3c3VibWlzc2lvbnMuYXNweA==</Url>
    <Time>12:26:02 PM +02</Time>
  </SystemRequest>
  <SystemRequest>
    <RequestTime>2018-02-07</RequestTime>
    <Path>/fdr/pages/displayfiles.aspx</Path>
    <User>SARSGOV\s2024134</User>
    <Url>http://localhost/fdr/pages/displayfiles.aspx?submissionId=20097&amp;bck=L2Zkci9wYWdlcy92aWV3c3VibWlzc2lvbnMuYXNweA==</Url>
    <Time>12:26:20 PM +02</Time>
  </SystemRequest>
  <SystemRequest>
    <RequestTime>2018-02-07</RequestTime>
    <Path>/fdr/pages/filedetails.aspx</Path>
    <User>SARSGOV\s2024134</User>
    <Url>http://localhost/fdr/pages/filedetails.aspx?oId=0900006e801d5b0b&amp;fId=985&amp;submissionId=20097&amp;refNo=9000060807</Url>
    <Time>12:26:21 PM +02</Time>
  </SystemRequest>
  <SystemRequest>
    <RequestTime>2018-02-07</RequestTime>
    <Path>/fdr/pages/filedetails.aspx</Path>
    <User>SARSGOV\s2024134</User>
    <Url>http://localhost/fdr/pages/filedetails.aspx?oId=0900006e801d5b0b&amp;fId=985&amp;submissionId=20097&amp;refNo=9000060807</Url>
    <Time>12:27:36 PM +02</Time>
  </SystemRequest>
  <SystemRequest>
    <RequestTime>2018-02-07</RequestTime>
    <Path>/fdr/pages/displayfiles.aspx</Path>
    <User>SARSGOV\s2024134</User>
    <Url>http://localhost/fdr/pages/displayfiles.aspx?submissionId=20097</Url>
    <Time>12:27:37 PM +02</Time>
  </SystemRequest>
  <SystemRequest>
    <RequestTime>2018-02-07</RequestTime>
    <Path>/fdr/pages/displayfiles.aspx</Path>
    <User>SARSGOV\s2024134</User>
    <Url>http://localhost/fdr/pages/displayfiles.aspx?submissionId=20097</Url>
    <Time>12:27:44 PM +02</Time>
  </SystemRequest>
  <SystemRequest>
    <RequestTime>2018-02-07</RequestTime>
    <Path>/fdr/pages/filedetails.aspx</Path>
    <User>SARSGOV\s2024134</User>
    <Url>http://localhost/fdr/pages/filedetails.aspx?oId=0900006e801d5b0b&amp;fId=985&amp;submissionId=20097&amp;refNo=9000060807</Url>
    <Time>12:27:45 PM +02</Time>
  </SystemRequest>
  <SystemRequest>
    <RequestTime>2018-02-07</RequestTime>
    <Path>/fdr/pages/filedetails.aspx</Path>
    <User>SARSGOV\s2024134</User>
    <Url>http://localhost/fdr/pages/filedetails.aspx?oId=0900006e801d5b0b&amp;fId=985&amp;submissionId=20097&amp;refNo=9000060807</Url>
    <Time>12:27:59 PM +02</Time>
  </SystemRequest>
  <SystemRequest>
    <RequestTime>2018-02-07</RequestTime>
    <Path>/FDR/Default.aspx</Path>
    <User>SARSGOV\s2024134</User>
    <Url>http://localhost/FDR/Default.aspx</Url>
    <Time>14:21:21 PM +02</Time>
  </SystemRequest>
  <SystemRequest>
    <RequestTime>2018-02-07</RequestTime>
    <Path>/fdr/pages/viewsubmissions.aspx</Path>
    <User>SARSGOV\s2024134</User>
    <Url>http://localhost/fdr/pages/viewsubmissions.aspx</Url>
    <Time>14:22:08 PM +02</Time>
  </SystemRequest>
  <SystemRequest>
    <RequestTime>2018-02-07</RequestTime>
    <Path>/fdr/secureurl/menu.aspx</Path>
    <User>SARSGOV\s2024134</User>
    <Url>http://localhost/fdr/secureurl/menu.aspx</Url>
    <Time>14:49:02 PM +02</Time>
  </SystemRequest>
  <SystemRequest>
    <RequestTime>2018-02-07</RequestTime>
    <Path>/fdr/secureurl/ViewFunctions.aspx</Path>
    <User>SARSGOV\s2024134</User>
    <Url>http://localhost/fdr/secureurl/ViewFunctions.aspx</Url>
    <Time>14:49:40 PM +02</Time>
  </SystemRequest>
  <SystemRequest>
    <RequestTime>2018-02-07</RequestTime>
    <Path>/fdr/secureurl/ViewFunctions.aspx</Path>
    <User>SARSGOV\s2024134</User>
    <Url>http://localhost/fdr/secureurl/ViewFunctions.aspx</Url>
    <Time>14:49:55 PM +02</Time>
  </SystemRequest>
  <SystemRequest>
    <RequestTime>2018-02-07</RequestTime>
    <Path>/fdr/secureurl/ViewFunctions.aspx</Path>
    <User>SARSGOV\s2024134</User>
    <Url>http://localhost/fdr/secureurl/ViewFunctions.aspx</Url>
    <Time>14:50:16 PM +02</Time>
  </SystemRequest>
  <SystemRequest>
    <RequestTime>2018-02-07</RequestTime>
    <Path>/fdr/secureurl/ViewFunctions.aspx</Path>
    <User>SARSGOV\s2024134</User>
    <Url>http://localhost/fdr/secureurl/ViewFunctions.aspx</Url>
    <Time>14:50:40 PM +02</Time>
  </SystemRequest>
  <SystemRequest>
    <RequestTime>2018-02-07</RequestTime>
    <Path>/FDR/Default.aspx</Path>
    <User>SARSGOV\s2024134</User>
    <Url>http://localhost/FDR/Default.aspx</Url>
    <Time>15:21:52 PM +02</Time>
  </SystemRequest>
  <SystemRequest>
    <RequestTime>2018-02-07</RequestTime>
    <Path>/fdr/secureurl/menu.aspx</Path>
    <User>SARSGOV\s2024134</User>
    <Url>http://localhost/fdr/secureurl/menu.aspx</Url>
    <Time>15:22:15 PM +02</Time>
  </SystemRequest>
  <SystemRequest>
    <RequestTime>2018-02-07</RequestTime>
    <Path>/fdr/secureurl/removeuserfromrole.aspx</Path>
    <User>SARSGOV\s2024134</User>
    <Url>http://localhost/fdr/secureurl/removeuserfromrole.aspx</Url>
    <Time>15:22:19 PM +02</Time>
  </SystemRequest>
  <SystemRequest>
    <RequestTime>2018-02-07</RequestTime>
    <Path>/fdr/secureurl/assignusertorole.aspx</Path>
    <User>SARSGOV\s2024134</User>
    <Url>http://localhost/fdr/secureurl/assignusertorole.aspx</Url>
    <Time>15:22:30 PM +02</Time>
  </SystemRequest>
  <SystemRequest>
    <RequestTime>2018-02-07</RequestTime>
    <Path>/fdr/pages/userprofile.aspx</Path>
    <User>SARSGOV\s2024134</User>
    <Url>http://localhost/fdr/pages/userprofile.aspx</Url>
    <Time>15:22:37 PM +02</Time>
  </SystemRequest>
  <SystemRequest>
    <RequestTime>2018-02-07</RequestTime>
    <Path>/fdr/secureurl/assignusertorole.aspx</Path>
    <User>SARSGOV\s2024134</User>
    <Url>http://localhost/fdr/secureurl/assignusertorole.aspx</Url>
    <Time>15:22:50 PM +02</Time>
  </SystemRequest>
  <SystemRequest>
    <RequestTime>2018-02-07</RequestTime>
    <Path>/fdr/secureurl/sarsactivedirectoryuserservice.asmx</Path>
    <User>SARSGOV\s2024134</User>
    <Url>http://localhost/fdr/secureurl/sarsactivedirectoryuserservice.asmx</Url>
    <Time>15:23:01 PM +02</Time>
  </SystemRequest>
  <SystemRequest>
    <RequestTime>2018-02-07</RequestTime>
    <Path>/fdr/secureurl/sarsactivedirectoryuserservice.asmx</Path>
    <User>SARSGOV\s2024134</User>
    <Url>http://localhost/fdr/secureurl/sarsactivedirectoryuserservice.asmx</Url>
    <Time>15:23:12 PM +02</Time>
  </SystemRequest>
  <SystemRequest>
    <RequestTime>2018-02-07</RequestTime>
    <Path>/fdr/secureurl/sarsactivedirectoryuserservice.asmx</Path>
    <User>SARSGOV\s2024134</User>
    <Url>http://localhost/fdr/secureurl/sarsactivedirectoryuserservice.asmx</Url>
    <Time>15:23:17 PM +02</Time>
  </SystemRequest>
  <SystemRequest>
    <RequestTime>2018-02-07</RequestTime>
    <Path>/fdr/secureurl/sarsactivedirectoryuserservice.asmx</Path>
    <User>SARSGOV\s2024134</User>
    <Url>http://localhost/fdr/secureurl/sarsactivedirectoryuserservice.asmx</Url>
    <Time>15:23:23 PM +02</Time>
  </SystemRequest>
  <SystemRequest>
    <RequestTime>2018-02-07</RequestTime>
    <Path>/FDR/Default.aspx</Path>
    <User>SARSGOV\s2024134</User>
    <Url>http://localhost/FDR/Default.aspx</Url>
    <Time>15:48:12 PM +02</Time>
  </SystemRequest>
  <SystemRequest>
    <RequestTime>2018-02-07</RequestTime>
    <Path>/fdr/secureurl/menu.aspx</Path>
    <User>SARSGOV\s2024134</User>
    <Url>http://localhost/fdr/secureurl/menu.aspx</Url>
    <Time>15:57:07 PM +02</Time>
  </SystemRequest>
  <SystemRequest>
    <RequestTime>2018-02-07</RequestTime>
    <Path>/fdr/pages/configurenotificationsms.aspx</Path>
    <User>SARSGOV\s2024134</User>
    <Url>http://localhost/fdr/pages/configurenotificationsms.aspx</Url>
    <Time>15:57:24 PM +02</Time>
  </SystemRequest>
  <SystemRequest>
    <RequestTime>2018-02-07</RequestTime>
    <Path>/fdr/pages/u3tm.aspx</Path>
    <User>SARSGOV\s2024134</User>
    <Url>http://localhost/fdr/pages/u3tm.aspx</Url>
    <Time>15:58:12 PM +02</Time>
  </SystemRequest>
  <SystemRequest>
    <RequestTime>2018-02-07</RequestTime>
    <Path>/fdr/pages/uploadmnelist.aspx</Path>
    <User>SARSGOV\s2024134</User>
    <Url>http://localhost/fdr/pages/uploadmnelist.aspx</Url>
    <Time>15:58:16 PM +02</Time>
  </SystemRequest>
  <SystemRequest>
    <RequestTime>2018-02-07</RequestTime>
    <Path>/fdr/pages/configurenotificationemails.aspx</Path>
    <User>SARSGOV\s2024134</User>
    <Url>http://localhost/fdr/pages/configurenotificationemails.aspx</Url>
    <Time>15:58:18 PM +02</Time>
  </SystemRequest>
  <SystemRequest>
    <RequestTime>2018-02-07</RequestTime>
    <Path>/fdr/secureurl/assignusertorole.aspx</Path>
    <User>SARSGOV\s2024134</User>
    <Url>http://localhost/fdr/secureurl/assignusertorole.aspx</Url>
    <Time>15:58:25 PM +02</Time>
  </SystemRequest>
  <SystemRequest>
    <RequestTime>2018-02-07</RequestTime>
    <Path>/fdr/secureurl/menu.aspx</Path>
    <User>SARSGOV\s2024134</User>
    <Url>http://localhost/fdr/secureurl/menu.aspx</Url>
    <Time>15:58:34 PM +02</Time>
  </SystemRequest>
  <SystemRequest>
    <RequestTime>2018-02-07</RequestTime>
    <Path>/fdr/secureurl/MapUrlToFunction.aspx</Path>
    <User>SARSGOV\s2024134</User>
    <Url>http://localhost/fdr/secureurl/MapUrlToFunction.aspx</Url>
    <Time>15:58:54 PM +02</Time>
  </SystemRequest>
  <SystemRequest>
    <RequestTime>2018-02-07</RequestTime>
    <Path>/fdr/secureurl/MapUrlToFunction.aspx</Path>
    <User>SARSGOV\s2024134</User>
    <Url>http://localhost/fdr/secureurl/MapUrlToFunction.aspx</Url>
    <Time>15:59:01 PM +02</Time>
  </SystemRequest>
  <SystemRequest>
    <RequestTime>2018-02-07</RequestTime>
    <Path>/fdr/secureurl/MapUrlToFunction.aspx</Path>
    <User>SARSGOV\s2024134</User>
    <Url>http://localhost/fdr/secureurl/MapUrlToFunction.aspx</Url>
    <Time>15:59:08 PM +02</Time>
  </SystemRequest>
  <SystemRequest>
    <RequestTime>2018-02-07</RequestTime>
    <Path>/fdr/secureurl/MapUrlToFunction.aspx</Path>
    <User>SARSGOV\s2024134</User>
    <Url>http://localhost/fdr/secureurl/MapUrlToFunction.aspx</Url>
    <Time>15:59:13 PM +02</Time>
  </SystemRequest>
  <SystemRequest>
    <RequestTime>2018-02-07</RequestTime>
    <Path>/fdr/secureurl/MapUrlToFunction.aspx</Path>
    <User>SARSGOV\s2024134</User>
    <Url>http://localhost/fdr/secureurl/MapUrlToFunction.aspx</Url>
    <Time>15:59:15 PM +02</Time>
  </SystemRequest>
  <SystemRequest>
    <RequestTime>2018-02-07</RequestTime>
    <Path>/fdr/secureurl/MapUrlToFunction.aspx</Path>
    <User>SARSGOV\s2024134</User>
    <Url>http://localhost/fdr/secureurl/MapUrlToFunction.aspx</Url>
    <Time>15:59:23 PM +02</Time>
  </SystemRequest>
  <SystemRequest>
    <RequestTime>2018-02-07</RequestTime>
    <Path>/fdr/secureurl/MapUrlToFunction.aspx</Path>
    <User>SARSGOV\s2024134</User>
    <Url>http://localhost/fdr/secureurl/MapUrlToFunction.aspx</Url>
    <Time>15:59:42 PM +02</Time>
  </SystemRequest>
  <SystemRequest>
    <RequestTime>2018-02-07</RequestTime>
    <Path>/fdr/secureurl/menu.aspx</Path>
    <User>SARSGOV\s2024134</User>
    <Url>http://localhost/fdr/secureurl/menu.aspx</Url>
    <Time>15:59:46 PM +02</Time>
  </SystemRequest>
  <SystemRequest>
    <RequestTime>2018-02-07</RequestTime>
    <Path>/fdr/secureurl/AssignFunctionToRole.aspx</Path>
    <User>SARSGOV\s2024134</User>
    <Url>http://localhost/fdr/secureurl/AssignFunctionToRole.aspx</Url>
    <Time>15:59:50 PM +02</Time>
  </SystemRequest>
  <SystemRequest>
    <RequestTime>2018-02-07</RequestTime>
    <Path>/fdr/secureurl/AssignFunctionToRole.aspx</Path>
    <User>SARSGOV\s2024134</User>
    <Url>http://localhost/fdr/secureurl/AssignFunctionToRole.aspx</Url>
    <Time>15:59:58 PM +02</Time>
  </SystemRequest>
  <SystemRequest>
    <RequestTime>2018-02-07</RequestTime>
    <Path>/fdr/secureurl/AssignFunctionToRole.aspx</Path>
    <User>SARSGOV\s2024134</User>
    <Url>http://localhost/fdr/secureurl/AssignFunctionToRole.aspx</Url>
    <Time>16:00:06 PM +02</Time>
  </SystemRequest>
  <SystemRequest>
    <RequestTime>2018-02-07</RequestTime>
    <Path>/fdr/secureurl/menu.aspx</Path>
    <User>SARSGOV\s2024134</User>
    <Url>http://localhost/fdr/secureurl/menu.aspx</Url>
    <Time>16:00:09 PM +02</Time>
  </SystemRequest>
  <SystemRequest>
    <RequestTime>2018-02-07</RequestTime>
    <Path>/fdr/secureurl/menu.aspx</Path>
    <User>SARSGOV\s2024134</User>
    <Url>http://localhost/fdr/secureurl/menu.aspx</Url>
    <Time>16:00:17 PM +02</Time>
  </SystemRequest>
  <SystemRequest>
    <RequestTime>2018-02-07</RequestTime>
    <Path>/fdr/secureurl/refreshmenu.aspx</Path>
    <User>SARSGOV\s2024134</User>
    <Url>http://localhost/fdr/secureurl/refreshmenu.aspx</Url>
    <Time>16:00:30 PM +02</Time>
  </SystemRequest>
  <SystemRequest>
    <RequestTime>2018-02-07</RequestTime>
    <Path>/fdr/secureurl/refreshmenu.aspx</Path>
    <User>SARSGOV\s2024134</User>
    <Url>http://localhost/fdr/secureurl/refreshmenu.aspx</Url>
    <Time>16:00:34 PM +02</Time>
  </SystemRequest>
  <SystemRequest>
    <RequestTime>2018-02-07</RequestTime>
    <Path>/fdr/admin/default2.aspx</Path>
    <User>SARSGOV\s2024134</User>
    <Url>http://localhost/fdr/admin/default2.aspx</Url>
    <Time>16:00:37 PM +02</Time>
  </SystemRequest>
  <SystemRequest>
    <RequestTime>2018-02-07</RequestTime>
    <Path>/fdr/admin/default2.aspx</Path>
    <User>SARSGOV\s2024134</User>
    <Url>http://localhost/fdr/admin/default2.aspx</Url>
    <Time>16:02:21 PM +02</Time>
  </SystemRequest>
  <SystemRequest>
    <RequestTime>2018-02-07</RequestTime>
    <Path>/FDR/Default.aspx</Path>
    <User>SARSGOV\s2024134</User>
    <Url>http://localhost/FDR/Default.aspx</Url>
    <Time>16:03:39 PM +02</Time>
  </SystemRequest>
  <SystemRequest>
    <RequestTime>2018-02-07</RequestTime>
    <Path>/fdr/admin/default2.aspx</Path>
    <User>SARSGOV\s2024134</User>
    <Url>http://localhost/fdr/admin/default2.aspx</Url>
    <Time>16:03:52 PM +02</Time>
  </SystemRequest>
  <SystemRequest>
    <RequestTime>2018-02-07</RequestTime>
    <Path>/FDR/Default.aspx</Path>
    <User>SARSGOV\s2024134</User>
    <Url>http://localhost/FDR/Default.aspx</Url>
    <Time>16:04:22 PM +02</Time>
  </SystemRequest>
  <SystemRequest>
    <RequestTime>2018-02-07</RequestTime>
    <Path>/fdr/admin/default2.aspx</Path>
    <User>SARSGOV\s2024134</User>
    <Url>http://localhost/fdr/admin/default2.aspx</Url>
    <Time>16:05:38 PM +02</Time>
  </SystemRequest>
  <SystemRequest>
    <RequestTime>2018-02-07</RequestTime>
    <Path>/FDR/Default.aspx</Path>
    <User>SARSGOV\s2024134</User>
    <Url>http://localhost/FDR/Default.aspx</Url>
    <Time>17:22:13 PM +02</Time>
  </SystemRequest>
  <SystemRequest>
    <RequestTime>2018-02-07</RequestTime>
    <Path>/fdr/admin/default2.aspx</Path>
    <User>SARSGOV\s2024134</User>
    <Url>http://localhost/fdr/admin/default2.aspx</Url>
    <Time>17:22:32 PM +02</Time>
  </SystemRequest>
  <SystemRequest>
    <RequestTime>2018-02-07</RequestTime>
    <Path>/FDR/Default.aspx</Path>
    <User>SARSGOV\s2024134</User>
    <Url>http://localhost/FDR/Default.aspx</Url>
    <Time>17:23:42 PM +02</Time>
  </SystemRequest>
  <SystemRequest>
    <RequestTime>2018-02-07</RequestTime>
    <Path>/fdr/admin/default2.aspx</Path>
    <User>SARSGOV\s2024134</User>
    <Url>http://localhost/fdr/admin/default2.aspx</Url>
    <Time>17:23:49 PM +02</Time>
  </SystemRequest>
  <SystemRequest>
    <RequestTime>2018-02-07</RequestTime>
    <Path>/fdr/admin/Default2.aspx/searchUser</Path>
    <User>SARSGOV\s2024134</User>
    <Url>http://localhost/fdr/admin/Default2.aspx/searchUser</Url>
    <Time>17:24:17 PM +02</Time>
  </SystemRequest>
  <SystemRequest>
    <RequestTime>2018-02-07</RequestTime>
    <Path>/fdr/admin/Default2.aspx/searchUser</Path>
    <User>SARSGOV\s2024134</User>
    <Url>http://localhost/fdr/admin/Default2.aspx/searchUser</Url>
    <Time>17:24:45 PM +02</Time>
  </SystemRequest>
  <SystemRequest>
    <RequestTime>2018-02-07</RequestTime>
    <Path>/FDR/Default.aspx</Path>
    <User>SARSGOV\s2024134</User>
    <Url>http://localhost/FDR/Default.aspx</Url>
    <Time>17:25:39 PM +02</Time>
  </SystemRequest>
  <SystemRequest>
    <RequestTime>2018-02-07</RequestTime>
    <Path>/fdr/admin/default2.aspx</Path>
    <User>SARSGOV\s2024134</User>
    <Url>http://localhost/fdr/admin/default2.aspx</Url>
    <Time>17:25:46 PM +02</Time>
  </SystemRequest>
  <SystemRequest>
    <RequestTime>2018-02-07</RequestTime>
    <Path>/fdr/admin/Default2.aspx/searchUser</Path>
    <User>SARSGOV\s2024134</User>
    <Url>http://localhost/fdr/admin/Default2.aspx/searchUser</Url>
    <Time>17:26:08 PM +02</Time>
  </SystemRequest>
  <SystemRequest>
    <RequestTime>2018-02-07</RequestTime>
    <Path>/fdr/admin/Default2.aspx/searchUser</Path>
    <User>SARSGOV\s2024134</User>
    <Url>http://localhost/fdr/admin/Default2.aspx/searchUser</Url>
    <Time>17:26:42 PM +02</Time>
  </SystemRequest>
  <SystemRequest>
    <RequestTime>2018-02-07</RequestTime>
    <Path>/FDR/Default.aspx</Path>
    <User>SARSGOV\s2024134</User>
    <Url>http://localhost/FDR/Default.aspx</Url>
    <Time>17:28:07 PM +02</Time>
  </SystemRequest>
  <SystemRequest>
    <RequestTime>2018-02-07</RequestTime>
    <Path>/fdr/admin/default2.aspx</Path>
    <User>SARSGOV\s2024134</User>
    <Url>http://localhost/fdr/admin/default2.aspx</Url>
    <Time>17:28:12 PM +02</Time>
  </SystemRequest>
  <SystemRequest>
    <RequestTime>2018-02-07</RequestTime>
    <Path>/fdr/admin/Default2.aspx/searchUser</Path>
    <User>SARSGOV\s2024134</User>
    <Url>http://localhost/fdr/admin/Default2.aspx/searchUser</Url>
    <Time>17:28:33 PM +02</Time>
  </SystemRequest>
</ArrayOfSystemRequest>