<?xml version="1.0" encoding="utf-8"?>
<ArrayOfSystemRequest>
  <SystemRequest>
    <RequestTime>2018-03-13</RequestTime>
    <Path>/FDR/Default.aspx</Path>
    <User>SARSGOV\s2024134</User>
    <Url>http://localhost/FDR/Default.aspx</Url>
    <Time>10:46:42 AM +02</Time>
  </SystemRequest>
  <SystemRequest>
    <RequestTime>2018-03-13</RequestTime>
    <Path>/fdr/pages/generateoutgoingcbcdeclataions.aspx</Path>
    <User>SARSGOV\s2024134</User>
    <Url>http://localhost/fdr/pages/generateoutgoingcbcdeclataions.aspx</Url>
    <Time>10:47:05 AM +02</Time>
  </SystemRequest>
  <SystemRequest>
    <RequestTime>2018-03-13</RequestTime>
    <Path>/fdr/pages/generateoutgoingcbcdeclataions.aspx</Path>
    <User>SARSGOV\s2024134</User>
    <Url>http://localhost/fdr/pages/generateoutgoingcbcdeclataions.aspx</Url>
    <Time>11:17:34 AM +02</Time>
  </SystemRequest>
  <SystemRequest>
    <RequestTime>2018-03-13</RequestTime>
    <Path>/fdr/pages/VerifyOutgoingCBC.aspx</Path>
    <User>SARSGOV\s2024134</User>
    <Url>http://localhost/fdr/pages/VerifyOutgoingCBC.aspx?OutId=1&amp;Period=2014&amp;Stat=2</Url>
    <Time>11:17:38 AM +02</Time>
  </SystemRequest>
  <SystemRequest>
    <RequestTime>2018-03-13</RequestTime>
    <Path>/FDR/Default.aspx</Path>
    <User>SARSGOV\s2024134</User>
    <Url>http://localhost/FDR/Default.aspx</Url>
    <Time>11:21:08 AM +02</Time>
  </SystemRequest>
  <SystemRequest>
    <RequestTime>2018-03-13</RequestTime>
    <Path>/fdr/pages/generateoutgoingcbcdeclataions.aspx</Path>
    <User>SARSGOV\s2024134</User>
    <Url>http://localhost/fdr/pages/generateoutgoingcbcdeclataions.aspx</Url>
    <Time>11:21:14 AM +02</Time>
  </SystemRequest>
  <SystemRequest>
    <RequestTime>2018-03-13</RequestTime>
    <Path>/fdr/pages/generateoutgoingcbcdeclataions.aspx</Path>
    <User>SARSGOV\s2024134</User>
    <Url>http://localhost/fdr/pages/generateoutgoingcbcdeclataions.aspx</Url>
    <Time>11:21:28 AM +02</Time>
  </SystemRequest>
  <SystemRequest>
    <RequestTime>2018-03-13</RequestTime>
    <Path>/FDR/Default.aspx</Path>
    <User>SARSGOV\s2024134</User>
    <Url>http://localhost/FDR/Default.aspx</Url>
    <Time>11:25:31 AM +02</Time>
  </SystemRequest>
  <SystemRequest>
    <RequestTime>2018-03-13</RequestTime>
    <Path>/fdr/pages/generateoutgoingcbcdeclataions.aspx</Path>
    <User>SARSGOV\s2024134</User>
    <Url>http://localhost/fdr/pages/generateoutgoingcbcdeclataions.aspx</Url>
    <Time>11:25:39 AM +02</Time>
  </SystemRequest>
  <SystemRequest>
    <RequestTime>2018-03-13</RequestTime>
    <Path>/fdr/pages/generateoutgoingcbcdeclataions.aspx</Path>
    <User>SARSGOV\s2024134</User>
    <Url>http://localhost/fdr/pages/generateoutgoingcbcdeclataions.aspx</Url>
    <Time>11:25:53 AM +02</Time>
  </SystemRequest>
  <SystemRequest>
    <RequestTime>2018-03-13</RequestTime>
    <Path>/fdr/pages/VerifyOutgoingCBC.aspx</Path>
    <User>SARSGOV\s2024134</User>
    <Url>http://localhost/fdr/pages/VerifyOutgoingCBC.aspx?OutId=AX&amp;Period=2014&amp;Stat=2</Url>
    <Time>11:25:57 AM +02</Time>
  </SystemRequest>
  <SystemRequest>
    <RequestTime>2018-03-13</RequestTime>
    <Path>/fdr/pages/VerifyOutgoingCBC.aspx</Path>
    <User>SARSGOV\s2024134</User>
    <Url>http://localhost/fdr/pages/VerifyOutgoingCBC.aspx?OutId=AX&amp;Period=2014&amp;Stat=2</Url>
    <Time>11:26:29 AM +02</Time>
  </SystemRequest>
  <SystemRequest>
    <RequestTime>2018-03-13</RequestTime>
    <Path>/fdr/pages/VerifyOutgoingCBC.aspx</Path>
    <User>SARSGOV\s2024134</User>
    <Url>http://localhost/fdr/pages/VerifyOutgoingCBC.aspx?OutId=AX&amp;Period=2014&amp;Stat=2</Url>
    <Time>11:27:27 AM +02</Time>
  </SystemRequest>
  <SystemRequest>
    <RequestTime>2018-03-13</RequestTime>
    <Path>/fdr/pages/VerifyOutgoingCBC.aspx</Path>
    <User>SARSGOV\s2024134</User>
    <Url>http://localhost/fdr/pages/VerifyOutgoingCBC.aspx?OutId=AX&amp;Period=2014&amp;Stat=2</Url>
    <Time>11:27:33 AM +02</Time>
  </SystemRequest>
  <SystemRequest>
    <RequestTime>2018-03-13</RequestTime>
    <Path>/fdr/pages/generateoutgoingcbcdeclataions.aspx</Path>
    <User>SARSGOV\s2024134</User>
    <Url>http://localhost/fdr/pages/generateoutgoingcbcdeclataions.aspx</Url>
    <Time>11:27:37 AM +02</Time>
  </SystemRequest>
  <SystemRequest>
    <RequestTime>2018-03-13</RequestTime>
    <Path>/fdr/pages/VerifyOutgoingCBC.aspx</Path>
    <User>SARSGOV\s2024134</User>
    <Url>http://localhost/fdr/pages/VerifyOutgoingCBC.aspx?OutId=AX&amp;Period=2018&amp;Stat=2</Url>
    <Time>11:27:38 AM +02</Time>
  </SystemRequest>
  <SystemRequest>
    <RequestTime>2018-03-13</RequestTime>
    <Path>/fdr/pages/VerifyOutgoingCBC.aspx</Path>
    <User>SARSGOV\s2024134</User>
    <Url>http://localhost/fdr/pages/VerifyOutgoingCBC.aspx?OutId=AX&amp;Period=2018&amp;Stat=2</Url>
    <Time>11:30:33 AM +02</Time>
  </SystemRequest>
  <SystemRequest>
    <RequestTime>2018-03-13</RequestTime>
    <Path>/FDR/pages/cbcForm.aspx</Path>
    <User>SARSGOV\s2024134</User>
    <Url>http://localhost/FDR/pages/cbcForm.aspx?refno=9068321141&amp;year=2018&amp;bck=L2Zkci9wYWdlcy9WZXJpZnlPdXRnb2luZ0NCQy5hc3B4P091dElkPUFYJlBlcmlvZD0yMDE4JlN0YXQ9Mg==</Url>
    <Time>11:30:34 AM +02</Time>
  </SystemRequest>
  <SystemRequest>
    <RequestTime>2018-03-13</RequestTime>
    <Path>/FDR/mnelistservice.asmx/GetCBCDataByTaxRefNo</Path>
    <User>SARSGOV\s2024134</User>
    <Url>http://localhost/FDR/mnelistservice.asmx/GetCBCDataByTaxRefNo</Url>
    <Time>11:30:35 AM +02</Time>
  </SystemRequest>
  <SystemRequest>
    <RequestTime>2018-03-13</RequestTime>
    <Path>/FDR/pages/cbcForm.aspx</Path>
    <User>SARSGOV\s2024134</User>
    <Url>http://localhost/FDR/pages/cbcForm.aspx?refno=9068321141&amp;year=2018&amp;bck=L2Zkci9wYWdlcy9WZXJpZnlPdXRnb2luZ0NCQy5hc3B4P091dElkPUFYJlBlcmlvZD0yMDE4JlN0YXQ9Mg==</Url>
    <Time>11:31:15 AM +02</Time>
  </SystemRequest>
  <SystemRequest>
    <RequestTime>2018-03-13</RequestTime>
    <Path>/fdr/pages/VerifyOutgoingCBC.aspx</Path>
    <User>SARSGOV\s2024134</User>
    <Url>http://localhost/fdr/pages/VerifyOutgoingCBC.aspx?OutId=AX&amp;Period=2018&amp;Stat=2</Url>
    <Time>11:31:16 AM +02</Time>
  </SystemRequest>
  <SystemRequest>
    <RequestTime>2018-03-13</RequestTime>
    <Path>/fdr/pages/VerifyOutgoingCBC.aspx</Path>
    <User>SARSGOV\s2024134</User>
    <Url>http://localhost/fdr/pages/VerifyOutgoingCBC.aspx?OutId=AX&amp;Period=2018&amp;Stat=2</Url>
    <Time>11:31:22 AM +02</Time>
  </SystemRequest>
  <SystemRequest>
    <RequestTime>2018-03-13</RequestTime>
    <Path>/FDR/mnelistservice.asmx/GetCBCDataByTaxRefNo</Path>
    <User>SARSGOV\s2024134</User>
    <Url>http://localhost/FDR/mnelistservice.asmx/GetCBCDataByTaxRefNo</Url>
    <Time>11:31:23 AM +02</Time>
  </SystemRequest>
  <SystemRequest>
    <RequestTime>2018-03-13</RequestTime>
    <Path>/FDR/Default.aspx</Path>
    <User>SARSGOV\s2024134</User>
    <Url>http://localhost/FDR/Default.aspx</Url>
    <Time>11:31:49 AM +02</Time>
  </SystemRequest>
  <SystemRequest>
    <RequestTime>2018-03-13</RequestTime>
    <Path>/fdr/pages/generateoutgoingcbcdeclataions.aspx</Path>
    <User>SARSGOV\s2024134</User>
    <Url>http://localhost/fdr/pages/generateoutgoingcbcdeclataions.aspx</Url>
    <Time>11:31:52 AM +02</Time>
  </SystemRequest>
  <SystemRequest>
    <RequestTime>2018-03-13</RequestTime>
    <Path>/fdr/pages/generateoutgoingcbcdeclataions.aspx</Path>
    <User>SARSGOV\s2024134</User>
    <Url>http://localhost/fdr/pages/generateoutgoingcbcdeclataions.aspx</Url>
    <Time>11:31:59 AM +02</Time>
  </SystemRequest>
  <SystemRequest>
    <RequestTime>2018-03-13</RequestTime>
    <Path>/fdr/pages/generateoutgoingcbcdeclataions.aspx</Path>
    <User>SARSGOV\s2024134</User>
    <Url>http://localhost/fdr/pages/generateoutgoingcbcdeclataions.aspx</Url>
    <Time>11:32:12 AM +02</Time>
  </SystemRequest>
  <SystemRequest>
    <RequestTime>2018-03-13</RequestTime>
    <Path>/fdr/pages/generateoutgoingcbcdeclataions.aspx</Path>
    <User>SARSGOV\s2024134</User>
    <Url>http://localhost/fdr/pages/generateoutgoingcbcdeclataions.aspx</Url>
    <Time>11:32:16 AM +02</Time>
  </SystemRequest>
  <SystemRequest>
    <RequestTime>2018-03-13</RequestTime>
    <Path>/fdr/pages/VerifyOutgoingCBC.aspx</Path>
    <User>SARSGOV\s2024134</User>
    <Url>http://localhost/fdr/pages/VerifyOutgoingCBC.aspx?OutId=AX&amp;Period=2019&amp;Stat=1</Url>
    <Time>11:32:16 AM +02</Time>
  </SystemRequest>
  <SystemRequest>
    <RequestTime>2018-03-13</RequestTime>
    <Path>/fdr/Default.aspx</Path>
    <User>SARSGOV\s2024134</User>
    <Url>http://localhost/fdr/Default.aspx</Url>
    <Time>11:32:35 AM +02</Time>
  </SystemRequest>
  <SystemRequest>
    <RequestTime>2018-03-13</RequestTime>
    <Path>/fdr/pages/generateoutgoingcbcdeclataions.aspx</Path>
    <User>SARSGOV\s2024134</User>
    <Url>http://localhost/fdr/pages/generateoutgoingcbcdeclataions.aspx</Url>
    <Time>11:32:37 AM +02</Time>
  </SystemRequest>
  <SystemRequest>
    <RequestTime>2018-03-13</RequestTime>
    <Path>/fdr/pages/generateoutgoingcbcdeclataions.aspx</Path>
    <User>SARSGOV\s2024134</User>
    <Url>http://localhost/fdr/pages/generateoutgoingcbcdeclataions.aspx</Url>
    <Time>11:32:41 AM +02</Time>
  </SystemRequest>
  <SystemRequest>
    <RequestTime>2018-03-13</RequestTime>
    <Path>/fdr/pages/VerifyOutgoingCBC.aspx</Path>
    <User>SARSGOV\s2024134</User>
    <Url>http://localhost/fdr/pages/VerifyOutgoingCBC.aspx?OutId=AX&amp;Period=2014&amp;Stat=2</Url>
    <Time>11:32:42 AM +02</Time>
  </SystemRequest>
  <SystemRequest>
    <RequestTime>2018-03-13</RequestTime>
    <Path>/fdr/pages/VerifyOutgoingCBC.aspx</Path>
    <User>SARSGOV\s2024134</User>
    <Url>http://localhost/fdr/pages/VerifyOutgoingCBC.aspx?OutId=AX&amp;Period=2014&amp;Stat=2</Url>
    <Time>11:32:49 AM +02</Time>
  </SystemRequest>
  <SystemRequest>
    <RequestTime>2018-03-13</RequestTime>
    <Path>/FDR/Default.aspx</Path>
    <User>SARSGOV\s2024134</User>
    <Url>http://localhost/FDR/Default.aspx</Url>
    <Time>11:45:33 AM +02</Time>
  </SystemRequest>
  <SystemRequest>
    <RequestTime>2018-03-13</RequestTime>
    <Path>/fdr/admin/default2.aspx</Path>
    <User>SARSGOV\s2024134</User>
    <Url>http://localhost/fdr/admin/default2.aspx</Url>
    <Time>11:45:59 AM +02</Time>
  </SystemRequest>
  <SystemRequest>
    <RequestTime>2018-03-13</RequestTime>
    <Path>/fdr/admin/default2.aspx</Path>
    <User>SARSGOV\s2024134</User>
    <Url>http://localhost/fdr/admin/default2.aspx</Url>
    <Time>11:46:07 AM +02</Time>
  </SystemRequest>
  <SystemRequest>
    <RequestTime>2018-03-13</RequestTime>
    <Path>/fdr/admin/default2.aspx</Path>
    <User>SARSGOV\s2024134</User>
    <Url>http://localhost/fdr/admin/default2.aspx</Url>
    <Time>11:46:08 AM +02</Time>
  </SystemRequest>
  <SystemRequest>
    <RequestTime>2018-03-13</RequestTime>
    <Path>/fdr/Default.aspx</Path>
    <User>SARSGOV\s2024134</User>
    <Url>http://localhost/fdr/Default.aspx</Url>
    <Time>11:46:13 AM +02</Time>
  </SystemRequest>
  <SystemRequest>
    <RequestTime>2018-03-13</RequestTime>
    <Path>/fdr/pages/approveoutgoincbc.aspx</Path>
    <User>SARSGOV\s2024134</User>
    <Url>http://localhost/fdr/pages/approveoutgoincbc.aspx</Url>
    <Time>11:46:16 AM +02</Time>
  </SystemRequest>
  <SystemRequest>
    <RequestTime>2018-03-13</RequestTime>
    <Path>/fdr/admin/default2.aspx</Path>
    <User>SARSGOV\s2024134</User>
    <Url>http://localhost/fdr/admin/default2.aspx</Url>
    <Time>11:57:27 AM +02</Time>
  </SystemRequest>
  <SystemRequest>
    <RequestTime>2018-03-13</RequestTime>
    <Path>/fdr/admin/default2.aspx</Path>
    <User>SARSGOV\s2024134</User>
    <Url>http://localhost/fdr/admin/default2.aspx</Url>
    <Time>11:57:35 AM +02</Time>
  </SystemRequest>
  <SystemRequest>
    <RequestTime>2018-03-13</RequestTime>
    <Path>/fdr/admin/default2.aspx</Path>
    <User>SARSGOV\s2024134</User>
    <Url>http://localhost/fdr/admin/default2.aspx</Url>
    <Time>11:57:36 AM +02</Time>
  </SystemRequest>
  <SystemRequest>
    <RequestTime>2018-03-13</RequestTime>
    <Path>/fdr/Default.aspx</Path>
    <User>SARSGOV\s2024134</User>
    <Url>http://localhost/fdr/Default.aspx</Url>
    <Time>11:57:39 AM +02</Time>
  </SystemRequest>
  <SystemRequest>
    <RequestTime>2018-03-13</RequestTime>
    <Path>/fdr/pages/generateoutgoingcbcdeclataions.aspx</Path>
    <User>SARSGOV\s2024134</User>
    <Url>http://localhost/fdr/pages/generateoutgoingcbcdeclataions.aspx</Url>
    <Time>11:57:41 AM +02</Time>
  </SystemRequest>
  <SystemRequest>
    <RequestTime>2018-03-13</RequestTime>
    <Path>/fdr/pages/generateoutgoingcbcdeclataions.aspx</Path>
    <User>SARSGOV\s2024134</User>
    <Url>http://localhost/fdr/pages/generateoutgoingcbcdeclataions.aspx</Url>
    <Time>11:57:49 AM +02</Time>
  </SystemRequest>
  <SystemRequest>
    <RequestTime>2018-03-13</RequestTime>
    <Path>/fdr/pages/generateoutgoingcbcdeclataions.aspx</Path>
    <User>SARSGOV\s2024134</User>
    <Url>http://localhost/fdr/pages/generateoutgoingcbcdeclataions.aspx</Url>
    <Time>11:57:50 AM +02</Time>
  </SystemRequest>
  <SystemRequest>
    <RequestTime>2018-03-13</RequestTime>
    <Path>/fdr/pages/VerifyOutgoingCBC.aspx</Path>
    <User>SARSGOV\s2024134</User>
    <Url>http://localhost/fdr/pages/VerifyOutgoingCBC.aspx?OutId=AX&amp;Period=2014&amp;Stat=2</Url>
    <Time>11:57:51 AM +02</Time>
  </SystemRequest>
  <SystemRequest>
    <RequestTime>2018-03-13</RequestTime>
    <Path>/fdr/pages/VerifyOutgoingCBC.aspx</Path>
    <User>SARSGOV\s2024134</User>
    <Url>http://localhost/fdr/pages/VerifyOutgoingCBC.aspx?OutId=AX&amp;Period=2014&amp;Stat=2</Url>
    <Time>11:57:56 AM +02</Time>
  </SystemRequest>
  <SystemRequest>
    <RequestTime>2018-03-13</RequestTime>
    <Path>/fdr/pages/generateoutgoingcbcdeclataions.aspx</Path>
    <User>SARSGOV\s2024134</User>
    <Url>http://localhost/fdr/pages/generateoutgoingcbcdeclataions.aspx</Url>
    <Time>11:59:47 AM +02</Time>
  </SystemRequest>
  <SystemRequest>
    <RequestTime>2018-03-13</RequestTime>
    <Path>/fdr/pages/generateoutgoingcbcdeclataions.aspx</Path>
    <User>SARSGOV\s2024134</User>
    <Url>http://localhost/fdr/pages/generateoutgoingcbcdeclataions.aspx</Url>
    <Time>11:59:49 AM +02</Time>
  </SystemRequest>
  <SystemRequest>
    <RequestTime>2018-03-13</RequestTime>
    <Path>/fdr/pages/VerifyOutgoingCBC.aspx</Path>
    <User>SARSGOV\s2024134</User>
    <Url>http://localhost/fdr/pages/VerifyOutgoingCBC.aspx?OutId=AX&amp;Period=2014&amp;Stat=2</Url>
    <Time>11:59:49 AM +02</Time>
  </SystemRequest>
  <SystemRequest>
    <RequestTime>2018-03-13</RequestTime>
    <Path>/fdr/pages/VerifyOutgoingCBC.aspx</Path>
    <User>SARSGOV\s2024134</User>
    <Url>http://localhost/fdr/pages/VerifyOutgoingCBC.aspx?OutId=AX&amp;Period=2014&amp;Stat=2</Url>
    <Time>11:59:52 AM +02</Time>
  </SystemRequest>
  <SystemRequest>
    <RequestTime>2018-03-13</RequestTime>
    <Path>/fdr/pages/VerifyOutgoingCBC.aspx</Path>
    <User>SARSGOV\s2024134</User>
    <Url>http://localhost/fdr/pages/VerifyOutgoingCBC.aspx?OutId=AX&amp;Period=2014&amp;Stat=2</Url>
    <Time>12:00:27 PM +02</Time>
  </SystemRequest>
  <SystemRequest>
    <RequestTime>2018-03-13</RequestTime>
    <Path>/fdr/pages/generateoutgoingcbcdeclataions.aspx</Path>
    <User>SARSGOV\s2024134</User>
    <Url>http://localhost/fdr/pages/generateoutgoingcbcdeclataions.aspx</Url>
    <Time>12:00:30 PM +02</Time>
  </SystemRequest>
  <SystemRequest>
    <RequestTime>2018-03-13</RequestTime>
    <Path>/fdr/pages/generateoutgoingcbcdeclataions.aspx</Path>
    <User>SARSGOV\s2024134</User>
    <Url>http://localhost/fdr/pages/generateoutgoingcbcdeclataions.aspx</Url>
    <Time>12:00:31 PM +02</Time>
  </SystemRequest>
  <SystemRequest>
    <RequestTime>2018-03-13</RequestTime>
    <Path>/fdr/pages/VerifyOutgoingCBC.aspx</Path>
    <User>SARSGOV\s2024134</User>
    <Url>http://localhost/fdr/pages/VerifyOutgoingCBC.aspx?OutId=AX&amp;Period=2014&amp;Stat=2</Url>
    <Time>12:00:32 PM +02</Time>
  </SystemRequest>
  <SystemRequest>
    <RequestTime>2018-03-13</RequestTime>
    <Path>/fdr/pages/VerifyOutgoingCBC.aspx</Path>
    <User>SARSGOV\s2024134</User>
    <Url>http://localhost/fdr/pages/VerifyOutgoingCBC.aspx?OutId=AX&amp;Period=2014&amp;Stat=2</Url>
    <Time>12:01:01 PM +02</Time>
  </SystemRequest>
  <SystemRequest>
    <RequestTime>2018-03-13</RequestTime>
    <Path>/FDR/Default.aspx</Path>
    <User>SARSGOV\s2024134</User>
    <Url>http://localhost/FDR/Default.aspx</Url>
    <Time>12:01:41 PM +02</Time>
  </SystemRequest>
  <SystemRequest>
    <RequestTime>2018-03-13</RequestTime>
    <Path>/fdr/pages/generateoutgoingcbcdeclataions.aspx</Path>
    <User>SARSGOV\s2024134</User>
    <Url>http://localhost/fdr/pages/generateoutgoingcbcdeclataions.aspx</Url>
    <Time>12:01:45 PM +02</Time>
  </SystemRequest>
  <SystemRequest>
    <RequestTime>2018-03-13</RequestTime>
    <Path>/fdr/pages/generateoutgoingcbcdeclataions.aspx</Path>
    <User>SARSGOV\s2024134</User>
    <Url>http://localhost/fdr/pages/generateoutgoingcbcdeclataions.aspx</Url>
    <Time>12:02:09 PM +02</Time>
  </SystemRequest>
  <SystemRequest>
    <RequestTime>2018-03-13</RequestTime>
    <Path>/fdr/pages/generateoutgoingcbcdeclataions.aspx</Path>
    <User>SARSGOV\s2024134</User>
    <Url>http://localhost/fdr/pages/generateoutgoingcbcdeclataions.aspx</Url>
    <Time>12:02:10 PM +02</Time>
  </SystemRequest>
  <SystemRequest>
    <RequestTime>2018-03-13</RequestTime>
    <Path>/fdr/pages/VerifyOutgoingCBC.aspx</Path>
    <User>SARSGOV\s2024134</User>
    <Url>http://localhost/fdr/pages/VerifyOutgoingCBC.aspx?OutId=AX&amp;Period=2014&amp;Stat=2</Url>
    <Time>12:02:11 PM +02</Time>
  </SystemRequest>
  <SystemRequest>
    <RequestTime>2018-03-13</RequestTime>
    <Path>/fdr/pages/VerifyOutgoingCBC.aspx</Path>
    <User>SARSGOV\s2024134</User>
    <Url>http://localhost/fdr/pages/VerifyOutgoingCBC.aspx?OutId=AX&amp;Period=2014&amp;Stat=2</Url>
    <Time>12:02:16 PM +02</Time>
  </SystemRequest>
  <SystemRequest>
    <RequestTime>2018-03-13</RequestTime>
    <Path>/fdr/admin/default2.aspx</Path>
    <User>SARSGOV\s2024134</User>
    <Url>http://localhost/fdr/admin/default2.aspx</Url>
    <Time>12:02:48 PM +02</Time>
  </SystemRequest>
  <SystemRequest>
    <RequestTime>2018-03-13</RequestTime>
    <Path>/fdr/admin/default2.aspx</Path>
    <User>SARSGOV\s2024134</User>
    <Url>http://localhost/fdr/admin/default2.aspx</Url>
    <Time>12:02:54 PM +02</Time>
  </SystemRequest>
  <SystemRequest>
    <RequestTime>2018-03-13</RequestTime>
    <Path>/fdr/admin/default2.aspx</Path>
    <User>SARSGOV\s2024134</User>
    <Url>http://localhost/fdr/admin/default2.aspx</Url>
    <Time>12:02:55 PM +02</Time>
  </SystemRequest>
  <SystemRequest>
    <RequestTime>2018-03-13</RequestTime>
    <Path>/fdr/Default.aspx</Path>
    <User>SARSGOV\s2024134</User>
    <Url>http://localhost/fdr/Default.aspx</Url>
    <Time>12:02:58 PM +02</Time>
  </SystemRequest>
  <SystemRequest>
    <RequestTime>2018-03-13</RequestTime>
    <Path>/fdr/pages/approveoutgoincbc.aspx</Path>
    <User>SARSGOV\s2024134</User>
    <Url>http://localhost/fdr/pages/approveoutgoincbc.aspx</Url>
    <Time>12:03:00 PM +02</Time>
  </SystemRequest>
  <SystemRequest>
    <RequestTime>2018-03-13</RequestTime>
    <Path>/fdr/pages/approveoutgoincbc.aspx</Path>
    <User>SARSGOV\s2024134</User>
    <Url>http://localhost/fdr/pages/approveoutgoincbc.aspx</Url>
    <Time>12:03:14 PM +02</Time>
  </SystemRequest>
  <SystemRequest>
    <RequestTime>2018-03-13</RequestTime>
    <Path>/fdr/pages/approveoutgoincbc.aspx</Path>
    <User>SARSGOV\s2024134</User>
    <Url>http://localhost/fdr/pages/approveoutgoincbc.aspx</Url>
    <Time>12:03:31 PM +02</Time>
  </SystemRequest>
  <SystemRequest>
    <RequestTime>2018-03-13</RequestTime>
    <Path>/fdr/pages/approveoutgoincbc.aspx</Path>
    <User>SARSGOV\s2024134</User>
    <Url>http://localhost/fdr/pages/approveoutgoincbc.aspx</Url>
    <Time>12:04:39 PM +02</Time>
  </SystemRequest>
  <SystemRequest>
    <RequestTime>2018-03-13</RequestTime>
    <Path>/FDR/Default.aspx</Path>
    <User>SARSGOV\s2024134</User>
    <Url>http://localhost/FDR/Default.aspx</Url>
    <Time>12:05:46 PM +02</Time>
  </SystemRequest>
  <SystemRequest>
    <RequestTime>2018-03-13</RequestTime>
    <Path>/fdr/pages/approveoutgoincbc.aspx</Path>
    <User>SARSGOV\s2024134</User>
    <Url>http://localhost/fdr/pages/approveoutgoincbc.aspx</Url>
    <Time>12:05:50 PM +02</Time>
  </SystemRequest>
  <SystemRequest>
    <RequestTime>2018-03-13</RequestTime>
    <Path>/fdr/pages/approveoutgoincbc.aspx</Path>
    <User>SARSGOV\s2024134</User>
    <Url>http://localhost/fdr/pages/approveoutgoincbc.aspx</Url>
    <Time>12:06:10 PM +02</Time>
  </SystemRequest>
  <SystemRequest>
    <RequestTime>2018-03-13</RequestTime>
    <Path>/fdr/pages/VerifyOutgoingCBC.aspx</Path>
    <User>SARSGOV\s2024134</User>
    <Url>http://localhost/fdr/pages/VerifyOutgoingCBC.aspx?OutId=1&amp;Period=2014&amp;Stat=3</Url>
    <Time>12:06:11 PM +02</Time>
  </SystemRequest>
  <SystemRequest>
    <RequestTime>2018-03-13</RequestTime>
    <Path>/fdr/pages/VerifyOutgoingCBC.aspx</Path>
    <User>SARSGOV\s2024134</User>
    <Url>http://localhost/fdr/pages/VerifyOutgoingCBC.aspx?OutId=1&amp;Period=2014&amp;Stat=3</Url>
    <Time>12:06:16 PM +02</Time>
  </SystemRequest>
  <SystemRequest>
    <RequestTime>2018-03-13</RequestTime>
    <Path>/FDR/Default.aspx</Path>
    <User>SARSGOV\s2024134</User>
    <Url>http://localhost/FDR/Default.aspx</Url>
    <Time>12:09:32 PM +02</Time>
  </SystemRequest>
  <SystemRequest>
    <RequestTime>2018-03-13</RequestTime>
    <Path>/fdr/pages/approveoutgoincbc.aspx</Path>
    <User>SARSGOV\s2024134</User>
    <Url>http://localhost/fdr/pages/approveoutgoincbc.aspx</Url>
    <Time>12:09:37 PM +02</Time>
  </SystemRequest>
  <SystemRequest>
    <RequestTime>2018-03-13</RequestTime>
    <Path>/fdr/pages/approveoutgoincbc.aspx</Path>
    <User>SARSGOV\s2024134</User>
    <Url>http://localhost/fdr/pages/approveoutgoincbc.aspx</Url>
    <Time>12:09:47 PM +02</Time>
  </SystemRequest>
  <SystemRequest>
    <RequestTime>2018-03-13</RequestTime>
    <Path>/fdr/pages/approveoutgoincbc.aspx</Path>
    <User>SARSGOV\s2024134</User>
    <Url>http://localhost/fdr/pages/approveoutgoincbc.aspx</Url>
    <Time>12:09:58 PM +02</Time>
  </SystemRequest>
  <SystemRequest>
    <RequestTime>2018-03-13</RequestTime>
    <Path>/fdr/pages/VerifyOutgoingCBC.aspx</Path>
    <User>SARSGOV\s2024134</User>
    <Url>http://localhost/fdr/pages/VerifyOutgoingCBC.aspx?xCountry=AX&amp;Period=2014&amp;Stat=3</Url>
    <Time>12:09:58 PM +02</Time>
  </SystemRequest>
  <SystemRequest>
    <RequestTime>2018-03-13</RequestTime>
    <Path>/fdr/pages/approveoutgoincbc.aspx</Path>
    <User>SARSGOV\s2024134</User>
    <Url>http://localhost/fdr/pages/approveoutgoincbc.aspx</Url>
    <Time>12:10:04 PM +02</Time>
  </SystemRequest>
  <SystemRequest>
    <RequestTime>2018-03-13</RequestTime>
    <Path>/fdr/pages/approveoutgoincbc.aspx</Path>
    <User>SARSGOV\s2024134</User>
    <Url>http://localhost/fdr/pages/approveoutgoincbc.aspx</Url>
    <Time>12:10:17 PM +02</Time>
  </SystemRequest>
  <SystemRequest>
    <RequestTime>2018-03-13</RequestTime>
    <Path>/fdr/pages/VerifyOutgoingCBC.aspx</Path>
    <User>SARSGOV\s2024134</User>
    <Url>http://localhost/fdr/pages/VerifyOutgoingCBC.aspx?xCountry=AX&amp;Period=2014&amp;Stat=3</Url>
    <Time>12:10:18 PM +02</Time>
  </SystemRequest>
  <SystemRequest>
    <RequestTime>2018-03-13</RequestTime>
    <Path>/fdr/pages/approveoutgoincbc.aspx</Path>
    <User>SARSGOV\s2024134</User>
    <Url>http://localhost/fdr/pages/approveoutgoincbc.aspx</Url>
    <Time>12:10:20 PM +02</Time>
  </SystemRequest>
  <SystemRequest>
    <RequestTime>2018-03-13</RequestTime>
    <Path>/fdr/pages/approveoutgoincbc.aspx</Path>
    <User>SARSGOV\s2024134</User>
    <Url>http://localhost/fdr/pages/approveoutgoincbc.aspx</Url>
    <Time>12:10:39 PM +02</Time>
  </SystemRequest>
  <SystemRequest>
    <RequestTime>2018-03-13</RequestTime>
    <Path>/fdr/pages/VerifyOutgoingCBC.aspx</Path>
    <User>SARSGOV\s2024134</User>
    <Url>http://localhost/fdr/pages/VerifyOutgoingCBC.aspx?xCountry=AX&amp;Period=2014&amp;Stat=3</Url>
    <Time>12:10:39 PM +02</Time>
  </SystemRequest>
  <SystemRequest>
    <RequestTime>2018-03-13</RequestTime>
    <Path>/fdr/pages/VerifyOutgoingCBC.aspx</Path>
    <User>SARSGOV\s2024134</User>
    <Url>http://localhost/fdr/pages/VerifyOutgoingCBC.aspx?xCountry=AX&amp;Period=2014&amp;Stat=3</Url>
    <Time>12:11:04 PM +02</Time>
  </SystemRequest>
  <SystemRequest>
    <RequestTime>2018-03-13</RequestTime>
    <Path>/fdr/pages/VerifyOutgoingCBC.aspx</Path>
    <User>SARSGOV\s2024134</User>
    <Url>http://localhost/fdr/pages/VerifyOutgoingCBC.aspx?xCountry=AX&amp;Period=2014&amp;Stat=3</Url>
    <Time>12:11:06 PM +02</Time>
  </SystemRequest>
  <SystemRequest>
    <RequestTime>2018-03-13</RequestTime>
    <Path>/fdr/pages/approveoutgoincbc.aspx</Path>
    <User>SARSGOV\s2024134</User>
    <Url>http://localhost/fdr/pages/approveoutgoincbc.aspx</Url>
    <Time>12:11:08 PM +02</Time>
  </SystemRequest>
  <SystemRequest>
    <RequestTime>2018-03-13</RequestTime>
    <Path>/fdr/pages/approveoutgoincbc.aspx</Path>
    <User>SARSGOV\s2024134</User>
    <Url>http://localhost/fdr/pages/approveoutgoincbc.aspx</Url>
    <Time>12:11:10 PM +02</Time>
  </SystemRequest>
  <SystemRequest>
    <RequestTime>2018-03-13</RequestTime>
    <Path>/fdr/pages/VerifyOutgoingCBC.aspx</Path>
    <User>SARSGOV\s2024134</User>
    <Url>http://localhost/fdr/pages/VerifyOutgoingCBC.aspx?xCountry=AX&amp;Period=2014&amp;Stat=3</Url>
    <Time>12:11:10 PM +02</Time>
  </SystemRequest>
  <SystemRequest>
    <RequestTime>2018-03-13</RequestTime>
    <Path>/FDR/Default.aspx</Path>
    <User>SARSGOV\s2024134</User>
    <Url>http://localhost/FDR/Default.aspx</Url>
    <Time>12:11:59 PM +02</Time>
  </SystemRequest>
  <SystemRequest>
    <RequestTime>2018-03-13</RequestTime>
    <Path>/fdr/pages/approveoutgoincbc.aspx</Path>
    <User>SARSGOV\s2024134</User>
    <Url>http://localhost/fdr/pages/approveoutgoincbc.aspx</Url>
    <Time>12:12:05 PM +02</Time>
  </SystemRequest>
  <SystemRequest>
    <RequestTime>2018-03-13</RequestTime>
    <Path>/fdr/pages/approveoutgoincbc.aspx</Path>
    <User>SARSGOV\s2024134</User>
    <Url>http://localhost/fdr/pages/approveoutgoincbc.aspx</Url>
    <Time>12:12:16 PM +02</Time>
  </SystemRequest>
  <SystemRequest>
    <RequestTime>2018-03-13</RequestTime>
    <Path>/fdr/pages/VerifyOutgoingCBC.aspx</Path>
    <User>SARSGOV\s2024134</User>
    <Url>http://localhost/fdr/pages/VerifyOutgoingCBC.aspx?xCountry=AX&amp;Period=2014&amp;Stat=3</Url>
    <Time>12:12:30 PM +02</Time>
  </SystemRequest>
  <SystemRequest>
    <RequestTime>2018-03-13</RequestTime>
    <Path>/fdr/pages/VerifyOutgoingCBC.aspx</Path>
    <User>SARSGOV\s2024134</User>
    <Url>http://localhost/fdr/pages/VerifyOutgoingCBC.aspx?xCountry=AX&amp;Period=2014&amp;Stat=3</Url>
    <Time>12:12:58 PM +02</Time>
  </SystemRequest>
  <SystemRequest>
    <RequestTime>2018-03-13</RequestTime>
    <Path>/fdr/pages/approveoutgoincbc.aspx</Path>
    <User>SARSGOV\s2024134</User>
    <Url>http://localhost/fdr/pages/approveoutgoincbc.aspx</Url>
    <Time>12:13:01 PM +02</Time>
  </SystemRequest>
  <SystemRequest>
    <RequestTime>2018-03-13</RequestTime>
    <Path>/fdr/pages/approveoutgoincbc.aspx</Path>
    <User>SARSGOV\s2024134</User>
    <Url>http://localhost/fdr/pages/approveoutgoincbc.aspx</Url>
    <Time>12:13:08 PM +02</Time>
  </SystemRequest>
  <SystemRequest>
    <RequestTime>2018-03-13</RequestTime>
    <Path>/fdr/pages/VerifyOutgoingCBC.aspx</Path>
    <User>SARSGOV\s2024134</User>
    <Url>http://localhost/fdr/pages/VerifyOutgoingCBC.aspx?xCountry=AX&amp;Period=2014&amp;Stat=3</Url>
    <Time>12:13:12 PM +02</Time>
  </SystemRequest>
  <SystemRequest>
    <RequestTime>2018-03-13</RequestTime>
    <Path>/fdr/pages/approveoutgoincbc.aspx</Path>
    <User>SARSGOV\s2024134</User>
    <Url>http://localhost/fdr/pages/approveoutgoincbc.aspx</Url>
    <Time>12:13:34 PM +02</Time>
  </SystemRequest>
  <SystemRequest>
    <RequestTime>2018-03-13</RequestTime>
    <Path>/fdr/pages/approveoutgoincbc.aspx</Path>
    <User>SARSGOV\s2024134</User>
    <Url>http://localhost/fdr/pages/approveoutgoincbc.aspx</Url>
    <Time>12:13:37 PM +02</Time>
  </SystemRequest>
  <SystemRequest>
    <RequestTime>2018-03-13</RequestTime>
    <Path>/fdr/pages/VerifyOutgoingCBC.aspx</Path>
    <User>SARSGOV\s2024134</User>
    <Url>http://localhost/fdr/pages/VerifyOutgoingCBC.aspx?xCountry=AX&amp;Period=2014&amp;Stat=3</Url>
    <Time>12:13:37 PM +02</Time>
  </SystemRequest>
  <SystemRequest>
    <RequestTime>2018-03-13</RequestTime>
    <Path>/FDR/Default.aspx</Path>
    <User>SARSGOV\s2024134</User>
    <Url>http://localhost/FDR/Default.aspx</Url>
    <Time>12:14:36 PM +02</Time>
  </SystemRequest>
  <SystemRequest>
    <RequestTime>2018-03-13</RequestTime>
    <Path>/fdr/pages/approveoutgoincbc.aspx</Path>
    <User>SARSGOV\s2024134</User>
    <Url>http://localhost/fdr/pages/approveoutgoincbc.aspx</Url>
    <Time>12:14:43 PM +02</Time>
  </SystemRequest>
  <SystemRequest>
    <RequestTime>2018-03-13</RequestTime>
    <Path>/fdr/pages/approveoutgoincbc.aspx</Path>
    <User>SARSGOV\s2024134</User>
    <Url>http://localhost/fdr/pages/approveoutgoincbc.aspx</Url>
    <Time>12:14:46 PM +02</Time>
  </SystemRequest>
  <SystemRequest>
    <RequestTime>2018-03-13</RequestTime>
    <Path>/fdr/pages/VerifyOutgoingCBC.aspx</Path>
    <User>SARSGOV\s2024134</User>
    <Url>http://localhost/fdr/pages/VerifyOutgoingCBC.aspx?xCountry=AX&amp;Period=2014&amp;Stat=3</Url>
    <Time>12:14:47 PM +02</Time>
  </SystemRequest>
  <SystemRequest>
    <RequestTime>2018-03-13</RequestTime>
    <Path>/fdr/pages/VerifyOutgoingCBC.aspx</Path>
    <User>SARSGOV\s2024134</User>
    <Url>http://localhost/fdr/pages/VerifyOutgoingCBC.aspx?xCountry=AX&amp;Period=2014&amp;Stat=3</Url>
    <Time>12:15:13 PM +02</Time>
  </SystemRequest>
  <SystemRequest>
    <RequestTime>2018-03-13</RequestTime>
    <Path>/FDR/pages/cbcForm.aspx</Path>
    <User>SARSGOV\s2024134</User>
    <Url>http://localhost/FDR/pages/cbcForm.aspx?refno=9583039640&amp;year=2014&amp;bck=L2Zkci9wYWdlcy9WZXJpZnlPdXRnb2luZ0NCQy5hc3B4P3hDb3VudHJ5PUFYJlBlcmlvZD0yMDE0JlN0YXQ9Mw==</Url>
    <Time>12:15:19 PM +02</Time>
  </SystemRequest>
  <SystemRequest>
    <RequestTime>2018-03-13</RequestTime>
    <Path>/FDR/mnelistservice.asmx/GetCBCDataByTaxRefNo</Path>
    <User>SARSGOV\s2024134</User>
    <Url>http://localhost/FDR/mnelistservice.asmx/GetCBCDataByTaxRefNo</Url>
    <Time>12:15:21 PM +02</Time>
  </SystemRequest>
  <SystemRequest>
    <RequestTime>2018-03-13</RequestTime>
    <Path>/FDR/pages/cbcForm.aspx</Path>
    <User>SARSGOV\s2024134</User>
    <Url>http://localhost/FDR/pages/cbcForm.aspx?refno=9583039640&amp;year=2014&amp;bck=L2Zkci9wYWdlcy9WZXJpZnlPdXRnb2luZ0NCQy5hc3B4P3hDb3VudHJ5PUFYJlBlcmlvZD0yMDE0JlN0YXQ9Mw==</Url>
    <Time>12:15:41 PM +02</Time>
  </SystemRequest>
  <SystemRequest>
    <RequestTime>2018-03-13</RequestTime>
    <Path>/fdr/pages/VerifyOutgoingCBC.aspx</Path>
    <User>SARSGOV\s2024134</User>
    <Url>http://localhost/fdr/pages/VerifyOutgoingCBC.aspx?xCountry=AX&amp;Period=2014&amp;Stat=3</Url>
    <Time>12:15:42 PM +02</Time>
  </SystemRequest>
  <SystemRequest>
    <RequestTime>2018-03-13</RequestTime>
    <Path>/fdr/pages/VerifyOutgoingCBC.aspx</Path>
    <User>SARSGOV\s2024134</User>
    <Url>http://localhost/fdr/pages/VerifyOutgoingCBC.aspx?xCountry=AX&amp;Period=2014&amp;Stat=3</Url>
    <Time>12:15:55 PM +02</Time>
  </SystemRequest>
  <SystemRequest>
    <RequestTime>2018-03-13</RequestTime>
    <Path>/FDR/Default.aspx</Path>
    <User>SARSGOV\s2024134</User>
    <Url>http://localhost/FDR/Default.aspx</Url>
    <Time>12:19:12 PM +02</Time>
  </SystemRequest>
  <SystemRequest>
    <RequestTime>2018-03-13</RequestTime>
    <Path>/fdr/pages/approveoutgoincbc.aspx</Path>
    <User>SARSGOV\s2024134</User>
    <Url>http://localhost/fdr/pages/approveoutgoincbc.aspx</Url>
    <Time>12:19:18 PM +02</Time>
  </SystemRequest>
  <SystemRequest>
    <RequestTime>2018-03-13</RequestTime>
    <Path>/fdr/pages/approveoutgoincbc.aspx</Path>
    <User>SARSGOV\s2024134</User>
    <Url>http://localhost/fdr/pages/approveoutgoincbc.aspx</Url>
    <Time>12:19:23 PM +02</Time>
  </SystemRequest>
  <SystemRequest>
    <RequestTime>2018-03-13</RequestTime>
    <Path>/fdr/pages/VerifyOutgoingCBC.aspx</Path>
    <User>SARSGOV\s2024134</User>
    <Url>http://localhost/fdr/pages/VerifyOutgoingCBC.aspx?xCountry=AX&amp;Period=2014&amp;Stat=3</Url>
    <Time>12:19:23 PM +02</Time>
  </SystemRequest>
  <SystemRequest>
    <RequestTime>2018-03-13</RequestTime>
    <Path>/fdr/pages/VerifyOutgoingCBC.aspx</Path>
    <User>SARSGOV\s2024134</User>
    <Url>http://localhost/fdr/pages/VerifyOutgoingCBC.aspx?xCountry=AX&amp;Period=2014&amp;Stat=3</Url>
    <Time>12:19:29 PM +02</Time>
  </SystemRequest>
  <SystemRequest>
    <RequestTime>2018-03-13</RequestTime>
    <Path>/fdr/pages/download.aspx</Path>
    <User>SARSGOV\s2024134</User>
    <Url>http://localhost/fdr/pages/download.aspx?&amp;xCountry=AX&amp;fname=1,xml</Url>
    <Time>12:19:31 PM +02</Time>
  </SystemRequest>
  <SystemRequest>
    <RequestTime>2018-03-13</RequestTime>
    <Path>/FDR/Default.aspx</Path>
    <User>SARSGOV\s2024134</User>
    <Url>http://localhost/FDR/Default.aspx</Url>
    <Time>12:38:07 PM +02</Time>
  </SystemRequest>
  <SystemRequest>
    <RequestTime>2018-03-13</RequestTime>
    <Path>/fdr/pages/approveoutgoincbc.aspx</Path>
    <User>SARSGOV\s2024134</User>
    <Url>http://localhost/fdr/pages/approveoutgoincbc.aspx</Url>
    <Time>12:38:14 PM +02</Time>
  </SystemRequest>
  <SystemRequest>
    <RequestTime>2018-03-13</RequestTime>
    <Path>/fdr/pages/approveoutgoincbc.aspx</Path>
    <User>SARSGOV\s2024134</User>
    <Url>http://localhost/fdr/pages/approveoutgoincbc.aspx</Url>
    <Time>12:38:20 PM +02</Time>
  </SystemRequest>
  <SystemRequest>
    <RequestTime>2018-03-13</RequestTime>
    <Path>/fdr/pages/VerifyOutgoingCBC.aspx</Path>
    <User>SARSGOV\s2024134</User>
    <Url>http://localhost/fdr/pages/VerifyOutgoingCBC.aspx?xCountry=AX&amp;Period=2014&amp;Stat=3</Url>
    <Time>12:38:21 PM +02</Time>
  </SystemRequest>
  <SystemRequest>
    <RequestTime>2018-03-13</RequestTime>
    <Path>/fdr/pages/VerifyOutgoingCBC.aspx</Path>
    <User>SARSGOV\s2024134</User>
    <Url>http://localhost/fdr/pages/VerifyOutgoingCBC.aspx?xCountry=AX&amp;Period=2014&amp;Stat=3</Url>
    <Time>12:38:24 PM +02</Time>
  </SystemRequest>
  <SystemRequest>
    <RequestTime>2018-03-13</RequestTime>
    <Path>/fdr/pages/download.aspx</Path>
    <User>SARSGOV\s2024134</User>
    <Url>http://localhost/fdr/pages/download.aspx?&amp;xCountry=AX&amp;fname=1&amp;Year= 2014, xml</Url>
    <Time>12:38:35 PM +02</Time>
  </SystemRequest>
  <SystemRequest>
    <RequestTime>2018-03-13</RequestTime>
    <Path>/FDR/Default.aspx</Path>
    <User>SARSGOV\s2024134</User>
    <Url>http://localhost/FDR/Default.aspx</Url>
    <Time>12:39:24 PM +02</Time>
  </SystemRequest>
  <SystemRequest>
    <RequestTime>2018-03-13</RequestTime>
    <Path>/fdr/pages/approveoutgoincbc.aspx</Path>
    <User>SARSGOV\s2024134</User>
    <Url>http://localhost/fdr/pages/approveoutgoincbc.aspx</Url>
    <Time>12:39:31 PM +02</Time>
  </SystemRequest>
  <SystemRequest>
    <RequestTime>2018-03-13</RequestTime>
    <Path>/fdr/pages/approveoutgoincbc.aspx</Path>
    <User>SARSGOV\s2024134</User>
    <Url>http://localhost/fdr/pages/approveoutgoincbc.aspx</Url>
    <Time>12:39:46 PM +02</Time>
  </SystemRequest>
  <SystemRequest>
    <RequestTime>2018-03-13</RequestTime>
    <Path>/fdr/pages/approveoutgoincbc.aspx</Path>
    <User>SARSGOV\s2024134</User>
    <Url>http://localhost/fdr/pages/approveoutgoincbc.aspx</Url>
    <Time>12:39:55 PM +02</Time>
  </SystemRequest>
  <SystemRequest>
    <RequestTime>2018-03-13</RequestTime>
    <Path>/fdr/pages/VerifyOutgoingCBC.aspx</Path>
    <User>SARSGOV\s2024134</User>
    <Url>http://localhost/fdr/pages/VerifyOutgoingCBC.aspx?xCountry=AX&amp;Period=2014&amp;Stat=3</Url>
    <Time>12:39:55 PM +02</Time>
  </SystemRequest>
  <SystemRequest>
    <RequestTime>2018-03-13</RequestTime>
    <Path>/fdr/pages/VerifyOutgoingCBC.aspx</Path>
    <User>SARSGOV\s2024134</User>
    <Url>http://localhost/fdr/pages/VerifyOutgoingCBC.aspx?xCountry=AX&amp;Period=2014&amp;Stat=3</Url>
    <Time>12:39:59 PM +02</Time>
  </SystemRequest>
  <SystemRequest>
    <RequestTime>2018-03-13</RequestTime>
    <Path>/fdr/pages/download.aspx</Path>
    <User>SARSGOV\s2024134</User>
    <Url>http://localhost/fdr/pages/download.aspx?&amp;xCountry=AX&amp;fname=1&amp;Year= 2014, xml</Url>
    <Time>12:39:59 PM +02</Time>
  </SystemRequest>
  <SystemRequest>
    <RequestTime>2018-03-13</RequestTime>
    <Path>/fdr/pages/VerifyOutgoingCBC.aspx</Path>
    <User>SARSGOV\s2024134</User>
    <Url>http://localhost/fdr/pages/VerifyOutgoingCBC.aspx?xCountry=AX&amp;Period=2014&amp;Stat=3</Url>
    <Time>12:40:19 PM +02</Time>
  </SystemRequest>
  <SystemRequest>
    <RequestTime>2018-03-13</RequestTime>
    <Path>/fdr/pages/download.aspx</Path>
    <User>SARSGOV\s2024134</User>
    <Url>http://localhost/fdr/pages/download.aspx?&amp;xCountry=AX&amp;fname=1&amp;Year= 2014, xml</Url>
    <Time>12:40:19 PM +02</Time>
  </SystemRequest>
  <SystemRequest>
    <RequestTime>2018-03-13</RequestTime>
    <Path>/FDR/Default.aspx</Path>
    <User>SARSGOV\s2024134</User>
    <Url>http://localhost/FDR/Default.aspx</Url>
    <Time>12:41:18 PM +02</Time>
  </SystemRequest>
  <SystemRequest>
    <RequestTime>2018-03-13</RequestTime>
    <Path>/fdr/pages/approveoutgoincbc.aspx</Path>
    <User>SARSGOV\s2024134</User>
    <Url>http://localhost/fdr/pages/approveoutgoincbc.aspx</Url>
    <Time>12:41:32 PM +02</Time>
  </SystemRequest>
  <SystemRequest>
    <RequestTime>2018-03-13</RequestTime>
    <Path>/fdr/pages/approveoutgoincbc.aspx</Path>
    <User>SARSGOV\s2024134</User>
    <Url>http://localhost/fdr/pages/approveoutgoincbc.aspx</Url>
    <Time>12:41:36 PM +02</Time>
  </SystemRequest>
  <SystemRequest>
    <RequestTime>2018-03-13</RequestTime>
    <Path>/fdr/pages/VerifyOutgoingCBC.aspx</Path>
    <User>SARSGOV\s2024134</User>
    <Url>http://localhost/fdr/pages/VerifyOutgoingCBC.aspx?xCountry=AX&amp;Period=2014&amp;Stat=3</Url>
    <Time>12:41:37 PM +02</Time>
  </SystemRequest>
  <SystemRequest>
    <RequestTime>2018-03-13</RequestTime>
    <Path>/fdr/pages/VerifyOutgoingCBC.aspx</Path>
    <User>SARSGOV\s2024134</User>
    <Url>http://localhost/fdr/pages/VerifyOutgoingCBC.aspx?xCountry=AX&amp;Period=2014&amp;Stat=3</Url>
    <Time>12:41:42 PM +02</Time>
  </SystemRequest>
  <SystemRequest>
    <RequestTime>2018-03-13</RequestTime>
    <Path>/fdr/pages/download.aspx</Path>
    <User>SARSGOV\s2024134</User>
    <Url>http://localhost/fdr/pages/download.aspx?&amp;xCountry=AX&amp;fname=1&amp;Year= 2014, xml</Url>
    <Time>12:41:59 PM +02</Time>
  </SystemRequest>
  <SystemRequest>
    <RequestTime>2018-03-13</RequestTime>
    <Path>/FDR/Default.aspx</Path>
    <User>SARSGOV\s2024134</User>
    <Url>http://localhost/FDR/Default.aspx</Url>
    <Time>12:44:16 PM +02</Time>
  </SystemRequest>
  <SystemRequest>
    <RequestTime>2018-03-13</RequestTime>
    <Path>/fdr/pages/approveoutgoincbc.aspx</Path>
    <User>SARSGOV\s2024134</User>
    <Url>http://localhost/fdr/pages/approveoutgoincbc.aspx</Url>
    <Time>12:44:20 PM +02</Time>
  </SystemRequest>
  <SystemRequest>
    <RequestTime>2018-03-13</RequestTime>
    <Path>/fdr/pages/approveoutgoincbc.aspx</Path>
    <User>SARSGOV\s2024134</User>
    <Url>http://localhost/fdr/pages/approveoutgoincbc.aspx</Url>
    <Time>12:44:23 PM +02</Time>
  </SystemRequest>
  <SystemRequest>
    <RequestTime>2018-03-13</RequestTime>
    <Path>/fdr/pages/VerifyOutgoingCBC.aspx</Path>
    <User>SARSGOV\s2024134</User>
    <Url>http://localhost/fdr/pages/VerifyOutgoingCBC.aspx?xCountry=AX&amp;Period=2014&amp;Stat=3</Url>
    <Time>12:44:23 PM +02</Time>
  </SystemRequest>
  <SystemRequest>
    <RequestTime>2018-03-13</RequestTime>
    <Path>/fdr/pages/VerifyOutgoingCBC.aspx</Path>
    <User>SARSGOV\s2024134</User>
    <Url>http://localhost/fdr/pages/VerifyOutgoingCBC.aspx?xCountry=AX&amp;Period=2014&amp;Stat=3</Url>
    <Time>12:44:28 PM +02</Time>
  </SystemRequest>
  <SystemRequest>
    <RequestTime>2018-03-13</RequestTime>
    <Path>/fdr/pages/download.aspx</Path>
    <User>SARSGOV\s2024134</User>
    <Url>http://localhost/fdr/pages/download.aspx?&amp;xCountry=AX&amp;fname=1, xml &amp;Year= 2014</Url>
    <Time>12:44:34 PM +02</Time>
  </SystemRequest>
  <SystemRequest>
    <RequestTime>2018-03-13</RequestTime>
    <Path>/fdr/pages/VerifyOutgoingCBC.aspx</Path>
    <User>SARSGOV\s2024134</User>
    <Url>http://localhost/fdr/pages/VerifyOutgoingCBC.aspx?xCountry=AX&amp;Period=2014&amp;Stat=3</Url>
    <Time>12:45:34 PM +02</Time>
  </SystemRequest>
  <SystemRequest>
    <RequestTime>2018-03-13</RequestTime>
    <Path>/fdr/pages/download.aspx</Path>
    <User>SARSGOV\s2024134</User>
    <Url>http://localhost/fdr/pages/download.aspx?&amp;xCountry=AX&amp;fname=1, xml &amp;Year= 2014</Url>
    <Time>12:46:02 PM +02</Time>
  </SystemRequest>
  <SystemRequest>
    <RequestTime>2018-03-13</RequestTime>
    <Path>/FDR/Default.aspx</Path>
    <User>SARSGOV\s2024134</User>
    <Url>http://localhost/FDR/Default.aspx</Url>
    <Time>12:48:47 PM +02</Time>
  </SystemRequest>
  <SystemRequest>
    <RequestTime>2018-03-13</RequestTime>
    <Path>/fdr/pages/approveoutgoincbc.aspx</Path>
    <User>SARSGOV\s2024134</User>
    <Url>http://localhost/fdr/pages/approveoutgoincbc.aspx</Url>
    <Time>12:48:51 PM +02</Time>
  </SystemRequest>
  <SystemRequest>
    <RequestTime>2018-03-13</RequestTime>
    <Path>/fdr/pages/approveoutgoincbc.aspx</Path>
    <User>SARSGOV\s2024134</User>
    <Url>http://localhost/fdr/pages/approveoutgoincbc.aspx</Url>
    <Time>12:48:54 PM +02</Time>
  </SystemRequest>
  <SystemRequest>
    <RequestTime>2018-03-13</RequestTime>
    <Path>/fdr/pages/VerifyOutgoingCBC.aspx</Path>
    <User>SARSGOV\s2024134</User>
    <Url>http://localhost/fdr/pages/VerifyOutgoingCBC.aspx?xCountry=AX&amp;Period=2014&amp;Stat=3</Url>
    <Time>12:48:54 PM +02</Time>
  </SystemRequest>
  <SystemRequest>
    <RequestTime>2018-03-13</RequestTime>
    <Path>/fdr/pages/VerifyOutgoingCBC.aspx</Path>
    <User>SARSGOV\s2024134</User>
    <Url>http://localhost/fdr/pages/VerifyOutgoingCBC.aspx?xCountry=AX&amp;Period=2014&amp;Stat=3</Url>
    <Time>12:48:57 PM +02</Time>
  </SystemRequest>
  <SystemRequest>
    <RequestTime>2018-03-13</RequestTime>
    <Path>/fdr/pages/download.aspx</Path>
    <User>SARSGOV\s2024134</User>
    <Url>http://localhost/fdr/pages/download.aspx?&amp;xCountry=AX&amp;fname=1, xml &amp;Year= 2014</Url>
    <Time>12:49:06 PM +02</Time>
  </SystemRequest>
  <SystemRequest>
    <RequestTime>2018-03-13</RequestTime>
    <Path>/fdr/pages/VerifyOutgoingCBC.aspx</Path>
    <User>SARSGOV\s2024134</User>
    <Url>http://localhost/fdr/pages/VerifyOutgoingCBC.aspx?xCountry=AX&amp;Period=2014&amp;Stat=3</Url>
    <Time>12:49:23 PM +02</Time>
  </SystemRequest>
  <SystemRequest>
    <RequestTime>2018-03-13</RequestTime>
    <Path>/fdr/pages/download.aspx</Path>
    <User>SARSGOV\s2024134</User>
    <Url>http://localhost/fdr/pages/download.aspx?&amp;xCountry=AX&amp;fname=1, xml &amp;Year= 2014</Url>
    <Time>12:49:26 PM +02</Time>
  </SystemRequest>
  <SystemRequest>
    <RequestTime>2018-03-13</RequestTime>
    <Path>/FDR/Default.aspx</Path>
    <User>SARSGOV\s2024134</User>
    <Url>http://localhost/FDR/Default.aspx</Url>
    <Time>12:50:27 PM +02</Time>
  </SystemRequest>
  <SystemRequest>
    <RequestTime>2018-03-13</RequestTime>
    <Path>/fdr/pages/approveoutgoincbc.aspx</Path>
    <User>SARSGOV\s2024134</User>
    <Url>http://localhost/fdr/pages/approveoutgoincbc.aspx</Url>
    <Time>12:50:31 PM +02</Time>
  </SystemRequest>
  <SystemRequest>
    <RequestTime>2018-03-13</RequestTime>
    <Path>/fdr/pages/approveoutgoincbc.aspx</Path>
    <User>SARSGOV\s2024134</User>
    <Url>http://localhost/fdr/pages/approveoutgoincbc.aspx</Url>
    <Time>12:50:34 PM +02</Time>
  </SystemRequest>
  <SystemRequest>
    <RequestTime>2018-03-13</RequestTime>
    <Path>/fdr/pages/VerifyOutgoingCBC.aspx</Path>
    <User>SARSGOV\s2024134</User>
    <Url>http://localhost/fdr/pages/VerifyOutgoingCBC.aspx?xCountry=AX&amp;Period=2014&amp;Stat=3</Url>
    <Time>12:50:34 PM +02</Time>
  </SystemRequest>
  <SystemRequest>
    <RequestTime>2018-03-13</RequestTime>
    <Path>/fdr/pages/VerifyOutgoingCBC.aspx</Path>
    <User>SARSGOV\s2024134</User>
    <Url>http://localhost/fdr/pages/VerifyOutgoingCBC.aspx?xCountry=AX&amp;Period=2014&amp;Stat=3</Url>
    <Time>12:50:37 PM +02</Time>
  </SystemRequest>
  <SystemRequest>
    <RequestTime>2018-03-13</RequestTime>
    <Path>/fdr/pages/download.aspx</Path>
    <User>SARSGOV\s2024134</User>
    <Url>http://localhost/fdr/pages/download.aspx?&amp;xCountry=AX&amp;fname=1, xml &amp;Year= 2014</Url>
    <Time>12:50:44 PM +02</Time>
  </SystemRequest>
  <SystemRequest>
    <RequestTime>2018-03-13</RequestTime>
    <Path>/fdr/pages/download.aspx</Path>
    <User>SARSGOV\s2024134</User>
    <Url>http://localhost/fdr/pages/download.aspx?&amp;xCountry=AX&amp;fname=1, xml &amp;Year= 2014</Url>
    <Time>12:50:56 PM +02</Time>
  </SystemRequest>
  <SystemRequest>
    <RequestTime>2018-03-13</RequestTime>
    <Path>/fdr/pages/download.aspx</Path>
    <User>SARSGOV\s2024134</User>
    <Url>http://localhost/fdr/pages/download.aspx?&amp;xCountry=AX&amp;fname=1, xml &amp;Year= 2014</Url>
    <Time>12:51:17 PM +02</Time>
  </SystemRequest>
  <SystemRequest>
    <RequestTime>2018-03-13</RequestTime>
    <Path>/FDR/Default.aspx</Path>
    <User>SARSGOV\s2024134</User>
    <Url>http://localhost/FDR/Default.aspx</Url>
    <Time>12:59:37 PM +02</Time>
  </SystemRequest>
  <SystemRequest>
    <RequestTime>2018-03-13</RequestTime>
    <Path>/fdr/pages/approveoutgoincbc.aspx</Path>
    <User>SARSGOV\s2024134</User>
    <Url>http://localhost/fdr/pages/approveoutgoincbc.aspx</Url>
    <Time>12:59:43 PM +02</Time>
  </SystemRequest>
  <SystemRequest>
    <RequestTime>2018-03-13</RequestTime>
    <Path>/fdr/pages/approveoutgoincbc.aspx</Path>
    <User>SARSGOV\s2024134</User>
    <Url>http://localhost/fdr/pages/approveoutgoincbc.aspx</Url>
    <Time>12:59:46 PM +02</Time>
  </SystemRequest>
  <SystemRequest>
    <RequestTime>2018-03-13</RequestTime>
    <Path>/fdr/pages/VerifyOutgoingCBC.aspx</Path>
    <User>SARSGOV\s2024134</User>
    <Url>http://localhost/fdr/pages/VerifyOutgoingCBC.aspx?xCountry=AX&amp;Period=2014&amp;Stat=3</Url>
    <Time>12:59:47 PM +02</Time>
  </SystemRequest>
  <SystemRequest>
    <RequestTime>2018-03-13</RequestTime>
    <Path>/fdr/pages/VerifyOutgoingCBC.aspx</Path>
    <User>SARSGOV\s2024134</User>
    <Url>http://localhost/fdr/pages/VerifyOutgoingCBC.aspx?xCountry=AX&amp;Period=2014&amp;Stat=3</Url>
    <Time>13:02:15 PM +02</Time>
  </SystemRequest>
  <SystemRequest>
    <RequestTime>2018-03-13</RequestTime>
    <Path>/FDR/Default.aspx</Path>
    <User>SARSGOV\s2024134</User>
    <Url>http://localhost/FDR/Default.aspx</Url>
    <Time>13:04:49 PM +02</Time>
  </SystemRequest>
  <SystemRequest>
    <RequestTime>2018-03-13</RequestTime>
    <Path>/fdr/pages/approveoutgoincbc.aspx</Path>
    <User>SARSGOV\s2024134</User>
    <Url>http://localhost/fdr/pages/approveoutgoincbc.aspx</Url>
    <Time>13:04:53 PM +02</Time>
  </SystemRequest>
  <SystemRequest>
    <RequestTime>2018-03-13</RequestTime>
    <Path>/fdr/pages/approveoutgoincbc.aspx</Path>
    <User>SARSGOV\s2024134</User>
    <Url>http://localhost/fdr/pages/approveoutgoincbc.aspx</Url>
    <Time>13:04:56 PM +02</Time>
  </SystemRequest>
  <SystemRequest>
    <RequestTime>2018-03-13</RequestTime>
    <Path>/fdr/pages/VerifyOutgoingCBC.aspx</Path>
    <User>SARSGOV\s2024134</User>
    <Url>http://localhost/fdr/pages/VerifyOutgoingCBC.aspx?xCountry=AX&amp;Period=2014&amp;Stat=3</Url>
    <Time>13:04:57 PM +02</Time>
  </SystemRequest>
  <SystemRequest>
    <RequestTime>2018-03-13</RequestTime>
    <Path>/fdr/pages/VerifyOutgoingCBC.aspx</Path>
    <User>SARSGOV\s2024134</User>
    <Url>http://localhost/fdr/pages/VerifyOutgoingCBC.aspx?xCountry=AX&amp;Period=2014&amp;Stat=3</Url>
    <Time>13:05:07 PM +02</Time>
  </SystemRequest>
  <SystemRequest>
    <RequestTime>2018-03-13</RequestTime>
    <Path>/fdr/pages/download.aspx</Path>
    <User>SARSGOV\s2024134</User>
    <Url>http://localhost/fdr/pages/download.aspx?&amp;xCountry=AX&amp;fname=Aland Islands, xml &amp;Year= 2014</Url>
    <Time>13:05:18 PM +02</Time>
  </SystemRequest>
  <SystemRequest>
    <RequestTime>2018-03-13</RequestTime>
    <Path>/fdr/pages/VerifyOutgoingCBC.aspx</Path>
    <User>SARSGOV\s2024134</User>
    <Url>http://localhost/fdr/pages/VerifyOutgoingCBC.aspx?xCountry=AX&amp;Period=2014&amp;Stat=3</Url>
    <Time>13:05:56 PM +02</Time>
  </SystemRequest>
  <SystemRequest>
    <RequestTime>2018-03-13</RequestTime>
    <Path>/FDR/Default.aspx</Path>
    <User>SARSGOV\s2024134</User>
    <Url>http://localhost/FDR/Default.aspx</Url>
    <Time>13:59:14 PM +02</Time>
  </SystemRequest>
  <SystemRequest>
    <RequestTime>2018-03-13</RequestTime>
    <Path>/fdr/pages/approveoutgoincbc.aspx</Path>
    <User>SARSGOV\s2024134</User>
    <Url>http://localhost/fdr/pages/approveoutgoincbc.aspx</Url>
    <Time>13:59:23 PM +02</Time>
  </SystemRequest>
  <SystemRequest>
    <RequestTime>2018-03-13</RequestTime>
    <Path>/fdr/pages/approveoutgoincbc.aspx</Path>
    <User>SARSGOV\s2024134</User>
    <Url>http://localhost/fdr/pages/approveoutgoincbc.aspx</Url>
    <Time>13:59:29 PM +02</Time>
  </SystemRequest>
  <SystemRequest>
    <RequestTime>2018-03-13</RequestTime>
    <Path>/fdr/pages/VerifyOutgoingCBC.aspx</Path>
    <User>SARSGOV\s2024134</User>
    <Url>http://localhost/fdr/pages/VerifyOutgoingCBC.aspx?xCountry=AX&amp;Period=2014&amp;Stat=3</Url>
    <Time>13:59:30 PM +02</Time>
  </SystemRequest>
  <SystemRequest>
    <RequestTime>2018-03-13</RequestTime>
    <Path>/fdr/pages/VerifyOutgoingCBC.aspx</Path>
    <User>SARSGOV\s2024134</User>
    <Url>http://localhost/fdr/pages/VerifyOutgoingCBC.aspx?xCountry=AX&amp;Period=2014&amp;Stat=3</Url>
    <Time>13:59:33 PM +02</Time>
  </SystemRequest>
  <SystemRequest>
    <RequestTime>2018-03-13</RequestTime>
    <Path>/fdr/pages/download.aspx</Path>
    <User>SARSGOV\s2024134</User>
    <Url>http://localhost/fdr/pages/download.aspx?&amp;xCountry=AX&amp;fname=Aland Islands, xml &amp;Year= 2014</Url>
    <Time>13:59:45 PM +02</Time>
  </SystemRequest>
  <SystemRequest>
    <RequestTime>2018-03-13</RequestTime>
    <Path>/fdr/pages/VerifyOutgoingCBC.aspx</Path>
    <User>SARSGOV\s2024134</User>
    <Url>http://localhost/fdr/pages/VerifyOutgoingCBC.aspx?xCountry=AX&amp;Period=2014&amp;Stat=3</Url>
    <Time>14:00:40 PM +02</Time>
  </SystemRequest>
  <SystemRequest>
    <RequestTime>2018-03-13</RequestTime>
    <Path>/fdr/pages/download.aspx</Path>
    <User>SARSGOV\s2024134</User>
    <Url>http://localhost/fdr/pages/download.aspx?&amp;xCountry=AX&amp;fname=Aland Islands, xml &amp;Year= 2014</Url>
    <Time>14:00:41 PM +02</Time>
  </SystemRequest>
  <SystemRequest>
    <RequestTime>2018-03-13</RequestTime>
    <Path>/fdr/pages/VerifyOutgoingCBC.aspx</Path>
    <User>SARSGOV\s2024134</User>
    <Url>http://localhost/fdr/pages/VerifyOutgoingCBC.aspx?xCountry=AX&amp;Period=2014&amp;Stat=3</Url>
    <Time>14:01:18 PM +02</Time>
  </SystemRequest>
  <SystemRequest>
    <RequestTime>2018-03-13</RequestTime>
    <Path>/FDR/pages/cbcForm.aspx</Path>
    <User>SARSGOV\s2024134</User>
    <Url>http://localhost/FDR/pages/cbcForm.aspx?refno=9583039640&amp;year=2014&amp;bck=L2Zkci9wYWdlcy9WZXJpZnlPdXRnb2luZ0NCQy5hc3B4P3hDb3VudHJ5PUFYJlBlcmlvZD0yMDE0JlN0YXQ9Mw==</Url>
    <Time>14:01:19 PM +02</Time>
  </SystemRequest>
  <SystemRequest>
    <RequestTime>2018-03-13</RequestTime>
    <Path>/FDR/mnelistservice.asmx/GetCBCDataByTaxRefNo</Path>
    <User>SARSGOV\s2024134</User>
    <Url>http://localhost/FDR/mnelistservice.asmx/GetCBCDataByTaxRefNo</Url>
    <Time>14:01:20 PM +02</Time>
  </SystemRequest>
  <SystemRequest>
    <RequestTime>2018-03-13</RequestTime>
    <Path>/FDR/Default.aspx</Path>
    <User>SARSGOV\s2024134</User>
    <Url>http://localhost/FDR/Default.aspx</Url>
    <Time>14:01:39 PM +02</Time>
  </SystemRequest>
  <SystemRequest>
    <RequestTime>2018-03-13</RequestTime>
    <Path>/fdr/pages/approveoutgoincbc.aspx</Path>
    <User>SARSGOV\s2024134</User>
    <Url>http://localhost/fdr/pages/approveoutgoincbc.aspx</Url>
    <Time>14:01:42 PM +02</Time>
  </SystemRequest>
  <SystemRequest>
    <RequestTime>2018-03-13</RequestTime>
    <Path>/FDR/Default.aspx</Path>
    <User>SARSGOV\s2024134</User>
    <Url>http://localhost/FDR/Default.aspx</Url>
    <Time>14:04:11 PM +02</Time>
  </SystemRequest>
  <SystemRequest>
    <RequestTime>2018-03-13</RequestTime>
    <Path>/fdr/pages/approveoutgoincbc.aspx</Path>
    <User>SARSGOV\s2024134</User>
    <Url>http://localhost/fdr/pages/approveoutgoincbc.aspx</Url>
    <Time>14:04:18 PM +02</Time>
  </SystemRequest>
  <SystemRequest>
    <RequestTime>2018-03-13</RequestTime>
    <Path>/fdr/pages/approveoutgoincbc.aspx</Path>
    <User>SARSGOV\s2024134</User>
    <Url>http://localhost/fdr/pages/approveoutgoincbc.aspx</Url>
    <Time>14:04:26 PM +02</Time>
  </SystemRequest>
  <SystemRequest>
    <RequestTime>2018-03-13</RequestTime>
    <Path>/FDR/Default.aspx</Path>
    <User>SARSGOV\s2024134</User>
    <Url>http://localhost/FDR/Default.aspx</Url>
    <Time>14:05:39 PM +02</Time>
  </SystemRequest>
  <SystemRequest>
    <RequestTime>2018-03-13</RequestTime>
    <Path>/fdr/pages/approveoutgoincbc.aspx</Path>
    <User>SARSGOV\s2024134</User>
    <Url>http://localhost/fdr/pages/approveoutgoincbc.aspx</Url>
    <Time>14:05:43 PM +02</Time>
  </SystemRequest>
  <SystemRequest>
    <RequestTime>2018-03-13</RequestTime>
    <Path>/fdr/pages/approveoutgoincbc.aspx</Path>
    <User>SARSGOV\s2024134</User>
    <Url>http://localhost/fdr/pages/approveoutgoincbc.aspx</Url>
    <Time>14:05:48 PM +02</Time>
  </SystemRequest>
  <SystemRequest>
    <RequestTime>2018-03-13</RequestTime>
    <Path>/fdr/pages/VerifyOutgoingCBC.aspx</Path>
    <User>SARSGOV\s2024134</User>
    <Url>http://localhost/fdr/pages/VerifyOutgoingCBC.aspx?xCountry=AX&amp;Period=2014&amp;Stat=3</Url>
    <Time>14:05:49 PM +02</Time>
  </SystemRequest>
  <SystemRequest>
    <RequestTime>2018-03-13</RequestTime>
    <Path>/fdr/pages/VerifyOutgoingCBC.aspx</Path>
    <User>SARSGOV\s2024134</User>
    <Url>http://localhost/fdr/pages/VerifyOutgoingCBC.aspx?xCountry=AX&amp;Period=2014&amp;Stat=3</Url>
    <Time>14:06:15 PM +02</Time>
  </SystemRequest>
  <SystemRequest>
    <RequestTime>2018-03-13</RequestTime>
    <Path>/fdr/Default.aspx</Path>
    <User>SARSGOV\s2024134</User>
    <Url>http://localhost/fdr/Default.aspx</Url>
    <Time>14:06:38 PM +02</Time>
  </SystemRequest>
  <SystemRequest>
    <RequestTime>2018-03-13</RequestTime>
    <Path>/fdr/pages/approveoutgoincbc.aspx</Path>
    <User>SARSGOV\s2024134</User>
    <Url>http://localhost/fdr/pages/approveoutgoincbc.aspx</Url>
    <Time>14:06:40 PM +02</Time>
  </SystemRequest>
  <SystemRequest>
    <RequestTime>2018-03-13</RequestTime>
    <Path>/FDR/pages/CaseDetails.aspx</Path>
    <User>SARSGOV\s2024134</User>
    <Url>http://localhost/FDR/pages/CaseDetails.aspx</Url>
    <Time>14:34:06 PM +02</Time>
  </SystemRequest>
  <SystemRequest>
    <RequestTime>2018-03-13</RequestTime>
    <Path>/FDR/pages/CaseDetails.aspx</Path>
    <User>SARSGOV\s2024134</User>
    <Url>http://localhost/FDR/pages/CaseDetails.aspx</Url>
    <Time>14:36:06 PM +02</Time>
  </SystemRequest>
  <SystemRequest>
    <RequestTime>2018-03-13</RequestTime>
    <Path>/fdr/admin/default2.aspx</Path>
    <User>SARSGOV\s2024134</User>
    <Url>http://localhost/fdr/admin/default2.aspx</Url>
    <Time>14:47:22 PM +02</Time>
  </SystemRequest>
  <SystemRequest>
    <RequestTime>2018-03-13</RequestTime>
    <Path>/fdr/admin/default2.aspx</Path>
    <User>SARSGOV\s2024134</User>
    <Url>http://localhost/fdr/admin/default2.aspx</Url>
    <Time>14:47:30 PM +02</Time>
  </SystemRequest>
  <SystemRequest>
    <RequestTime>2018-03-13</RequestTime>
    <Path>/fdr/admin/default2.aspx</Path>
    <User>SARSGOV\s2024134</User>
    <Url>http://localhost/fdr/admin/default2.aspx</Url>
    <Time>14:47:31 PM +02</Time>
  </SystemRequest>
  <SystemRequest>
    <RequestTime>2018-03-13</RequestTime>
    <Path>/fdr/Default.aspx</Path>
    <User>SARSGOV\s2024134</User>
    <Url>http://localhost/fdr/Default.aspx</Url>
    <Time>14:47:35 PM +02</Time>
  </SystemRequest>
  <SystemRequest>
    <RequestTime>2018-03-13</RequestTime>
    <Path>/fdr/pages/viewsubmissions.aspx</Path>
    <User>SARSGOV\s2024134</User>
    <Url>http://localhost/fdr/pages/viewsubmissions.aspx</Url>
    <Time>14:47:37 PM +02</Time>
  </SystemRequest>
  <SystemRequest>
    <RequestTime>2018-03-13</RequestTime>
    <Path>/FDR/pages/CaseDetails.aspx</Path>
    <User>SARSGOV\s2024134</User>
    <Url>http://localhost/FDR/pages/CaseDetails.aspx</Url>
    <Time>16:54:51 PM +02</Time>
  </SystemRequest>
  <SystemRequest>
    <RequestTime>2018-03-13</RequestTime>
    <Path>/fdr/pages/generateoutgoingcbcdeclataions.aspx</Path>
    <User>SARSGOV\s2024134</User>
    <Url>http://localhost/fdr/pages/generateoutgoingcbcdeclataions.aspx</Url>
    <Time>16:55:06 PM +02</Time>
  </SystemRequest>
  <SystemRequest>
    <RequestTime>2018-03-13</RequestTime>
    <Path>/fdr/pages/generateoutgoingcbcdeclataions.aspx</Path>
    <User>SARSGOV\s2024134</User>
    <Url>http://localhost/fdr/pages/generateoutgoingcbcdeclataions.aspx</Url>
    <Time>16:55:11 PM +02</Time>
  </SystemRequest>
  <SystemRequest>
    <RequestTime>2018-03-13</RequestTime>
    <Path>/fdr/pages/VerifyOutgoingCBC.aspx</Path>
    <User>SARSGOV\s2024134</User>
    <Url>http://localhost/fdr/pages/VerifyOutgoingCBC.aspx?OutId=AX&amp;Period=2014&amp;Stat=5</Url>
    <Time>16:55:12 PM +02</Time>
  </SystemRequest>
  <SystemRequest>
    <RequestTime>2018-03-13</RequestTime>
    <Path>/fdr/pages/VerifyOutgoingCBC.aspx</Path>
    <User>SARSGOV\s2024134</User>
    <Url>http://localhost/fdr/pages/VerifyOutgoingCBC.aspx?OutId=AX&amp;Period=2014&amp;Stat=5</Url>
    <Time>16:55:25 PM +02</Time>
  </SystemRequest>
  <SystemRequest>
    <RequestTime>2018-03-13</RequestTime>
    <Path>/fdr/pages/generateoutgoingcbcdeclataions.aspx</Path>
    <User>SARSGOV\s2024134</User>
    <Url>http://localhost/fdr/pages/generateoutgoingcbcdeclataions.aspx</Url>
    <Time>16:56:03 PM +02</Time>
  </SystemRequest>
  <SystemRequest>
    <RequestTime>2018-03-13</RequestTime>
    <Path>/fdr/pages/VerifyOutgoingCBC.aspx</Path>
    <User>SARSGOV\s2024134</User>
    <Url>http://localhost/fdr/pages/VerifyOutgoingCBC.aspx?OutId=AX&amp;Period=2014&amp;Stat=5</Url>
    <Time>16:56:04 PM +02</Time>
  </SystemRequest>
  <SystemRequest>
    <RequestTime>2018-03-13</RequestTime>
    <Path>/fdr/pages/generateoutgoingcbcdeclataions.aspx</Path>
    <User>SARSGOV\s2024134</User>
    <Url>http://localhost/fdr/pages/generateoutgoingcbcdeclataions.aspx</Url>
    <Time>16:56:07 PM +02</Time>
  </SystemRequest>
  <SystemRequest>
    <RequestTime>2018-03-13</RequestTime>
    <Path>/fdr/pages/generateoutgoingcbcdeclataions.aspx</Path>
    <User>SARSGOV\s2024134</User>
    <Url>http://localhost/fdr/pages/generateoutgoingcbcdeclataions.aspx</Url>
    <Time>16:56:42 PM +02</Time>
  </SystemRequest>
  <SystemRequest>
    <RequestTime>2018-03-13</RequestTime>
    <Path>/fdr/pages/VerifyOutgoingCBC.aspx</Path>
    <User>SARSGOV\s2024134</User>
    <Url>http://localhost/fdr/pages/VerifyOutgoingCBC.aspx?OutId=AX&amp;Period=2014&amp;Stat=5</Url>
    <Time>16:57:01 PM +02</Time>
  </SystemRequest>
  <SystemRequest>
    <RequestTime>2018-03-13</RequestTime>
    <Path>/fdr/pages/generateoutgoingcbcdeclataions.aspx</Path>
    <User>SARSGOV\s2024134</User>
    <Url>http://localhost/fdr/pages/generateoutgoingcbcdeclataions.aspx</Url>
    <Time>16:57:58 PM +02</Time>
  </SystemRequest>
  <SystemRequest>
    <RequestTime>2018-03-13</RequestTime>
    <Path>/fdr/pages/generateoutgoingcbcdeclataions.aspx</Path>
    <User>SARSGOV\s2024134</User>
    <Url>http://localhost/fdr/pages/generateoutgoingcbcdeclataions.aspx</Url>
    <Time>16:58:05 PM +02</Time>
  </SystemRequest>
  <SystemRequest>
    <RequestTime>2018-03-13</RequestTime>
    <Path>/fdr/pages/VerifyOutgoingCBC.aspx</Path>
    <User>SARSGOV\s2024134</User>
    <Url>http://localhost/fdr/pages/VerifyOutgoingCBC.aspx?OutId=AX&amp;Period=2018&amp;Stat=2</Url>
    <Time>16:58:11 PM +02</Time>
  </SystemRequest>
  <SystemRequest>
    <RequestTime>2018-03-13</RequestTime>
    <Path>/FDR/pages/CaseDetails.aspx</Path>
    <User>SARSGOV\s2024134</User>
    <Url>http://localhost/FDR/pages/CaseDetails.aspx</Url>
    <Time>16:58:43 PM +02</Time>
  </SystemRequest>
  <SystemRequest>
    <RequestTime>2018-03-13</RequestTime>
    <Path>/fdr/pages/generateoutgoingcbcdeclataions.aspx</Path>
    <User>SARSGOV\s2024134</User>
    <Url>http://localhost/fdr/pages/generateoutgoingcbcdeclataions.aspx</Url>
    <Time>16:58:47 PM +02</Time>
  </SystemRequest>
  <SystemRequest>
    <RequestTime>2018-03-13</RequestTime>
    <Path>/fdr/pages/generateoutgoingcbcdeclataions.aspx</Path>
    <User>SARSGOV\s2024134</User>
    <Url>http://localhost/fdr/pages/generateoutgoingcbcdeclataions.aspx</Url>
    <Time>16:58:52 PM +02</Time>
  </SystemRequest>
  <SystemRequest>
    <RequestTime>2018-03-13</RequestTime>
    <Path>/fdr/pages/VerifyOutgoingCBC.aspx</Path>
    <User>SARSGOV\s2024134</User>
    <Url>http://localhost/fdr/pages/VerifyOutgoingCBC.aspx?OutId=AX&amp;Period=2018&amp;Stat=2</Url>
    <Time>16:58:55 PM +02</Time>
  </SystemRequest>
  <SystemRequest>
    <RequestTime>2018-03-13</RequestTime>
    <Path>/FDR/pages/CaseDetails.aspx</Path>
    <User>SARSGOV\s2024134</User>
    <Url>http://localhost/FDR/pages/CaseDetails.aspx</Url>
    <Time>16:59:36 PM +02</Time>
  </SystemRequest>
  <SystemRequest>
    <RequestTime>2018-03-13</RequestTime>
    <Path>/fdr/pages/generateoutgoingcbcdeclataions.aspx</Path>
    <User>SARSGOV\s2024134</User>
    <Url>http://localhost/fdr/pages/generateoutgoingcbcdeclataions.aspx</Url>
    <Time>16:59:43 PM +02</Time>
  </SystemRequest>
  <SystemRequest>
    <RequestTime>2018-03-13</RequestTime>
    <Path>/fdr/pages/generateoutgoingcbcdeclataions.aspx</Path>
    <User>SARSGOV\s2024134</User>
    <Url>http://localhost/fdr/pages/generateoutgoingcbcdeclataions.aspx</Url>
    <Time>16:59:49 PM +02</Time>
  </SystemRequest>
  <SystemRequest>
    <RequestTime>2018-03-13</RequestTime>
    <Path>/fdr/pages/VerifyOutgoingCBC.aspx</Path>
    <User>SARSGOV\s2024134</User>
    <Url>http://localhost/fdr/pages/VerifyOutgoingCBC.aspx?xCountry=AX&amp;Period=2014&amp;Stat=5</Url>
    <Time>16:59:54 PM +02</Time>
  </SystemRequest>
  <SystemRequest>
    <RequestTime>2018-03-13</RequestTime>
    <Path>/fdr/pages/VerifyOutgoingCBC.aspx</Path>
    <User>SARSGOV\s2024134</User>
    <Url>http://localhost/fdr/pages/VerifyOutgoingCBC.aspx?xCountry=AX&amp;Period=2014&amp;Stat=5</Url>
    <Time>17:00:07 PM +02</Time>
  </SystemRequest>
</ArrayOfSystemRequest>