<?xml version="1.0" encoding="utf-8"?>
<ArrayOfSystemRequest>
  <SystemRequest>
    <RequestTime>2018-02-09</RequestTime>
    <Path>/FDR/Default.aspx</Path>
    <User>SARSGOV\s2024134</User>
    <Url>http://localhost/FDR/Default.aspx</Url>
    <Time>11:47:55 AM +02</Time>
  </SystemRequest>
  <SystemRequest>
    <RequestTime>2018-02-09</RequestTime>
    <Path>/fdr/pages/uploadmnelist.aspx</Path>
    <User>SARSGOV\s2024134</User>
    <Url>http://localhost/fdr/pages/uploadmnelist.aspx</Url>
    <Time>11:54:28 AM +02</Time>
  </SystemRequest>
  <SystemRequest>
    <RequestTime>2018-02-09</RequestTime>
    <Path>/fdr/pages/managemne.aspx</Path>
    <User>SARSGOV\s2024134</User>
    <Url>http://localhost/fdr/pages/managemne.aspx</Url>
    <Time>11:54:42 AM +02</Time>
  </SystemRequest>
  <SystemRequest>
    <RequestTime>2018-02-09</RequestTime>
    <Path>/FDR/Default.aspx</Path>
    <User>SARSGOV\s2024134</User>
    <Url>http://localhost/FDR/Default.aspx</Url>
    <Time>12:28:23 PM +02</Time>
  </SystemRequest>
  <SystemRequest>
    <RequestTime>2018-02-09</RequestTime>
    <Path>/fdr/pages/managemne.aspx</Path>
    <User>SARSGOV\s2024134</User>
    <Url>http://localhost/fdr/pages/managemne.aspx</Url>
    <Time>12:30:55 PM +02</Time>
  </SystemRequest>
  <SystemRequest>
    <RequestTime>2018-02-09</RequestTime>
    <Path>/fdr/pages/managemne.aspx</Path>
    <User>SARSGOV\s2024134</User>
    <Url>http://localhost/fdr/pages/managemne.aspx</Url>
    <Time>12:31:03 PM +02</Time>
  </SystemRequest>
  <SystemRequest>
    <RequestTime>2018-02-09</RequestTime>
    <Path>/fdr/pages/modifymnedetails.aspx</Path>
    <User>SARSGOV\s2024134</User>
    <Url>http://localhost/fdr/pages/modifymnedetails.aspx?Id=45008</Url>
    <Time>12:31:04 PM +02</Time>
  </SystemRequest>
  <SystemRequest>
    <RequestTime>2018-02-09</RequestTime>
    <Path>/fdr/admin/default2.aspx</Path>
    <User>SARSGOV\s2024134</User>
    <Url>http://localhost/fdr/admin/default2.aspx</Url>
    <Time>12:31:24 PM +02</Time>
  </SystemRequest>
  <SystemRequest>
    <RequestTime>2018-02-09</RequestTime>
    <Path>/fdr/admin/default2.aspx</Path>
    <User>SARSGOV\s2024134</User>
    <Url>http://localhost/fdr/admin/default2.aspx</Url>
    <Time>12:31:48 PM +02</Time>
  </SystemRequest>
  <SystemRequest>
    <RequestTime>2018-02-09</RequestTime>
    <Path>/fdr/admin/default2.aspx</Path>
    <User>SARSGOV\s2024134</User>
    <Url>http://localhost/fdr/admin/default2.aspx</Url>
    <Time>12:35:12 PM +02</Time>
  </SystemRequest>
  <SystemRequest>
    <RequestTime>2018-02-09</RequestTime>
    <Path>/fdr/admin/default2.aspx</Path>
    <User>SARSGOV\s2024134</User>
    <Url>http://localhost/fdr/admin/default2.aspx</Url>
    <Time>12:35:18 PM +02</Time>
  </SystemRequest>
  <SystemRequest>
    <RequestTime>2018-02-09</RequestTime>
    <Path>/fdr/admin/default2.aspx</Path>
    <User>SARSGOV\s2024134</User>
    <Url>http://localhost/fdr/admin/default2.aspx</Url>
    <Time>12:35:50 PM +02</Time>
  </SystemRequest>
  <SystemRequest>
    <RequestTime>2018-02-09</RequestTime>
    <Path>/FDR/Default.aspx</Path>
    <User>SARSGOV\s2024134</User>
    <Url>http://localhost/FDR/Default.aspx</Url>
    <Time>13:50:47 PM +02</Time>
  </SystemRequest>
  <SystemRequest>
    <RequestTime>2018-02-09</RequestTime>
    <Path>/fdr/admin/default2.aspx</Path>
    <User>SARSGOV\s2024134</User>
    <Url>http://localhost/fdr/admin/default2.aspx</Url>
    <Time>13:51:14 PM +02</Time>
  </SystemRequest>
  <SystemRequest>
    <RequestTime>2018-02-09</RequestTime>
    <Path>/fdr/admin/default2.aspx</Path>
    <User>SARSGOV\s2024134</User>
    <Url>http://localhost/fdr/admin/default2.aspx</Url>
    <Time>13:51:26 PM +02</Time>
  </SystemRequest>
  <SystemRequest>
    <RequestTime>2018-02-09</RequestTime>
    <Path>/FDR/Default.aspx</Path>
    <User>SARSGOV\s2024134</User>
    <Url>http://localhost/FDR/Default.aspx</Url>
    <Time>13:52:32 PM +02</Time>
  </SystemRequest>
  <SystemRequest>
    <RequestTime>2018-02-09</RequestTime>
    <Path>/fdr/admin/default2.aspx</Path>
    <User>SARSGOV\s2024134</User>
    <Url>http://localhost/fdr/admin/default2.aspx</Url>
    <Time>13:52:56 PM +02</Time>
  </SystemRequest>
  <SystemRequest>
    <RequestTime>2018-02-09</RequestTime>
    <Path>/fdr/admin/default2.aspx</Path>
    <User>SARSGOV\s2024134</User>
    <Url>http://localhost/fdr/admin/default2.aspx</Url>
    <Time>13:53:53 PM +02</Time>
  </SystemRequest>
  <SystemRequest>
    <RequestTime>2018-02-09</RequestTime>
    <Path>/FDR/Default.aspx</Path>
    <User>SARSGOV\s2024134</User>
    <Url>http://localhost/FDR/Default.aspx</Url>
    <Time>13:56:36 PM +02</Time>
  </SystemRequest>
  <SystemRequest>
    <RequestTime>2018-02-09</RequestTime>
    <Path>/fdr/admin/default2.aspx</Path>
    <User>SARSGOV\s2024134</User>
    <Url>http://localhost/fdr/admin/default2.aspx</Url>
    <Time>13:56:45 PM +02</Time>
  </SystemRequest>
  <SystemRequest>
    <RequestTime>2018-02-09</RequestTime>
    <Path>/fdr/admin/default2.aspx</Path>
    <User>SARSGOV\s2024134</User>
    <Url>http://localhost/fdr/admin/default2.aspx</Url>
    <Time>13:56:51 PM +02</Time>
  </SystemRequest>
  <SystemRequest>
    <RequestTime>2018-02-09</RequestTime>
    <Path>/FDR/Default.aspx</Path>
    <User>SARSGOV\s2024134</User>
    <Url>http://localhost/FDR/Default.aspx</Url>
    <Time>14:03:00 PM +02</Time>
  </SystemRequest>
  <SystemRequest>
    <RequestTime>2018-02-09</RequestTime>
    <Path>/fdr/admin/default2.aspx</Path>
    <User>SARSGOV\s2024134</User>
    <Url>http://localhost/fdr/admin/default2.aspx</Url>
    <Time>14:03:10 PM +02</Time>
  </SystemRequest>
  <SystemRequest>
    <RequestTime>2018-02-09</RequestTime>
    <Path>/fdr/admin/default2.aspx</Path>
    <User>SARSGOV\s2024134</User>
    <Url>http://localhost/fdr/admin/default2.aspx</Url>
    <Time>14:03:22 PM +02</Time>
  </SystemRequest>
  <SystemRequest>
    <RequestTime>2018-02-09</RequestTime>
    <Path>/fdr/admin/default2.aspx</Path>
    <User>SARSGOV\s2024134</User>
    <Url>http://localhost/fdr/admin/default2.aspx</Url>
    <Time>14:05:18 PM +02</Time>
  </SystemRequest>
  <SystemRequest>
    <RequestTime>2018-02-09</RequestTime>
    <Path>/fdr/admin/default2.aspx</Path>
    <User>SARSGOV\s2024134</User>
    <Url>http://localhost/fdr/admin/default2.aspx</Url>
    <Time>14:05:20 PM +02</Time>
  </SystemRequest>
  <SystemRequest>
    <RequestTime>2018-02-09</RequestTime>
    <Path>/FDR/Default.aspx</Path>
    <User>SARSGOV\s2024134</User>
    <Url>http://localhost/FDR/Default.aspx</Url>
    <Time>14:07:12 PM +02</Time>
  </SystemRequest>
  <SystemRequest>
    <RequestTime>2018-02-09</RequestTime>
    <Path>/fdr/admin/default2.aspx</Path>
    <User>SARSGOV\s2024134</User>
    <Url>http://localhost/fdr/admin/default2.aspx</Url>
    <Time>14:07:21 PM +02</Time>
  </SystemRequest>
  <SystemRequest>
    <RequestTime>2018-02-09</RequestTime>
    <Path>/FDR/Default.aspx</Path>
    <User>SARSGOV\s2024134</User>
    <Url>http://localhost/FDR/Default.aspx</Url>
    <Time>14:07:55 PM +02</Time>
  </SystemRequest>
  <SystemRequest>
    <RequestTime>2018-02-09</RequestTime>
    <Path>/fdr/admin/default2.aspx</Path>
    <User>SARSGOV\s2024134</User>
    <Url>http://localhost/fdr/admin/default2.aspx</Url>
    <Time>14:08:29 PM +02</Time>
  </SystemRequest>
  <SystemRequest>
    <RequestTime>2018-02-09</RequestTime>
    <Path>/fdr/admin/default2.aspx</Path>
    <User>SARSGOV\s2024134</User>
    <Url>http://localhost/fdr/admin/default2.aspx</Url>
    <Time>14:08:41 PM +02</Time>
  </SystemRequest>
  <SystemRequest>
    <RequestTime>2018-02-09</RequestTime>
    <Path>/fdr/admin/default2.aspx</Path>
    <User>SARSGOV\s2024134</User>
    <Url>http://localhost/fdr/admin/default2.aspx</Url>
    <Time>14:11:42 PM +02</Time>
  </SystemRequest>
  <SystemRequest>
    <RequestTime>2018-02-09</RequestTime>
    <Path>/fdr/admin/default2.aspx</Path>
    <User>SARSGOV\s2024134</User>
    <Url>http://localhost/fdr/admin/default2.aspx</Url>
    <Time>14:12:01 PM +02</Time>
  </SystemRequest>
  <SystemRequest>
    <RequestTime>2018-02-09</RequestTime>
    <Path>/FDR/Default.aspx</Path>
    <User>SARSGOV\s2024134</User>
    <Url>http://localhost/FDR/Default.aspx</Url>
    <Time>14:12:31 PM +02</Time>
  </SystemRequest>
  <SystemRequest>
    <RequestTime>2018-02-09</RequestTime>
    <Path>/fdr/admin/default2.aspx</Path>
    <User>SARSGOV\s2024134</User>
    <Url>http://localhost/fdr/admin/default2.aspx</Url>
    <Time>14:12:42 PM +02</Time>
  </SystemRequest>
  <SystemRequest>
    <RequestTime>2018-02-09</RequestTime>
    <Path>/fdr/admin/default2.aspx</Path>
    <User>SARSGOV\s2024134</User>
    <Url>http://localhost/fdr/admin/default2.aspx</Url>
    <Time>14:12:53 PM +02</Time>
  </SystemRequest>
  <SystemRequest>
    <RequestTime>2018-02-09</RequestTime>
    <Path>/fdr/admin/default2.aspx</Path>
    <User>SARSGOV\s2024134</User>
    <Url>http://localhost/fdr/admin/default2.aspx</Url>
    <Time>14:12:58 PM +02</Time>
  </SystemRequest>
  <SystemRequest>
    <RequestTime>2018-02-09</RequestTime>
    <Path>/FDR/Default.aspx</Path>
    <User>SARSGOV\s2024134</User>
    <Url>http://localhost/FDR/Default.aspx</Url>
    <Time>14:15:28 PM +02</Time>
  </SystemRequest>
  <SystemRequest>
    <RequestTime>2018-02-09</RequestTime>
    <Path>/fdr/admin/default2.aspx</Path>
    <User>SARSGOV\s2024134</User>
    <Url>http://localhost/fdr/admin/default2.aspx</Url>
    <Time>14:15:33 PM +02</Time>
  </SystemRequest>
  <SystemRequest>
    <RequestTime>2018-02-09</RequestTime>
    <Path>/fdr/admin/default2.aspx</Path>
    <User>SARSGOV\s2024134</User>
    <Url>http://localhost/fdr/admin/default2.aspx</Url>
    <Time>14:15:49 PM +02</Time>
  </SystemRequest>
  <SystemRequest>
    <RequestTime>2018-02-09</RequestTime>
    <Path>/fdr/admin/default2.aspx</Path>
    <User>SARSGOV\s2024134</User>
    <Url>http://localhost/fdr/admin/default2.aspx</Url>
    <Time>14:15:53 PM +02</Time>
  </SystemRequest>
  <SystemRequest>
    <RequestTime>2018-02-09</RequestTime>
    <Path>/fdr/admin/default2.aspx</Path>
    <User>SARSGOV\s2024134</User>
    <Url>http://localhost/fdr/admin/default2.aspx</Url>
    <Time>14:16:07 PM +02</Time>
  </SystemRequest>
  <SystemRequest>
    <RequestTime>2018-02-09</RequestTime>
    <Path>/fdr/admin/default2.aspx</Path>
    <User>SARSGOV\s2024134</User>
    <Url>http://localhost/fdr/admin/default2.aspx</Url>
    <Time>14:16:10 PM +02</Time>
  </SystemRequest>
  <SystemRequest>
    <RequestTime>2018-02-09</RequestTime>
    <Path>/FDR/Default.aspx</Path>
    <User>SARSGOV\s2024134</User>
    <Url>http://localhost/FDR/Default.aspx</Url>
    <Time>14:16:44 PM +02</Time>
  </SystemRequest>
  <SystemRequest>
    <RequestTime>2018-02-09</RequestTime>
    <Path>/fdr/admin/default2.aspx</Path>
    <User>SARSGOV\s2024134</User>
    <Url>http://localhost/fdr/admin/default2.aspx</Url>
    <Time>14:16:58 PM +02</Time>
  </SystemRequest>
  <SystemRequest>
    <RequestTime>2018-02-09</RequestTime>
    <Path>/fdr/admin/default2.aspx</Path>
    <User>SARSGOV\s2024134</User>
    <Url>http://localhost/fdr/admin/default2.aspx</Url>
    <Time>14:17:06 PM +02</Time>
  </SystemRequest>
  <SystemRequest>
    <RequestTime>2018-02-09</RequestTime>
    <Path>/FDR/Default.aspx</Path>
    <User>SARSGOV\s2024134</User>
    <Url>http://localhost/FDR/Default.aspx</Url>
    <Time>14:24:24 PM +02</Time>
  </SystemRequest>
  <SystemRequest>
    <RequestTime>2018-02-09</RequestTime>
    <Path>/fdr/admin/default2.aspx</Path>
    <User>SARSGOV\s2024134</User>
    <Url>http://localhost/fdr/admin/default2.aspx</Url>
    <Time>14:24:31 PM +02</Time>
  </SystemRequest>
  <SystemRequest>
    <RequestTime>2018-02-09</RequestTime>
    <Path>/fdr/admin/default2.aspx</Path>
    <User>SARSGOV\s2024134</User>
    <Url>http://localhost/fdr/admin/default2.aspx</Url>
    <Time>14:25:22 PM +02</Time>
  </SystemRequest>
  <SystemRequest>
    <RequestTime>2018-02-09</RequestTime>
    <Path>/fdr/admin/default2.aspx</Path>
    <User>SARSGOV\s2024134</User>
    <Url>http://localhost/fdr/admin/default2.aspx</Url>
    <Time>14:25:31 PM +02</Time>
  </SystemRequest>
  <SystemRequest>
    <RequestTime>2018-02-09</RequestTime>
    <Path>/FDR/Default.aspx</Path>
    <User>SARSGOV\s2024134</User>
    <Url>http://localhost/FDR/Default.aspx</Url>
    <Time>14:29:47 PM +02</Time>
  </SystemRequest>
  <SystemRequest>
    <RequestTime>2018-02-09</RequestTime>
    <Path>/fdr/admin/default2.aspx</Path>
    <User>SARSGOV\s2024134</User>
    <Url>http://localhost/fdr/admin/default2.aspx</Url>
    <Time>14:29:54 PM +02</Time>
  </SystemRequest>
  <SystemRequest>
    <RequestTime>2018-02-09</RequestTime>
    <Path>/fdr/admin/default2.aspx</Path>
    <User>SARSGOV\s2024134</User>
    <Url>http://localhost/fdr/admin/default2.aspx</Url>
    <Time>14:30:01 PM +02</Time>
  </SystemRequest>
  <SystemRequest>
    <RequestTime>2018-02-09</RequestTime>
    <Path>/fdr/admin/default2.aspx</Path>
    <User>SARSGOV\s2024134</User>
    <Url>http://localhost/fdr/admin/default2.aspx</Url>
    <Time>14:30:04 PM +02</Time>
  </SystemRequest>
  <SystemRequest>
    <RequestTime>2018-02-09</RequestTime>
    <Path>/FDR/Default.aspx</Path>
    <User>SARSGOV\s2024134</User>
    <Url>http://localhost/FDR/Default.aspx</Url>
    <Time>14:40:09 PM +02</Time>
  </SystemRequest>
  <SystemRequest>
    <RequestTime>2018-02-09</RequestTime>
    <Path>/fdr/admin/default2.aspx</Path>
    <User>SARSGOV\s2024134</User>
    <Url>http://localhost/fdr/admin/default2.aspx</Url>
    <Time>14:40:20 PM +02</Time>
  </SystemRequest>
  <SystemRequest>
    <RequestTime>2018-02-09</RequestTime>
    <Path>/fdr/admin/default2.aspx</Path>
    <User>SARSGOV\s2024134</User>
    <Url>http://localhost/fdr/admin/default2.aspx</Url>
    <Time>14:40:28 PM +02</Time>
  </SystemRequest>
  <SystemRequest>
    <RequestTime>2018-02-09</RequestTime>
    <Path>/fdr/admin/default2.aspx</Path>
    <User>SARSGOV\s2024134</User>
    <Url>http://localhost/fdr/admin/default2.aspx</Url>
    <Time>14:40:30 PM +02</Time>
  </SystemRequest>
  <SystemRequest>
    <RequestTime>2018-02-09</RequestTime>
    <Path>/FDR/Default.aspx</Path>
    <User>SARSGOV\s2024134</User>
    <Url>http://localhost/FDR/Default.aspx</Url>
    <Time>15:20:23 PM +02</Time>
  </SystemRequest>
  <SystemRequest>
    <RequestTime>2018-02-09</RequestTime>
    <Path>/fdr/admin/default2.aspx</Path>
    <User>SARSGOV\s2024134</User>
    <Url>http://localhost/fdr/admin/default2.aspx</Url>
    <Time>15:20:49 PM +02</Time>
  </SystemRequest>
  <SystemRequest>
    <RequestTime>2018-02-09</RequestTime>
    <Path>/fdr/admin/default2.aspx</Path>
    <User>SARSGOV\s2024134</User>
    <Url>http://localhost/fdr/admin/default2.aspx</Url>
    <Time>15:20:58 PM +02</Time>
  </SystemRequest>
  <SystemRequest>
    <RequestTime>2018-02-09</RequestTime>
    <Path>/fdr/admin/default2.aspx</Path>
    <User>SARSGOV\s2024134</User>
    <Url>http://localhost/fdr/admin/default2.aspx</Url>
    <Time>15:21:01 PM +02</Time>
  </SystemRequest>
  <SystemRequest>
    <RequestTime>2018-02-09</RequestTime>
    <Path>/FDR/Default.aspx</Path>
    <User>SARSGOV\s2024134</User>
    <Url>http://localhost/FDR/Default.aspx</Url>
    <Time>15:22:38 PM +02</Time>
  </SystemRequest>
  <SystemRequest>
    <RequestTime>2018-02-09</RequestTime>
    <Path>/fdr/admin/default2.aspx</Path>
    <User>SARSGOV\s2024134</User>
    <Url>http://localhost/fdr/admin/default2.aspx</Url>
    <Time>15:22:44 PM +02</Time>
  </SystemRequest>
  <SystemRequest>
    <RequestTime>2018-02-09</RequestTime>
    <Path>/fdr/admin/default2.aspx</Path>
    <User>SARSGOV\s2024134</User>
    <Url>http://localhost/fdr/admin/default2.aspx</Url>
    <Time>15:22:52 PM +02</Time>
  </SystemRequest>
  <SystemRequest>
    <RequestTime>2018-02-09</RequestTime>
    <Path>/fdr/admin/default2.aspx</Path>
    <User>SARSGOV\s2024134</User>
    <Url>http://localhost/fdr/admin/default2.aspx</Url>
    <Time>15:22:54 PM +02</Time>
  </SystemRequest>
  <SystemRequest>
    <RequestTime>2018-02-09</RequestTime>
    <Path>/FDR/Default.aspx</Path>
    <User>SARSGOV\s2024134</User>
    <Url>http://localhost/FDR/Default.aspx</Url>
    <Time>15:24:43 PM +02</Time>
  </SystemRequest>
  <SystemRequest>
    <RequestTime>2018-02-09</RequestTime>
    <Path>/fdr/admin/default2.aspx</Path>
    <User>SARSGOV\s2024134</User>
    <Url>http://localhost/fdr/admin/default2.aspx</Url>
    <Time>15:24:47 PM +02</Time>
  </SystemRequest>
  <SystemRequest>
    <RequestTime>2018-02-09</RequestTime>
    <Path>/fdr/admin/default2.aspx</Path>
    <User>SARSGOV\s2024134</User>
    <Url>http://localhost/fdr/admin/default2.aspx</Url>
    <Time>15:24:53 PM +02</Time>
  </SystemRequest>
  <SystemRequest>
    <RequestTime>2018-02-09</RequestTime>
    <Path>/fdr/admin/default2.aspx</Path>
    <User>SARSGOV\s2024134</User>
    <Url>http://localhost/fdr/admin/default2.aspx</Url>
    <Time>15:24:56 PM +02</Time>
  </SystemRequest>
  <SystemRequest>
    <RequestTime>2018-02-09</RequestTime>
    <Path>/FDR/Default.aspx</Path>
    <User>SARSGOV\s2024134</User>
    <Url>http://localhost/FDR/Default.aspx</Url>
    <Time>15:25:45 PM +02</Time>
  </SystemRequest>
  <SystemRequest>
    <RequestTime>2018-02-09</RequestTime>
    <Path>/fdr/admin/default2.aspx</Path>
    <User>SARSGOV\s2024134</User>
    <Url>http://localhost/fdr/admin/default2.aspx</Url>
    <Time>15:25:54 PM +02</Time>
  </SystemRequest>
  <SystemRequest>
    <RequestTime>2018-02-09</RequestTime>
    <Path>/fdr/admin/default2.aspx</Path>
    <User>SARSGOV\s2024134</User>
    <Url>http://localhost/fdr/admin/default2.aspx</Url>
    <Time>15:25:59 PM +02</Time>
  </SystemRequest>
  <SystemRequest>
    <RequestTime>2018-02-09</RequestTime>
    <Path>/fdr/admin/default2.aspx</Path>
    <User>SARSGOV\s2024134</User>
    <Url>http://localhost/fdr/admin/default2.aspx</Url>
    <Time>15:26:01 PM +02</Time>
  </SystemRequest>
  <SystemRequest>
    <RequestTime>2018-02-09</RequestTime>
    <Path>/FDR/Default.aspx</Path>
    <User>SARSGOV\s2024134</User>
    <Url>http://localhost/FDR/Default.aspx</Url>
    <Time>15:38:05 PM +02</Time>
  </SystemRequest>
  <SystemRequest>
    <RequestTime>2018-02-09</RequestTime>
    <Path>/fdr/admin/default2.aspx</Path>
    <User>SARSGOV\s2024134</User>
    <Url>http://localhost/fdr/admin/default2.aspx</Url>
    <Time>15:38:12 PM +02</Time>
  </SystemRequest>
  <SystemRequest>
    <RequestTime>2018-02-09</RequestTime>
    <Path>/FDR/Default.aspx</Path>
    <User>SARSGOV\s2024134</User>
    <Url>http://localhost/FDR/Default.aspx</Url>
    <Time>15:40:16 PM +02</Time>
  </SystemRequest>
  <SystemRequest>
    <RequestTime>2018-02-09</RequestTime>
    <Path>/fdr/admin/default2.aspx</Path>
    <User>SARSGOV\s2024134</User>
    <Url>http://localhost/fdr/admin/default2.aspx</Url>
    <Time>15:40:34 PM +02</Time>
  </SystemRequest>
  <SystemRequest>
    <RequestTime>2018-02-09</RequestTime>
    <Path>/fdr/admin/default2.aspx</Path>
    <User>SARSGOV\s2024134</User>
    <Url>http://localhost/fdr/admin/default2.aspx</Url>
    <Time>15:40:47 PM +02</Time>
  </SystemRequest>
  <SystemRequest>
    <RequestTime>2018-02-09</RequestTime>
    <Path>/fdr/admin/default2.aspx</Path>
    <User>SARSGOV\s2024134</User>
    <Url>http://localhost/fdr/admin/default2.aspx</Url>
    <Time>15:41:09 PM +02</Time>
  </SystemRequest>
  <SystemRequest>
    <RequestTime>2018-02-09</RequestTime>
    <Path>/fdr/admin/default2.aspx</Path>
    <User>SARSGOV\s2024134</User>
    <Url>http://localhost/fdr/admin/default2.aspx</Url>
    <Time>15:41:11 PM +02</Time>
  </SystemRequest>
  <SystemRequest>
    <RequestTime>2018-02-09</RequestTime>
    <Path>/fdr/admin/default2.aspx</Path>
    <User>SARSGOV\s2024134</User>
    <Url>http://localhost/fdr/admin/default2.aspx</Url>
    <Time>15:41:26 PM +02</Time>
  </SystemRequest>
  <SystemRequest>
    <RequestTime>2018-02-09</RequestTime>
    <Path>/fdr/admin/default2.aspx</Path>
    <User>SARSGOV\s2024134</User>
    <Url>http://localhost/fdr/admin/default2.aspx</Url>
    <Time>15:41:27 PM +02</Time>
  </SystemRequest>
  <SystemRequest>
    <RequestTime>2018-02-09</RequestTime>
    <Path>/fdr/admin/default2.aspx</Path>
    <User>SARSGOV\s2024134</User>
    <Url>http://localhost/fdr/admin/default2.aspx</Url>
    <Time>15:41:28 PM +02</Time>
  </SystemRequest>
  <SystemRequest>
    <RequestTime>2018-02-09</RequestTime>
    <Path>/fdr/admin/default2.aspx</Path>
    <User>SARSGOV\s2024134</User>
    <Url>http://localhost/fdr/admin/default2.aspx</Url>
    <Time>15:41:29 PM +02</Time>
  </SystemRequest>
  <SystemRequest>
    <RequestTime>2018-02-09</RequestTime>
    <Path>/fdr/admin/default2.aspx</Path>
    <User>SARSGOV\s2024134</User>
    <Url>http://localhost/fdr/admin/default2.aspx</Url>
    <Time>15:41:30 PM +02</Time>
  </SystemRequest>
  <SystemRequest>
    <RequestTime>2018-02-09</RequestTime>
    <Path>/fdr/admin/default2.aspx</Path>
    <User>SARSGOV\s2024134</User>
    <Url>http://localhost/fdr/admin/default2.aspx</Url>
    <Time>15:41:30 PM +02</Time>
  </SystemRequest>
  <SystemRequest>
    <RequestTime>2018-02-09</RequestTime>
    <Path>/fdr/admin/default2.aspx</Path>
    <User>SARSGOV\s2024134</User>
    <Url>http://localhost/fdr/admin/default2.aspx</Url>
    <Time>15:41:31 PM +02</Time>
  </SystemRequest>
  <SystemRequest>
    <RequestTime>2018-02-09</RequestTime>
    <Path>/fdr/admin/default2.aspx</Path>
    <User>SARSGOV\s2024134</User>
    <Url>http://localhost/fdr/admin/default2.aspx</Url>
    <Time>15:41:32 PM +02</Time>
  </SystemRequest>
  <SystemRequest>
    <RequestTime>2018-02-09</RequestTime>
    <Path>/fdr/admin/default2.aspx</Path>
    <User>SARSGOV\s2024134</User>
    <Url>http://localhost/fdr/admin/default2.aspx</Url>
    <Time>15:41:32 PM +02</Time>
  </SystemRequest>
  <SystemRequest>
    <RequestTime>2018-02-09</RequestTime>
    <Path>/fdr/admin/default2.aspx</Path>
    <User>SARSGOV\s2024134</User>
    <Url>http://localhost/fdr/admin/default2.aspx</Url>
    <Time>15:41:33 PM +02</Time>
  </SystemRequest>
  <SystemRequest>
    <RequestTime>2018-02-09</RequestTime>
    <Path>/fdr/admin/default2.aspx</Path>
    <User>SARSGOV\s2024134</User>
    <Url>http://localhost/fdr/admin/default2.aspx</Url>
    <Time>15:41:43 PM +02</Time>
  </SystemRequest>
  <SystemRequest>
    <RequestTime>2018-02-09</RequestTime>
    <Path>/FDR/Default.aspx</Path>
    <User>SARSGOV\s2024134</User>
    <Url>http://localhost/FDR/Default.aspx</Url>
    <Time>15:42:28 PM +02</Time>
  </SystemRequest>
  <SystemRequest>
    <RequestTime>2018-02-09</RequestTime>
    <Path>/fdr/admin/default2.aspx</Path>
    <User>SARSGOV\s2024134</User>
    <Url>http://localhost/fdr/admin/default2.aspx</Url>
    <Time>15:42:42 PM +02</Time>
  </SystemRequest>
  <SystemRequest>
    <RequestTime>2018-02-09</RequestTime>
    <Path>/fdr/admin/default2.aspx</Path>
    <User>SARSGOV\s2024134</User>
    <Url>http://localhost/fdr/admin/default2.aspx</Url>
    <Time>15:42:47 PM +02</Time>
  </SystemRequest>
  <SystemRequest>
    <RequestTime>2018-02-09</RequestTime>
    <Path>/fdr/admin/default2.aspx</Path>
    <User>SARSGOV\s2024134</User>
    <Url>http://localhost/fdr/admin/default2.aspx</Url>
    <Time>15:43:07 PM +02</Time>
  </SystemRequest>
  <SystemRequest>
    <RequestTime>2018-02-09</RequestTime>
    <Path>/FDR/Default.aspx</Path>
    <User>SARSGOV\s2024134</User>
    <Url>http://localhost/FDR/Default.aspx</Url>
    <Time>15:49:38 PM +02</Time>
  </SystemRequest>
  <SystemRequest>
    <RequestTime>2018-02-09</RequestTime>
    <Path>/fdr/admin/default2.aspx</Path>
    <User>SARSGOV\s2024134</User>
    <Url>http://localhost/fdr/admin/default2.aspx</Url>
    <Time>15:50:17 PM +02</Time>
  </SystemRequest>
  <SystemRequest>
    <RequestTime>2018-02-09</RequestTime>
    <Path>/fdr/admin/default2.aspx</Path>
    <User>SARSGOV\s2024134</User>
    <Url>http://localhost/fdr/admin/default2.aspx</Url>
    <Time>15:54:38 PM +02</Time>
  </SystemRequest>
  <SystemRequest>
    <RequestTime>2018-02-09</RequestTime>
    <Path>/fdr/admin/default2.aspx</Path>
    <User>SARSGOV\s2024134</User>
    <Url>http://localhost/fdr/admin/default2.aspx</Url>
    <Time>15:54:44 PM +02</Time>
  </SystemRequest>
  <SystemRequest>
    <RequestTime>2018-02-09</RequestTime>
    <Path>/fdr/admin/default2.aspx</Path>
    <User>SARSGOV\s2024134</User>
    <Url>http://localhost/fdr/admin/default2.aspx</Url>
    <Time>15:54:46 PM +02</Time>
  </SystemRequest>
  <SystemRequest>
    <RequestTime>2018-02-09</RequestTime>
    <Path>/fdr/admin/default2.aspx</Path>
    <User>SARSGOV\s2024134</User>
    <Url>http://localhost/fdr/admin/default2.aspx</Url>
    <Time>15:56:08 PM +02</Time>
  </SystemRequest>
  <SystemRequest>
    <RequestTime>2018-02-09</RequestTime>
    <Path>/fdr/admin/default2.aspx</Path>
    <User>SARSGOV\s2024134</User>
    <Url>http://localhost/fdr/admin/default2.aspx</Url>
    <Time>15:56:29 PM +02</Time>
  </SystemRequest>
  <SystemRequest>
    <RequestTime>2018-02-09</RequestTime>
    <Path>/fdr/admin/default2.aspx</Path>
    <User>SARSGOV\s2024134</User>
    <Url>http://localhost/fdr/admin/default2.aspx</Url>
    <Time>15:56:31 PM +02</Time>
  </SystemRequest>
  <SystemRequest>
    <RequestTime>2018-02-09</RequestTime>
    <Path>/FDR/Default.aspx</Path>
    <User>SARSGOV\s2024134</User>
    <Url>http://localhost/FDR/Default.aspx</Url>
    <Time>16:12:05 PM +02</Time>
  </SystemRequest>
  <SystemRequest>
    <RequestTime>2018-02-09</RequestTime>
    <Path>/fdr/admin/default2.aspx</Path>
    <User>SARSGOV\s2024134</User>
    <Url>http://localhost/fdr/admin/default2.aspx</Url>
    <Time>16:12:28 PM +02</Time>
  </SystemRequest>
  <SystemRequest>
    <RequestTime>2018-02-09</RequestTime>
    <Path>/fdr/admin/default2.aspx</Path>
    <User>SARSGOV\s2024134</User>
    <Url>http://localhost/fdr/admin/default2.aspx</Url>
    <Time>16:12:56 PM +02</Time>
  </SystemRequest>
  <SystemRequest>
    <RequestTime>2018-02-09</RequestTime>
    <Path>/fdr/admin/default2.aspx</Path>
    <User>SARSGOV\s2024134</User>
    <Url>http://localhost/fdr/admin/default2.aspx</Url>
    <Time>16:12:57 PM +02</Time>
  </SystemRequest>
  <SystemRequest>
    <RequestTime>2018-02-09</RequestTime>
    <Path>/FDR/Default.aspx</Path>
    <User>SARSGOV\s2024134</User>
    <Url>http://localhost/FDR/Default.aspx</Url>
    <Time>16:15:01 PM +02</Time>
  </SystemRequest>
  <SystemRequest>
    <RequestTime>2018-02-09</RequestTime>
    <Path>/fdr/admin/default2.aspx</Path>
    <User>SARSGOV\s2024134</User>
    <Url>http://localhost/fdr/admin/default2.aspx</Url>
    <Time>16:15:09 PM +02</Time>
  </SystemRequest>
  <SystemRequest>
    <RequestTime>2018-02-09</RequestTime>
    <Path>/fdr/admin/default2.aspx</Path>
    <User>SARSGOV\s2024134</User>
    <Url>http://localhost/fdr/admin/default2.aspx</Url>
    <Time>16:15:21 PM +02</Time>
  </SystemRequest>
  <SystemRequest>
    <RequestTime>2018-02-09</RequestTime>
    <Path>/fdr/admin/default2.aspx</Path>
    <User>SARSGOV\s2024134</User>
    <Url>http://localhost/fdr/admin/default2.aspx</Url>
    <Time>16:15:23 PM +02</Time>
  </SystemRequest>
  <SystemRequest>
    <RequestTime>2018-02-09</RequestTime>
    <Path>/fdr/admin/default2.aspx</Path>
    <User>SARSGOV\s2024134</User>
    <Url>http://localhost/fdr/admin/default2.aspx</Url>
    <Time>16:18:56 PM +02</Time>
  </SystemRequest>
  <SystemRequest>
    <RequestTime>2018-02-09</RequestTime>
    <Path>/FDR/Default.aspx</Path>
    <User>SARSGOV\s2024134</User>
    <Url>http://localhost/FDR/Default.aspx</Url>
    <Time>17:05:35 PM +02</Time>
  </SystemRequest>
  <SystemRequest>
    <RequestTime>2018-02-09</RequestTime>
    <Path>/fdr/pages/managemne.aspx</Path>
    <User>SARSGOV\s2024134</User>
    <Url>http://localhost/fdr/pages/managemne.aspx</Url>
    <Time>17:06:32 PM +02</Time>
  </SystemRequest>
  <SystemRequest>
    <RequestTime>2018-02-09</RequestTime>
    <Path>/fdr/pages/managemne.aspx</Path>
    <User>SARSGOV\s2024134</User>
    <Url>http://localhost/fdr/pages/managemne.aspx</Url>
    <Time>17:06:37 PM +02</Time>
  </SystemRequest>
  <SystemRequest>
    <RequestTime>2018-02-09</RequestTime>
    <Path>/fdr/pages/managemne.aspx</Path>
    <User>SARSGOV\s2024134</User>
    <Url>http://localhost/fdr/pages/managemne.aspx</Url>
    <Time>17:06:56 PM +02</Time>
  </SystemRequest>
  <SystemRequest>
    <RequestTime>2018-02-09</RequestTime>
    <Path>/fdr/pages/managemne.aspx</Path>
    <User>SARSGOV\s2024134</User>
    <Url>http://localhost/fdr/pages/managemne.aspx</Url>
    <Time>17:06:58 PM +02</Time>
  </SystemRequest>
  <SystemRequest>
    <RequestTime>2018-02-09</RequestTime>
    <Path>/fdr/pages/managemne.aspx</Path>
    <User>SARSGOV\s2024134</User>
    <Url>http://localhost/fdr/pages/managemne.aspx</Url>
    <Time>17:07:09 PM +02</Time>
  </SystemRequest>
  <SystemRequest>
    <RequestTime>2018-02-09</RequestTime>
    <Path>/fdr/pages/modifymnedetails.aspx</Path>
    <User>SARSGOV\s2024134</User>
    <Url>http://localhost/fdr/pages/modifymnedetails.aspx?Id=45008</Url>
    <Time>17:07:10 PM +02</Time>
  </SystemRequest>
  <SystemRequest>
    <RequestTime>2018-02-09</RequestTime>
    <Path>/fdr/admin/default2.aspx</Path>
    <User>SARSGOV\s2024134</User>
    <Url>http://localhost/fdr/admin/default2.aspx</Url>
    <Time>17:08:47 PM +02</Time>
  </SystemRequest>
  <SystemRequest>
    <RequestTime>2018-02-09</RequestTime>
    <Path>/fdr/admin/default2.aspx</Path>
    <User>SARSGOV\s2024134</User>
    <Url>http://localhost/fdr/admin/default2.aspx</Url>
    <Time>17:09:11 PM +02</Time>
  </SystemRequest>
  <SystemRequest>
    <RequestTime>2018-02-09</RequestTime>
    <Path>/fdr/admin/default2.aspx</Path>
    <User>SARSGOV\s2024134</User>
    <Url>http://localhost/fdr/admin/default2.aspx</Url>
    <Time>17:09:17 PM +02</Time>
  </SystemRequest>
  <SystemRequest>
    <RequestTime>2018-02-09</RequestTime>
    <Path>/fdr/admin/default2.aspx</Path>
    <User>SARSGOV\s2024134</User>
    <Url>http://localhost/fdr/admin/default2.aspx</Url>
    <Time>17:09:22 PM +02</Time>
  </SystemRequest>
  <SystemRequest>
    <RequestTime>2018-02-09</RequestTime>
    <Path>/fdr/admin/default2.aspx</Path>
    <User>SARSGOV\s2024134</User>
    <Url>http://localhost/fdr/admin/default2.aspx</Url>
    <Time>17:09:25 PM +02</Time>
  </SystemRequest>
</ArrayOfSystemRequest>