<?xml version="1.0" encoding="utf-8"?>
<ArrayOfSystemRequest>
  <SystemRequest>
    <RequestTime>2018-02-27</RequestTime>
    <Path>/FDR/pages/ApproveOutgoinCBC.aspx</Path>
    <User>SARSGOV\S2024134</User>
    <Url>http://localhost/FDR/pages/ApproveOutgoinCBC.aspx</Url>
    <Time>09:53:45 AM +02</Time>
  </SystemRequest>
  <SystemRequest>
    <RequestTime>2018-02-27</RequestTime>
    <Path>/FDR/secureurl/AccessFunctionDenied.aspx</Path>
    <User>SARSGOV\S2024134</User>
    <Url>http://localhost/FDR/secureurl/AccessFunctionDenied.aspx?func=Approve Outgoing CBCR</Url>
    <Time>09:53:48 AM +02</Time>
  </SystemRequest>
  <SystemRequest>
    <RequestTime>2018-02-27</RequestTime>
    <Path>/fdr/admin/default2.aspx</Path>
    <User>SARSGOV\S2024134</User>
    <Url>http://localhost/fdr/admin/default2.aspx</Url>
    <Time>09:54:04 AM +02</Time>
  </SystemRequest>
  <SystemRequest>
    <RequestTime>2018-02-27</RequestTime>
    <Path>/fdr/admin/default2.aspx</Path>
    <User>SARSGOV\S2024134</User>
    <Url>http://localhost/fdr/admin/default2.aspx</Url>
    <Time>09:55:02 AM +02</Time>
  </SystemRequest>
  <SystemRequest>
    <RequestTime>2018-02-27</RequestTime>
    <Path>/fdr/admin/default2.aspx</Path>
    <User>SARSGOV\S2024134</User>
    <Url>http://localhost/fdr/admin/default2.aspx</Url>
    <Time>09:55:04 AM +02</Time>
  </SystemRequest>
  <SystemRequest>
    <RequestTime>2018-02-27</RequestTime>
    <Path>/fdr/Default.aspx</Path>
    <User>SARSGOV\S2024134</User>
    <Url>http://localhost/fdr/Default.aspx</Url>
    <Time>09:55:07 AM +02</Time>
  </SystemRequest>
  <SystemRequest>
    <RequestTime>2018-02-27</RequestTime>
    <Path>/fdr/allocate/default.aspx</Path>
    <User>SARSGOV\S2024134</User>
    <Url>http://localhost/fdr/allocate/default.aspx</Url>
    <Time>09:55:16 AM +02</Time>
  </SystemRequest>
  <SystemRequest>
    <RequestTime>2018-02-27</RequestTime>
    <Path>/fdr/pages/incomingcbcdeclataions.aspx</Path>
    <User>SARSGOV\S2024134</User>
    <Url>http://localhost/fdr/pages/incomingcbcdeclataions.aspx?new=0</Url>
    <Time>09:55:29 AM +02</Time>
  </SystemRequest>
  <SystemRequest>
    <RequestTime>2018-02-27</RequestTime>
    <Path>/fdr/pages/incomingcbcdeclataions.aspx</Path>
    <User>SARSGOV\S2024134</User>
    <Url>http://localhost/fdr/pages/incomingcbcdeclataions.aspx?new=0</Url>
    <Time>09:55:59 AM +02</Time>
  </SystemRequest>
  <SystemRequest>
    <RequestTime>2018-02-27</RequestTime>
    <Path>/FDR/pages/cbcForm.aspx</Path>
    <User>SARSGOV\S2024134</User>
    <Url>http://localhost/FDR/pages/cbcForm.aspx?refno=9226813153&amp;year=2018&amp;bck=L2Zkci9wYWdlcy9pbmNvbWluZ2NiY2RlY2xhdGFpb25zLmFzcHg/bmV3PTA=</Url>
    <Time>09:56:00 AM +02</Time>
  </SystemRequest>
  <SystemRequest>
    <RequestTime>2018-02-27</RequestTime>
    <Path>/FDR/mnelistservice.asmx/GetCBCDataByTaxRefNo</Path>
    <User>SARSGOV\S2024134</User>
    <Url>http://localhost/FDR/mnelistservice.asmx/GetCBCDataByTaxRefNo</Url>
    <Time>09:56:01 AM +02</Time>
  </SystemRequest>
  <SystemRequest>
    <RequestTime>2018-02-27</RequestTime>
    <Path>/FDR/Default.aspx</Path>
    <User>SARSGOV\S2024134</User>
    <Url>http://localhost/FDR/Default.aspx</Url>
    <Time>09:56:47 AM +02</Time>
  </SystemRequest>
  <SystemRequest>
    <RequestTime>2018-02-27</RequestTime>
    <Path>/fdr/pages/incomingcbcdeclataions.aspx</Path>
    <User>SARSGOV\S2024134</User>
    <Url>http://localhost/fdr/pages/incomingcbcdeclataions.aspx?new=0</Url>
    <Time>09:56:51 AM +02</Time>
  </SystemRequest>
  <SystemRequest>
    <RequestTime>2018-02-27</RequestTime>
    <Path>/fdr/pages/incomingcbcdeclataions.aspx</Path>
    <User>SARSGOV\S2024134</User>
    <Url>http://localhost/fdr/pages/incomingcbcdeclataions.aspx?new=1</Url>
    <Time>09:56:55 AM +02</Time>
  </SystemRequest>
  <SystemRequest>
    <RequestTime>2018-02-27</RequestTime>
    <Path>/fdr/pages/viewsubmissions.aspx</Path>
    <User>SARSGOV\S2024134</User>
    <Url>http://localhost/fdr/pages/viewsubmissions.aspx</Url>
    <Time>09:57:58 AM +02</Time>
  </SystemRequest>
  <SystemRequest>
    <RequestTime>2018-02-27</RequestTime>
    <Path>/fdr/pages/inprogress.aspx</Path>
    <User>SARSGOV\S2024134</User>
    <Url>http://localhost/fdr/pages/inprogress.aspx</Url>
    <Time>09:58:44 AM +02</Time>
  </SystemRequest>
  <SystemRequest>
    <RequestTime>2018-02-27</RequestTime>
    <Path>/fdr/pages/acceptedsubmissions.aspx</Path>
    <User>SARSGOV\S2024134</User>
    <Url>http://localhost/fdr/pages/acceptedsubmissions.aspx</Url>
    <Time>09:59:11 AM +02</Time>
  </SystemRequest>
  <SystemRequest>
    <RequestTime>2018-02-27</RequestTime>
    <Path>/fdr/pages/acceptedwithwarnings.aspx</Path>
    <User>SARSGOV\S2024134</User>
    <Url>http://localhost/fdr/pages/acceptedwithwarnings.aspx</Url>
    <Time>09:59:14 AM +02</Time>
  </SystemRequest>
  <SystemRequest>
    <RequestTime>2018-02-27</RequestTime>
    <Path>/fdr/pages/declinedsubmissions.aspx</Path>
    <User>SARSGOV\S2024134</User>
    <Url>http://localhost/fdr/pages/declinedsubmissions.aspx</Url>
    <Time>09:59:17 AM +02</Time>
  </SystemRequest>
  <SystemRequest>
    <RequestTime>2018-02-27</RequestTime>
    <Path>/fdr/secureurl/menu.aspx</Path>
    <User>SARSGOV\S2024134</User>
    <Url>http://localhost/fdr/secureurl/menu.aspx</Url>
    <Time>10:38:05 AM +02</Time>
  </SystemRequest>
  <SystemRequest>
    <RequestTime>2018-02-27</RequestTime>
    <Path>/fdr/secureurl/ViewRoles.aspx</Path>
    <User>SARSGOV\S2024134</User>
    <Url>http://localhost/fdr/secureurl/ViewRoles.aspx</Url>
    <Time>10:38:15 AM +02</Time>
  </SystemRequest>
  <SystemRequest>
    <RequestTime>2018-02-27</RequestTime>
    <Path>/fdr/secureurl/menu.aspx</Path>
    <User>SARSGOV\S2024134</User>
    <Url>http://localhost/fdr/secureurl/menu.aspx</Url>
    <Time>10:38:24 AM +02</Time>
  </SystemRequest>
  <SystemRequest>
    <RequestTime>2018-02-27</RequestTime>
    <Path>/fdr/secureurl/AssignUserToRole.aspx</Path>
    <User>SARSGOV\S2024134</User>
    <Url>http://localhost/fdr/secureurl/AssignUserToRole.aspx</Url>
    <Time>10:38:36 AM +02</Time>
  </SystemRequest>
  <SystemRequest>
    <RequestTime>2018-02-27</RequestTime>
    <Path>/fdr/secureurl/sarsactivedirectoryuserservice.asmx</Path>
    <User>SARSGOV\S2024134</User>
    <Url>http://localhost/fdr/secureurl/sarsactivedirectoryuserservice.asmx</Url>
    <Time>10:38:43 AM +02</Time>
  </SystemRequest>
  <SystemRequest>
    <RequestTime>2018-02-27</RequestTime>
    <Path>/fdr/secureurl/sarsactivedirectoryuserservice.asmx</Path>
    <User>SARSGOV\S2024134</User>
    <Url>http://localhost/fdr/secureurl/sarsactivedirectoryuserservice.asmx</Url>
    <Time>10:38:48 AM +02</Time>
  </SystemRequest>
  <SystemRequest>
    <RequestTime>2018-02-27</RequestTime>
    <Path>/fdr/secureurl/sarsactivedirectoryuserservice.asmx</Path>
    <User>SARSGOV\S2024134</User>
    <Url>http://localhost/fdr/secureurl/sarsactivedirectoryuserservice.asmx</Url>
    <Time>10:38:48 AM +02</Time>
  </SystemRequest>
  <SystemRequest>
    <RequestTime>2018-02-27</RequestTime>
    <Path>/fdr/secureurl/sarsactivedirectoryuserservice.asmx</Path>
    <User>SARSGOV\S2024134</User>
    <Url>http://localhost/fdr/secureurl/sarsactivedirectoryuserservice.asmx</Url>
    <Time>10:38:50 AM +02</Time>
  </SystemRequest>
  <SystemRequest>
    <RequestTime>2018-02-27</RequestTime>
    <Path>/fdr/secureurl/AssignUserToRole.aspx</Path>
    <User>SARSGOV\S2024134</User>
    <Url>http://localhost/fdr/secureurl/AssignUserToRole.aspx</Url>
    <Time>10:38:57 AM +02</Time>
  </SystemRequest>
  <SystemRequest>
    <RequestTime>2018-02-27</RequestTime>
    <Path>/fdr/secureurl/AssignUserToRole.aspx</Path>
    <User>SARSGOV\S2024134</User>
    <Url>http://localhost/fdr/secureurl/AssignUserToRole.aspx</Url>
    <Time>10:39:05 AM +02</Time>
  </SystemRequest>
  <SystemRequest>
    <RequestTime>2018-02-27</RequestTime>
    <Path>/fdr/Default.aspx</Path>
    <User>SARSGOV\S2024134</User>
    <Url>http://localhost/fdr/Default.aspx</Url>
    <Time>10:39:08 AM +02</Time>
  </SystemRequest>
  <SystemRequest>
    <RequestTime>2018-02-27</RequestTime>
    <Path>/fdr/pages/generateoutgoingcbcdeclataions.aspx</Path>
    <User>SARSGOV\S2024134</User>
    <Url>http://localhost/fdr/pages/generateoutgoingcbcdeclataions.aspx</Url>
    <Time>10:39:16 AM +02</Time>
  </SystemRequest>
  <SystemRequest>
    <RequestTime>2018-02-27</RequestTime>
    <Path>/fdr/pages/generateoutgoingcbcdeclataions.aspx</Path>
    <User>SARSGOV\S2024134</User>
    <Url>http://localhost/fdr/pages/generateoutgoingcbcdeclataions.aspx</Url>
    <Time>10:39:47 AM +02</Time>
  </SystemRequest>
  <SystemRequest>
    <RequestTime>2018-02-27</RequestTime>
    <Path>/fdr/pages/generateoutgoingcbcdeclataions.aspx</Path>
    <User>SARSGOV\S2024134</User>
    <Url>http://localhost/fdr/pages/generateoutgoingcbcdeclataions.aspx</Url>
    <Time>10:39:56 AM +02</Time>
  </SystemRequest>
  <SystemRequest>
    <RequestTime>2018-02-27</RequestTime>
    <Path>/fdr/pages/generateoutgoingcbcdeclataions.aspx</Path>
    <User>SARSGOV\S2024134</User>
    <Url>http://localhost/fdr/pages/generateoutgoingcbcdeclataions.aspx</Url>
    <Time>10:40:12 AM +02</Time>
  </SystemRequest>
  <SystemRequest>
    <RequestTime>2018-02-27</RequestTime>
    <Path>/fdr/pages/generateoutgoingcbcdeclataions.aspx</Path>
    <User>SARSGOV\S2024134</User>
    <Url>http://localhost/fdr/pages/generateoutgoingcbcdeclataions.aspx</Url>
    <Time>10:40:21 AM +02</Time>
  </SystemRequest>
  <SystemRequest>
    <RequestTime>2018-02-27</RequestTime>
    <Path>/fdr/pages/VerifyOutgoingCBC.aspx</Path>
    <User>SARSGOV\S2024134</User>
    <Url>http://localhost/fdr/pages/VerifyOutgoingCBC.aspx?OutId=2&amp;Period=2017&amp;Stat=2</Url>
    <Time>10:40:21 AM +02</Time>
  </SystemRequest>
  <SystemRequest>
    <RequestTime>2018-02-27</RequestTime>
    <Path>/fdr/pages/VerifyOutgoingCBC.aspx</Path>
    <User>SARSGOV\S2024134</User>
    <Url>http://localhost/fdr/pages/VerifyOutgoingCBC.aspx?OutId=2&amp;Period=2017&amp;Stat=2</Url>
    <Time>10:40:35 AM +02</Time>
  </SystemRequest>
  <SystemRequest>
    <RequestTime>2018-02-27</RequestTime>
    <Path>/fdr/pages/download.aspx</Path>
    <User>SARSGOV\S2024134</User>
    <Url>http://localhost/fdr/pages/download.aspx?&amp;xid=2&amp;fname=South Africa</Url>
    <Time>10:40:35 AM +02</Time>
  </SystemRequest>
  <SystemRequest>
    <RequestTime>2018-02-27</RequestTime>
    <Path>/fdr/pages/VerifyOutgoingCBC.aspx</Path>
    <User>SARSGOV\S2024134</User>
    <Url>http://localhost/fdr/pages/VerifyOutgoingCBC.aspx?OutId=2&amp;Period=2017&amp;Stat=2</Url>
    <Time>10:41:48 AM +02</Time>
  </SystemRequest>
  <SystemRequest>
    <RequestTime>2018-02-27</RequestTime>
    <Path>/fdr/pages/VerifyOutgoingCBC.aspx</Path>
    <User>SARSGOV\S2024134</User>
    <Url>http://localhost/fdr/pages/VerifyOutgoingCBC.aspx?OutId=2&amp;Period=2017&amp;Stat=2</Url>
    <Time>10:41:56 AM +02</Time>
  </SystemRequest>
  <SystemRequest>
    <RequestTime>2018-02-27</RequestTime>
    <Path>/fdr/admin/default2.aspx</Path>
    <User>SARSGOV\S2024134</User>
    <Url>http://localhost/fdr/admin/default2.aspx</Url>
    <Time>10:42:26 AM +02</Time>
  </SystemRequest>
  <SystemRequest>
    <RequestTime>2018-02-27</RequestTime>
    <Path>/fdr/admin/default2.aspx</Path>
    <User>SARSGOV\S2024134</User>
    <Url>http://localhost/fdr/admin/default2.aspx</Url>
    <Time>10:42:31 AM +02</Time>
  </SystemRequest>
  <SystemRequest>
    <RequestTime>2018-02-27</RequestTime>
    <Path>/fdr/admin/default2.aspx</Path>
    <User>SARSGOV\S2024134</User>
    <Url>http://localhost/fdr/admin/default2.aspx</Url>
    <Time>10:42:32 AM +02</Time>
  </SystemRequest>
  <SystemRequest>
    <RequestTime>2018-02-27</RequestTime>
    <Path>/fdr/Default.aspx</Path>
    <User>SARSGOV\S2024134</User>
    <Url>http://localhost/fdr/Default.aspx</Url>
    <Time>10:42:36 AM +02</Time>
  </SystemRequest>
  <SystemRequest>
    <RequestTime>2018-02-27</RequestTime>
    <Path>/fdr/pages/approveoutgoincbc.aspx</Path>
    <User>SARSGOV\S2024134</User>
    <Url>http://localhost/fdr/pages/approveoutgoincbc.aspx</Url>
    <Time>10:42:38 AM +02</Time>
  </SystemRequest>
  <SystemRequest>
    <RequestTime>2018-02-27</RequestTime>
    <Path>/fdr/pages/approveoutgoincbc.aspx</Path>
    <User>SARSGOV\S2024134</User>
    <Url>http://localhost/fdr/pages/approveoutgoincbc.aspx</Url>
    <Time>10:43:26 AM +02</Time>
  </SystemRequest>
  <SystemRequest>
    <RequestTime>2018-02-27</RequestTime>
    <Path>/fdr/pages/VerifyOutgoingCBC.aspx</Path>
    <User>SARSGOV\S2024134</User>
    <Url>http://localhost/fdr/pages/VerifyOutgoingCBC.aspx?OutId=2&amp;Period=2017&amp;Stat=3</Url>
    <Time>10:43:26 AM +02</Time>
  </SystemRequest>
  <SystemRequest>
    <RequestTime>2018-02-27</RequestTime>
    <Path>/fdr/pages/VerifyOutgoingCBC.aspx</Path>
    <User>SARSGOV\S2024134</User>
    <Url>http://localhost/fdr/pages/VerifyOutgoingCBC.aspx?OutId=2&amp;Period=2017&amp;Stat=3</Url>
    <Time>10:43:49 AM +02</Time>
  </SystemRequest>
  <SystemRequest>
    <RequestTime>2018-02-27</RequestTime>
    <Path>/fdr/pages/approveoutgoincbc.aspx</Path>
    <User>SARSGOV\S2024134</User>
    <Url>http://localhost/fdr/pages/approveoutgoincbc.aspx</Url>
    <Time>10:44:08 AM +02</Time>
  </SystemRequest>
  <SystemRequest>
    <RequestTime>2018-02-27</RequestTime>
    <Path>/fdr/admin/default2.aspx</Path>
    <User>SARSGOV\S2024134</User>
    <Url>http://localhost/fdr/admin/default2.aspx</Url>
    <Time>10:44:15 AM +02</Time>
  </SystemRequest>
  <SystemRequest>
    <RequestTime>2018-02-27</RequestTime>
    <Path>/fdr/admin/default2.aspx</Path>
    <User>SARSGOV\S2024134</User>
    <Url>http://localhost/fdr/admin/default2.aspx</Url>
    <Time>10:44:20 AM +02</Time>
  </SystemRequest>
  <SystemRequest>
    <RequestTime>2018-02-27</RequestTime>
    <Path>/fdr/admin/default2.aspx</Path>
    <User>SARSGOV\S2024134</User>
    <Url>http://localhost/fdr/admin/default2.aspx</Url>
    <Time>10:44:21 AM +02</Time>
  </SystemRequest>
  <SystemRequest>
    <RequestTime>2018-02-27</RequestTime>
    <Path>/fdr/Default.aspx</Path>
    <User>SARSGOV\S2024134</User>
    <Url>http://localhost/fdr/Default.aspx</Url>
    <Time>10:44:24 AM +02</Time>
  </SystemRequest>
  <SystemRequest>
    <RequestTime>2018-02-27</RequestTime>
    <Path>/fdr/pages/generateoutgoingcbcdeclataions.aspx</Path>
    <User>SARSGOV\S2024134</User>
    <Url>http://localhost/fdr/pages/generateoutgoingcbcdeclataions.aspx</Url>
    <Time>10:44:26 AM +02</Time>
  </SystemRequest>
  <SystemRequest>
    <RequestTime>2018-02-27</RequestTime>
    <Path>/fdr/pages/generateoutgoingcbcdeclataions.aspx</Path>
    <User>SARSGOV\S2024134</User>
    <Url>http://localhost/fdr/pages/generateoutgoingcbcdeclataions.aspx</Url>
    <Time>10:45:24 AM +02</Time>
  </SystemRequest>
  <SystemRequest>
    <RequestTime>2018-02-27</RequestTime>
    <Path>/fdr/pages/VerifyOutgoingCBC.aspx</Path>
    <User>SARSGOV\S2024134</User>
    <Url>http://localhost/fdr/pages/VerifyOutgoingCBC.aspx?OutId=2&amp;Period=2017&amp;Stat=3</Url>
    <Time>10:45:24 AM +02</Time>
  </SystemRequest>
  <SystemRequest>
    <RequestTime>2018-02-27</RequestTime>
    <Path>/fdr/pages/VerifyOutgoingCBC.aspx</Path>
    <User>SARSGOV\S2024134</User>
    <Url>http://localhost/fdr/pages/VerifyOutgoingCBC.aspx?OutId=2&amp;Period=2017&amp;Stat=3</Url>
    <Time>10:45:35 AM +02</Time>
  </SystemRequest>
  <SystemRequest>
    <RequestTime>2018-02-27</RequestTime>
    <Path>/fdr/pages/download.aspx</Path>
    <User>SARSGOV\S2024134</User>
    <Url>http://localhost/fdr/pages/download.aspx?&amp;xid=2&amp;fname=South Africa</Url>
    <Time>10:45:36 AM +02</Time>
  </SystemRequest>
  <SystemRequest>
    <RequestTime>2018-02-27</RequestTime>
    <Path>/FDR/pages/ApproveOutgoinCBC.aspx</Path>
    <User>SARSGOV\S2024134</User>
    <Url>http://localhost/FDR/pages/ApproveOutgoinCBC.aspx</Url>
    <Time>10:49:56 AM +02</Time>
  </SystemRequest>
  <SystemRequest>
    <RequestTime>2018-02-27</RequestTime>
    <Path>/FDR/secureurl/AccessFunctionDenied.aspx</Path>
    <User>SARSGOV\S2024134</User>
    <Url>http://localhost/FDR/secureurl/AccessFunctionDenied.aspx?func=Approve Outgoing CBCR</Url>
    <Time>10:49:57 AM +02</Time>
  </SystemRequest>
  <SystemRequest>
    <RequestTime>2018-02-27</RequestTime>
    <Path>/fdr/pages/uploadmnelist.aspx</Path>
    <User>SARSGOV\S2024134</User>
    <Url>http://localhost/fdr/pages/uploadmnelist.aspx</Url>
    <Time>10:50:04 AM +02</Time>
  </SystemRequest>
</ArrayOfSystemRequest>