<?xml version="1.0" encoding="utf-8"?>
<ArrayOfSystemRequest>
  <SystemRequest>
    <RequestTime>2018-02-08</RequestTime>
    <Path>/FDR/Default.aspx</Path>
    <User>SARSGOV\s2024134</User>
    <Url>http://localhost/FDR/Default.aspx</Url>
    <Time>10:23:13 AM +02</Time>
  </SystemRequest>
  <SystemRequest>
    <RequestTime>2018-02-08</RequestTime>
    <Path>/fdr/admin/default2.aspx</Path>
    <User>SARSGOV\s2024134</User>
    <Url>http://localhost/fdr/admin/default2.aspx</Url>
    <Time>10:24:18 AM +02</Time>
  </SystemRequest>
  <SystemRequest>
    <RequestTime>2018-02-08</RequestTime>
    <Path>/fdr/admin/default2.aspx</Path>
    <User>SARSGOV\s2024134</User>
    <Url>http://localhost/fdr/admin/default2.aspx</Url>
    <Time>10:24:18 AM +02</Time>
  </SystemRequest>
  <SystemRequest>
    <RequestTime>2018-02-08</RequestTime>
    <Path>/fdr/admin/default2.aspx</Path>
    <User>SARSGOV\s2024134</User>
    <Url>http://localhost/fdr/admin/default2.aspx</Url>
    <Time>10:24:24 AM +02</Time>
  </SystemRequest>
  <SystemRequest>
    <RequestTime>2018-02-08</RequestTime>
    <Path>/FDR/Default.aspx</Path>
    <User>SARSGOV\s2024134</User>
    <Url>http://localhost/FDR/Default.aspx</Url>
    <Time>10:40:33 AM +02</Time>
  </SystemRequest>
  <SystemRequest>
    <RequestTime>2018-02-08</RequestTime>
    <Path>/fdr/admin/default2.aspx</Path>
    <User>SARSGOV\s2024134</User>
    <Url>http://localhost/fdr/admin/default2.aspx</Url>
    <Time>10:41:36 AM +02</Time>
  </SystemRequest>
  <SystemRequest>
    <RequestTime>2018-02-08</RequestTime>
    <Path>/FDR/Default.aspx</Path>
    <User>SARSGOV\s2024134</User>
    <Url>http://localhost/FDR/Default.aspx</Url>
    <Time>10:43:07 AM +02</Time>
  </SystemRequest>
  <SystemRequest>
    <RequestTime>2018-02-08</RequestTime>
    <Path>/fdr/admin/default2.aspx</Path>
    <User>SARSGOV\s2024134</User>
    <Url>http://localhost/fdr/admin/default2.aspx</Url>
    <Time>10:45:25 AM +02</Time>
  </SystemRequest>
  <SystemRequest>
    <RequestTime>2018-02-08</RequestTime>
    <Path>/FDR/Default.aspx</Path>
    <User>SARSGOV\s2024134</User>
    <Url>http://localhost/FDR/Default.aspx</Url>
    <Time>10:48:59 AM +02</Time>
  </SystemRequest>
  <SystemRequest>
    <RequestTime>2018-02-08</RequestTime>
    <Path>/fdr/admin/default2.aspx</Path>
    <User>SARSGOV\s2024134</User>
    <Url>http://localhost/fdr/admin/default2.aspx</Url>
    <Time>10:49:11 AM +02</Time>
  </SystemRequest>
  <SystemRequest>
    <RequestTime>2018-02-08</RequestTime>
    <Path>/FDR/Default.aspx</Path>
    <User>SARSGOV\s2024134</User>
    <Url>http://localhost/FDR/Default.aspx</Url>
    <Time>10:51:28 AM +02</Time>
  </SystemRequest>
  <SystemRequest>
    <RequestTime>2018-02-08</RequestTime>
    <Path>/fdr/admin/default2.aspx</Path>
    <User>SARSGOV\s2024134</User>
    <Url>http://localhost/fdr/admin/default2.aspx</Url>
    <Time>10:51:33 AM +02</Time>
  </SystemRequest>
  <SystemRequest>
    <RequestTime>2018-02-08</RequestTime>
    <Path>/fdr/admin/default2.aspx</Path>
    <User>SARSGOV\s2024134</User>
    <Url>http://localhost/fdr/admin/default2.aspx</Url>
    <Time>10:51:52 AM +02</Time>
  </SystemRequest>
  <SystemRequest>
    <RequestTime>2018-02-08</RequestTime>
    <Path>/FDR/Default.aspx</Path>
    <User>SARSGOV\s2024134</User>
    <Url>http://localhost/FDR/Default.aspx</Url>
    <Time>10:58:57 AM +02</Time>
  </SystemRequest>
  <SystemRequest>
    <RequestTime>2018-02-08</RequestTime>
    <Path>/fdr/admin/default2.aspx</Path>
    <User>SARSGOV\s2024134</User>
    <Url>http://localhost/fdr/admin/default2.aspx</Url>
    <Time>10:59:33 AM +02</Time>
  </SystemRequest>
  <SystemRequest>
    <RequestTime>2018-02-08</RequestTime>
    <Path>/FDR/Default.aspx</Path>
    <User>SARSGOV\s2024134</User>
    <Url>http://localhost/FDR/Default.aspx</Url>
    <Time>11:05:09 AM +02</Time>
  </SystemRequest>
  <SystemRequest>
    <RequestTime>2018-02-08</RequestTime>
    <Path>/fdr/admin/default2.aspx</Path>
    <User>SARSGOV\s2024134</User>
    <Url>http://localhost/fdr/admin/default2.aspx</Url>
    <Time>11:05:20 AM +02</Time>
  </SystemRequest>
  <SystemRequest>
    <RequestTime>2018-02-08</RequestTime>
    <Path>/fdr/admin/default2.aspx</Path>
    <User>SARSGOV\s2024134</User>
    <Url>http://localhost/fdr/admin/default2.aspx</Url>
    <Time>11:08:35 AM +02</Time>
  </SystemRequest>
  <SystemRequest>
    <RequestTime>2018-02-08</RequestTime>
    <Path>/FDR/Default.aspx</Path>
    <User>SARSGOV\s2024134</User>
    <Url>http://localhost/FDR/Default.aspx</Url>
    <Time>11:09:04 AM +02</Time>
  </SystemRequest>
  <SystemRequest>
    <RequestTime>2018-02-08</RequestTime>
    <Path>/fdr/admin/default2.aspx</Path>
    <User>SARSGOV\s2024134</User>
    <Url>http://localhost/fdr/admin/default2.aspx</Url>
    <Time>11:09:55 AM +02</Time>
  </SystemRequest>
  <SystemRequest>
    <RequestTime>2018-02-08</RequestTime>
    <Path>/FDR/Default.aspx</Path>
    <User>SARSGOV\s2024134</User>
    <Url>http://localhost/FDR/Default.aspx</Url>
    <Time>11:15:50 AM +02</Time>
  </SystemRequest>
  <SystemRequest>
    <RequestTime>2018-02-08</RequestTime>
    <Path>/fdr/admin/default2.aspx</Path>
    <User>SARSGOV\s2024134</User>
    <Url>http://localhost/fdr/admin/default2.aspx</Url>
    <Time>11:18:46 AM +02</Time>
  </SystemRequest>
  <SystemRequest>
    <RequestTime>2018-02-08</RequestTime>
    <Path>/fdr/admin/Default2.aspx/searchUser</Path>
    <User>SARSGOV\s2024134</User>
    <Url>http://localhost/fdr/admin/Default2.aspx/searchUser</Url>
    <Time>11:18:58 AM +02</Time>
  </SystemRequest>
  <SystemRequest>
    <RequestTime>2018-02-08</RequestTime>
    <Path>/FDR/Default.aspx</Path>
    <User>SARSGOV\s2024134</User>
    <Url>http://localhost/FDR/Default.aspx</Url>
    <Time>11:19:45 AM +02</Time>
  </SystemRequest>
  <SystemRequest>
    <RequestTime>2018-02-08</RequestTime>
    <Path>/fdr/admin/default2.aspx</Path>
    <User>SARSGOV\s2024134</User>
    <Url>http://localhost/fdr/admin/default2.aspx</Url>
    <Time>11:19:52 AM +02</Time>
  </SystemRequest>
  <SystemRequest>
    <RequestTime>2018-02-08</RequestTime>
    <Path>/fdr/admin/default2.aspx</Path>
    <User>SARSGOV\s2024134</User>
    <Url>http://localhost/fdr/admin/default2.aspx</Url>
    <Time>11:20:12 AM +02</Time>
  </SystemRequest>
  <SystemRequest>
    <RequestTime>2018-02-08</RequestTime>
    <Path>/FDR/Default.aspx</Path>
    <User>SARSGOV\s2024134</User>
    <Url>http://localhost/FDR/Default.aspx</Url>
    <Time>11:36:53 AM +02</Time>
  </SystemRequest>
  <SystemRequest>
    <RequestTime>2018-02-08</RequestTime>
    <Path>/fdr/admin/default2.aspx</Path>
    <User>SARSGOV\s2024134</User>
    <Url>http://localhost/fdr/admin/default2.aspx</Url>
    <Time>11:37:07 AM +02</Time>
  </SystemRequest>
  <SystemRequest>
    <RequestTime>2018-02-08</RequestTime>
    <Path>/fdr/admin/default2.aspx</Path>
    <User>SARSGOV\s2024134</User>
    <Url>http://localhost/fdr/admin/default2.aspx</Url>
    <Time>11:37:14 AM +02</Time>
  </SystemRequest>
  <SystemRequest>
    <RequestTime>2018-02-08</RequestTime>
    <Path>/FDR/Default.aspx</Path>
    <User>SARSGOV\s2024134</User>
    <Url>http://localhost/FDR/Default.aspx</Url>
    <Time>11:38:15 AM +02</Time>
  </SystemRequest>
  <SystemRequest>
    <RequestTime>2018-02-08</RequestTime>
    <Path>/fdr/admin/default2.aspx</Path>
    <User>SARSGOV\s2024134</User>
    <Url>http://localhost/fdr/admin/default2.aspx</Url>
    <Time>11:39:38 AM +02</Time>
  </SystemRequest>
  <SystemRequest>
    <RequestTime>2018-02-08</RequestTime>
    <Path>/fdr/admin/default2.aspx</Path>
    <User>SARSGOV\s2024134</User>
    <Url>http://localhost/fdr/admin/default2.aspx</Url>
    <Time>11:39:48 AM +02</Time>
  </SystemRequest>
  <SystemRequest>
    <RequestTime>2018-02-08</RequestTime>
    <Path>/fdr/admin/default2.aspx</Path>
    <User>SARSGOV\s2024134</User>
    <Url>http://localhost/fdr/admin/default2.aspx</Url>
    <Time>11:40:18 AM +02</Time>
  </SystemRequest>
  <SystemRequest>
    <RequestTime>2018-02-08</RequestTime>
    <Path>/fdr/admin/default2.aspx</Path>
    <User>SARSGOV\s2024134</User>
    <Url>http://localhost/fdr/admin/default2.aspx</Url>
    <Time>11:40:33 AM +02</Time>
  </SystemRequest>
  <SystemRequest>
    <RequestTime>2018-02-08</RequestTime>
    <Path>/fdr/admin/default2.aspx</Path>
    <User>SARSGOV\s2024134</User>
    <Url>http://localhost/fdr/admin/default2.aspx</Url>
    <Time>11:43:55 AM +02</Time>
  </SystemRequest>
  <SystemRequest>
    <RequestTime>2018-02-08</RequestTime>
    <Path>/FDR/Default.aspx</Path>
    <User>SARSGOV\s2024134</User>
    <Url>http://localhost/FDR/Default.aspx</Url>
    <Time>12:40:34 PM +02</Time>
  </SystemRequest>
  <SystemRequest>
    <RequestTime>2018-02-08</RequestTime>
    <Path>/fdr/pages/managemne.aspx</Path>
    <User>SARSGOV\s2024134</User>
    <Url>http://localhost/fdr/pages/managemne.aspx</Url>
    <Time>12:42:57 PM +02</Time>
  </SystemRequest>
  <SystemRequest>
    <RequestTime>2018-02-08</RequestTime>
    <Path>/fdr/pages/managemne.aspx</Path>
    <User>SARSGOV\s2024134</User>
    <Url>http://localhost/fdr/pages/managemne.aspx</Url>
    <Time>12:43:47 PM +02</Time>
  </SystemRequest>
  <SystemRequest>
    <RequestTime>2018-02-08</RequestTime>
    <Path>/fdr/pages/managemne.aspx</Path>
    <User>SARSGOV\s2024134</User>
    <Url>http://localhost/fdr/pages/managemne.aspx</Url>
    <Time>12:43:53 PM +02</Time>
  </SystemRequest>
  <SystemRequest>
    <RequestTime>2018-02-08</RequestTime>
    <Path>/fdr/pages/managemne.aspx</Path>
    <User>SARSGOV\s2024134</User>
    <Url>http://localhost/fdr/pages/managemne.aspx</Url>
    <Time>12:43:54 PM +02</Time>
  </SystemRequest>
  <SystemRequest>
    <RequestTime>2018-02-08</RequestTime>
    <Path>/fdr/pages/managemne.aspx</Path>
    <User>SARSGOV\s2024134</User>
    <Url>http://localhost/fdr/pages/managemne.aspx</Url>
    <Time>12:43:56 PM +02</Time>
  </SystemRequest>
  <SystemRequest>
    <RequestTime>2018-02-08</RequestTime>
    <Path>/fdr/pages/managemne.aspx</Path>
    <User>SARSGOV\s2024134</User>
    <Url>http://localhost/fdr/pages/managemne.aspx</Url>
    <Time>12:44:19 PM +02</Time>
  </SystemRequest>
  <SystemRequest>
    <RequestTime>2018-02-08</RequestTime>
    <Path>/fdr/pages/managemne.aspx</Path>
    <User>SARSGOV\s2024134</User>
    <Url>http://localhost/fdr/pages/managemne.aspx</Url>
    <Time>12:44:23 PM +02</Time>
  </SystemRequest>
  <SystemRequest>
    <RequestTime>2018-02-08</RequestTime>
    <Path>/fdr/pages/modifymnedetails.aspx</Path>
    <User>SARSGOV\s2024134</User>
    <Url>http://localhost/fdr/pages/modifymnedetails.aspx?Id=7</Url>
    <Time>12:44:24 PM +02</Time>
  </SystemRequest>
  <SystemRequest>
    <RequestTime>2018-02-08</RequestTime>
    <Path>/fdr/Default.aspx</Path>
    <User>SARSGOV\s2024134</User>
    <Url>http://localhost/fdr/Default.aspx</Url>
    <Time>12:45:51 PM +02</Time>
  </SystemRequest>
  <SystemRequest>
    <RequestTime>2018-02-08</RequestTime>
    <Path>/fdr/pages/u3tm.aspx</Path>
    <User>SARSGOV\s2024134</User>
    <Url>http://localhost/fdr/pages/u3tm.aspx</Url>
    <Time>12:51:15 PM +02</Time>
  </SystemRequest>
  <SystemRequest>
    <RequestTime>2018-02-08</RequestTime>
    <Path>/fdr/pages/viewsubmissions.aspx</Path>
    <User>SARSGOV\s2024134</User>
    <Url>http://localhost/fdr/pages/viewsubmissions.aspx</Url>
    <Time>12:51:31 PM +02</Time>
  </SystemRequest>
  <SystemRequest>
    <RequestTime>2018-02-08</RequestTime>
    <Path>/fdr/pages/viewsubmissions.aspx</Path>
    <User>SARSGOV\s2024134</User>
    <Url>http://localhost/fdr/pages/viewsubmissions.aspx</Url>
    <Time>12:51:35 PM +02</Time>
  </SystemRequest>
  <SystemRequest>
    <RequestTime>2018-02-08</RequestTime>
    <Path>/fdr/pages/displayfiles.aspx</Path>
    <User>SARSGOV\s2024134</User>
    <Url>http://localhost/fdr/pages/displayfiles.aspx?submissionId=20099&amp;bck=L2Zkci9wYWdlcy92aWV3c3VibWlzc2lvbnMuYXNweA==</Url>
    <Time>12:51:36 PM +02</Time>
  </SystemRequest>
  <SystemRequest>
    <RequestTime>2018-02-08</RequestTime>
    <Path>/fdr/pages/displayfiles.aspx</Path>
    <User>SARSGOV\s2024134</User>
    <Url>http://localhost/fdr/pages/displayfiles.aspx?submissionId=20099&amp;bck=L2Zkci9wYWdlcy92aWV3c3VibWlzc2lvbnMuYXNweA==</Url>
    <Time>12:51:44 PM +02</Time>
  </SystemRequest>
  <SystemRequest>
    <RequestTime>2018-02-08</RequestTime>
    <Path>/fdr/pages/filedetails.aspx</Path>
    <User>SARSGOV\s2024134</User>
    <Url>http://localhost/fdr/pages/filedetails.aspx?oId=0900006e801d5b2a&amp;fId=1025&amp;submissionId=20099&amp;refNo=9000709411</Url>
    <Time>12:51:45 PM +02</Time>
  </SystemRequest>
</ArrayOfSystemRequest>