<?xml version="1.0" encoding="utf-8"?>
<ArrayOfSystemRequest>
  <SystemRequest>
    <RequestTime>2018-01-19</RequestTime>
    <Path>/FDR/Default.aspx</Path>
    <User>SARSGOV\s2024134</User>
    <Url>http://localhost/FDR/Default.aspx</Url>
    <Time>16:28:47 PM +02</Time>
  </SystemRequest>
  <SystemRequest>
    <RequestTime>2018-01-19</RequestTime>
    <Path>/fdr/pages/incomingcbcdeclataions.aspx</Path>
    <User>SARSGOV\s2024134</User>
    <Url>http://localhost/fdr/pages/incomingcbcdeclataions.aspx?new=1</Url>
    <Time>16:29:07 PM +02</Time>
  </SystemRequest>
  <SystemRequest>
    <RequestTime>2018-01-19</RequestTime>
    <Path>/fdr/pages/incomingcbcdeclataions.aspx</Path>
    <User>SARSGOV\s2024134</User>
    <Url>http://localhost/fdr/pages/incomingcbcdeclataions.aspx?new=1</Url>
    <Time>16:29:08 PM +02</Time>
  </SystemRequest>
  <SystemRequest>
    <RequestTime>2018-01-19</RequestTime>
    <Path>/fdr/pages/incomingcbcdeclataions.aspx</Path>
    <User>SARSGOV\s2024134</User>
    <Url>http://localhost/fdr/pages/incomingcbcdeclataions.aspx?new=1</Url>
    <Time>16:29:18 PM +02</Time>
  </SystemRequest>
  <SystemRequest>
    <RequestTime>2018-01-19</RequestTime>
    <Path>/FDR/pages/cbcForm.aspx</Path>
    <User>SARSGOV\s2024134</User>
    <Url>http://localhost/FDR/pages/cbcForm.aspx?refno=9080191837&amp;year=2017&amp;bck=L2Zkci9wYWdlcy9pbmNvbWluZ2NiY2RlY2xhdGFpb25zLmFzcHg/bmV3PTE=</Url>
    <Time>16:29:19 PM +02</Time>
  </SystemRequest>
  <SystemRequest>
    <RequestTime>2018-01-19</RequestTime>
    <Path>/FDR/mnelistservice.asmx/GetCBCDataByTaxRefNo</Path>
    <User>SARSGOV\s2024134</User>
    <Url>http://localhost/FDR/mnelistservice.asmx/GetCBCDataByTaxRefNo</Url>
    <Time>16:29:20 PM +02</Time>
  </SystemRequest>
  <SystemRequest>
    <RequestTime>2018-01-19</RequestTime>
    <Path>/FDR/Default.aspx</Path>
    <User>SARSGOV\s2024134</User>
    <Url>http://localhost/FDR/Default.aspx</Url>
    <Time>16:30:57 PM +02</Time>
  </SystemRequest>
  <SystemRequest>
    <RequestTime>2018-01-19</RequestTime>
    <Path>/fdr/pages/incomingcbcdeclataions.aspx</Path>
    <User>SARSGOV\s2024134</User>
    <Url>http://localhost/fdr/pages/incomingcbcdeclataions.aspx?new=1</Url>
    <Time>16:30:59 PM +02</Time>
  </SystemRequest>
  <SystemRequest>
    <RequestTime>2018-01-19</RequestTime>
    <Path>/fdr/pages/incomingcbcdeclataions.aspx</Path>
    <User>SARSGOV\s2024134</User>
    <Url>http://localhost/fdr/pages/incomingcbcdeclataions.aspx?new=1</Url>
    <Time>16:31:02 PM +02</Time>
  </SystemRequest>
  <SystemRequest>
    <RequestTime>2018-01-19</RequestTime>
    <Path>/FDR/pages/cbcForm.aspx</Path>
    <User>SARSGOV\s2024134</User>
    <Url>http://localhost/FDR/pages/cbcForm.aspx?refno=9212388848&amp;year=2016&amp;bck=L2Zkci9wYWdlcy9pbmNvbWluZ2NiY2RlY2xhdGFpb25zLmFzcHg/bmV3PTE=</Url>
    <Time>16:31:02 PM +02</Time>
  </SystemRequest>
  <SystemRequest>
    <RequestTime>2018-01-19</RequestTime>
    <Path>/FDR/mnelistservice.asmx/GetCBCDataByTaxRefNo</Path>
    <User>SARSGOV\s2024134</User>
    <Url>http://localhost/FDR/mnelistservice.asmx/GetCBCDataByTaxRefNo</Url>
    <Time>16:31:03 PM +02</Time>
  </SystemRequest>
  <SystemRequest>
    <RequestTime>2018-01-19</RequestTime>
    <Path>/FDR/pages/cbcForm.aspx</Path>
    <User>SARSGOV\s2024134</User>
    <Url>http://localhost/FDR/pages/cbcForm.aspx?refno=9212388848&amp;year=2016&amp;bck=L2Zkci9wYWdlcy9pbmNvbWluZ2NiY2RlY2xhdGFpb25zLmFzcHg/bmV3PTE=</Url>
    <Time>16:31:37 PM +02</Time>
  </SystemRequest>
  <SystemRequest>
    <RequestTime>2018-01-19</RequestTime>
    <Path>/FDR/mnelistservice.asmx/GetCBCDataByTaxRefNo</Path>
    <User>SARSGOV\s2024134</User>
    <Url>http://localhost/FDR/mnelistservice.asmx/GetCBCDataByTaxRefNo</Url>
    <Time>16:31:43 PM +02</Time>
  </SystemRequest>
  <SystemRequest>
    <RequestTime>2018-01-19</RequestTime>
    <Path>/FDR/pages/cbcForm.aspx</Path>
    <User>SARSGOV\s2024134</User>
    <Url>http://localhost/FDR/pages/cbcForm.aspx?refno=9212388848&amp;year=2016&amp;bck=L2Zkci9wYWdlcy9pbmNvbWluZ2NiY2RlY2xhdGFpb25zLmFzcHg/bmV3PTE=</Url>
    <Time>16:32:14 PM +02</Time>
  </SystemRequest>
  <SystemRequest>
    <RequestTime>2018-01-19</RequestTime>
    <Path>/FDR/mnelistservice.asmx/GetCBCDataByTaxRefNo</Path>
    <User>SARSGOV\s2024134</User>
    <Url>http://localhost/FDR/mnelistservice.asmx/GetCBCDataByTaxRefNo</Url>
    <Time>16:32:25 PM +02</Time>
  </SystemRequest>
  <SystemRequest>
    <RequestTime>2018-01-19</RequestTime>
    <Path>/FDR/pages/cbcForm.aspx</Path>
    <User>SARSGOV\s2024134</User>
    <Url>http://localhost/FDR/pages/cbcForm.aspx?refno=9212388848&amp;year=2016&amp;bck=L2Zkci9wYWdlcy9pbmNvbWluZ2NiY2RlY2xhdGFpb25zLmFzcHg/bmV3PTE=</Url>
    <Time>16:32:48 PM +02</Time>
  </SystemRequest>
  <SystemRequest>
    <RequestTime>2018-01-19</RequestTime>
    <Path>/FDR/mnelistservice.asmx/GetCBCDataByTaxRefNo</Path>
    <User>SARSGOV\s2024134</User>
    <Url>http://localhost/FDR/mnelistservice.asmx/GetCBCDataByTaxRefNo</Url>
    <Time>16:33:01 PM +02</Time>
  </SystemRequest>
  <SystemRequest>
    <RequestTime>2018-01-19</RequestTime>
    <Path>/FDR/pages/cbcForm.aspx</Path>
    <User>SARSGOV\s2024134</User>
    <Url>http://localhost/FDR/pages/cbcForm.aspx?refno=9212388848&amp;year=2016&amp;bck=L2Zkci9wYWdlcy9pbmNvbWluZ2NiY2RlY2xhdGFpb25zLmFzcHg/bmV3PTE=</Url>
    <Time>16:33:03 PM +02</Time>
  </SystemRequest>
  <SystemRequest>
    <RequestTime>2018-01-19</RequestTime>
    <Path>/FDR/mnelistservice.asmx/GetCBCDataByTaxRefNo</Path>
    <User>SARSGOV\s2024134</User>
    <Url>http://localhost/FDR/mnelistservice.asmx/GetCBCDataByTaxRefNo</Url>
    <Time>16:33:09 PM +02</Time>
  </SystemRequest>
  <SystemRequest>
    <RequestTime>2018-01-19</RequestTime>
    <Path>/FDR/pages/cbcForm.aspx</Path>
    <User>SARSGOV\s2024134</User>
    <Url>http://localhost/FDR/pages/cbcForm.aspx?refno=9212388848&amp;year=2016&amp;bck=L2Zkci9wYWdlcy9pbmNvbWluZ2NiY2RlY2xhdGFpb25zLmFzcHg/bmV3PTE=</Url>
    <Time>16:33:19 PM +02</Time>
  </SystemRequest>
  <SystemRequest>
    <RequestTime>2018-01-19</RequestTime>
    <Path>/FDR/pages/cbcForm.aspx</Path>
    <User>SARSGOV\s2024134</User>
    <Url>http://localhost/FDR/pages/cbcForm.aspx?refno=9212388848&amp;year=2016&amp;bck=L2Zkci9wYWdlcy9pbmNvbWluZ2NiY2RlY2xhdGFpb25zLmFzcHg/bmV3PTE=</Url>
    <Time>16:33:20 PM +02</Time>
  </SystemRequest>
  <SystemRequest>
    <RequestTime>2018-01-19</RequestTime>
    <Path>/FDR/pages/cbcForm.aspx</Path>
    <User>SARSGOV\s2024134</User>
    <Url>http://localhost/FDR/pages/cbcForm.aspx?refno=9212388848&amp;year=2016&amp;bck=L2Zkci9wYWdlcy9pbmNvbWluZ2NiY2RlY2xhdGFpb25zLmFzcHg/bmV3PTE=</Url>
    <Time>16:33:31 PM +02</Time>
  </SystemRequest>
  <SystemRequest>
    <RequestTime>2018-01-19</RequestTime>
    <Path>/FDR/mnelistservice.asmx/GetCBCDataByTaxRefNo</Path>
    <User>SARSGOV\s2024134</User>
    <Url>http://localhost/FDR/mnelistservice.asmx/GetCBCDataByTaxRefNo</Url>
    <Time>16:33:32 PM +02</Time>
  </SystemRequest>
  <SystemRequest>
    <RequestTime>2018-01-19</RequestTime>
    <Path>/FDR/Default.aspx</Path>
    <User>SARSGOV\s2024134</User>
    <Url>http://localhost/FDR/Default.aspx</Url>
    <Time>16:34:39 PM +02</Time>
  </SystemRequest>
  <SystemRequest>
    <RequestTime>2018-01-19</RequestTime>
    <Path>/fdr/pages/incomingcbcdeclataions.aspx</Path>
    <User>SARSGOV\s2024134</User>
    <Url>http://localhost/fdr/pages/incomingcbcdeclataions.aspx?new=1</Url>
    <Time>16:34:45 PM +02</Time>
  </SystemRequest>
  <SystemRequest>
    <RequestTime>2018-01-19</RequestTime>
    <Path>/fdr/pages/incomingcbcdeclataions.aspx</Path>
    <User>SARSGOV\s2024134</User>
    <Url>http://localhost/fdr/pages/incomingcbcdeclataions.aspx?new=1</Url>
    <Time>16:34:50 PM +02</Time>
  </SystemRequest>
  <SystemRequest>
    <RequestTime>2018-01-19</RequestTime>
    <Path>/FDR/pages/cbcForm.aspx</Path>
    <User>SARSGOV\s2024134</User>
    <Url>http://localhost/FDR/pages/cbcForm.aspx?refno=9212388848&amp;year=2016&amp;bck=L2Zkci9wYWdlcy9pbmNvbWluZ2NiY2RlY2xhdGFpb25zLmFzcHg/bmV3PTE=</Url>
    <Time>16:34:50 PM +02</Time>
  </SystemRequest>
  <SystemRequest>
    <RequestTime>2018-01-19</RequestTime>
    <Path>/FDR/mnelistservice.asmx/GetCBCDataByTaxRefNo</Path>
    <User>SARSGOV\s2024134</User>
    <Url>http://localhost/FDR/mnelistservice.asmx/GetCBCDataByTaxRefNo</Url>
    <Time>16:34:53 PM +02</Time>
  </SystemRequest>
  <SystemRequest>
    <RequestTime>2018-01-19</RequestTime>
    <Path>/FDR/Default.aspx</Path>
    <User>SARSGOV\s2024134</User>
    <Url>http://localhost/FDR/Default.aspx</Url>
    <Time>17:47:42 PM +02</Time>
  </SystemRequest>
  <SystemRequest>
    <RequestTime>2018-01-19</RequestTime>
    <Path>/fdr/pages/incomingcbcdeclataions.aspx</Path>
    <User>SARSGOV\s2024134</User>
    <Url>http://localhost/fdr/pages/incomingcbcdeclataions.aspx?new=1</Url>
    <Time>17:47:57 PM +02</Time>
  </SystemRequest>
  <SystemRequest>
    <RequestTime>2018-01-19</RequestTime>
    <Path>/fdr/pages/incomingcbcdeclataions.aspx</Path>
    <User>SARSGOV\s2024134</User>
    <Url>http://localhost/fdr/pages/incomingcbcdeclataions.aspx?new=1</Url>
    <Time>17:48:01 PM +02</Time>
  </SystemRequest>
  <SystemRequest>
    <RequestTime>2018-01-19</RequestTime>
    <Path>/FDR/pages/cbcForm.aspx</Path>
    <User>SARSGOV\s2024134</User>
    <Url>http://localhost/FDR/pages/cbcForm.aspx?refno=9212388848&amp;year=2016&amp;bck=L2Zkci9wYWdlcy9pbmNvbWluZ2NiY2RlY2xhdGFpb25zLmFzcHg/bmV3PTE=</Url>
    <Time>17:48:02 PM +02</Time>
  </SystemRequest>
  <SystemRequest>
    <RequestTime>2018-01-19</RequestTime>
    <Path>/FDR/mnelistservice.asmx/GetCBCDataByTaxRefNo</Path>
    <User>SARSGOV\s2024134</User>
    <Url>http://localhost/FDR/mnelistservice.asmx/GetCBCDataByTaxRefNo</Url>
    <Time>17:48:03 PM +02</Time>
  </SystemRequest>
  <SystemRequest>
    <RequestTime>2018-01-19</RequestTime>
    <Path>/FDR/pages/cbcForm.aspx</Path>
    <User>SARSGOV\s2024134</User>
    <Url>http://localhost/FDR/pages/cbcForm.aspx?refno=9212388848&amp;year=2016&amp;bck=L2Zkci9wYWdlcy9pbmNvbWluZ2NiY2RlY2xhdGFpb25zLmFzcHg/bmV3PTE=</Url>
    <Time>17:50:53 PM +02</Time>
  </SystemRequest>
  <SystemRequest>
    <RequestTime>2018-01-19</RequestTime>
    <Path>/FDR/mnelistservice.asmx/GetCBCDataByTaxRefNo</Path>
    <User>SARSGOV\s2024134</User>
    <Url>http://localhost/FDR/mnelistservice.asmx/GetCBCDataByTaxRefNo</Url>
    <Time>17:50:55 PM +02</Time>
  </SystemRequest>
</ArrayOfSystemRequest>