<?xml version="1.0" encoding="utf-8"?>
<ArrayOfSystemRequest>
  <SystemRequest>
    <RequestTime>2018-03-08</RequestTime>
    <Path>/FDR/Default.aspx</Path>
    <User>SARSGOV\s2024134</User>
    <Url>http://localhost/FDR/Default.aspx</Url>
    <Time>09:35:31 AM +02</Time>
  </SystemRequest>
  <SystemRequest>
    <RequestTime>2018-03-08</RequestTime>
    <Path>/FDR/pages/CaseDetails.aspx</Path>
    <User>SARSGOV\s2024134</User>
    <Url>http://localhost/FDR/pages/CaseDetails.aspx</Url>
    <Time>10:08:26 AM +02</Time>
  </SystemRequest>
  <SystemRequest>
    <RequestTime>2018-03-08</RequestTime>
    <Path>/FDR/pages/CaseDetails.aspx</Path>
    <User>SARSGOV\s2024134</User>
    <Url>http://localhost/FDR/pages/CaseDetails.aspx</Url>
    <Time>10:10:34 AM +02</Time>
  </SystemRequest>
  <SystemRequest>
    <RequestTime>2018-03-08</RequestTime>
    <Path>/FDR/pages/CaseDetails.aspx</Path>
    <User>SARSGOV\s2024134</User>
    <Url>http://localhost/FDR/pages/CaseDetails.aspx</Url>
    <Time>10:13:10 AM +02</Time>
  </SystemRequest>
  <SystemRequest>
    <RequestTime>2018-03-08</RequestTime>
    <Path>/FDR/pages/CaseDetails.aspx</Path>
    <User>SARSGOV\s2024134</User>
    <Url>http://localhost/FDR/pages/CaseDetails.aspx</Url>
    <Time>10:13:49 AM +02</Time>
  </SystemRequest>
  <SystemRequest>
    <RequestTime>2018-03-08</RequestTime>
    <Path>/FDR/pages/CaseDetails.aspx</Path>
    <User>SARSGOV\s2024134</User>
    <Url>http://localhost/FDR/pages/CaseDetails.aspx</Url>
    <Time>10:14:38 AM +02</Time>
  </SystemRequest>
  <SystemRequest>
    <RequestTime>2018-03-08</RequestTime>
    <Path>/FDR/pages/CaseDetails.aspx</Path>
    <User>SARSGOV\s2024134</User>
    <Url>http://localhost/FDR/pages/CaseDetails.aspx</Url>
    <Time>10:15:19 AM +02</Time>
  </SystemRequest>
  <SystemRequest>
    <RequestTime>2018-03-08</RequestTime>
    <Path>/FDR/pages/CaseDetails.aspx</Path>
    <User>SARSGOV\s2024134</User>
    <Url>http://localhost/FDR/pages/CaseDetails.aspx</Url>
    <Time>10:17:47 AM +02</Time>
  </SystemRequest>
  <SystemRequest>
    <RequestTime>2018-03-08</RequestTime>
    <Path>/FDR/pages/CaseDetails.aspx</Path>
    <User>SARSGOV\s2024134</User>
    <Url>http://localhost/FDR/pages/CaseDetails.aspx</Url>
    <Time>10:18:34 AM +02</Time>
  </SystemRequest>
  <SystemRequest>
    <RequestTime>2018-03-08</RequestTime>
    <Path>/FDR/pages/CaseDetails.aspx</Path>
    <User>SARSGOV\s2024134</User>
    <Url>http://localhost/FDR/pages/CaseDetails.aspx</Url>
    <Time>10:19:22 AM +02</Time>
  </SystemRequest>
  <SystemRequest>
    <RequestTime>2018-03-08</RequestTime>
    <Path>/FDR/pages/CaseDetails.aspx</Path>
    <User>SARSGOV\s2024134</User>
    <Url>http://localhost/FDR/pages/CaseDetails.aspx</Url>
    <Time>10:20:18 AM +02</Time>
  </SystemRequest>
  <SystemRequest>
    <RequestTime>2018-03-08</RequestTime>
    <Path>/FDR/pages/CaseDetails.aspx</Path>
    <User>SARSGOV\s2024134</User>
    <Url>http://localhost/FDR/pages/CaseDetails.aspx</Url>
    <Time>10:20:34 AM +02</Time>
  </SystemRequest>
  <SystemRequest>
    <RequestTime>2018-03-08</RequestTime>
    <Path>/FDR/pages/CaseDetails.aspx</Path>
    <User>SARSGOV\s2024134</User>
    <Url>http://localhost/FDR/pages/CaseDetails.aspx</Url>
    <Time>10:21:52 AM +02</Time>
  </SystemRequest>
  <SystemRequest>
    <RequestTime>2018-03-08</RequestTime>
    <Path>/FDR/pages/CaseDetails.aspx</Path>
    <User>SARSGOV\s2024134</User>
    <Url>http://localhost/FDR/pages/CaseDetails.aspx</Url>
    <Time>10:22:09 AM +02</Time>
  </SystemRequest>
  <SystemRequest>
    <RequestTime>2018-03-08</RequestTime>
    <Path>/FDR/pages/CaseDetails.aspx</Path>
    <User>SARSGOV\s2024134</User>
    <Url>http://localhost/FDR/pages/CaseDetails.aspx</Url>
    <Time>10:23:00 AM +02</Time>
  </SystemRequest>
  <SystemRequest>
    <RequestTime>2018-03-08</RequestTime>
    <Path>/FDR/pages/CaseDetails.aspx</Path>
    <User>SARSGOV\s2024134</User>
    <Url>http://localhost/FDR/pages/CaseDetails.aspx</Url>
    <Time>10:23:18 AM +02</Time>
  </SystemRequest>
  <SystemRequest>
    <RequestTime>2018-03-08</RequestTime>
    <Path>/FDR/pages/CaseDetails.aspx</Path>
    <User>SARSGOV\s2024134</User>
    <Url>http://localhost/FDR/pages/CaseDetails.aspx</Url>
    <Time>10:23:28 AM +02</Time>
  </SystemRequest>
  <SystemRequest>
    <RequestTime>2018-03-08</RequestTime>
    <Path>/FDR/pages/CaseDetails.aspx</Path>
    <User>SARSGOV\s2024134</User>
    <Url>http://localhost/FDR/pages/CaseDetails.aspx</Url>
    <Time>10:23:53 AM +02</Time>
  </SystemRequest>
  <SystemRequest>
    <RequestTime>2018-03-08</RequestTime>
    <Path>/FDR/pages/CaseDetails.aspx</Path>
    <User>SARSGOV\s2024134</User>
    <Url>http://localhost/FDR/pages/CaseDetails.aspx</Url>
    <Time>10:25:31 AM +02</Time>
  </SystemRequest>
  <SystemRequest>
    <RequestTime>2018-03-08</RequestTime>
    <Path>/FDR/pages/CaseDetails.aspx</Path>
    <User>SARSGOV\s2024134</User>
    <Url>http://localhost/FDR/pages/CaseDetails.aspx</Url>
    <Time>10:25:32 AM +02</Time>
  </SystemRequest>
  <SystemRequest>
    <RequestTime>2018-03-08</RequestTime>
    <Path>/FDR/pages/CaseDetails.aspx</Path>
    <User>SARSGOV\s2024134</User>
    <Url>http://localhost/FDR/pages/CaseDetails.aspx</Url>
    <Time>10:28:37 AM +02</Time>
  </SystemRequest>
  <SystemRequest>
    <RequestTime>2018-03-08</RequestTime>
    <Path>/FDR/pages/CaseDetails.aspx</Path>
    <User>SARSGOV\s2024134</User>
    <Url>http://localhost/FDR/pages/CaseDetails.aspx</Url>
    <Time>10:28:51 AM +02</Time>
  </SystemRequest>
  <SystemRequest>
    <RequestTime>2018-03-08</RequestTime>
    <Path>/FDR/pages/CaseDetails.aspx</Path>
    <User>SARSGOV\s2024134</User>
    <Url>http://localhost/FDR/pages/CaseDetails.aspx</Url>
    <Time>10:35:33 AM +02</Time>
  </SystemRequest>
  <SystemRequest>
    <RequestTime>2018-03-08</RequestTime>
    <Path>/FDR/pages/CaseDetails.aspx</Path>
    <User>SARSGOV\s2024134</User>
    <Url>http://localhost/FDR/pages/CaseDetails.aspx</Url>
    <Time>10:36:27 AM +02</Time>
  </SystemRequest>
  <SystemRequest>
    <RequestTime>2018-03-08</RequestTime>
    <Path>/FDR/pages/CaseDetails.aspx</Path>
    <User>SARSGOV\s2024134</User>
    <Url>http://localhost/FDR/pages/CaseDetails.aspx</Url>
    <Time>10:37:11 AM +02</Time>
  </SystemRequest>
  <SystemRequest>
    <RequestTime>2018-03-08</RequestTime>
    <Path>/FDR/pages/CaseDetails.aspx</Path>
    <User>SARSGOV\s2024134</User>
    <Url>http://localhost/FDR/pages/CaseDetails.aspx</Url>
    <Time>10:37:26 AM +02</Time>
  </SystemRequest>
  <SystemRequest>
    <RequestTime>2018-03-08</RequestTime>
    <Path>/FDR/pages/CaseDetails.aspx</Path>
    <User>SARSGOV\s2024134</User>
    <Url>http://localhost/FDR/pages/CaseDetails.aspx</Url>
    <Time>10:38:07 AM +02</Time>
  </SystemRequest>
  <SystemRequest>
    <RequestTime>2018-03-08</RequestTime>
    <Path>/FDR/pages/CaseDetails.aspx</Path>
    <User>SARSGOV\s2024134</User>
    <Url>http://localhost/FDR/pages/CaseDetails.aspx</Url>
    <Time>10:38:52 AM +02</Time>
  </SystemRequest>
  <SystemRequest>
    <RequestTime>2018-03-08</RequestTime>
    <Path>/FDR/pages/CaseDetails.aspx</Path>
    <User>SARSGOV\s2024134</User>
    <Url>http://localhost/FDR/pages/CaseDetails.aspx</Url>
    <Time>10:39:27 AM +02</Time>
  </SystemRequest>
  <SystemRequest>
    <RequestTime>2018-03-08</RequestTime>
    <Path>/FDR/pages/CaseDetails.aspx</Path>
    <User>SARSGOV\s2024134</User>
    <Url>http://localhost/FDR/pages/CaseDetails.aspx</Url>
    <Time>10:39:50 AM +02</Time>
  </SystemRequest>
  <SystemRequest>
    <RequestTime>2018-03-08</RequestTime>
    <Path>/FDR/pages/CaseDetails.aspx</Path>
    <User>SARSGOV\s2024134</User>
    <Url>http://localhost/FDR/pages/CaseDetails.aspx</Url>
    <Time>11:21:37 AM +02</Time>
  </SystemRequest>
  <SystemRequest>
    <RequestTime>2018-03-08</RequestTime>
    <Path>/FDR/pages/CaseDetails.aspx</Path>
    <User>SARSGOV\s2024134</User>
    <Url>http://localhost/FDR/pages/CaseDetails.aspx</Url>
    <Time>11:22:12 AM +02</Time>
  </SystemRequest>
  <SystemRequest>
    <RequestTime>2018-03-08</RequestTime>
    <Path>/FDR/pages/CaseDetails.aspx</Path>
    <User>SARSGOV\s2024134</User>
    <Url>http://localhost/FDR/pages/CaseDetails.aspx</Url>
    <Time>11:22:20 AM +02</Time>
  </SystemRequest>
  <SystemRequest>
    <RequestTime>2018-03-08</RequestTime>
    <Path>/FDR/pages/CaseDetails.aspx</Path>
    <User>SARSGOV\s2024134</User>
    <Url>http://localhost/FDR/pages/CaseDetails.aspx</Url>
    <Time>11:25:52 AM +02</Time>
  </SystemRequest>
  <SystemRequest>
    <RequestTime>2018-03-08</RequestTime>
    <Path>/FDR/pages/CaseDetails.aspx</Path>
    <User>SARSGOV\s2024134</User>
    <Url>http://localhost/FDR/pages/CaseDetails.aspx</Url>
    <Time>11:26:09 AM +02</Time>
  </SystemRequest>
  <SystemRequest>
    <RequestTime>2018-03-08</RequestTime>
    <Path>/FDR/pages/CaseDetails.aspx</Path>
    <User>SARSGOV\s2024134</User>
    <Url>http://localhost/FDR/pages/CaseDetails.aspx</Url>
    <Time>11:26:41 AM +02</Time>
  </SystemRequest>
  <SystemRequest>
    <RequestTime>2018-03-08</RequestTime>
    <Path>/FDR/pages/CaseDetails.aspx</Path>
    <User>SARSGOV\s2024134</User>
    <Url>http://localhost/FDR/pages/CaseDetails.aspx</Url>
    <Time>11:27:10 AM +02</Time>
  </SystemRequest>
  <SystemRequest>
    <RequestTime>2018-03-08</RequestTime>
    <Path>/FDR/pages/CaseDetails.aspx</Path>
    <User>SARSGOV\s2024134</User>
    <Url>http://localhost/FDR/pages/CaseDetails.aspx</Url>
    <Time>11:27:30 AM +02</Time>
  </SystemRequest>
  <SystemRequest>
    <RequestTime>2018-03-08</RequestTime>
    <Path>/FDR/pages/CaseDetails.aspx</Path>
    <User>SARSGOV\s2024134</User>
    <Url>http://localhost/FDR/pages/CaseDetails.aspx</Url>
    <Time>11:29:46 AM +02</Time>
  </SystemRequest>
  <SystemRequest>
    <RequestTime>2018-03-08</RequestTime>
    <Path>/FDR/pages/CaseDetails.aspx</Path>
    <User>SARSGOV\s2024134</User>
    <Url>http://localhost/FDR/pages/CaseDetails.aspx</Url>
    <Time>11:30:14 AM +02</Time>
  </SystemRequest>
  <SystemRequest>
    <RequestTime>2018-03-08</RequestTime>
    <Path>/FDR/pages/CaseDetails.aspx</Path>
    <User>SARSGOV\s2024134</User>
    <Url>http://localhost/FDR/pages/CaseDetails.aspx</Url>
    <Time>11:30:26 AM +02</Time>
  </SystemRequest>
  <SystemRequest>
    <RequestTime>2018-03-08</RequestTime>
    <Path>/FDR/pages/CaseDetails.aspx</Path>
    <User>SARSGOV\s2024134</User>
    <Url>http://localhost/FDR/pages/CaseDetails.aspx</Url>
    <Time>11:31:20 AM +02</Time>
  </SystemRequest>
  <SystemRequest>
    <RequestTime>2018-03-08</RequestTime>
    <Path>/FDR/pages/CaseDetails.aspx</Path>
    <User>SARSGOV\s2024134</User>
    <Url>http://localhost/FDR/pages/CaseDetails.aspx</Url>
    <Time>11:32:59 AM +02</Time>
  </SystemRequest>
  <SystemRequest>
    <RequestTime>2018-03-08</RequestTime>
    <Path>/FDR/pages/CaseDetails.aspx</Path>
    <User>SARSGOV\s2024134</User>
    <Url>http://localhost/FDR/pages/CaseDetails.aspx</Url>
    <Time>11:33:21 AM +02</Time>
  </SystemRequest>
  <SystemRequest>
    <RequestTime>2018-03-08</RequestTime>
    <Path>/FDR/pages/CaseDetails.aspx</Path>
    <User>SARSGOV\s2024134</User>
    <Url>http://localhost/FDR/pages/CaseDetails.aspx</Url>
    <Time>11:33:40 AM +02</Time>
  </SystemRequest>
  <SystemRequest>
    <RequestTime>2018-03-08</RequestTime>
    <Path>/FDR/pages/CaseDetails.aspx</Path>
    <User>SARSGOV\s2024134</User>
    <Url>http://localhost/FDR/pages/CaseDetails.aspx</Url>
    <Time>11:34:12 AM +02</Time>
  </SystemRequest>
  <SystemRequest>
    <RequestTime>2018-03-08</RequestTime>
    <Path>/FDR/pages/CaseDetails.aspx</Path>
    <User>SARSGOV\s2024134</User>
    <Url>http://localhost/FDR/pages/CaseDetails.aspx</Url>
    <Time>11:34:37 AM +02</Time>
  </SystemRequest>
  <SystemRequest>
    <RequestTime>2018-03-08</RequestTime>
    <Path>/FDR/pages/CaseDetails.aspx</Path>
    <User>SARSGOV\s2024134</User>
    <Url>http://localhost/FDR/pages/CaseDetails.aspx</Url>
    <Time>11:35:44 AM +02</Time>
  </SystemRequest>
  <SystemRequest>
    <RequestTime>2018-03-08</RequestTime>
    <Path>/FDR/pages/CaseDetails.aspx</Path>
    <User>SARSGOV\s2024134</User>
    <Url>http://localhost/FDR/pages/CaseDetails.aspx</Url>
    <Time>11:36:43 AM +02</Time>
  </SystemRequest>
  <SystemRequest>
    <RequestTime>2018-03-08</RequestTime>
    <Path>/FDR/pages/CaseDetails.aspx</Path>
    <User>SARSGOV\s2024134</User>
    <Url>http://localhost/FDR/pages/CaseDetails.aspx</Url>
    <Time>11:37:00 AM +02</Time>
  </SystemRequest>
  <SystemRequest>
    <RequestTime>2018-03-08</RequestTime>
    <Path>/FDR/pages/CaseDetails.aspx</Path>
    <User>SARSGOV\s2024134</User>
    <Url>http://localhost/FDR/pages/CaseDetails.aspx</Url>
    <Time>11:37:41 AM +02</Time>
  </SystemRequest>
  <SystemRequest>
    <RequestTime>2018-03-08</RequestTime>
    <Path>/FDR/pages/CaseDetails.aspx</Path>
    <User>SARSGOV\s2024134</User>
    <Url>http://localhost/FDR/pages/CaseDetails.aspx</Url>
    <Time>11:52:50 AM +02</Time>
  </SystemRequest>
  <SystemRequest>
    <RequestTime>2018-03-08</RequestTime>
    <Path>/FDR/pages/CaseDetails.aspx</Path>
    <User>SARSGOV\s2024134</User>
    <Url>http://localhost/FDR/pages/CaseDetails.aspx</Url>
    <Time>11:53:19 AM +02</Time>
  </SystemRequest>
  <SystemRequest>
    <RequestTime>2018-03-08</RequestTime>
    <Path>/FDR/pages/CaseDetails.aspx</Path>
    <User>SARSGOV\s2024134</User>
    <Url>http://localhost/FDR/pages/CaseDetails.aspx</Url>
    <Time>11:53:52 AM +02</Time>
  </SystemRequest>
</ArrayOfSystemRequest>