<?xml version="1.0" encoding="utf-8"?>
<ArrayOfSystemRequest>
  <SystemRequest>
    <RequestTime>2018-02-20</RequestTime>
    <Path>/FDR/pages/GenerateOutgoingCBCDeclataions.aspx</Path>
    <User>SARSGOV\s2024134</User>
    <Url>http://localhost/FDR/pages/GenerateOutgoingCBCDeclataions.aspx</Url>
    <Time>10:00:03 AM +02</Time>
  </SystemRequest>
  <SystemRequest>
    <RequestTime>2018-02-20</RequestTime>
    <Path>/FDR/pages/GenerateOutgoingCBCDeclataions.aspx</Path>
    <User>SARSGOV\s2024134</User>
    <Url>http://localhost/FDR/pages/GenerateOutgoingCBCDeclataions.aspx</Url>
    <Time>10:01:04 AM +02</Time>
  </SystemRequest>
  <SystemRequest>
    <RequestTime>2018-02-20</RequestTime>
    <Path>/FDR/pages/GenerateOutgoingCBCDeclataions.aspx</Path>
    <User>SARSGOV\s2024134</User>
    <Url>http://localhost/FDR/pages/GenerateOutgoingCBCDeclataions.aspx</Url>
    <Time>10:14:56 AM +02</Time>
  </SystemRequest>
  <SystemRequest>
    <RequestTime>2018-02-20</RequestTime>
    <Path>/FDR/pages/GenerateOutgoingCBCDeclataions.aspx</Path>
    <User>SARSGOV\s2024134</User>
    <Url>http://localhost/FDR/pages/GenerateOutgoingCBCDeclataions.aspx</Url>
    <Time>10:34:38 AM +02</Time>
  </SystemRequest>
  <SystemRequest>
    <RequestTime>2018-02-20</RequestTime>
    <Path>/FDR/pages/GenerateOutgoingCBCDeclataions.aspx</Path>
    <User>SARSGOV\s2024134</User>
    <Url>http://localhost/FDR/pages/GenerateOutgoingCBCDeclataions.aspx</Url>
    <Time>10:35:00 AM +02</Time>
  </SystemRequest>
  <SystemRequest>
    <RequestTime>2018-02-20</RequestTime>
    <Path>/FDR/pages/GenerateOutgoingCBCDeclataions.aspx</Path>
    <User>SARSGOV\s2024134</User>
    <Url>http://localhost/FDR/pages/GenerateOutgoingCBCDeclataions.aspx</Url>
    <Time>10:35:27 AM +02</Time>
  </SystemRequest>
  <SystemRequest>
    <RequestTime>2018-02-20</RequestTime>
    <Path>/FDR/pages/GenerateOutgoingCBCDeclataions.aspx</Path>
    <User>SARSGOV\s2024134</User>
    <Url>http://localhost/FDR/pages/GenerateOutgoingCBCDeclataions.aspx</Url>
    <Time>14:58:52 PM +02</Time>
  </SystemRequest>
  <SystemRequest>
    <RequestTime>2018-02-20</RequestTime>
    <Path>/FDR/pages/GenerateOutgoingCBCDeclataions.aspx</Path>
    <User>SARSGOV\s2024134</User>
    <Url>http://localhost/FDR/pages/GenerateOutgoingCBCDeclataions.aspx</Url>
    <Time>15:09:03 PM +02</Time>
  </SystemRequest>
  <SystemRequest>
    <RequestTime>2018-02-20</RequestTime>
    <Path>/FDR/pages/GenerateOutgoingCBCDeclataions.aspx</Path>
    <User>SARSGOV\s2024134</User>
    <Url>http://localhost/FDR/pages/GenerateOutgoingCBCDeclataions.aspx</Url>
    <Time>15:09:50 PM +02</Time>
  </SystemRequest>
  <SystemRequest>
    <RequestTime>2018-02-20</RequestTime>
    <Path>/FDR/pages/GenerateOutgoingCBCDeclataions.aspx</Path>
    <User>SARSGOV\s2024134</User>
    <Url>http://localhost/FDR/pages/GenerateOutgoingCBCDeclataions.aspx</Url>
    <Time>15:10:23 PM +02</Time>
  </SystemRequest>
  <SystemRequest>
    <RequestTime>2018-02-20</RequestTime>
    <Path>/FDR/pages/GenerateOutgoingCBCDeclataions.aspx</Path>
    <User>SARSGOV\s2024134</User>
    <Url>http://localhost/FDR/pages/GenerateOutgoingCBCDeclataions.aspx</Url>
    <Time>15:11:31 PM +02</Time>
  </SystemRequest>
  <SystemRequest>
    <RequestTime>2018-02-20</RequestTime>
    <Path>/FDR/pages/GenerateOutgoingCBCDeclataions.aspx</Path>
    <User>SARSGOV\s2024134</User>
    <Url>http://localhost/FDR/pages/GenerateOutgoingCBCDeclataions.aspx</Url>
    <Time>15:11:38 PM +02</Time>
  </SystemRequest>
  <SystemRequest>
    <RequestTime>2018-02-20</RequestTime>
    <Path>/FDR/pages/GenerateOutgoingCBCDeclataions.aspx</Path>
    <User>SARSGOV\s2024134</User>
    <Url>http://localhost/FDR/pages/GenerateOutgoingCBCDeclataions.aspx</Url>
    <Time>15:12:08 PM +02</Time>
  </SystemRequest>
  <SystemRequest>
    <RequestTime>2018-02-20</RequestTime>
    <Path>/FDR/pages/GenerateOutgoingCBCDeclataions.aspx</Path>
    <User>SARSGOV\s2024134</User>
    <Url>http://localhost/FDR/pages/GenerateOutgoingCBCDeclataions.aspx</Url>
    <Time>16:23:20 PM +02</Time>
  </SystemRequest>
  <SystemRequest>
    <RequestTime>2018-02-20</RequestTime>
    <Path>/FDR/pages/GenerateOutgoingCBCDeclataions.aspx</Path>
    <User>SARSGOV\s2024134</User>
    <Url>http://localhost/FDR/pages/GenerateOutgoingCBCDeclataions.aspx</Url>
    <Time>16:28:56 PM +02</Time>
  </SystemRequest>
  <SystemRequest>
    <RequestTime>2018-02-20</RequestTime>
    <Path>/FDR/pages/GenerateOutgoingCBCDeclataions.aspx</Path>
    <User>SARSGOV\s2024134</User>
    <Url>http://localhost/FDR/pages/GenerateOutgoingCBCDeclataions.aspx</Url>
    <Time>16:30:33 PM +02</Time>
  </SystemRequest>
  <SystemRequest>
    <RequestTime>2018-02-20</RequestTime>
    <Path>/FDR/pages/GenerateOutgoingCBCDeclataions.aspx</Path>
    <User>SARSGOV\s2024134</User>
    <Url>http://localhost/FDR/pages/GenerateOutgoingCBCDeclataions.aspx</Url>
    <Time>16:50:20 PM +02</Time>
  </SystemRequest>
  <SystemRequest>
    <RequestTime>2018-02-20</RequestTime>
    <Path>/fdr/admin/default2.aspx</Path>
    <User>SARSGOV\s2024134</User>
    <Url>http://localhost/fdr/admin/default2.aspx</Url>
    <Time>16:51:46 PM +02</Time>
  </SystemRequest>
  <SystemRequest>
    <RequestTime>2018-02-20</RequestTime>
    <Path>/FDR/pages/GenerateOutgoingCBCDeclataions.aspx</Path>
    <User>SARSGOV\s2024134</User>
    <Url>http://localhost/FDR/pages/GenerateOutgoingCBCDeclataions.aspx</Url>
    <Time>16:58:12 PM +02</Time>
  </SystemRequest>
  <SystemRequest>
    <RequestTime>2018-02-20</RequestTime>
    <Path>/FDR/pages/GenerateOutgoingCBCDeclataions.aspx</Path>
    <User>SARSGOV\s2024134</User>
    <Url>http://localhost/FDR/pages/GenerateOutgoingCBCDeclataions.aspx</Url>
    <Time>17:01:59 PM +02</Time>
  </SystemRequest>
  <SystemRequest>
    <RequestTime>2018-02-20</RequestTime>
    <Path>/FDR/pages/GenerateOutgoingCBCDeclataions.aspx</Path>
    <User>SARSGOV\s2024134</User>
    <Url>http://localhost/FDR/pages/GenerateOutgoingCBCDeclataions.aspx</Url>
    <Time>17:30:15 PM +02</Time>
  </SystemRequest>
  <SystemRequest>
    <RequestTime>2018-02-20</RequestTime>
    <Path>/FDR/pages/GenerateOutgoingCBCDeclataions.aspx</Path>
    <User>SARSGOV\s2024134</User>
    <Url>http://localhost/FDR/pages/GenerateOutgoingCBCDeclataions.aspx</Url>
    <Time>17:30:43 PM +02</Time>
  </SystemRequest>
  <SystemRequest>
    <RequestTime>2018-02-20</RequestTime>
    <Path>/FDR/pages/GenerateOutgoingCBCDeclataions.aspx</Path>
    <User>SARSGOV\s2024134</User>
    <Url>http://localhost/FDR/pages/GenerateOutgoingCBCDeclataions.aspx</Url>
    <Time>17:35:51 PM +02</Time>
  </SystemRequest>
  <SystemRequest>
    <RequestTime>2018-02-20</RequestTime>
    <Path>/FDR/pages/GenerateOutgoingCBCDeclataions.aspx</Path>
    <User>SARSGOV\s2024134</User>
    <Url>http://localhost/FDR/pages/GenerateOutgoingCBCDeclataions.aspx</Url>
    <Time>17:36:02 PM +02</Time>
  </SystemRequest>
  <SystemRequest>
    <RequestTime>2018-02-20</RequestTime>
    <Path>/FDR/pages/GenerateOutgoingCBCDeclataions.aspx</Path>
    <User>SARSGOV\s2024134</User>
    <Url>http://localhost/FDR/pages/GenerateOutgoingCBCDeclataions.aspx</Url>
    <Time>17:37:51 PM +02</Time>
  </SystemRequest>
  <SystemRequest>
    <RequestTime>2018-02-20</RequestTime>
    <Path>/FDR/pages/GenerateOutgoingCBCDeclataions.aspx</Path>
    <User>SARSGOV\s2024134</User>
    <Url>http://localhost/FDR/pages/GenerateOutgoingCBCDeclataions.aspx</Url>
    <Time>17:38:00 PM +02</Time>
  </SystemRequest>
  <SystemRequest>
    <RequestTime>2018-02-20</RequestTime>
    <Path>/FDR/pages/GenerateOutgoingCBCDeclataions.aspx</Path>
    <User>SARSGOV\s2024134</User>
    <Url>http://localhost/FDR/pages/GenerateOutgoingCBCDeclataions.aspx</Url>
    <Time>17:55:14 PM +02</Time>
  </SystemRequest>
  <SystemRequest>
    <RequestTime>2018-02-20</RequestTime>
    <Path>/FDR/pages/GenerateOutgoingCBCDeclataions.aspx</Path>
    <User>SARSGOV\s2024134</User>
    <Url>http://localhost/FDR/pages/GenerateOutgoingCBCDeclataions.aspx</Url>
    <Time>17:57:49 PM +02</Time>
  </SystemRequest>
  <SystemRequest>
    <RequestTime>2018-02-20</RequestTime>
    <Path>/FDR/pages/GenerateOutgoingCBCDeclataions.aspx</Path>
    <User>SARSGOV\s2024134</User>
    <Url>http://localhost/FDR/pages/GenerateOutgoingCBCDeclataions.aspx</Url>
    <Time>18:00:04 PM +02</Time>
  </SystemRequest>
  <SystemRequest>
    <RequestTime>2018-02-20</RequestTime>
    <Path>/FDR/pages/GenerateOutgoingCBCDeclataions.aspx</Path>
    <User>SARSGOV\s2024134</User>
    <Url>http://localhost/FDR/pages/GenerateOutgoingCBCDeclataions.aspx</Url>
    <Time>18:00:42 PM +02</Time>
  </SystemRequest>
  <SystemRequest>
    <RequestTime>2018-02-20</RequestTime>
    <Path>/FDR/pages/GenerateOutgoingCBCDeclataions.aspx</Path>
    <User>SARSGOV\s2024134</User>
    <Url>http://localhost/FDR/pages/GenerateOutgoingCBCDeclataions.aspx</Url>
    <Time>18:01:17 PM +02</Time>
  </SystemRequest>
  <SystemRequest>
    <RequestTime>2018-02-20</RequestTime>
    <Path>/FDR/pages/GenerateOutgoingCBCDeclataions.aspx</Path>
    <User>SARSGOV\s2024134</User>
    <Url>http://localhost/FDR/pages/GenerateOutgoingCBCDeclataions.aspx</Url>
    <Time>18:02:13 PM +02</Time>
  </SystemRequest>
  <SystemRequest>
    <RequestTime>2018-02-20</RequestTime>
    <Path>/FDR/pages/GenerateOutgoingCBCDeclataions.aspx</Path>
    <User>SARSGOV\s2024134</User>
    <Url>http://localhost/FDR/pages/GenerateOutgoingCBCDeclataions.aspx</Url>
    <Time>18:15:54 PM +02</Time>
  </SystemRequest>
  <SystemRequest>
    <RequestTime>2018-02-20</RequestTime>
    <Path>/FDR/pages/GenerateOutgoingCBCDeclataions.aspx</Path>
    <User>SARSGOV\s2024134</User>
    <Url>http://localhost/FDR/pages/GenerateOutgoingCBCDeclataions.aspx</Url>
    <Time>18:16:13 PM +02</Time>
  </SystemRequest>
  <SystemRequest>
    <RequestTime>2018-02-20</RequestTime>
    <Path>/FDR/pages/GenerateOutgoingCBCDeclataions.aspx</Path>
    <User>SARSGOV\s2024134</User>
    <Url>http://localhost/FDR/pages/GenerateOutgoingCBCDeclataions.aspx</Url>
    <Time>18:16:55 PM +02</Time>
  </SystemRequest>
  <SystemRequest>
    <RequestTime>2018-02-20</RequestTime>
    <Path>/FDR/pages/GenerateOutgoingCBCDeclataions.aspx</Path>
    <User>SARSGOV\s2024134</User>
    <Url>http://localhost/FDR/pages/GenerateOutgoingCBCDeclataions.aspx</Url>
    <Time>18:17:08 PM +02</Time>
  </SystemRequest>
  <SystemRequest>
    <RequestTime>2018-02-20</RequestTime>
    <Path>/FDR/pages/GenerateOutgoingCBCDeclataions.aspx</Path>
    <User>SARSGOV\s2024134</User>
    <Url>http://localhost/FDR/pages/GenerateOutgoingCBCDeclataions.aspx</Url>
    <Time>18:19:09 PM +02</Time>
  </SystemRequest>
  <SystemRequest>
    <RequestTime>2018-02-20</RequestTime>
    <Path>/FDR/pages/GenerateOutgoingCBCDeclataions.aspx</Path>
    <User>SARSGOV\s2024134</User>
    <Url>http://localhost/FDR/pages/GenerateOutgoingCBCDeclataions.aspx</Url>
    <Time>18:19:22 PM +02</Time>
  </SystemRequest>
  <SystemRequest>
    <RequestTime>2018-02-20</RequestTime>
    <Path>/FDR/pages/GenerateOutgoingCBCDeclataions.aspx</Path>
    <User>SARSGOV\s2024134</User>
    <Url>http://localhost/FDR/pages/GenerateOutgoingCBCDeclataions.aspx</Url>
    <Time>18:19:38 PM +02</Time>
  </SystemRequest>
</ArrayOfSystemRequest>