<?xml version="1.0" encoding="utf-8"?>
<ArrayOfSystemRequest>
  <SystemRequest>
    <RequestTime>2018-01-18</RequestTime>
    <Path>/FDR/Default.aspx</Path>
    <User>SARSGOV\s2024134</User>
    <Url>http://localhost/FDR/Default.aspx</Url>
    <Time>09:55:25 AM +02</Time>
  </SystemRequest>
  <SystemRequest>
    <RequestTime>2018-01-18</RequestTime>
    <Path>/fdr/pages/incomingcbcdeclataions.aspx</Path>
    <User>SARSGOV\s2024134</User>
    <Url>http://localhost/fdr/pages/incomingcbcdeclataions.aspx?new=0</Url>
    <Time>09:56:42 AM +02</Time>
  </SystemRequest>
  <SystemRequest>
    <RequestTime>2018-01-18</RequestTime>
    <Path>/fdr/pages/incomingcbcdeclataions.aspx</Path>
    <User>SARSGOV\s2024134</User>
    <Url>http://localhost/fdr/pages/incomingcbcdeclataions.aspx?new=1</Url>
    <Time>09:56:51 AM +02</Time>
  </SystemRequest>
  <SystemRequest>
    <RequestTime>2018-01-18</RequestTime>
    <Path>/fdr/pages/incomingcbcdeclataions.aspx</Path>
    <User>SARSGOV\s2024134</User>
    <Url>http://localhost/fdr/pages/incomingcbcdeclataions.aspx?new=1</Url>
    <Time>09:56:54 AM +02</Time>
  </SystemRequest>
  <SystemRequest>
    <RequestTime>2018-01-18</RequestTime>
    <Path>/FDR/pages/cbcForm.aspx</Path>
    <User>SARSGOV\s2024134</User>
    <Url>http://localhost/FDR/pages/cbcForm.aspx?refno=9080191837&amp;year=2017&amp;bck=L2Zkci9wYWdlcy9pbmNvbWluZ2NiY2RlY2xhdGFpb25zLmFzcHg/bmV3PTE=</Url>
    <Time>09:56:55 AM +02</Time>
  </SystemRequest>
  <SystemRequest>
    <RequestTime>2018-01-18</RequestTime>
    <Path>/FDR/mnelistservice.asmx/GetCBCDataByTaxRefNo</Path>
    <User>SARSGOV\s2024134</User>
    <Url>http://localhost/FDR/mnelistservice.asmx/GetCBCDataByTaxRefNo</Url>
    <Time>09:56:56 AM +02</Time>
  </SystemRequest>
  <SystemRequest>
    <RequestTime>2018-01-18</RequestTime>
    <Path>/FDR/pages/cbcForm.aspx</Path>
    <User>SARSGOV\s2024134</User>
    <Url>http://localhost/FDR/pages/cbcForm.aspx?refno=9080191837&amp;year=2017&amp;bck=L2Zkci9wYWdlcy9pbmNvbWluZ2NiY2RlY2xhdGFpb25zLmFzcHg/bmV3PTE=</Url>
    <Time>10:00:34 AM +02</Time>
  </SystemRequest>
  <SystemRequest>
    <RequestTime>2018-01-18</RequestTime>
    <Path>/FDR/mnelistservice.asmx/GetCBCDataByTaxRefNo</Path>
    <User>SARSGOV\s2024134</User>
    <Url>http://localhost/FDR/mnelistservice.asmx/GetCBCDataByTaxRefNo</Url>
    <Time>10:00:35 AM +02</Time>
  </SystemRequest>
  <SystemRequest>
    <RequestTime>2018-01-18</RequestTime>
    <Path>/FDR/pages/cbcForm.aspx</Path>
    <User>SARSGOV\s2024134</User>
    <Url>http://localhost/FDR/pages/cbcForm.aspx?refno=9080191837&amp;year=2017&amp;bck=L2Zkci9wYWdlcy9pbmNvbWluZ2NiY2RlY2xhdGFpb25zLmFzcHg/bmV3PTE=</Url>
    <Time>16:03:01 PM +02</Time>
  </SystemRequest>
  <SystemRequest>
    <RequestTime>2018-01-18</RequestTime>
    <Path>/FDR/mnelistservice.asmx/GetCBCDataByTaxRefNo</Path>
    <User>SARSGOV\s2024134</User>
    <Url>http://localhost/FDR/mnelistservice.asmx/GetCBCDataByTaxRefNo</Url>
    <Time>16:03:09 PM +02</Time>
  </SystemRequest>
</ArrayOfSystemRequest>