<?xml version="1.0" encoding="utf-8"?>
<ArrayOfSystemRequest>
  <SystemRequest>
    <RequestTime>2018-02-14</RequestTime>
    <Path>/FDR/Default.aspx</Path>
    <User>SARSGOV\s2024134</User>
    <Url>http://localhost/FDR/Default.aspx</Url>
    <Time>09:19:58 AM +02</Time>
  </SystemRequest>
  <SystemRequest>
    <RequestTime>2018-02-14</RequestTime>
    <Path>/fdr/pages/acceptedsubmissions.aspx</Path>
    <User>SARSGOV\s2024134</User>
    <Url>http://localhost/fdr/pages/acceptedsubmissions.aspx</Url>
    <Time>09:20:26 AM +02</Time>
  </SystemRequest>
  <SystemRequest>
    <RequestTime>2018-02-14</RequestTime>
    <Path>/fdr/pages/acceptedwithwarnings.aspx</Path>
    <User>SARSGOV\s2024134</User>
    <Url>http://localhost/fdr/pages/acceptedwithwarnings.aspx</Url>
    <Time>09:20:37 AM +02</Time>
  </SystemRequest>
  <SystemRequest>
    <RequestTime>2018-02-14</RequestTime>
    <Path>/fdr/pages/declinedsubmissions.aspx</Path>
    <User>SARSGOV\s2024134</User>
    <Url>http://localhost/fdr/pages/declinedsubmissions.aspx</Url>
    <Time>09:20:40 AM +02</Time>
  </SystemRequest>
  <SystemRequest>
    <RequestTime>2018-02-14</RequestTime>
    <Path>/fdr/pages/viewsubmissions.aspx</Path>
    <User>SARSGOV\s2024134</User>
    <Url>http://localhost/fdr/pages/viewsubmissions.aspx</Url>
    <Time>09:20:42 AM +02</Time>
  </SystemRequest>
  <SystemRequest>
    <RequestTime>2018-02-14</RequestTime>
    <Path>/fdr/pages/viewsubmissions.aspx</Path>
    <User>SARSGOV\s2024134</User>
    <Url>http://localhost/fdr/pages/viewsubmissions.aspx</Url>
    <Time>09:21:47 AM +02</Time>
  </SystemRequest>
  <SystemRequest>
    <RequestTime>2018-02-14</RequestTime>
    <Path>/FDR/Default.aspx</Path>
    <User>SARSGOV\s2024134</User>
    <Url>http://localhost/FDR/Default.aspx</Url>
    <Time>09:32:42 AM +02</Time>
  </SystemRequest>
  <SystemRequest>
    <RequestTime>2018-02-14</RequestTime>
    <Path>/FDR/pages/cbcForm.aspx</Path>
    <User>SARSGOV\s2024134</User>
    <Url>http://localhost/FDR/pages/cbcForm.aspx?refno=9212388848&amp;year=2016&amp;bck=L2Zkci9wYWdlcy9pbmNvbWluZ2NiY2RlY2xhdGFpb25zLmFzcHg/bmV3PTE=</Url>
    <Time>09:32:49 AM +02</Time>
  </SystemRequest>
  <SystemRequest>
    <RequestTime>2018-02-14</RequestTime>
    <Path>/FDR/default.aspx</Path>
    <User>SARSGOV\s2024134</User>
    <Url>http://localhost/FDR/default.aspx</Url>
    <Time>09:35:34 AM +02</Time>
  </SystemRequest>
  <SystemRequest>
    <RequestTime>2018-02-14</RequestTime>
    <Path>/fdr/pages/viewsubmissions.aspx</Path>
    <User>SARSGOV\s2024134</User>
    <Url>http://localhost/fdr/pages/viewsubmissions.aspx</Url>
    <Time>09:35:44 AM +02</Time>
  </SystemRequest>
  <SystemRequest>
    <RequestTime>2018-02-14</RequestTime>
    <Path>/FDR/default.aspx</Path>
    <User>SARSGOV\s2024134</User>
    <Url>http://localhost/FDR/default.aspx</Url>
    <Time>09:36:42 AM +02</Time>
  </SystemRequest>
  <SystemRequest>
    <RequestTime>2018-02-14</RequestTime>
    <Path>/fdr/pages/viewsubmissions.aspx</Path>
    <User>SARSGOV\s2024134</User>
    <Url>http://localhost/fdr/pages/viewsubmissions.aspx</Url>
    <Time>09:36:47 AM +02</Time>
  </SystemRequest>
  <SystemRequest>
    <RequestTime>2018-02-14</RequestTime>
    <Path>/fdr/pages/inprogress.aspx</Path>
    <User>SARSGOV\s2024134</User>
    <Url>http://localhost/fdr/pages/inprogress.aspx</Url>
    <Time>09:36:50 AM +02</Time>
  </SystemRequest>
  <SystemRequest>
    <RequestTime>2018-02-14</RequestTime>
    <Path>/fdr/pages/acceptedwithwarnings.aspx</Path>
    <User>SARSGOV\s2024134</User>
    <Url>http://localhost/fdr/pages/acceptedwithwarnings.aspx</Url>
    <Time>09:36:52 AM +02</Time>
  </SystemRequest>
  <SystemRequest>
    <RequestTime>2018-02-14</RequestTime>
    <Path>/fdr/pages/declinedsubmissions.aspx</Path>
    <User>SARSGOV\s2024134</User>
    <Url>http://localhost/fdr/pages/declinedsubmissions.aspx</Url>
    <Time>09:36:53 AM +02</Time>
  </SystemRequest>
  <SystemRequest>
    <RequestTime>2018-02-14</RequestTime>
    <Path>/fdr/pages/viewsubmissions.aspx</Path>
    <User>SARSGOV\s2024134</User>
    <Url>http://localhost/fdr/pages/viewsubmissions.aspx</Url>
    <Time>09:37:09 AM +02</Time>
  </SystemRequest>
  <SystemRequest>
    <RequestTime>2018-02-14</RequestTime>
    <Path>/FDR/pages/mnedetails.aspx</Path>
    <User>SARSGOV\s2024134</User>
    <Url>http://localhost/FDR/pages/mnedetails.aspx</Url>
    <Time>10:25:27 AM +02</Time>
  </SystemRequest>
  <SystemRequest>
    <RequestTime>2018-02-14</RequestTime>
    <Path>/FDR/Default.aspx</Path>
    <User>SARSGOV\s2024134</User>
    <Url>http://localhost/FDR/Default.aspx</Url>
    <Time>10:36:31 AM +02</Time>
  </SystemRequest>
  <SystemRequest>
    <RequestTime>2018-02-14</RequestTime>
    <Path>/fdr/pages/mnedetails.aspx</Path>
    <User>SARSGOV\s2024134</User>
    <Url>http://localhost/fdr/pages/mnedetails.aspx</Url>
    <Time>10:36:41 AM +02</Time>
  </SystemRequest>
  <SystemRequest>
    <RequestTime>2018-02-14</RequestTime>
    <Path>/FDR/Default.aspx</Path>
    <User>SARSGOV\s2024134</User>
    <Url>http://localhost/FDR/Default.aspx</Url>
    <Time>10:42:11 AM +02</Time>
  </SystemRequest>
  <SystemRequest>
    <RequestTime>2018-02-14</RequestTime>
    <Path>/fdr/pages/mnedetails.aspx</Path>
    <User>SARSGOV\s2024134</User>
    <Url>http://localhost/fdr/pages/mnedetails.aspx</Url>
    <Time>10:42:20 AM +02</Time>
  </SystemRequest>
  <SystemRequest>
    <RequestTime>2018-02-14</RequestTime>
    <Path>/fdr/pages/mnedetails.aspx</Path>
    <User>SARSGOV\s2024134</User>
    <Url>http://localhost/fdr/pages/mnedetails.aspx</Url>
    <Time>10:42:25 AM +02</Time>
  </SystemRequest>
  <SystemRequest>
    <RequestTime>2018-02-14</RequestTime>
    <Path>/FDR/Default.aspx</Path>
    <User>SARSGOV\s2024134</User>
    <Url>http://localhost/FDR/Default.aspx</Url>
    <Time>10:42:54 AM +02</Time>
  </SystemRequest>
  <SystemRequest>
    <RequestTime>2018-02-14</RequestTime>
    <Path>/fdr/pages/mnedetails.aspx</Path>
    <User>SARSGOV\s2024134</User>
    <Url>http://localhost/fdr/pages/mnedetails.aspx</Url>
    <Time>10:43:01 AM +02</Time>
  </SystemRequest>
  <SystemRequest>
    <RequestTime>2018-02-14</RequestTime>
    <Path>/fdr/pages/mnedetails.aspx</Path>
    <User>SARSGOV\s2024134</User>
    <Url>http://localhost/fdr/pages/mnedetails.aspx</Url>
    <Time>10:43:06 AM +02</Time>
  </SystemRequest>
  <SystemRequest>
    <RequestTime>2018-02-14</RequestTime>
    <Path>/fdr/pages/mnedetails.aspx</Path>
    <User>SARSGOV\s2024134</User>
    <Url>http://localhost/fdr/pages/mnedetails.aspx</Url>
    <Time>10:44:53 AM +02</Time>
  </SystemRequest>
  <SystemRequest>
    <RequestTime>2018-02-14</RequestTime>
    <Path>/fdr/pages/mnedetails.aspx</Path>
    <User>SARSGOV\s2024134</User>
    <Url>http://localhost/fdr/pages/mnedetails.aspx</Url>
    <Time>10:45:24 AM +02</Time>
  </SystemRequest>
  <SystemRequest>
    <RequestTime>2018-02-14</RequestTime>
    <Path>/fdr/pages/mnedetails.aspx</Path>
    <User>SARSGOV\s2024134</User>
    <Url>http://localhost/fdr/pages/mnedetails.aspx</Url>
    <Time>10:46:29 AM +02</Time>
  </SystemRequest>
</ArrayOfSystemRequest>