<?xml version="1.0" encoding="utf-8"?>
<ArrayOfSystemRequest>
  <SystemRequest>
    <RequestTime>2018-02-13</RequestTime>
    <Path>/FDR/Default.aspx</Path>
    <User>SARSGOV\s2024134</User>
    <Url>http://localhost/FDR/Default.aspx</Url>
    <Time>10:05:11 AM +02</Time>
  </SystemRequest>
  <SystemRequest>
    <RequestTime>2018-02-13</RequestTime>
    <Path>/fdr/pages/uploadmnelist.aspx</Path>
    <User>SARSGOV\s2024134</User>
    <Url>http://localhost/fdr/pages/uploadmnelist.aspx</Url>
    <Time>10:05:50 AM +02</Time>
  </SystemRequest>
  <SystemRequest>
    <RequestTime>2018-02-13</RequestTime>
    <Path>/fdr/pages/mnedetails.aspx</Path>
    <User>SARSGOV\s2024134</User>
    <Url>http://localhost/fdr/pages/mnedetails.aspx</Url>
    <Time>10:05:52 AM +02</Time>
  </SystemRequest>
  <SystemRequest>
    <RequestTime>2018-02-13</RequestTime>
    <Path>/fdr/pages/managemne.aspx</Path>
    <User>SARSGOV\s2024134</User>
    <Url>http://localhost/fdr/pages/managemne.aspx</Url>
    <Time>10:06:00 AM +02</Time>
  </SystemRequest>
  <SystemRequest>
    <RequestTime>2018-02-13</RequestTime>
    <Path>/fdr/pages/managemne.aspx</Path>
    <User>SARSGOV\s2024134</User>
    <Url>http://localhost/fdr/pages/managemne.aspx</Url>
    <Time>10:06:09 AM +02</Time>
  </SystemRequest>
  <SystemRequest>
    <RequestTime>2018-02-13</RequestTime>
    <Path>/fdr/pages/managemne.aspx</Path>
    <User>SARSGOV\s2024134</User>
    <Url>http://localhost/fdr/pages/managemne.aspx</Url>
    <Time>10:06:38 AM +02</Time>
  </SystemRequest>
  <SystemRequest>
    <RequestTime>2018-02-13</RequestTime>
    <Path>/FDR/Default.aspx</Path>
    <User>SARSGOV\s2024134</User>
    <Url>http://localhost/FDR/Default.aspx</Url>
    <Time>12:06:50 PM +02</Time>
  </SystemRequest>
  <SystemRequest>
    <RequestTime>2018-02-13</RequestTime>
    <Path>/fdr/pages/mnedetails.aspx</Path>
    <User>SARSGOV\s2024134</User>
    <Url>http://localhost/fdr/pages/mnedetails.aspx</Url>
    <Time>12:07:36 PM +02</Time>
  </SystemRequest>
  <SystemRequest>
    <RequestTime>2018-02-13</RequestTime>
    <Path>/fdr/pages/mnedetails.aspx</Path>
    <User>SARSGOV\s2024134</User>
    <Url>http://localhost/fdr/pages/mnedetails.aspx</Url>
    <Time>12:10:18 PM +02</Time>
  </SystemRequest>
  <SystemRequest>
    <RequestTime>2018-02-13</RequestTime>
    <Path>/FDR/Default.aspx</Path>
    <User>SARSGOV\s2024134</User>
    <Url>http://localhost/FDR/Default.aspx</Url>
    <Time>12:11:49 PM +02</Time>
  </SystemRequest>
  <SystemRequest>
    <RequestTime>2018-02-13</RequestTime>
    <Path>/fdr/pages/mnedetails.aspx</Path>
    <User>SARSGOV\s2024134</User>
    <Url>http://localhost/fdr/pages/mnedetails.aspx</Url>
    <Time>12:12:01 PM +02</Time>
  </SystemRequest>
  <SystemRequest>
    <RequestTime>2018-02-13</RequestTime>
    <Path>/fdr/pages/mnedetails.aspx</Path>
    <User>SARSGOV\s2024134</User>
    <Url>http://localhost/fdr/pages/mnedetails.aspx</Url>
    <Time>12:13:58 PM +02</Time>
  </SystemRequest>
  <SystemRequest>
    <RequestTime>2018-02-13</RequestTime>
    <Path>/fdr/pages/mnedetails.aspx</Path>
    <User>SARSGOV\s2024134</User>
    <Url>http://localhost/fdr/pages/mnedetails.aspx</Url>
    <Time>12:15:02 PM +02</Time>
  </SystemRequest>
  <SystemRequest>
    <RequestTime>2018-02-13</RequestTime>
    <Path>/fdr/pages/mnedetails.aspx</Path>
    <User>SARSGOV\s2024134</User>
    <Url>http://localhost/fdr/pages/mnedetails.aspx</Url>
    <Time>12:15:25 PM +02</Time>
  </SystemRequest>
  <SystemRequest>
    <RequestTime>2018-02-13</RequestTime>
    <Path>/fdr/pages/managemne.aspx</Path>
    <User>SARSGOV\s2024134</User>
    <Url>http://localhost/fdr/pages/managemne.aspx</Url>
    <Time>12:18:54 PM +02</Time>
  </SystemRequest>
  <SystemRequest>
    <RequestTime>2018-02-13</RequestTime>
    <Path>/fdr/pages/managemne.aspx</Path>
    <User>SARSGOV\s2024134</User>
    <Url>http://localhost/fdr/pages/managemne.aspx</Url>
    <Time>12:19:03 PM +02</Time>
  </SystemRequest>
  <SystemRequest>
    <RequestTime>2018-02-13</RequestTime>
    <Path>/FDR/Default.aspx</Path>
    <User>SARSGOV\s2024134</User>
    <Url>http://localhost/FDR/Default.aspx</Url>
    <Time>12:22:17 PM +02</Time>
  </SystemRequest>
  <SystemRequest>
    <RequestTime>2018-02-13</RequestTime>
    <Path>/fdr/pages/managemne.aspx</Path>
    <User>SARSGOV\s2024134</User>
    <Url>http://localhost/fdr/pages/managemne.aspx</Url>
    <Time>12:22:36 PM +02</Time>
  </SystemRequest>
  <SystemRequest>
    <RequestTime>2018-02-13</RequestTime>
    <Path>/fdr/pages/managemne.aspx</Path>
    <User>SARSGOV\s2024134</User>
    <Url>http://localhost/fdr/pages/managemne.aspx</Url>
    <Time>12:22:50 PM +02</Time>
  </SystemRequest>
  <SystemRequest>
    <RequestTime>2018-02-13</RequestTime>
    <Path>/fdr/pages/managemne.aspx</Path>
    <User>SARSGOV\s2024134</User>
    <Url>http://localhost/fdr/pages/managemne.aspx</Url>
    <Time>12:23:47 PM +02</Time>
  </SystemRequest>
  <SystemRequest>
    <RequestTime>2018-02-13</RequestTime>
    <Path>/fdr/pages/managemne.aspx</Path>
    <User>SARSGOV\s2024134</User>
    <Url>http://localhost/fdr/pages/managemne.aspx</Url>
    <Time>12:23:59 PM +02</Time>
  </SystemRequest>
  <SystemRequest>
    <RequestTime>2018-02-13</RequestTime>
    <Path>/fdr/pages/managemne.aspx</Path>
    <User>SARSGOV\s2024134</User>
    <Url>http://localhost/fdr/pages/managemne.aspx</Url>
    <Time>12:24:07 PM +02</Time>
  </SystemRequest>
  <SystemRequest>
    <RequestTime>2018-02-13</RequestTime>
    <Path>/FDR/Default.aspx</Path>
    <User>SARSGOV\s2024134</User>
    <Url>http://localhost/FDR/Default.aspx</Url>
    <Time>13:53:49 PM +02</Time>
  </SystemRequest>
  <SystemRequest>
    <RequestTime>2018-02-13</RequestTime>
    <Path>/fdr/pages/mnedetails.aspx</Path>
    <User>SARSGOV\s2024134</User>
    <Url>http://localhost/fdr/pages/mnedetails.aspx</Url>
    <Time>13:55:00 PM +02</Time>
  </SystemRequest>
  <SystemRequest>
    <RequestTime>2018-02-13</RequestTime>
    <Path>/fdr/pages/mnedetails.aspx</Path>
    <User>SARSGOV\s2024134</User>
    <Url>http://localhost/fdr/pages/mnedetails.aspx</Url>
    <Time>13:56:19 PM +02</Time>
  </SystemRequest>
  <SystemRequest>
    <RequestTime>2018-02-13</RequestTime>
    <Path>/fdr/pages/mnedetails.aspx</Path>
    <User>SARSGOV\s2024134</User>
    <Url>http://localhost/fdr/pages/mnedetails.aspx</Url>
    <Time>13:56:52 PM +02</Time>
  </SystemRequest>
  <SystemRequest>
    <RequestTime>2018-02-13</RequestTime>
    <Path>/fdr/pages/mnedetails.aspx</Path>
    <User>SARSGOV\s2024134</User>
    <Url>http://localhost/fdr/pages/mnedetails.aspx</Url>
    <Time>13:57:04 PM +02</Time>
  </SystemRequest>
  <SystemRequest>
    <RequestTime>2018-02-13</RequestTime>
    <Path>/FDR/Default.aspx</Path>
    <User>SARSGOV\s2024134</User>
    <Url>http://localhost/FDR/Default.aspx</Url>
    <Time>13:59:58 PM +02</Time>
  </SystemRequest>
  <SystemRequest>
    <RequestTime>2018-02-13</RequestTime>
    <Path>/fdr/pages/mnedetails.aspx</Path>
    <User>SARSGOV\s2024134</User>
    <Url>http://localhost/fdr/pages/mnedetails.aspx</Url>
    <Time>14:03:06 PM +02</Time>
  </SystemRequest>
  <SystemRequest>
    <RequestTime>2018-02-13</RequestTime>
    <Path>/fdr/pages/mnedetails.aspx</Path>
    <User>SARSGOV\s2024134</User>
    <Url>http://localhost/fdr/pages/mnedetails.aspx</Url>
    <Time>14:03:40 PM +02</Time>
  </SystemRequest>
  <SystemRequest>
    <RequestTime>2018-02-13</RequestTime>
    <Path>/fdr/pages/mnedetails.aspx</Path>
    <User>SARSGOV\s2024134</User>
    <Url>http://localhost/fdr/pages/mnedetails.aspx</Url>
    <Time>14:04:54 PM +02</Time>
  </SystemRequest>
  <SystemRequest>
    <RequestTime>2018-02-13</RequestTime>
    <Path>/FDR/Default.aspx</Path>
    <User>SARSGOV\s2024134</User>
    <Url>http://localhost/FDR/Default.aspx</Url>
    <Time>14:06:36 PM +02</Time>
  </SystemRequest>
  <SystemRequest>
    <RequestTime>2018-02-13</RequestTime>
    <Path>/fdr/pages/managemne.aspx</Path>
    <User>SARSGOV\s2024134</User>
    <Url>http://localhost/fdr/pages/managemne.aspx</Url>
    <Time>14:06:43 PM +02</Time>
  </SystemRequest>
  <SystemRequest>
    <RequestTime>2018-02-13</RequestTime>
    <Path>/fdr/pages/managemne.aspx</Path>
    <User>SARSGOV\s2024134</User>
    <Url>http://localhost/fdr/pages/managemne.aspx</Url>
    <Time>14:06:51 PM +02</Time>
  </SystemRequest>
  <SystemRequest>
    <RequestTime>2018-02-13</RequestTime>
    <Path>/fdr/pages/mnedetails.aspx</Path>
    <User>SARSGOV\s2024134</User>
    <Url>http://localhost/fdr/pages/mnedetails.aspx</Url>
    <Time>14:07:10 PM +02</Time>
  </SystemRequest>
  <SystemRequest>
    <RequestTime>2018-02-13</RequestTime>
    <Path>/FDR/Default.aspx</Path>
    <User>SARSGOV\s2024134</User>
    <Url>http://localhost/FDR/Default.aspx</Url>
    <Time>14:09:13 PM +02</Time>
  </SystemRequest>
  <SystemRequest>
    <RequestTime>2018-02-13</RequestTime>
    <Path>/fdr/pages/mnedetails.aspx</Path>
    <User>SARSGOV\s2024134</User>
    <Url>http://localhost/fdr/pages/mnedetails.aspx</Url>
    <Time>14:09:19 PM +02</Time>
  </SystemRequest>
  <SystemRequest>
    <RequestTime>2018-02-13</RequestTime>
    <Path>/fdr/pages/mnedetails.aspx</Path>
    <User>SARSGOV\s2024134</User>
    <Url>http://localhost/fdr/pages/mnedetails.aspx</Url>
    <Time>14:10:02 PM +02</Time>
  </SystemRequest>
</ArrayOfSystemRequest>