<?xml version="1.0" encoding="utf-8"?>
<ArrayOfSystemRequest>
  <SystemRequest>
    <RequestTime>2018-02-21</RequestTime>
    <Path>/FDR/pages/GenerateOutgoingCBCDeclataions.aspx</Path>
    <User>SARSGOV\s2024134</User>
    <Url>http://localhost/FDR/pages/GenerateOutgoingCBCDeclataions.aspx</Url>
    <Time>08:46:05 AM +02</Time>
  </SystemRequest>
  <SystemRequest>
    <RequestTime>2018-02-21</RequestTime>
    <Path>/FDR/pages/GenerateOutgoingCBCDeclataions.aspx</Path>
    <User>SARSGOV\s2024134</User>
    <Url>http://localhost/FDR/pages/GenerateOutgoingCBCDeclataions.aspx</Url>
    <Time>08:56:57 AM +02</Time>
  </SystemRequest>
  <SystemRequest>
    <RequestTime>2018-02-21</RequestTime>
    <Path>/FDR/pages/GenerateOutgoingCBCDeclataions.aspx</Path>
    <User>SARSGOV\s2024134</User>
    <Url>http://localhost/FDR/pages/GenerateOutgoingCBCDeclataions.aspx</Url>
    <Time>08:57:14 AM +02</Time>
  </SystemRequest>
  <SystemRequest>
    <RequestTime>2018-02-21</RequestTime>
    <Path>/FDR/pages/GenerateOutgoingCBCDeclataions.aspx</Path>
    <User>SARSGOV\s2024134</User>
    <Url>http://localhost/FDR/pages/GenerateOutgoingCBCDeclataions.aspx</Url>
    <Time>08:58:35 AM +02</Time>
  </SystemRequest>
  <SystemRequest>
    <RequestTime>2018-02-21</RequestTime>
    <Path>/FDR/pages/GenerateOutgoingCBCDeclataions.aspx</Path>
    <User>SARSGOV\s2024134</User>
    <Url>http://localhost/FDR/pages/GenerateOutgoingCBCDeclataions.aspx</Url>
    <Time>08:59:18 AM +02</Time>
  </SystemRequest>
  <SystemRequest>
    <RequestTime>2018-02-21</RequestTime>
    <Path>/FDR/pages/GenerateOutgoingCBCDeclataions.aspx</Path>
    <User>SARSGOV\s2024134</User>
    <Url>http://localhost/FDR/pages/GenerateOutgoingCBCDeclataions.aspx</Url>
    <Time>09:03:37 AM +02</Time>
  </SystemRequest>
  <SystemRequest>
    <RequestTime>2018-02-21</RequestTime>
    <Path>/FDR/pages/GenerateOutgoingCBCDeclataions.aspx</Path>
    <User>SARSGOV\s2024134</User>
    <Url>http://localhost/FDR/pages/GenerateOutgoingCBCDeclataions.aspx</Url>
    <Time>09:04:18 AM +02</Time>
  </SystemRequest>
  <SystemRequest>
    <RequestTime>2018-02-21</RequestTime>
    <Path>/FDR/pages/GenerateOutgoingCBCDeclataions.aspx</Path>
    <User>SARSGOV\s2024134</User>
    <Url>http://localhost/FDR/pages/GenerateOutgoingCBCDeclataions.aspx</Url>
    <Time>09:04:26 AM +02</Time>
  </SystemRequest>
  <SystemRequest>
    <RequestTime>2018-02-21</RequestTime>
    <Path>/FDR/pages/GenerateOutgoingCBCDeclataions.aspx</Path>
    <User>SARSGOV\s2024134</User>
    <Url>http://localhost/FDR/pages/GenerateOutgoingCBCDeclataions.aspx</Url>
    <Time>09:04:52 AM +02</Time>
  </SystemRequest>
  <SystemRequest>
    <RequestTime>2018-02-21</RequestTime>
    <Path>/FDR/pages/GenerateOutgoingCBCDeclataions.aspx</Path>
    <User>SARSGOV\s2024134</User>
    <Url>http://localhost/FDR/pages/GenerateOutgoingCBCDeclataions.aspx</Url>
    <Time>09:07:08 AM +02</Time>
  </SystemRequest>
  <SystemRequest>
    <RequestTime>2018-02-21</RequestTime>
    <Path>/FDR/pages/GenerateOutgoingCBCDeclataions.aspx</Path>
    <User>SARSGOV\s2024134</User>
    <Url>http://localhost/FDR/pages/GenerateOutgoingCBCDeclataions.aspx</Url>
    <Time>09:07:19 AM +02</Time>
  </SystemRequest>
  <SystemRequest>
    <RequestTime>2018-02-21</RequestTime>
    <Path>/FDR/pages/GenerateOutgoingCBCDeclataions.aspx</Path>
    <User>SARSGOV\s2024134</User>
    <Url>http://localhost/FDR/pages/GenerateOutgoingCBCDeclataions.aspx</Url>
    <Time>09:07:32 AM +02</Time>
  </SystemRequest>
  <SystemRequest>
    <RequestTime>2018-02-21</RequestTime>
    <Path>/FDR/pages/GenerateOutgoingCBCDeclataions.aspx</Path>
    <User>SARSGOV\s2024134</User>
    <Url>http://localhost/FDR/pages/GenerateOutgoingCBCDeclataions.aspx</Url>
    <Time>09:08:51 AM +02</Time>
  </SystemRequest>
  <SystemRequest>
    <RequestTime>2018-02-21</RequestTime>
    <Path>/FDR/pages/GenerateOutgoingCBCDeclataions.aspx</Path>
    <User>SARSGOV\s2024134</User>
    <Url>http://localhost/FDR/pages/GenerateOutgoingCBCDeclataions.aspx</Url>
    <Time>09:13:39 AM +02</Time>
  </SystemRequest>
  <SystemRequest>
    <RequestTime>2018-02-21</RequestTime>
    <Path>/FDR/pages/GenerateOutgoingCBCDeclataions.aspx</Path>
    <User>SARSGOV\s2024134</User>
    <Url>http://localhost/FDR/pages/GenerateOutgoingCBCDeclataions.aspx</Url>
    <Time>09:13:50 AM +02</Time>
  </SystemRequest>
  <SystemRequest>
    <RequestTime>2018-02-21</RequestTime>
    <Path>/FDR/pages/GenerateOutgoingCBCDeclataions.aspx</Path>
    <User>SARSGOV\s2024134</User>
    <Url>http://localhost/FDR/pages/GenerateOutgoingCBCDeclataions.aspx</Url>
    <Time>09:14:39 AM +02</Time>
  </SystemRequest>
  <SystemRequest>
    <RequestTime>2018-02-21</RequestTime>
    <Path>/FDR/pages/GenerateOutgoingCBCDeclataions.aspx</Path>
    <User>SARSGOV\s2024134</User>
    <Url>http://localhost/FDR/pages/GenerateOutgoingCBCDeclataions.aspx</Url>
    <Time>09:23:10 AM +02</Time>
  </SystemRequest>
  <SystemRequest>
    <RequestTime>2018-02-21</RequestTime>
    <Path>/FDR/pages/GenerateOutgoingCBCDeclataions.aspx</Path>
    <User>SARSGOV\s2024134</User>
    <Url>http://localhost/FDR/pages/GenerateOutgoingCBCDeclataions.aspx</Url>
    <Time>09:23:34 AM +02</Time>
  </SystemRequest>
  <SystemRequest>
    <RequestTime>2018-02-21</RequestTime>
    <Path>/FDR/pages/GenerateOutgoingCBCDeclataions.aspx</Path>
    <User>SARSGOV\s2024134</User>
    <Url>http://localhost/FDR/pages/GenerateOutgoingCBCDeclataions.aspx</Url>
    <Time>09:23:37 AM +02</Time>
  </SystemRequest>
  <SystemRequest>
    <RequestTime>2018-02-21</RequestTime>
    <Path>/FDR/pages/GenerateOutgoingCBCDeclataions.aspx</Path>
    <User>SARSGOV\s2024134</User>
    <Url>http://localhost/FDR/pages/GenerateOutgoingCBCDeclataions.aspx</Url>
    <Time>09:24:24 AM +02</Time>
  </SystemRequest>
  <SystemRequest>
    <RequestTime>2018-02-21</RequestTime>
    <Path>/FDR/pages/GenerateOutgoingCBCDeclataions.aspx</Path>
    <User>SARSGOV\s2024134</User>
    <Url>http://localhost/FDR/pages/GenerateOutgoingCBCDeclataions.aspx</Url>
    <Time>10:08:57 AM +02</Time>
  </SystemRequest>
  <SystemRequest>
    <RequestTime>2018-02-21</RequestTime>
    <Path>/FDR/pages/GenerateOutgoingCBCDeclataions.aspx</Path>
    <User>SARSGOV\s2024134</User>
    <Url>http://localhost/FDR/pages/GenerateOutgoingCBCDeclataions.aspx</Url>
    <Time>10:09:54 AM +02</Time>
  </SystemRequest>
  <SystemRequest>
    <RequestTime>2018-02-21</RequestTime>
    <Path>/FDR/pages/GenerateOutgoingCBCDeclataions.aspx</Path>
    <User>SARSGOV\s2024134</User>
    <Url>http://localhost/FDR/pages/GenerateOutgoingCBCDeclataions.aspx</Url>
    <Time>10:09:57 AM +02</Time>
  </SystemRequest>
  <SystemRequest>
    <RequestTime>2018-02-21</RequestTime>
    <Path>/FDR/pages/GenerateOutgoingCBCDeclataions.aspx</Path>
    <User>SARSGOV\s2024134</User>
    <Url>http://localhost/FDR/pages/GenerateOutgoingCBCDeclataions.aspx</Url>
    <Time>10:10:01 AM +02</Time>
  </SystemRequest>
  <SystemRequest>
    <RequestTime>2018-02-21</RequestTime>
    <Path>/FDR/pages/GenerateOutgoingCBCDeclataions.aspx</Path>
    <User>SARSGOV\s2024134</User>
    <Url>http://localhost/FDR/pages/GenerateOutgoingCBCDeclataions.aspx</Url>
    <Time>10:20:35 AM +02</Time>
  </SystemRequest>
  <SystemRequest>
    <RequestTime>2018-02-21</RequestTime>
    <Path>/FDR/pages/GenerateOutgoingCBCDeclataions.aspx</Path>
    <User>SARSGOV\s2024134</User>
    <Url>http://localhost/FDR/pages/GenerateOutgoingCBCDeclataions.aspx</Url>
    <Time>10:20:44 AM +02</Time>
  </SystemRequest>
  <SystemRequest>
    <RequestTime>2018-02-21</RequestTime>
    <Path>/FDR/pages/GenerateOutgoingCBCDeclataions.aspx</Path>
    <User>SARSGOV\s2024134</User>
    <Url>http://localhost/FDR/pages/GenerateOutgoingCBCDeclataions.aspx</Url>
    <Time>10:20:46 AM +02</Time>
  </SystemRequest>
  <SystemRequest>
    <RequestTime>2018-02-21</RequestTime>
    <Path>/FDR/pages/GenerateOutgoingCBCDeclataions.aspx</Path>
    <User>SARSGOV\s2024134</User>
    <Url>http://localhost/FDR/pages/GenerateOutgoingCBCDeclataions.aspx</Url>
    <Time>10:20:50 AM +02</Time>
  </SystemRequest>
  <SystemRequest>
    <RequestTime>2018-02-21</RequestTime>
    <Path>/FDR/pages/GenerateOutgoingCBCDeclataions.aspx</Path>
    <User>SARSGOV\s2024134</User>
    <Url>http://localhost/FDR/pages/GenerateOutgoingCBCDeclataions.aspx</Url>
    <Time>10:31:15 AM +02</Time>
  </SystemRequest>
  <SystemRequest>
    <RequestTime>2018-02-21</RequestTime>
    <Path>/FDR/pages/GenerateOutgoingCBCDeclataions.aspx</Path>
    <User>SARSGOV\s2024134</User>
    <Url>http://localhost/FDR/pages/GenerateOutgoingCBCDeclataions.aspx</Url>
    <Time>10:32:01 AM +02</Time>
  </SystemRequest>
  <SystemRequest>
    <RequestTime>2018-02-21</RequestTime>
    <Path>/FDR/pages/GenerateOutgoingCBCDeclataions.aspx</Path>
    <User>SARSGOV\s2024134</User>
    <Url>http://localhost/FDR/pages/GenerateOutgoingCBCDeclataions.aspx</Url>
    <Time>10:32:01 AM +02</Time>
  </SystemRequest>
  <SystemRequest>
    <RequestTime>2018-02-21</RequestTime>
    <Path>/FDR/pages/GenerateOutgoingCBCDeclataions.aspx</Path>
    <User>SARSGOV\s2024134</User>
    <Url>http://localhost/FDR/pages/GenerateOutgoingCBCDeclataions.aspx</Url>
    <Time>10:32:03 AM +02</Time>
  </SystemRequest>
  <SystemRequest>
    <RequestTime>2018-02-21</RequestTime>
    <Path>/FDR/pages/GenerateOutgoingCBCDeclataions.aspx</Path>
    <User>SARSGOV\s2024134</User>
    <Url>http://localhost/FDR/pages/GenerateOutgoingCBCDeclataions.aspx</Url>
    <Time>10:32:05 AM +02</Time>
  </SystemRequest>
  <SystemRequest>
    <RequestTime>2018-02-21</RequestTime>
    <Path>/FDR/pages/GenerateOutgoingCBCDeclataions.aspx</Path>
    <User>SARSGOV\s2024134</User>
    <Url>http://localhost/FDR/pages/GenerateOutgoingCBCDeclataions.aspx</Url>
    <Time>10:32:55 AM +02</Time>
  </SystemRequest>
  <SystemRequest>
    <RequestTime>2018-02-21</RequestTime>
    <Path>/FDR/pages/GenerateOutgoingCBCDeclataions.aspx</Path>
    <User>SARSGOV\s2024134</User>
    <Url>http://localhost/FDR/pages/GenerateOutgoingCBCDeclataions.aspx</Url>
    <Time>10:33:03 AM +02</Time>
  </SystemRequest>
  <SystemRequest>
    <RequestTime>2018-02-21</RequestTime>
    <Path>/FDR/pages/GenerateOutgoingCBCDeclataions.aspx</Path>
    <User>SARSGOV\s2024134</User>
    <Url>http://localhost/FDR/pages/GenerateOutgoingCBCDeclataions.aspx</Url>
    <Time>10:33:04 AM +02</Time>
  </SystemRequest>
  <SystemRequest>
    <RequestTime>2018-02-21</RequestTime>
    <Path>/FDR/pages/GenerateOutgoingCBCDeclataions.aspx</Path>
    <User>SARSGOV\s2024134</User>
    <Url>http://localhost/FDR/pages/GenerateOutgoingCBCDeclataions.aspx</Url>
    <Time>10:33:05 AM +02</Time>
  </SystemRequest>
  <SystemRequest>
    <RequestTime>2018-02-21</RequestTime>
    <Path>/FDR/pages/GenerateOutgoingCBCDeclataions.aspx</Path>
    <User>SARSGOV\s2024134</User>
    <Url>http://localhost/FDR/pages/GenerateOutgoingCBCDeclataions.aspx</Url>
    <Time>10:33:09 AM +02</Time>
  </SystemRequest>
  <SystemRequest>
    <RequestTime>2018-02-21</RequestTime>
    <Path>/FDR/pages/GenerateOutgoingCBCDeclataions.aspx</Path>
    <User>SARSGOV\s2024134</User>
    <Url>http://localhost/FDR/pages/GenerateOutgoingCBCDeclataions.aspx</Url>
    <Time>10:41:42 AM +02</Time>
  </SystemRequest>
  <SystemRequest>
    <RequestTime>2018-02-21</RequestTime>
    <Path>/FDR/pages/GenerateOutgoingCBCDeclataions.aspx</Path>
    <User>SARSGOV\s2024134</User>
    <Url>http://localhost/FDR/pages/GenerateOutgoingCBCDeclataions.aspx</Url>
    <Time>10:53:48 AM +02</Time>
  </SystemRequest>
  <SystemRequest>
    <RequestTime>2018-02-21</RequestTime>
    <Path>/FDR/pages/GenerateOutgoingCBCDeclataions.aspx</Path>
    <User>SARSGOV\s2024134</User>
    <Url>http://localhost/FDR/pages/GenerateOutgoingCBCDeclataions.aspx</Url>
    <Time>11:08:35 AM +02</Time>
  </SystemRequest>
  <SystemRequest>
    <RequestTime>2018-02-21</RequestTime>
    <Path>/FDR/pages/GenerateOutgoingCBCDeclataions.aspx</Path>
    <User>SARSGOV\s2024134</User>
    <Url>http://localhost/FDR/pages/GenerateOutgoingCBCDeclataions.aspx</Url>
    <Time>11:15:30 AM +02</Time>
  </SystemRequest>
  <SystemRequest>
    <RequestTime>2018-02-21</RequestTime>
    <Path>/FDR/pages/GenerateOutgoingCBCDeclataions.aspx</Path>
    <User>SARSGOV\s2024134</User>
    <Url>http://localhost/FDR/pages/GenerateOutgoingCBCDeclataions.aspx</Url>
    <Time>11:16:20 AM +02</Time>
  </SystemRequest>
  <SystemRequest>
    <RequestTime>2018-02-21</RequestTime>
    <Path>/FDR/pages/GenerateOutgoingCBCDeclataions.aspx</Path>
    <User>SARSGOV\s2024134</User>
    <Url>http://localhost/FDR/pages/GenerateOutgoingCBCDeclataions.aspx</Url>
    <Time>11:28:18 AM +02</Time>
  </SystemRequest>
  <SystemRequest>
    <RequestTime>2018-02-21</RequestTime>
    <Path>/FDR/pages/GenerateOutgoingCBCDeclataions.aspx</Path>
    <User>SARSGOV\s2024134</User>
    <Url>http://localhost/FDR/pages/GenerateOutgoingCBCDeclataions.aspx</Url>
    <Time>11:28:44 AM +02</Time>
  </SystemRequest>
  <SystemRequest>
    <RequestTime>2018-02-21</RequestTime>
    <Path>/FDR/pages/GenerateOutgoingCBCDeclataions.aspx</Path>
    <User>SARSGOV\s2024134</User>
    <Url>http://localhost/FDR/pages/GenerateOutgoingCBCDeclataions.aspx</Url>
    <Time>11:30:31 AM +02</Time>
  </SystemRequest>
  <SystemRequest>
    <RequestTime>2018-02-21</RequestTime>
    <Path>/FDR/pages/GenerateOutgoingCBCDeclataions.aspx</Path>
    <User>SARSGOV\s2024134</User>
    <Url>http://localhost/FDR/pages/GenerateOutgoingCBCDeclataions.aspx</Url>
    <Time>11:30:38 AM +02</Time>
  </SystemRequest>
  <SystemRequest>
    <RequestTime>2018-02-21</RequestTime>
    <Path>/FDR/pages/GenerateOutgoingCBCDeclataions.aspx</Path>
    <User>SARSGOV\s2024134</User>
    <Url>http://localhost/FDR/pages/GenerateOutgoingCBCDeclataions.aspx</Url>
    <Time>11:31:19 AM +02</Time>
  </SystemRequest>
  <SystemRequest>
    <RequestTime>2018-02-21</RequestTime>
    <Path>/FDR/pages/GenerateOutgoingCBCDeclataions.aspx</Path>
    <User>SARSGOV\s2024134</User>
    <Url>http://localhost/FDR/pages/GenerateOutgoingCBCDeclataions.aspx</Url>
    <Time>11:35:17 AM +02</Time>
  </SystemRequest>
  <SystemRequest>
    <RequestTime>2018-02-21</RequestTime>
    <Path>/FDR/pages/GenerateOutgoingCBCDeclataions.aspx</Path>
    <User>SARSGOV\s2024134</User>
    <Url>http://localhost/FDR/pages/GenerateOutgoingCBCDeclataions.aspx</Url>
    <Time>11:36:19 AM +02</Time>
  </SystemRequest>
  <SystemRequest>
    <RequestTime>2018-02-21</RequestTime>
    <Path>/FDR/pages/GenerateOutgoingCBCDeclataions.aspx</Path>
    <User>SARSGOV\s2024134</User>
    <Url>http://localhost/FDR/pages/GenerateOutgoingCBCDeclataions.aspx</Url>
    <Time>11:38:44 AM +02</Time>
  </SystemRequest>
  <SystemRequest>
    <RequestTime>2018-02-21</RequestTime>
    <Path>/FDR/pages/GenerateOutgoingCBCDeclataions.aspx</Path>
    <User>SARSGOV\s2024134</User>
    <Url>http://localhost/FDR/pages/GenerateOutgoingCBCDeclataions.aspx</Url>
    <Time>11:39:06 AM +02</Time>
  </SystemRequest>
  <SystemRequest>
    <RequestTime>2018-02-21</RequestTime>
    <Path>/FDR/pages/GenerateOutgoingCBCDeclataions.aspx</Path>
    <User>SARSGOV\s2024134</User>
    <Url>http://localhost/FDR/pages/GenerateOutgoingCBCDeclataions.aspx</Url>
    <Time>11:39:08 AM +02</Time>
  </SystemRequest>
  <SystemRequest>
    <RequestTime>2018-02-21</RequestTime>
    <Path>/FDR/pages/GenerateOutgoingCBCDeclataions.aspx</Path>
    <User>SARSGOV\s2024134</User>
    <Url>http://localhost/FDR/pages/GenerateOutgoingCBCDeclataions.aspx</Url>
    <Time>11:39:27 AM +02</Time>
  </SystemRequest>
  <SystemRequest>
    <RequestTime>2018-02-21</RequestTime>
    <Path>/FDR/pages/GenerateOutgoingCBCDeclataions.aspx</Path>
    <User>SARSGOV\s2024134</User>
    <Url>http://localhost/FDR/pages/GenerateOutgoingCBCDeclataions.aspx</Url>
    <Time>11:39:28 AM +02</Time>
  </SystemRequest>
  <SystemRequest>
    <RequestTime>2018-02-21</RequestTime>
    <Path>/FDR/pages/GenerateOutgoingCBCDeclataions.aspx</Path>
    <User>SARSGOV\s2024134</User>
    <Url>http://localhost/FDR/pages/GenerateOutgoingCBCDeclataions.aspx</Url>
    <Time>11:40:41 AM +02</Time>
  </SystemRequest>
  <SystemRequest>
    <RequestTime>2018-02-21</RequestTime>
    <Path>/FDR/pages/GenerateOutgoingCBCDeclataions.aspx</Path>
    <User>SARSGOV\s2024134</User>
    <Url>http://localhost/FDR/pages/GenerateOutgoingCBCDeclataions.aspx</Url>
    <Time>11:52:42 AM +02</Time>
  </SystemRequest>
  <SystemRequest>
    <RequestTime>2018-02-21</RequestTime>
    <Path>/FDR/pages/GenerateOutgoingCBCDeclataions.aspx</Path>
    <User>SARSGOV\s2024134</User>
    <Url>http://localhost/FDR/pages/GenerateOutgoingCBCDeclataions.aspx</Url>
    <Time>13:30:39 PM +02</Time>
  </SystemRequest>
  <SystemRequest>
    <RequestTime>2018-02-21</RequestTime>
    <Path>/FDR/pages/GenerateOutgoingCBCDeclataions.aspx</Path>
    <User>SARSGOV\s2024134</User>
    <Url>http://localhost/FDR/pages/GenerateOutgoingCBCDeclataions.aspx</Url>
    <Time>13:31:01 PM +02</Time>
  </SystemRequest>
  <SystemRequest>
    <RequestTime>2018-02-21</RequestTime>
    <Path>/FDR/pages/GenerateOutgoingCBCDeclataions.aspx</Path>
    <User>SARSGOV\s2024134</User>
    <Url>http://localhost/FDR/pages/GenerateOutgoingCBCDeclataions.aspx</Url>
    <Time>13:31:05 PM +02</Time>
  </SystemRequest>
  <SystemRequest>
    <RequestTime>2018-02-21</RequestTime>
    <Path>/FDR/pages/GenerateOutgoingCBCDeclataions.aspx</Path>
    <User>SARSGOV\s2024134</User>
    <Url>http://localhost/FDR/pages/GenerateOutgoingCBCDeclataions.aspx</Url>
    <Time>13:31:06 PM +02</Time>
  </SystemRequest>
  <SystemRequest>
    <RequestTime>2018-02-21</RequestTime>
    <Path>/FDR/pages/GenerateOutgoingCBCDeclataions.aspx</Path>
    <User>SARSGOV\s2024134</User>
    <Url>http://localhost/FDR/pages/GenerateOutgoingCBCDeclataions.aspx</Url>
    <Time>13:31:06 PM +02</Time>
  </SystemRequest>
  <SystemRequest>
    <RequestTime>2018-02-21</RequestTime>
    <Path>/FDR/pages/GenerateOutgoingCBCDeclataions.aspx</Path>
    <User>SARSGOV\s2024134</User>
    <Url>http://localhost/FDR/pages/GenerateOutgoingCBCDeclataions.aspx</Url>
    <Time>13:31:06 PM +02</Time>
  </SystemRequest>
  <SystemRequest>
    <RequestTime>2018-02-21</RequestTime>
    <Path>/FDR/pages/GenerateOutgoingCBCDeclataions.aspx</Path>
    <User>SARSGOV\s2024134</User>
    <Url>http://localhost/FDR/pages/GenerateOutgoingCBCDeclataions.aspx</Url>
    <Time>13:31:07 PM +02</Time>
  </SystemRequest>
  <SystemRequest>
    <RequestTime>2018-02-21</RequestTime>
    <Path>/FDR/pages/GenerateOutgoingCBCDeclataions.aspx</Path>
    <User>SARSGOV\s2024134</User>
    <Url>http://localhost/FDR/pages/GenerateOutgoingCBCDeclataions.aspx</Url>
    <Time>13:35:45 PM +02</Time>
  </SystemRequest>
  <SystemRequest>
    <RequestTime>2018-02-21</RequestTime>
    <Path>/FDR/pages/GenerateOutgoingCBCDeclataions.aspx</Path>
    <User>SARSGOV\s2024134</User>
    <Url>http://localhost/FDR/pages/GenerateOutgoingCBCDeclataions.aspx</Url>
    <Time>13:36:12 PM +02</Time>
  </SystemRequest>
  <SystemRequest>
    <RequestTime>2018-02-21</RequestTime>
    <Path>/FDR/pages/GenerateOutgoingCBCDeclataions.aspx</Path>
    <User>SARSGOV\s2024134</User>
    <Url>http://localhost/FDR/pages/GenerateOutgoingCBCDeclataions.aspx</Url>
    <Time>13:37:07 PM +02</Time>
  </SystemRequest>
  <SystemRequest>
    <RequestTime>2018-02-21</RequestTime>
    <Path>/FDR/pages/GenerateOutgoingCBCDeclataions.aspx</Path>
    <User>SARSGOV\s2024134</User>
    <Url>http://localhost/FDR/pages/GenerateOutgoingCBCDeclataions.aspx</Url>
    <Time>13:37:14 PM +02</Time>
  </SystemRequest>
  <SystemRequest>
    <RequestTime>2018-02-21</RequestTime>
    <Path>/FDR/pages/GenerateOutgoingCBCDeclataions.aspx</Path>
    <User>SARSGOV\s2024134</User>
    <Url>http://localhost/FDR/pages/GenerateOutgoingCBCDeclataions.aspx</Url>
    <Time>13:37:34 PM +02</Time>
  </SystemRequest>
  <SystemRequest>
    <RequestTime>2018-02-21</RequestTime>
    <Path>/FDR/pages/GenerateOutgoingCBCDeclataions.aspx</Path>
    <User>SARSGOV\s2024134</User>
    <Url>http://localhost/FDR/pages/GenerateOutgoingCBCDeclataions.aspx</Url>
    <Time>13:37:40 PM +02</Time>
  </SystemRequest>
  <SystemRequest>
    <RequestTime>2018-02-21</RequestTime>
    <Path>/FDR/pages/VerifyOutgoingCBC.aspx</Path>
    <User>SARSGOV\s2024134</User>
    <Url>http://localhost/FDR/pages/VerifyOutgoingCBC.aspx?Id=1</Url>
    <Time>13:37:48 PM +02</Time>
  </SystemRequest>
  <SystemRequest>
    <RequestTime>2018-02-21</RequestTime>
    <Path>/FDR/pages/GenerateOutgoingCBCDeclataions.aspx</Path>
    <User>SARSGOV\s2024134</User>
    <Url>http://localhost/FDR/pages/GenerateOutgoingCBCDeclataions.aspx</Url>
    <Time>14:12:23 PM +02</Time>
  </SystemRequest>
  <SystemRequest>
    <RequestTime>2018-02-21</RequestTime>
    <Path>/FDR/pages/GenerateOutgoingCBCDeclataions.aspx</Path>
    <User>SARSGOV\s2024134</User>
    <Url>http://localhost/FDR/pages/GenerateOutgoingCBCDeclataions.aspx</Url>
    <Time>14:12:36 PM +02</Time>
  </SystemRequest>
  <SystemRequest>
    <RequestTime>2018-02-21</RequestTime>
    <Path>/FDR/pages/VerifyOutgoingCBC.aspx</Path>
    <User>SARSGOV\s2024134</User>
    <Url>http://localhost/FDR/pages/VerifyOutgoingCBC.aspx?Id=1</Url>
    <Time>14:17:26 PM +02</Time>
  </SystemRequest>
  <SystemRequest>
    <RequestTime>2018-02-21</RequestTime>
    <Path>/FDR/pages/GenerateOutgoingCBCDeclataions.aspx</Path>
    <User>SARSGOV\s2024134</User>
    <Url>http://localhost/FDR/pages/GenerateOutgoingCBCDeclataions.aspx</Url>
    <Time>15:15:17 PM +02</Time>
  </SystemRequest>
  <SystemRequest>
    <RequestTime>2018-02-21</RequestTime>
    <Path>/FDR/pages/GenerateOutgoingCBCDeclataions.aspx</Path>
    <User>SARSGOV\s2024134</User>
    <Url>http://localhost/FDR/pages/GenerateOutgoingCBCDeclataions.aspx</Url>
    <Time>15:15:34 PM +02</Time>
  </SystemRequest>
  <SystemRequest>
    <RequestTime>2018-02-21</RequestTime>
    <Path>/FDR/pages/VerifyOutgoingCBC.aspx</Path>
    <User>SARSGOV\s2024134</User>
    <Url>http://localhost/FDR/pages/VerifyOutgoingCBC.aspx?OutId=1&amp;Period=2017</Url>
    <Time>15:15:35 PM +02</Time>
  </SystemRequest>
  <SystemRequest>
    <RequestTime>2018-02-21</RequestTime>
    <Path>/FDR/pages/GenerateOutgoingCBCDeclataions.aspx</Path>
    <User>SARSGOV\s2024134</User>
    <Url>http://localhost/FDR/pages/GenerateOutgoingCBCDeclataions.aspx</Url>
    <Time>15:16:40 PM +02</Time>
  </SystemRequest>
  <SystemRequest>
    <RequestTime>2018-02-21</RequestTime>
    <Path>/FDR/pages/GenerateOutgoingCBCDeclataions.aspx</Path>
    <User>SARSGOV\s2024134</User>
    <Url>http://localhost/FDR/pages/GenerateOutgoingCBCDeclataions.aspx</Url>
    <Time>15:16:49 PM +02</Time>
  </SystemRequest>
  <SystemRequest>
    <RequestTime>2018-02-21</RequestTime>
    <Path>/FDR/pages/VerifyOutgoingCBC.aspx</Path>
    <User>SARSGOV\s2024134</User>
    <Url>http://localhost/FDR/pages/VerifyOutgoingCBC.aspx?OutId=1&amp;Period=2017</Url>
    <Time>15:16:50 PM +02</Time>
  </SystemRequest>
  <SystemRequest>
    <RequestTime>2018-02-21</RequestTime>
    <Path>/FDR/pages/GenerateOutgoingCBCDeclataions.aspx</Path>
    <User>SARSGOV\s2024134</User>
    <Url>http://localhost/FDR/pages/GenerateOutgoingCBCDeclataions.aspx</Url>
    <Time>15:38:00 PM +02</Time>
  </SystemRequest>
  <SystemRequest>
    <RequestTime>2018-02-21</RequestTime>
    <Path>/FDR/pages/GenerateOutgoingCBCDeclataions.aspx</Path>
    <User>SARSGOV\s2024134</User>
    <Url>http://localhost/FDR/pages/GenerateOutgoingCBCDeclataions.aspx</Url>
    <Time>15:38:24 PM +02</Time>
  </SystemRequest>
  <SystemRequest>
    <RequestTime>2018-02-21</RequestTime>
    <Path>/FDR/pages/VerifyOutgoingCBC.aspx</Path>
    <User>SARSGOV\s2024134</User>
    <Url>http://localhost/FDR/pages/VerifyOutgoingCBC.aspx?OutId=1&amp;Period=2017</Url>
    <Time>15:38:25 PM +02</Time>
  </SystemRequest>
  <SystemRequest>
    <RequestTime>2018-02-21</RequestTime>
    <Path>/FDR/pages/VerifyOutgoingCBC.aspx</Path>
    <User>SARSGOV\s2024134</User>
    <Url>http://localhost/FDR/pages/VerifyOutgoingCBC.aspx?OutId=1&amp;Period=2017</Url>
    <Time>15:42:44 PM +02</Time>
  </SystemRequest>
  <SystemRequest>
    <RequestTime>2018-02-21</RequestTime>
    <Path>/FDR/pages/VerifyOutgoingCBC.aspx</Path>
    <User>SARSGOV\s2024134</User>
    <Url>http://localhost/FDR/pages/VerifyOutgoingCBC.aspx?OutId=1&amp;Period=2017</Url>
    <Time>15:42:48 PM +02</Time>
  </SystemRequest>
  <SystemRequest>
    <RequestTime>2018-02-21</RequestTime>
    <Path>/FDR/pages/GenerateOutgoingCBCDeclataions.aspx</Path>
    <User>SARSGOV\s2024134</User>
    <Url>http://localhost/FDR/pages/GenerateOutgoingCBCDeclataions.aspx</Url>
    <Time>15:42:57 PM +02</Time>
  </SystemRequest>
  <SystemRequest>
    <RequestTime>2018-02-21</RequestTime>
    <Path>/FDR/pages/VerifyOutgoingCBC.aspx</Path>
    <User>SARSGOV\s2024134</User>
    <Url>http://localhost/FDR/pages/VerifyOutgoingCBC.aspx?OutId=1&amp;Period=2017</Url>
    <Time>15:42:58 PM +02</Time>
  </SystemRequest>
  <SystemRequest>
    <RequestTime>2018-02-21</RequestTime>
    <Path>/FDR/pages/GenerateOutgoingCBCDeclataions.aspx</Path>
    <User>SARSGOV\s2024134</User>
    <Url>http://localhost/FDR/pages/GenerateOutgoingCBCDeclataions.aspx</Url>
    <Time>15:55:13 PM +02</Time>
  </SystemRequest>
  <SystemRequest>
    <RequestTime>2018-02-21</RequestTime>
    <Path>/FDR/pages/GenerateOutgoingCBCDeclataions.aspx</Path>
    <User>SARSGOV\s2024134</User>
    <Url>http://localhost/FDR/pages/GenerateOutgoingCBCDeclataions.aspx</Url>
    <Time>16:47:13 PM +02</Time>
  </SystemRequest>
  <SystemRequest>
    <RequestTime>2018-02-21</RequestTime>
    <Path>/FDR/pages/GenerateOutgoingCBCDeclataions.aspx</Path>
    <User>SARSGOV\s2024134</User>
    <Url>http://localhost/FDR/pages/GenerateOutgoingCBCDeclataions.aspx</Url>
    <Time>16:47:37 PM +02</Time>
  </SystemRequest>
  <SystemRequest>
    <RequestTime>2018-02-21</RequestTime>
    <Path>/FDR/pages/VerifyOutgoingCBC.aspx</Path>
    <User>SARSGOV\s2024134</User>
    <Url>http://localhost/FDR/pages/VerifyOutgoingCBC.aspx?OutId=1&amp;Period=2017</Url>
    <Time>16:47:38 PM +02</Time>
  </SystemRequest>
  <SystemRequest>
    <RequestTime>2018-02-21</RequestTime>
    <Path>/FDR/pages/VerifyOutgoingCBC.aspx</Path>
    <User>SARSGOV\s2024134</User>
    <Url>http://localhost/FDR/pages/VerifyOutgoingCBC.aspx?OutId=1&amp;Period=2017</Url>
    <Time>16:48:05 PM +02</Time>
  </SystemRequest>
  <SystemRequest>
    <RequestTime>2018-02-21</RequestTime>
    <Path>/FDR/pages/GenerateOutgoingCBCDeclataions.aspx</Path>
    <User>SARSGOV\s2024134</User>
    <Url>http://localhost/FDR/pages/GenerateOutgoingCBCDeclataions.aspx</Url>
    <Time>16:53:12 PM +02</Time>
  </SystemRequest>
  <SystemRequest>
    <RequestTime>2018-02-21</RequestTime>
    <Path>/FDR/pages/GenerateOutgoingCBCDeclataions.aspx</Path>
    <User>SARSGOV\s2024134</User>
    <Url>http://localhost/FDR/pages/GenerateOutgoingCBCDeclataions.aspx</Url>
    <Time>16:54:13 PM +02</Time>
  </SystemRequest>
  <SystemRequest>
    <RequestTime>2018-02-21</RequestTime>
    <Path>/FDR/pages/VerifyOutgoingCBC.aspx</Path>
    <User>SARSGOV\s2024134</User>
    <Url>http://localhost/FDR/pages/VerifyOutgoingCBC.aspx?OutId=1&amp;Period=2017</Url>
    <Time>16:54:14 PM +02</Time>
  </SystemRequest>
  <SystemRequest>
    <RequestTime>2018-02-21</RequestTime>
    <Path>/FDR/pages/VerifyOutgoingCBC.aspx</Path>
    <User>SARSGOV\s2024134</User>
    <Url>http://localhost/FDR/pages/VerifyOutgoingCBC.aspx?OutId=1&amp;Period=2017</Url>
    <Time>16:54:22 PM +02</Time>
  </SystemRequest>
  <SystemRequest>
    <RequestTime>2018-02-21</RequestTime>
    <Path>/FDR/pages/GenerateOutgoingCBCDeclataions.aspx</Path>
    <User>SARSGOV\s2024134</User>
    <Url>http://localhost/FDR/pages/GenerateOutgoingCBCDeclataions.aspx</Url>
    <Time>16:55:26 PM +02</Time>
  </SystemRequest>
  <SystemRequest>
    <RequestTime>2018-02-21</RequestTime>
    <Path>/FDR/pages/GenerateOutgoingCBCDeclataions.aspx</Path>
    <User>SARSGOV\s2024134</User>
    <Url>http://localhost/FDR/pages/GenerateOutgoingCBCDeclataions.aspx</Url>
    <Time>16:55:32 PM +02</Time>
  </SystemRequest>
  <SystemRequest>
    <RequestTime>2018-02-21</RequestTime>
    <Path>/FDR/pages/VerifyOutgoingCBC.aspx</Path>
    <User>SARSGOV\s2024134</User>
    <Url>http://localhost/FDR/pages/VerifyOutgoingCBC.aspx?OutId=1&amp;Period=2017</Url>
    <Time>16:55:32 PM +02</Time>
  </SystemRequest>
  <SystemRequest>
    <RequestTime>2018-02-21</RequestTime>
    <Path>/FDR/pages/VerifyOutgoingCBC.aspx</Path>
    <User>SARSGOV\s2024134</User>
    <Url>http://localhost/FDR/pages/VerifyOutgoingCBC.aspx?OutId=1&amp;Period=2017</Url>
    <Time>16:56:57 PM +02</Time>
  </SystemRequest>
  <SystemRequest>
    <RequestTime>2018-02-21</RequestTime>
    <Path>/FDR/pages/VerifyOutgoingCBC.aspx</Path>
    <User>SARSGOV\s2024134</User>
    <Url>http://localhost/FDR/pages/VerifyOutgoingCBC.aspx?OutId=1&amp;Period=2017</Url>
    <Time>17:02:45 PM +02</Time>
  </SystemRequest>
  <SystemRequest>
    <RequestTime>2018-02-21</RequestTime>
    <Path>/FDR/pages/VerifyOutgoingCBC.aspx</Path>
    <User>SARSGOV\s2024134</User>
    <Url>http://localhost/FDR/pages/VerifyOutgoingCBC.aspx?OutId=1&amp;Period=2017</Url>
    <Time>17:04:46 PM +02</Time>
  </SystemRequest>
  <SystemRequest>
    <RequestTime>2018-02-21</RequestTime>
    <Path>/FDR/pages/VerifyOutgoingCBC.aspx</Path>
    <User>SARSGOV\s2024134</User>
    <Url>http://localhost/FDR/pages/VerifyOutgoingCBC.aspx?OutId=1&amp;Period=2017</Url>
    <Time>17:05:38 PM +02</Time>
  </SystemRequest>
  <SystemRequest>
    <RequestTime>2018-02-21</RequestTime>
    <Path>/FDR/pages/VerifyOutgoingCBC.aspx</Path>
    <User>SARSGOV\s2024134</User>
    <Url>http://localhost/FDR/pages/VerifyOutgoingCBC.aspx?OutId=1&amp;Period=2017</Url>
    <Time>17:06:19 PM +02</Time>
  </SystemRequest>
  <SystemRequest>
    <RequestTime>2018-02-21</RequestTime>
    <Path>/FDR/pages/VerifyOutgoingCBC.aspx</Path>
    <User>SARSGOV\s2024134</User>
    <Url>http://localhost/FDR/pages/VerifyOutgoingCBC.aspx?OutId=1&amp;Period=2017</Url>
    <Time>17:06:39 PM +02</Time>
  </SystemRequest>
  <SystemRequest>
    <RequestTime>2018-02-21</RequestTime>
    <Path>/FDR/pages/GenerateOutgoingCBCDeclataions.aspx</Path>
    <User>SARSGOV\s2024134</User>
    <Url>http://localhost/FDR/pages/GenerateOutgoingCBCDeclataions.aspx</Url>
    <Time>17:07:38 PM +02</Time>
  </SystemRequest>
  <SystemRequest>
    <RequestTime>2018-02-21</RequestTime>
    <Path>/FDR/pages/GenerateOutgoingCBCDeclataions.aspx</Path>
    <User>SARSGOV\s2024134</User>
    <Url>http://localhost/FDR/pages/GenerateOutgoingCBCDeclataions.aspx</Url>
    <Time>17:07:47 PM +02</Time>
  </SystemRequest>
  <SystemRequest>
    <RequestTime>2018-02-21</RequestTime>
    <Path>/FDR/pages/VerifyOutgoingCBC.aspx</Path>
    <User>SARSGOV\s2024134</User>
    <Url>http://localhost/FDR/pages/VerifyOutgoingCBC.aspx?OutId=1&amp;Period=2017</Url>
    <Time>17:07:49 PM +02</Time>
  </SystemRequest>
  <SystemRequest>
    <RequestTime>2018-02-21</RequestTime>
    <Path>/FDR/pages/VerifyOutgoingCBC.aspx</Path>
    <User>SARSGOV\s2024134</User>
    <Url>http://localhost/FDR/pages/VerifyOutgoingCBC.aspx?OutId=1&amp;Period=2017</Url>
    <Time>17:07:55 PM +02</Time>
  </SystemRequest>
  <SystemRequest>
    <RequestTime>2018-02-21</RequestTime>
    <Path>/FDR/pages/GenerateOutgoingCBCDeclataions.aspx</Path>
    <User>SARSGOV\s2024134</User>
    <Url>http://localhost/FDR/pages/GenerateOutgoingCBCDeclataions.aspx</Url>
    <Time>17:13:11 PM +02</Time>
  </SystemRequest>
  <SystemRequest>
    <RequestTime>2018-02-21</RequestTime>
    <Path>/FDR/pages/GenerateOutgoingCBCDeclataions.aspx</Path>
    <User>SARSGOV\s2024134</User>
    <Url>http://localhost/FDR/pages/GenerateOutgoingCBCDeclataions.aspx</Url>
    <Time>17:14:02 PM +02</Time>
  </SystemRequest>
  <SystemRequest>
    <RequestTime>2018-02-21</RequestTime>
    <Path>/FDR/pages/VerifyOutgoingCBC.aspx</Path>
    <User>SARSGOV\s2024134</User>
    <Url>http://localhost/FDR/pages/VerifyOutgoingCBC.aspx?OutId=1&amp;Period=2017</Url>
    <Time>17:14:03 PM +02</Time>
  </SystemRequest>
  <SystemRequest>
    <RequestTime>2018-02-21</RequestTime>
    <Path>/FDR/pages/VerifyOutgoingCBC.aspx</Path>
    <User>SARSGOV\s2024134</User>
    <Url>http://localhost/FDR/pages/VerifyOutgoingCBC.aspx?OutId=1&amp;Period=2017</Url>
    <Time>17:14:29 PM +02</Time>
  </SystemRequest>
  <SystemRequest>
    <RequestTime>2018-02-21</RequestTime>
    <Path>/FDR/pages/GenerateOutgoingCBCDeclataions.aspx</Path>
    <User>SARSGOV\s2024134</User>
    <Url>http://localhost/FDR/pages/GenerateOutgoingCBCDeclataions.aspx</Url>
    <Time>17:15:00 PM +02</Time>
  </SystemRequest>
  <SystemRequest>
    <RequestTime>2018-02-21</RequestTime>
    <Path>/FDR/pages/GenerateOutgoingCBCDeclataions.aspx</Path>
    <User>SARSGOV\s2024134</User>
    <Url>http://localhost/FDR/pages/GenerateOutgoingCBCDeclataions.aspx</Url>
    <Time>17:15:09 PM +02</Time>
  </SystemRequest>
  <SystemRequest>
    <RequestTime>2018-02-21</RequestTime>
    <Path>/FDR/pages/VerifyOutgoingCBC.aspx</Path>
    <User>SARSGOV\s2024134</User>
    <Url>http://localhost/FDR/pages/VerifyOutgoingCBC.aspx?OutId=1&amp;Period=2017</Url>
    <Time>17:15:09 PM +02</Time>
  </SystemRequest>
  <SystemRequest>
    <RequestTime>2018-02-21</RequestTime>
    <Path>/FDR/pages/VerifyOutgoingCBC.aspx</Path>
    <User>SARSGOV\s2024134</User>
    <Url>http://localhost/FDR/pages/VerifyOutgoingCBC.aspx?OutId=1&amp;Period=2017</Url>
    <Time>17:15:13 PM +02</Time>
  </SystemRequest>
  <SystemRequest>
    <RequestTime>2018-02-21</RequestTime>
    <Path>/FDR/pages/GenerateOutgoingCBCDeclataions.aspx</Path>
    <User>SARSGOV\s2024134</User>
    <Url>http://localhost/FDR/pages/GenerateOutgoingCBCDeclataions.aspx</Url>
    <Time>17:34:37 PM +02</Time>
  </SystemRequest>
  <SystemRequest>
    <RequestTime>2018-02-21</RequestTime>
    <Path>/FDR/pages/GenerateOutgoingCBCDeclataions.aspx</Path>
    <User>SARSGOV\s2024134</User>
    <Url>http://localhost/FDR/pages/GenerateOutgoingCBCDeclataions.aspx</Url>
    <Time>17:34:44 PM +02</Time>
  </SystemRequest>
  <SystemRequest>
    <RequestTime>2018-02-21</RequestTime>
    <Path>/FDR/pages/VerifyOutgoingCBC.aspx</Path>
    <User>SARSGOV\s2024134</User>
    <Url>http://localhost/FDR/pages/VerifyOutgoingCBC.aspx?OutId=1&amp;Period=2017</Url>
    <Time>17:34:44 PM +02</Time>
  </SystemRequest>
  <SystemRequest>
    <RequestTime>2018-02-21</RequestTime>
    <Path>/FDR/pages/VerifyOutgoingCBC.aspx</Path>
    <User>SARSGOV\s2024134</User>
    <Url>http://localhost/FDR/pages/VerifyOutgoingCBC.aspx?OutId=1&amp;Period=2017</Url>
    <Time>17:34:49 PM +02</Time>
  </SystemRequest>
  <SystemRequest>
    <RequestTime>2018-02-21</RequestTime>
    <Path>/FDR/pages/GenerateOutgoingCBCDeclataions.aspx</Path>
    <User>SARSGOV\s2024134</User>
    <Url>http://localhost/FDR/pages/GenerateOutgoingCBCDeclataions.aspx</Url>
    <Time>17:37:14 PM +02</Time>
  </SystemRequest>
  <SystemRequest>
    <RequestTime>2018-02-21</RequestTime>
    <Path>/FDR/pages/GenerateOutgoingCBCDeclataions.aspx</Path>
    <User>SARSGOV\s2024134</User>
    <Url>http://localhost/FDR/pages/GenerateOutgoingCBCDeclataions.aspx</Url>
    <Time>17:51:45 PM +02</Time>
  </SystemRequest>
  <SystemRequest>
    <RequestTime>2018-02-21</RequestTime>
    <Path>/FDR/pages/GenerateOutgoingCBCDeclataions.aspx</Path>
    <User>SARSGOV\s2024134</User>
    <Url>http://localhost/FDR/pages/GenerateOutgoingCBCDeclataions.aspx</Url>
    <Time>17:51:53 PM +02</Time>
  </SystemRequest>
  <SystemRequest>
    <RequestTime>2018-02-21</RequestTime>
    <Path>/FDR/pages/VerifyOutgoingCBC.aspx</Path>
    <User>SARSGOV\s2024134</User>
    <Url>http://localhost/FDR/pages/VerifyOutgoingCBC.aspx?OutId=1&amp;Period=2017</Url>
    <Time>17:51:54 PM +02</Time>
  </SystemRequest>
  <SystemRequest>
    <RequestTime>2018-02-21</RequestTime>
    <Path>/FDR/pages/VerifyOutgoingCBC.aspx</Path>
    <User>SARSGOV\s2024134</User>
    <Url>http://localhost/FDR/pages/VerifyOutgoingCBC.aspx?OutId=1&amp;Period=2017</Url>
    <Time>17:51:58 PM +02</Time>
  </SystemRequest>
  <SystemRequest>
    <RequestTime>2018-02-21</RequestTime>
    <Path>/FDR/pages/GenerateOutgoingCBCDeclataions.aspx</Path>
    <User>SARSGOV\s2024134</User>
    <Url>http://localhost/FDR/pages/GenerateOutgoingCBCDeclataions.aspx</Url>
    <Time>17:54:03 PM +02</Time>
  </SystemRequest>
  <SystemRequest>
    <RequestTime>2018-02-21</RequestTime>
    <Path>/FDR/pages/GenerateOutgoingCBCDeclataions.aspx</Path>
    <User>SARSGOV\s2024134</User>
    <Url>http://localhost/FDR/pages/GenerateOutgoingCBCDeclataions.aspx</Url>
    <Time>17:54:08 PM +02</Time>
  </SystemRequest>
  <SystemRequest>
    <RequestTime>2018-02-21</RequestTime>
    <Path>/FDR/pages/VerifyOutgoingCBC.aspx</Path>
    <User>SARSGOV\s2024134</User>
    <Url>http://localhost/FDR/pages/VerifyOutgoingCBC.aspx?OutId=1&amp;Period=2017</Url>
    <Time>17:54:09 PM +02</Time>
  </SystemRequest>
  <SystemRequest>
    <RequestTime>2018-02-21</RequestTime>
    <Path>/FDR/pages/VerifyOutgoingCBC.aspx</Path>
    <User>SARSGOV\s2024134</User>
    <Url>http://localhost/FDR/pages/VerifyOutgoingCBC.aspx?OutId=1&amp;Period=2017</Url>
    <Time>17:54:13 PM +02</Time>
  </SystemRequest>
  <SystemRequest>
    <RequestTime>2018-02-21</RequestTime>
    <Path>/FDR/pages/GenerateOutgoingCBCDeclataions.aspx</Path>
    <User>SARSGOV\s2024134</User>
    <Url>http://localhost/FDR/pages/GenerateOutgoingCBCDeclataions.aspx</Url>
    <Time>18:05:00 PM +02</Time>
  </SystemRequest>
  <SystemRequest>
    <RequestTime>2018-02-21</RequestTime>
    <Path>/FDR/pages/GenerateOutgoingCBCDeclataions.aspx</Path>
    <User>SARSGOV\s2024134</User>
    <Url>http://localhost/FDR/pages/GenerateOutgoingCBCDeclataions.aspx</Url>
    <Time>18:05:07 PM +02</Time>
  </SystemRequest>
  <SystemRequest>
    <RequestTime>2018-02-21</RequestTime>
    <Path>/FDR/pages/VerifyOutgoingCBC.aspx</Path>
    <User>SARSGOV\s2024134</User>
    <Url>http://localhost/FDR/pages/VerifyOutgoingCBC.aspx?OutId=1&amp;Period=2017</Url>
    <Time>18:05:07 PM +02</Time>
  </SystemRequest>
  <SystemRequest>
    <RequestTime>2018-02-21</RequestTime>
    <Path>/FDR/pages/GenerateOutgoingCBCDeclataions.aspx</Path>
    <User>SARSGOV\s2024134</User>
    <Url>http://localhost/FDR/pages/GenerateOutgoingCBCDeclataions.aspx</Url>
    <Time>18:05:19 PM +02</Time>
  </SystemRequest>
  <SystemRequest>
    <RequestTime>2018-02-21</RequestTime>
    <Path>/FDR/pages/GenerateOutgoingCBCDeclataions.aspx</Path>
    <User>SARSGOV\s2024134</User>
    <Url>http://localhost/FDR/pages/GenerateOutgoingCBCDeclataions.aspx</Url>
    <Time>18:08:33 PM +02</Time>
  </SystemRequest>
  <SystemRequest>
    <RequestTime>2018-02-21</RequestTime>
    <Path>/FDR/pages/GenerateOutgoingCBCDeclataions.aspx</Path>
    <User>SARSGOV\s2024134</User>
    <Url>http://localhost/FDR/pages/GenerateOutgoingCBCDeclataions.aspx</Url>
    <Time>18:08:41 PM +02</Time>
  </SystemRequest>
  <SystemRequest>
    <RequestTime>2018-02-21</RequestTime>
    <Path>/FDR/pages/VerifyOutgoingCBC.aspx</Path>
    <User>SARSGOV\s2024134</User>
    <Url>http://localhost/FDR/pages/VerifyOutgoingCBC.aspx?OutId=1&amp;Period=2017</Url>
    <Time>18:08:42 PM +02</Time>
  </SystemRequest>
  <SystemRequest>
    <RequestTime>2018-02-21</RequestTime>
    <Path>/FDR/pages/VerifyOutgoingCBC.aspx</Path>
    <User>SARSGOV\s2024134</User>
    <Url>http://localhost/FDR/pages/VerifyOutgoingCBC.aspx?OutId=1&amp;Period=2017</Url>
    <Time>18:08:49 PM +02</Time>
  </SystemRequest>
  <SystemRequest>
    <RequestTime>2018-02-21</RequestTime>
    <Path>/FDR/pages/GenerateOutgoingCBCDeclataions.aspx</Path>
    <User>SARSGOV\s2024134</User>
    <Url>http://localhost/FDR/pages/GenerateOutgoingCBCDeclataions.aspx</Url>
    <Time>18:10:04 PM +02</Time>
  </SystemRequest>
  <SystemRequest>
    <RequestTime>2018-02-21</RequestTime>
    <Path>/FDR/pages/GenerateOutgoingCBCDeclataions.aspx</Path>
    <User>SARSGOV\s2024134</User>
    <Url>http://localhost/FDR/pages/GenerateOutgoingCBCDeclataions.aspx</Url>
    <Time>18:10:09 PM +02</Time>
  </SystemRequest>
  <SystemRequest>
    <RequestTime>2018-02-21</RequestTime>
    <Path>/FDR/pages/VerifyOutgoingCBC.aspx</Path>
    <User>SARSGOV\s2024134</User>
    <Url>http://localhost/FDR/pages/VerifyOutgoingCBC.aspx?OutId=1&amp;Period=2017</Url>
    <Time>18:10:10 PM +02</Time>
  </SystemRequest>
  <SystemRequest>
    <RequestTime>2018-02-21</RequestTime>
    <Path>/FDR/pages/VerifyOutgoingCBC.aspx</Path>
    <User>SARSGOV\s2024134</User>
    <Url>http://localhost/FDR/pages/VerifyOutgoingCBC.aspx?OutId=1&amp;Period=2017</Url>
    <Time>18:10:14 PM +02</Time>
  </SystemRequest>
  <SystemRequest>
    <RequestTime>2018-02-21</RequestTime>
    <Path>/FDR/pages/GenerateOutgoingCBCDeclataions.aspx</Path>
    <User>SARSGOV\s2024134</User>
    <Url>http://localhost/FDR/pages/GenerateOutgoingCBCDeclataions.aspx</Url>
    <Time>18:10:42 PM +02</Time>
  </SystemRequest>
  <SystemRequest>
    <RequestTime>2018-02-21</RequestTime>
    <Path>/FDR/pages/GenerateOutgoingCBCDeclataions.aspx</Path>
    <User>SARSGOV\s2024134</User>
    <Url>http://localhost/FDR/pages/GenerateOutgoingCBCDeclataions.aspx</Url>
    <Time>18:10:46 PM +02</Time>
  </SystemRequest>
  <SystemRequest>
    <RequestTime>2018-02-21</RequestTime>
    <Path>/FDR/pages/VerifyOutgoingCBC.aspx</Path>
    <User>SARSGOV\s2024134</User>
    <Url>http://localhost/FDR/pages/VerifyOutgoingCBC.aspx?OutId=1&amp;Period=2017</Url>
    <Time>18:10:46 PM +02</Time>
  </SystemRequest>
  <SystemRequest>
    <RequestTime>2018-02-21</RequestTime>
    <Path>/FDR/pages/VerifyOutgoingCBC.aspx</Path>
    <User>SARSGOV\s2024134</User>
    <Url>http://localhost/FDR/pages/VerifyOutgoingCBC.aspx?OutId=1&amp;Period=2017</Url>
    <Time>18:10:49 PM +02</Time>
  </SystemRequest>
  <SystemRequest>
    <RequestTime>2018-02-21</RequestTime>
    <Path>/FDR/pages/GenerateOutgoingCBCDeclataions.aspx</Path>
    <User>SARSGOV\s2024134</User>
    <Url>http://localhost/FDR/pages/GenerateOutgoingCBCDeclataions.aspx</Url>
    <Time>18:12:19 PM +02</Time>
  </SystemRequest>
  <SystemRequest>
    <RequestTime>2018-02-21</RequestTime>
    <Path>/FDR/pages/GenerateOutgoingCBCDeclataions.aspx</Path>
    <User>SARSGOV\s2024134</User>
    <Url>http://localhost/FDR/pages/GenerateOutgoingCBCDeclataions.aspx</Url>
    <Time>18:12:26 PM +02</Time>
  </SystemRequest>
  <SystemRequest>
    <RequestTime>2018-02-21</RequestTime>
    <Path>/FDR/pages/VerifyOutgoingCBC.aspx</Path>
    <User>SARSGOV\s2024134</User>
    <Url>http://localhost/FDR/pages/VerifyOutgoingCBC.aspx?OutId=1&amp;Period=2017</Url>
    <Time>18:12:26 PM +02</Time>
  </SystemRequest>
  <SystemRequest>
    <RequestTime>2018-02-21</RequestTime>
    <Path>/FDR/pages/VerifyOutgoingCBC.aspx</Path>
    <User>SARSGOV\s2024134</User>
    <Url>http://localhost/FDR/pages/VerifyOutgoingCBC.aspx?OutId=1&amp;Period=2017</Url>
    <Time>18:12:31 PM +02</Time>
  </SystemRequest>
  <SystemRequest>
    <RequestTime>2018-02-21</RequestTime>
    <Path>/FDR/pages/Download.aspx</Path>
    <User>SARSGOV\s2024134</User>
    <Url>http://localhost/FDR/pages/Download.aspx?&amp;c=1</Url>
    <Time>18:12:35 PM +02</Time>
  </SystemRequest>
  <SystemRequest>
    <RequestTime>2018-02-21</RequestTime>
    <Path>/FDR/pages/GenerateOutgoingCBCDeclataions.aspx</Path>
    <User>SARSGOV\s2024134</User>
    <Url>http://localhost/FDR/pages/GenerateOutgoingCBCDeclataions.aspx</Url>
    <Time>18:13:47 PM +02</Time>
  </SystemRequest>
  <SystemRequest>
    <RequestTime>2018-02-21</RequestTime>
    <Path>/FDR/pages/GenerateOutgoingCBCDeclataions.aspx</Path>
    <User>SARSGOV\s2024134</User>
    <Url>http://localhost/FDR/pages/GenerateOutgoingCBCDeclataions.aspx</Url>
    <Time>18:13:53 PM +02</Time>
  </SystemRequest>
  <SystemRequest>
    <RequestTime>2018-02-21</RequestTime>
    <Path>/FDR/pages/VerifyOutgoingCBC.aspx</Path>
    <User>SARSGOV\s2024134</User>
    <Url>http://localhost/FDR/pages/VerifyOutgoingCBC.aspx?OutId=1&amp;Period=2017</Url>
    <Time>18:13:53 PM +02</Time>
  </SystemRequest>
  <SystemRequest>
    <RequestTime>2018-02-21</RequestTime>
    <Path>/FDR/pages/VerifyOutgoingCBC.aspx</Path>
    <User>SARSGOV\s2024134</User>
    <Url>http://localhost/FDR/pages/VerifyOutgoingCBC.aspx?OutId=1&amp;Period=2017</Url>
    <Time>18:13:59 PM +02</Time>
  </SystemRequest>
  <SystemRequest>
    <RequestTime>2018-02-21</RequestTime>
    <Path>/FDR/pages/download.aspx</Path>
    <User>SARSGOV\s2024134</User>
    <Url>http://localhost/FDR/pages/download.aspx?&amp;xid=1&amp;fname=2017</Url>
    <Time>18:14:05 PM +02</Time>
  </SystemRequest>
  <SystemRequest>
    <RequestTime>2018-02-21</RequestTime>
    <Path>/FDR/pages/GenerateOutgoingCBCDeclataions.aspx</Path>
    <User>SARSGOV\s2024134</User>
    <Url>http://localhost/FDR/pages/GenerateOutgoingCBCDeclataions.aspx</Url>
    <Time>18:17:10 PM +02</Time>
  </SystemRequest>
  <SystemRequest>
    <RequestTime>2018-02-21</RequestTime>
    <Path>/FDR/pages/GenerateOutgoingCBCDeclataions.aspx</Path>
    <User>SARSGOV\s2024134</User>
    <Url>http://localhost/FDR/pages/GenerateOutgoingCBCDeclataions.aspx</Url>
    <Time>18:17:14 PM +02</Time>
  </SystemRequest>
  <SystemRequest>
    <RequestTime>2018-02-21</RequestTime>
    <Path>/FDR/pages/VerifyOutgoingCBC.aspx</Path>
    <User>SARSGOV\s2024134</User>
    <Url>http://localhost/FDR/pages/VerifyOutgoingCBC.aspx?OutId=1&amp;Period=2017</Url>
    <Time>18:17:15 PM +02</Time>
  </SystemRequest>
  <SystemRequest>
    <RequestTime>2018-02-21</RequestTime>
    <Path>/FDR/pages/VerifyOutgoingCBC.aspx</Path>
    <User>SARSGOV\s2024134</User>
    <Url>http://localhost/FDR/pages/VerifyOutgoingCBC.aspx?OutId=1&amp;Period=2017</Url>
    <Time>18:17:20 PM +02</Time>
  </SystemRequest>
  <SystemRequest>
    <RequestTime>2018-02-21</RequestTime>
    <Path>/FDR/pages/download.aspx</Path>
    <User>SARSGOV\s2024134</User>
    <Url>http://localhost/FDR/pages/download.aspx?&amp;xid=1&amp;fname=South Africa</Url>
    <Time>18:17:21 PM +02</Time>
  </SystemRequest>
  <SystemRequest>
    <RequestTime>2018-02-21</RequestTime>
    <Path>/FDR/pages/GenerateOutgoingCBCDeclataions.aspx</Path>
    <User>SARSGOV\s2024134</User>
    <Url>http://localhost/FDR/pages/GenerateOutgoingCBCDeclataions.aspx</Url>
    <Time>18:25:05 PM +02</Time>
  </SystemRequest>
  <SystemRequest>
    <RequestTime>2018-02-21</RequestTime>
    <Path>/FDR/pages/GenerateOutgoingCBCDeclataions.aspx</Path>
    <User>SARSGOV\s2024134</User>
    <Url>http://localhost/FDR/pages/GenerateOutgoingCBCDeclataions.aspx</Url>
    <Time>18:25:12 PM +02</Time>
  </SystemRequest>
  <SystemRequest>
    <RequestTime>2018-02-21</RequestTime>
    <Path>/FDR/pages/GenerateOutgoingCBCDeclataions.aspx</Path>
    <User>SARSGOV\s2024134</User>
    <Url>http://localhost/FDR/pages/GenerateOutgoingCBCDeclataions.aspx</Url>
    <Time>18:25:23 PM +02</Time>
  </SystemRequest>
  <SystemRequest>
    <RequestTime>2018-02-21</RequestTime>
    <Path>/FDR/pages/VerifyOutgoingCBC.aspx</Path>
    <User>SARSGOV\s2024134</User>
    <Url>http://localhost/FDR/pages/VerifyOutgoingCBC.aspx?OutId=2&amp;Period=2018</Url>
    <Time>18:25:24 PM +02</Time>
  </SystemRequest>
  <SystemRequest>
    <RequestTime>2018-02-21</RequestTime>
    <Path>/FDR/pages/VerifyOutgoingCBC.aspx</Path>
    <User>SARSGOV\s2024134</User>
    <Url>http://localhost/FDR/pages/VerifyOutgoingCBC.aspx?OutId=2&amp;Period=2018</Url>
    <Time>18:25:28 PM +02</Time>
  </SystemRequest>
  <SystemRequest>
    <RequestTime>2018-02-21</RequestTime>
    <Path>/FDR/pages/download.aspx</Path>
    <User>SARSGOV\s2024134</User>
    <Url>http://localhost/FDR/pages/download.aspx?&amp;xid=2&amp;fname=South Africa</Url>
    <Time>18:25:30 PM +02</Time>
  </SystemRequest>
  <SystemRequest>
    <RequestTime>2018-02-21</RequestTime>
    <Path>/FDR/pages/VerifyOutgoingCBC.aspx</Path>
    <User>SARSGOV\s2024134</User>
    <Url>http://localhost/FDR/pages/VerifyOutgoingCBC.aspx?OutId=2&amp;Period=2018</Url>
    <Time>18:25:49 PM +02</Time>
  </SystemRequest>
</ArrayOfSystemRequest>