<?xml version="1.0" encoding="utf-8"?>
<ArrayOfSystemRequest>
  <SystemRequest>
    <RequestTime>2018-02-12</RequestTime>
    <Path>/FDR/Default.aspx</Path>
    <User>SARSGOV\s2024134</User>
    <Url>http://localhost/FDR/Default.aspx</Url>
    <Time>08:07:55 AM +02</Time>
  </SystemRequest>
  <SystemRequest>
    <RequestTime>2018-02-12</RequestTime>
    <Path>/fdr/admin/default2.aspx</Path>
    <User>SARSGOV\s2024134</User>
    <Url>http://localhost/fdr/admin/default2.aspx</Url>
    <Time>08:08:27 AM +02</Time>
  </SystemRequest>
  <SystemRequest>
    <RequestTime>2018-02-12</RequestTime>
    <Path>/fdr/admin/default2.aspx</Path>
    <User>SARSGOV\s2024134</User>
    <Url>http://localhost/fdr/admin/default2.aspx</Url>
    <Time>08:08:44 AM +02</Time>
  </SystemRequest>
  <SystemRequest>
    <RequestTime>2018-02-12</RequestTime>
    <Path>/fdr/admin/default2.aspx</Path>
    <User>SARSGOV\s2024134</User>
    <Url>http://localhost/fdr/admin/default2.aspx</Url>
    <Time>08:09:32 AM +02</Time>
  </SystemRequest>
  <SystemRequest>
    <RequestTime>2018-02-12</RequestTime>
    <Path>/fdr/admin/default2.aspx</Path>
    <User>SARSGOV\s2024134</User>
    <Url>http://localhost/fdr/admin/default2.aspx</Url>
    <Time>08:09:51 AM +02</Time>
  </SystemRequest>
  <SystemRequest>
    <RequestTime>2018-02-12</RequestTime>
    <Path>/FDR/Default.aspx</Path>
    <User>SARSGOV\s2024134</User>
    <Url>http://localhost/FDR/Default.aspx</Url>
    <Time>08:13:06 AM +02</Time>
  </SystemRequest>
  <SystemRequest>
    <RequestTime>2018-02-12</RequestTime>
    <Path>/fdr/admin/default2.aspx</Path>
    <User>SARSGOV\s2024134</User>
    <Url>http://localhost/fdr/admin/default2.aspx</Url>
    <Time>08:13:14 AM +02</Time>
  </SystemRequest>
  <SystemRequest>
    <RequestTime>2018-02-12</RequestTime>
    <Path>/fdr/admin/default2.aspx</Path>
    <User>SARSGOV\s2024134</User>
    <Url>http://localhost/fdr/admin/default2.aspx</Url>
    <Time>08:13:23 AM +02</Time>
  </SystemRequest>
  <SystemRequest>
    <RequestTime>2018-02-12</RequestTime>
    <Path>/fdr/admin/default2.aspx</Path>
    <User>SARSGOV\s2024134</User>
    <Url>http://localhost/fdr/admin/default2.aspx</Url>
    <Time>08:13:43 AM +02</Time>
  </SystemRequest>
  <SystemRequest>
    <RequestTime>2018-02-12</RequestTime>
    <Path>/FDR/Default.aspx</Path>
    <User>SARSGOV\s2024134</User>
    <Url>http://localhost/FDR/Default.aspx</Url>
    <Time>08:15:17 AM +02</Time>
  </SystemRequest>
  <SystemRequest>
    <RequestTime>2018-02-12</RequestTime>
    <Path>/fdr/admin/default2.aspx</Path>
    <User>SARSGOV\s2024134</User>
    <Url>http://localhost/fdr/admin/default2.aspx</Url>
    <Time>08:15:23 AM +02</Time>
  </SystemRequest>
  <SystemRequest>
    <RequestTime>2018-02-12</RequestTime>
    <Path>/fdr/admin/default2.aspx</Path>
    <User>SARSGOV\s2024134</User>
    <Url>http://localhost/fdr/admin/default2.aspx</Url>
    <Time>08:15:34 AM +02</Time>
  </SystemRequest>
  <SystemRequest>
    <RequestTime>2018-02-12</RequestTime>
    <Path>/fdr/admin/default2.aspx</Path>
    <User>SARSGOV\s2024134</User>
    <Url>http://localhost/fdr/admin/default2.aspx</Url>
    <Time>08:15:38 AM +02</Time>
  </SystemRequest>
  <SystemRequest>
    <RequestTime>2018-02-12</RequestTime>
    <Path>/FDR/Default.aspx</Path>
    <User>SARSGOV\s2024134</User>
    <Url>http://localhost/FDR/Default.aspx</Url>
    <Time>08:18:54 AM +02</Time>
  </SystemRequest>
  <SystemRequest>
    <RequestTime>2018-02-12</RequestTime>
    <Path>/fdr/admin/default2.aspx</Path>
    <User>SARSGOV\s2024134</User>
    <Url>http://localhost/fdr/admin/default2.aspx</Url>
    <Time>08:19:03 AM +02</Time>
  </SystemRequest>
  <SystemRequest>
    <RequestTime>2018-02-12</RequestTime>
    <Path>/fdr/admin/Default2.aspx/searchUser</Path>
    <User>SARSGOV\s2024134</User>
    <Url>http://localhost/fdr/admin/Default2.aspx/searchUser</Url>
    <Time>08:19:15 AM +02</Time>
  </SystemRequest>
  <SystemRequest>
    <RequestTime>2018-02-12</RequestTime>
    <Path>/FDR/Default.aspx</Path>
    <User>SARSGOV\s2024134</User>
    <Url>http://localhost/FDR/Default.aspx</Url>
    <Time>08:19:51 AM +02</Time>
  </SystemRequest>
  <SystemRequest>
    <RequestTime>2018-02-12</RequestTime>
    <Path>/fdr/admin/default2.aspx</Path>
    <User>SARSGOV\s2024134</User>
    <Url>http://localhost/fdr/admin/default2.aspx</Url>
    <Time>08:19:55 AM +02</Time>
  </SystemRequest>
  <SystemRequest>
    <RequestTime>2018-02-12</RequestTime>
    <Path>/fdr/admin/Default2.aspx/searchUser</Path>
    <User>SARSGOV\s2024134</User>
    <Url>http://localhost/fdr/admin/Default2.aspx/searchUser</Url>
    <Time>08:20:01 AM +02</Time>
  </SystemRequest>
  <SystemRequest>
    <RequestTime>2018-02-12</RequestTime>
    <Path>/FDR/Default.aspx</Path>
    <User>SARSGOV\s2024134</User>
    <Url>http://localhost/FDR/Default.aspx</Url>
    <Time>08:20:44 AM +02</Time>
  </SystemRequest>
  <SystemRequest>
    <RequestTime>2018-02-12</RequestTime>
    <Path>/fdr/admin/default2.aspx</Path>
    <User>SARSGOV\s2024134</User>
    <Url>http://localhost/fdr/admin/default2.aspx</Url>
    <Time>08:21:03 AM +02</Time>
  </SystemRequest>
  <SystemRequest>
    <RequestTime>2018-02-12</RequestTime>
    <Path>/FDR/Default.aspx</Path>
    <User>SARSGOV\s2024134</User>
    <Url>http://localhost/FDR/Default.aspx</Url>
    <Time>08:23:43 AM +02</Time>
  </SystemRequest>
  <SystemRequest>
    <RequestTime>2018-02-12</RequestTime>
    <Path>/fdr/admin/default2.aspx</Path>
    <User>SARSGOV\s2024134</User>
    <Url>http://localhost/fdr/admin/default2.aspx</Url>
    <Time>08:23:56 AM +02</Time>
  </SystemRequest>
  <SystemRequest>
    <RequestTime>2018-02-12</RequestTime>
    <Path>/fdr/admin/Default2.aspx/searchUser</Path>
    <User>SARSGOV\s2024134</User>
    <Url>http://localhost/fdr/admin/Default2.aspx/searchUser</Url>
    <Time>08:24:19 AM +02</Time>
  </SystemRequest>
  <SystemRequest>
    <RequestTime>2018-02-12</RequestTime>
    <Path>/FDR/Default.aspx</Path>
    <User>SARSGOV\s2024134</User>
    <Url>http://localhost/FDR/Default.aspx</Url>
    <Time>08:43:27 AM +02</Time>
  </SystemRequest>
  <SystemRequest>
    <RequestTime>2018-02-12</RequestTime>
    <Path>/fdr/admin/default2.aspx</Path>
    <User>SARSGOV\s2024134</User>
    <Url>http://localhost/fdr/admin/default2.aspx</Url>
    <Time>08:43:33 AM +02</Time>
  </SystemRequest>
  <SystemRequest>
    <RequestTime>2018-02-12</RequestTime>
    <Path>/FDR/Default.aspx</Path>
    <User>SARSGOV\s2024134</User>
    <Url>http://localhost/FDR/Default.aspx</Url>
    <Time>08:45:13 AM +02</Time>
  </SystemRequest>
  <SystemRequest>
    <RequestTime>2018-02-12</RequestTime>
    <Path>/fdr/admin/default2.aspx</Path>
    <User>SARSGOV\s2024134</User>
    <Url>http://localhost/fdr/admin/default2.aspx</Url>
    <Time>08:46:15 AM +02</Time>
  </SystemRequest>
  <SystemRequest>
    <RequestTime>2018-02-12</RequestTime>
    <Path>/FDR/Default.aspx</Path>
    <User>SARSGOV\s2024134</User>
    <Url>http://localhost/FDR/Default.aspx</Url>
    <Time>09:04:32 AM +02</Time>
  </SystemRequest>
  <SystemRequest>
    <RequestTime>2018-02-12</RequestTime>
    <Path>/fdr/admin/default2.aspx</Path>
    <User>SARSGOV\s2024134</User>
    <Url>http://localhost/fdr/admin/default2.aspx</Url>
    <Time>09:04:40 AM +02</Time>
  </SystemRequest>
  <SystemRequest>
    <RequestTime>2018-02-12</RequestTime>
    <Path>/fdr/admin/Default2.aspx/searchUser</Path>
    <User>SARSGOV\s2024134</User>
    <Url>http://localhost/fdr/admin/Default2.aspx/searchUser</Url>
    <Time>09:04:47 AM +02</Time>
  </SystemRequest>
  <SystemRequest>
    <RequestTime>2018-02-12</RequestTime>
    <Path>/FDR/Default.aspx</Path>
    <User>SARSGOV\s2024134</User>
    <Url>http://localhost/FDR/Default.aspx</Url>
    <Time>09:05:39 AM +02</Time>
  </SystemRequest>
  <SystemRequest>
    <RequestTime>2018-02-12</RequestTime>
    <Path>/fdr/admin/default2.aspx</Path>
    <User>SARSGOV\s2024134</User>
    <Url>http://localhost/fdr/admin/default2.aspx</Url>
    <Time>09:06:17 AM +02</Time>
  </SystemRequest>
  <SystemRequest>
    <RequestTime>2018-02-12</RequestTime>
    <Path>/fdr/admin/Default2.aspx/searchUser</Path>
    <User>SARSGOV\s2024134</User>
    <Url>http://localhost/fdr/admin/Default2.aspx/searchUser</Url>
    <Time>09:06:22 AM +02</Time>
  </SystemRequest>
  <SystemRequest>
    <RequestTime>2018-02-12</RequestTime>
    <Path>/fdr/admin/Default2.aspx/searchUser</Path>
    <User>SARSGOV\s2024134</User>
    <Url>http://localhost/fdr/admin/Default2.aspx/searchUser</Url>
    <Time>09:06:28 AM +02</Time>
  </SystemRequest>
  <SystemRequest>
    <RequestTime>2018-02-12</RequestTime>
    <Path>/FDR/Default.aspx</Path>
    <User>SARSGOV\s2024134</User>
    <Url>http://localhost/FDR/Default.aspx</Url>
    <Time>09:07:18 AM +02</Time>
  </SystemRequest>
  <SystemRequest>
    <RequestTime>2018-02-12</RequestTime>
    <Path>/fdr/admin/default2.aspx</Path>
    <User>SARSGOV\s2024134</User>
    <Url>http://localhost/fdr/admin/default2.aspx</Url>
    <Time>09:07:56 AM +02</Time>
  </SystemRequest>
  <SystemRequest>
    <RequestTime>2018-02-12</RequestTime>
    <Path>/fdr/admin/Default2.aspx/searchUser</Path>
    <User>SARSGOV\s2024134</User>
    <Url>http://localhost/fdr/admin/Default2.aspx/searchUser</Url>
    <Time>09:08:15 AM +02</Time>
  </SystemRequest>
  <SystemRequest>
    <RequestTime>2018-02-12</RequestTime>
    <Path>/FDR/Default.aspx</Path>
    <User>SARSGOV\s2024134</User>
    <Url>http://localhost/FDR/Default.aspx</Url>
    <Time>09:08:38 AM +02</Time>
  </SystemRequest>
  <SystemRequest>
    <RequestTime>2018-02-12</RequestTime>
    <Path>/fdr/admin/default2.aspx</Path>
    <User>SARSGOV\s2024134</User>
    <Url>http://localhost/fdr/admin/default2.aspx</Url>
    <Time>09:08:44 AM +02</Time>
  </SystemRequest>
  <SystemRequest>
    <RequestTime>2018-02-12</RequestTime>
    <Path>/fdr/admin/Default2.aspx/searchUser</Path>
    <User>SARSGOV\s2024134</User>
    <Url>http://localhost/fdr/admin/Default2.aspx/searchUser</Url>
    <Time>09:08:55 AM +02</Time>
  </SystemRequest>
  <SystemRequest>
    <RequestTime>2018-02-12</RequestTime>
    <Path>/FDR/Default.aspx</Path>
    <User>SARSGOV\s2024134</User>
    <Url>http://localhost/FDR/Default.aspx</Url>
    <Time>09:09:56 AM +02</Time>
  </SystemRequest>
  <SystemRequest>
    <RequestTime>2018-02-12</RequestTime>
    <Path>/fdr/admin/default2.aspx</Path>
    <User>SARSGOV\s2024134</User>
    <Url>http://localhost/fdr/admin/default2.aspx</Url>
    <Time>09:10:17 AM +02</Time>
  </SystemRequest>
  <SystemRequest>
    <RequestTime>2018-02-12</RequestTime>
    <Path>/fdr/admin/default2.aspx</Path>
    <User>SARSGOV\s2024134</User>
    <Url>http://localhost/fdr/admin/default2.aspx</Url>
    <Time>09:10:31 AM +02</Time>
  </SystemRequest>
  <SystemRequest>
    <RequestTime>2018-02-12</RequestTime>
    <Path>/fdr/admin/default2.aspx</Path>
    <User>SARSGOV\s2024134</User>
    <Url>http://localhost/fdr/admin/default2.aspx</Url>
    <Time>09:10:55 AM +02</Time>
  </SystemRequest>
  <SystemRequest>
    <RequestTime>2018-02-12</RequestTime>
    <Path>/fdr/admin/default2.aspx</Path>
    <User>SARSGOV\s2024134</User>
    <Url>http://localhost/fdr/admin/default2.aspx</Url>
    <Time>09:10:57 AM +02</Time>
  </SystemRequest>
  <SystemRequest>
    <RequestTime>2018-02-12</RequestTime>
    <Path>/FDR/Default.aspx</Path>
    <User>SARSGOV\s2024134</User>
    <Url>http://localhost/FDR/Default.aspx</Url>
    <Time>09:11:20 AM +02</Time>
  </SystemRequest>
  <SystemRequest>
    <RequestTime>2018-02-12</RequestTime>
    <Path>/fdr/admin/default2.aspx</Path>
    <User>SARSGOV\s2024134</User>
    <Url>http://localhost/fdr/admin/default2.aspx</Url>
    <Time>09:11:30 AM +02</Time>
  </SystemRequest>
  <SystemRequest>
    <RequestTime>2018-02-12</RequestTime>
    <Path>/fdr/admin/default2.aspx</Path>
    <User>SARSGOV\s2024134</User>
    <Url>http://localhost/fdr/admin/default2.aspx</Url>
    <Time>09:11:42 AM +02</Time>
  </SystemRequest>
  <SystemRequest>
    <RequestTime>2018-02-12</RequestTime>
    <Path>/fdr/admin/default2.aspx</Path>
    <User>SARSGOV\s2024134</User>
    <Url>http://localhost/fdr/admin/default2.aspx</Url>
    <Time>09:11:56 AM +02</Time>
  </SystemRequest>
  <SystemRequest>
    <RequestTime>2018-02-12</RequestTime>
    <Path>/fdr/admin/default2.aspx</Path>
    <User>SARSGOV\s2024134</User>
    <Url>http://localhost/fdr/admin/default2.aspx</Url>
    <Time>09:11:58 AM +02</Time>
  </SystemRequest>
  <SystemRequest>
    <RequestTime>2018-02-12</RequestTime>
    <Path>/fdr/admin/default2.aspx</Path>
    <User>SARSGOV\s2024134</User>
    <Url>http://localhost/fdr/admin/default2.aspx</Url>
    <Time>09:12:08 AM +02</Time>
  </SystemRequest>
  <SystemRequest>
    <RequestTime>2018-02-12</RequestTime>
    <Path>/fdr/admin/default2.aspx</Path>
    <User>SARSGOV\s2024134</User>
    <Url>http://localhost/fdr/admin/default2.aspx</Url>
    <Time>09:12:19 AM +02</Time>
  </SystemRequest>
  <SystemRequest>
    <RequestTime>2018-02-12</RequestTime>
    <Path>/fdr/admin/default2.aspx</Path>
    <User>SARSGOV\s2024134</User>
    <Url>http://localhost/fdr/admin/default2.aspx</Url>
    <Time>09:12:21 AM +02</Time>
  </SystemRequest>
  <SystemRequest>
    <RequestTime>2018-02-12</RequestTime>
    <Path>/fdr/admin/default2.aspx</Path>
    <User>SARSGOV\s2024134</User>
    <Url>http://localhost/fdr/admin/default2.aspx</Url>
    <Time>09:12:26 AM +02</Time>
  </SystemRequest>
  <SystemRequest>
    <RequestTime>2018-02-12</RequestTime>
    <Path>/FDR/Default.aspx</Path>
    <User>SARSGOV\s2024134</User>
    <Url>http://localhost/FDR/Default.aspx</Url>
    <Time>09:15:13 AM +02</Time>
  </SystemRequest>
  <SystemRequest>
    <RequestTime>2018-02-12</RequestTime>
    <Path>/fdr/pages/managemne.aspx</Path>
    <User>SARSGOV\s2024134</User>
    <Url>http://localhost/fdr/pages/managemne.aspx</Url>
    <Time>09:15:50 AM +02</Time>
  </SystemRequest>
  <SystemRequest>
    <RequestTime>2018-02-12</RequestTime>
    <Path>/fdr/pages/managemne.aspx</Path>
    <User>SARSGOV\s2024134</User>
    <Url>http://localhost/fdr/pages/managemne.aspx</Url>
    <Time>09:15:54 AM +02</Time>
  </SystemRequest>
  <SystemRequest>
    <RequestTime>2018-02-12</RequestTime>
    <Path>/fdr/pages/modifymnedetails.aspx</Path>
    <User>SARSGOV\s2024134</User>
    <Url>http://localhost/fdr/pages/modifymnedetails.aspx?Id=45008</Url>
    <Time>09:15:56 AM +02</Time>
  </SystemRequest>
  <SystemRequest>
    <RequestTime>2018-02-12</RequestTime>
    <Path>/FDR/Default.aspx</Path>
    <User>SARSGOV\s2024134</User>
    <Url>http://localhost/FDR/Default.aspx</Url>
    <Time>11:45:18 AM +02</Time>
  </SystemRequest>
  <SystemRequest>
    <RequestTime>2018-02-12</RequestTime>
    <Path>/fdr/pages/managemne.aspx</Path>
    <User>SARSGOV\s2024134</User>
    <Url>http://localhost/fdr/pages/managemne.aspx</Url>
    <Time>11:45:47 AM +02</Time>
  </SystemRequest>
  <SystemRequest>
    <RequestTime>2018-02-12</RequestTime>
    <Path>/fdr/pages/managemne.aspx</Path>
    <User>SARSGOV\s2024134</User>
    <Url>http://localhost/fdr/pages/managemne.aspx</Url>
    <Time>11:45:55 AM +02</Time>
  </SystemRequest>
  <SystemRequest>
    <RequestTime>2018-02-12</RequestTime>
    <Path>/fdr/pages/modifymnedetails.aspx</Path>
    <User>SARSGOV\s2024134</User>
    <Url>http://localhost/fdr/pages/modifymnedetails.aspx?Id=2</Url>
    <Time>11:45:57 AM +02</Time>
  </SystemRequest>
  <SystemRequest>
    <RequestTime>2018-02-12</RequestTime>
    <Path>/fdr/pages/modifymnedetails.aspx</Path>
    <User>SARSGOV\s2024134</User>
    <Url>http://localhost/fdr/pages/modifymnedetails.aspx?Id=2</Url>
    <Time>11:47:26 AM +02</Time>
  </SystemRequest>
  <SystemRequest>
    <RequestTime>2018-02-12</RequestTime>
    <Path>/fdr/pages/ManageMNE.aspx</Path>
    <User>SARSGOV\s2024134</User>
    <Url>http://localhost/fdr/pages/ManageMNE.aspx</Url>
    <Time>11:47:27 AM +02</Time>
  </SystemRequest>
  <SystemRequest>
    <RequestTime>2018-02-12</RequestTime>
    <Path>/fdr/pages/ManageMNE.aspx</Path>
    <User>SARSGOV\s2024134</User>
    <Url>http://localhost/fdr/pages/ManageMNE.aspx</Url>
    <Time>11:47:32 AM +02</Time>
  </SystemRequest>
  <SystemRequest>
    <RequestTime>2018-02-12</RequestTime>
    <Path>/fdr/pages/modifymnedetails.aspx</Path>
    <User>SARSGOV\s2024134</User>
    <Url>http://localhost/fdr/pages/modifymnedetails.aspx?Id=2</Url>
    <Time>11:47:33 AM +02</Time>
  </SystemRequest>
  <SystemRequest>
    <RequestTime>2018-02-12</RequestTime>
    <Path>/FDR/Default.aspx</Path>
    <User>SARSGOV\s2024134</User>
    <Url>http://localhost/FDR/Default.aspx</Url>
    <Time>15:14:06 PM +02</Time>
  </SystemRequest>
  <SystemRequest>
    <RequestTime>2018-02-12</RequestTime>
    <Path>/FDR/Default.aspx</Path>
    <User>SARSGOV\s2024134</User>
    <Url>http://localhost/FDR/Default.aspx</Url>
    <Time>15:14:34 PM +02</Time>
  </SystemRequest>
  <SystemRequest>
    <RequestTime>2018-02-12</RequestTime>
    <Path>/FDR/Default.aspx</Path>
    <User>SARSGOV\s2024134</User>
    <Url>http://localhost/FDR/Default.aspx</Url>
    <Time>15:16:33 PM +02</Time>
  </SystemRequest>
  <SystemRequest>
    <RequestTime>2018-02-12</RequestTime>
    <Path>/fdr/secureurl/menu.aspx</Path>
    <User>SARSGOV\s2024134</User>
    <Url>http://localhost/fdr/secureurl/menu.aspx</Url>
    <Time>15:16:40 PM +02</Time>
  </SystemRequest>
  <SystemRequest>
    <RequestTime>2018-02-12</RequestTime>
    <Path>/fdr/secureurl/ViewFunctionGroups.aspx</Path>
    <User>SARSGOV\s2024134</User>
    <Url>http://localhost/fdr/secureurl/ViewFunctionGroups.aspx</Url>
    <Time>15:16:49 PM +02</Time>
  </SystemRequest>
  <SystemRequest>
    <RequestTime>2018-02-12</RequestTime>
    <Path>/fdr/secureurl/menu.aspx</Path>
    <User>SARSGOV\s2024134</User>
    <Url>http://localhost/fdr/secureurl/menu.aspx</Url>
    <Time>15:18:28 PM +02</Time>
  </SystemRequest>
  <SystemRequest>
    <RequestTime>2018-02-12</RequestTime>
    <Path>/fdr/secureurl/ViewFunctions.aspx</Path>
    <User>SARSGOV\s2024134</User>
    <Url>http://localhost/fdr/secureurl/ViewFunctions.aspx</Url>
    <Time>15:18:31 PM +02</Time>
  </SystemRequest>
  <SystemRequest>
    <RequestTime>2018-02-12</RequestTime>
    <Path>/fdr/secureurl/ViewFunctions.aspx</Path>
    <User>SARSGOV\s2024134</User>
    <Url>http://localhost/fdr/secureurl/ViewFunctions.aspx</Url>
    <Time>15:18:46 PM +02</Time>
  </SystemRequest>
  <SystemRequest>
    <RequestTime>2018-02-12</RequestTime>
    <Path>/fdr/secureurl/ViewFunctions.aspx</Path>
    <User>SARSGOV\s2024134</User>
    <Url>http://localhost/fdr/secureurl/ViewFunctions.aspx</Url>
    <Time>15:18:48 PM +02</Time>
  </SystemRequest>
  <SystemRequest>
    <RequestTime>2018-02-12</RequestTime>
    <Path>/fdr/secureurl/ViewFunctions.aspx</Path>
    <User>SARSGOV\s2024134</User>
    <Url>http://localhost/fdr/secureurl/ViewFunctions.aspx</Url>
    <Time>15:19:05 PM +02</Time>
  </SystemRequest>
  <SystemRequest>
    <RequestTime>2018-02-12</RequestTime>
    <Path>/fdr/secureurl/menu.aspx</Path>
    <User>SARSGOV\s2024134</User>
    <Url>http://localhost/fdr/secureurl/menu.aspx</Url>
    <Time>15:19:31 PM +02</Time>
  </SystemRequest>
  <SystemRequest>
    <RequestTime>2018-02-12</RequestTime>
    <Path>/fdr/secureurl/MapUrlToFunction.aspx</Path>
    <User>SARSGOV\s2024134</User>
    <Url>http://localhost/fdr/secureurl/MapUrlToFunction.aspx</Url>
    <Time>15:19:46 PM +02</Time>
  </SystemRequest>
  <SystemRequest>
    <RequestTime>2018-02-12</RequestTime>
    <Path>/fdr/secureurl/MapUrlToFunction.aspx</Path>
    <User>SARSGOV\s2024134</User>
    <Url>http://localhost/fdr/secureurl/MapUrlToFunction.aspx</Url>
    <Time>15:19:55 PM +02</Time>
  </SystemRequest>
  <SystemRequest>
    <RequestTime>2018-02-12</RequestTime>
    <Path>/fdr/secureurl/MapUrlToFunction.aspx</Path>
    <User>SARSGOV\s2024134</User>
    <Url>http://localhost/fdr/secureurl/MapUrlToFunction.aspx</Url>
    <Time>15:20:12 PM +02</Time>
  </SystemRequest>
  <SystemRequest>
    <RequestTime>2018-02-12</RequestTime>
    <Path>/fdr/secureurl/MapUrlToFunction.aspx</Path>
    <User>SARSGOV\s2024134</User>
    <Url>http://localhost/fdr/secureurl/MapUrlToFunction.aspx</Url>
    <Time>15:20:26 PM +02</Time>
  </SystemRequest>
  <SystemRequest>
    <RequestTime>2018-02-12</RequestTime>
    <Path>/fdr/secureurl/menu.aspx</Path>
    <User>SARSGOV\s2024134</User>
    <Url>http://localhost/fdr/secureurl/menu.aspx</Url>
    <Time>15:20:32 PM +02</Time>
  </SystemRequest>
  <SystemRequest>
    <RequestTime>2018-02-12</RequestTime>
    <Path>/fdr/secureurl/AssignFunctionToRole.aspx</Path>
    <User>SARSGOV\s2024134</User>
    <Url>http://localhost/fdr/secureurl/AssignFunctionToRole.aspx</Url>
    <Time>15:20:37 PM +02</Time>
  </SystemRequest>
  <SystemRequest>
    <RequestTime>2018-02-12</RequestTime>
    <Path>/fdr/secureurl/AssignFunctionToRole.aspx</Path>
    <User>SARSGOV\s2024134</User>
    <Url>http://localhost/fdr/secureurl/AssignFunctionToRole.aspx</Url>
    <Time>15:20:41 PM +02</Time>
  </SystemRequest>
  <SystemRequest>
    <RequestTime>2018-02-12</RequestTime>
    <Path>/fdr/secureurl/AssignFunctionToRole.aspx</Path>
    <User>SARSGOV\s2024134</User>
    <Url>http://localhost/fdr/secureurl/AssignFunctionToRole.aspx</Url>
    <Time>15:20:46 PM +02</Time>
  </SystemRequest>
  <SystemRequest>
    <RequestTime>2018-02-12</RequestTime>
    <Path>/fdr/secureurl/menu.aspx</Path>
    <User>SARSGOV\s2024134</User>
    <Url>http://localhost/fdr/secureurl/menu.aspx</Url>
    <Time>15:20:50 PM +02</Time>
  </SystemRequest>
  <SystemRequest>
    <RequestTime>2018-02-12</RequestTime>
    <Path>/fdr/secureurl/refreshmenu.aspx</Path>
    <User>SARSGOV\s2024134</User>
    <Url>http://localhost/fdr/secureurl/refreshmenu.aspx</Url>
    <Time>15:20:58 PM +02</Time>
  </SystemRequest>
  <SystemRequest>
    <RequestTime>2018-02-12</RequestTime>
    <Path>/fdr/secureurl/refreshmenu.aspx</Path>
    <User>SARSGOV\s2024134</User>
    <Url>http://localhost/fdr/secureurl/refreshmenu.aspx</Url>
    <Time>15:21:01 PM +02</Time>
  </SystemRequest>
  <SystemRequest>
    <RequestTime>2018-02-12</RequestTime>
    <Path>/fdr/pages/mnedetails.aspx</Path>
    <User>SARSGOV\s2024134</User>
    <Url>http://localhost/fdr/pages/mnedetails.aspx</Url>
    <Time>15:21:07 PM +02</Time>
  </SystemRequest>
  <SystemRequest>
    <RequestTime>2018-02-12</RequestTime>
    <Path>/fdr/pages/mnedetails.aspx</Path>
    <User>SARSGOV\s2024134</User>
    <Url>http://localhost/fdr/pages/mnedetails.aspx</Url>
    <Time>15:48:01 PM +02</Time>
  </SystemRequest>
  <SystemRequest>
    <RequestTime>2018-02-12</RequestTime>
    <Path>/fdr/pages/mnedetails.aspx</Path>
    <User>SARSGOV\s2024134</User>
    <Url>http://localhost/fdr/pages/mnedetails.aspx</Url>
    <Time>15:49:59 PM +02</Time>
  </SystemRequest>
  <SystemRequest>
    <RequestTime>2018-02-12</RequestTime>
    <Path>/fdr/pages/mnedetails.aspx</Path>
    <User>SARSGOV\s2024134</User>
    <Url>http://localhost/fdr/pages/mnedetails.aspx</Url>
    <Time>15:50:47 PM +02</Time>
  </SystemRequest>
  <SystemRequest>
    <RequestTime>2018-02-12</RequestTime>
    <Path>/fdr/pages/mnedetails.aspx</Path>
    <User>SARSGOV\s2024134</User>
    <Url>http://localhost/fdr/pages/mnedetails.aspx</Url>
    <Time>15:51:29 PM +02</Time>
  </SystemRequest>
  <SystemRequest>
    <RequestTime>2018-02-12</RequestTime>
    <Path>/fdr/pages/mnedetails.aspx</Path>
    <User>SARSGOV\s2024134</User>
    <Url>http://localhost/fdr/pages/mnedetails.aspx</Url>
    <Time>15:52:33 PM +02</Time>
  </SystemRequest>
  <SystemRequest>
    <RequestTime>2018-02-12</RequestTime>
    <Path>/fdr/pages/mnedetails.aspx</Path>
    <User>SARSGOV\s2024134</User>
    <Url>http://localhost/fdr/pages/mnedetails.aspx</Url>
    <Time>15:53:19 PM +02</Time>
  </SystemRequest>
  <SystemRequest>
    <RequestTime>2018-02-12</RequestTime>
    <Path>/fdr/pages/mnedetails.aspx</Path>
    <User>SARSGOV\s2024134</User>
    <Url>http://localhost/fdr/pages/mnedetails.aspx</Url>
    <Time>15:55:13 PM +02</Time>
  </SystemRequest>
  <SystemRequest>
    <RequestTime>2018-02-12</RequestTime>
    <Path>/fdr/pages/mnedetails.aspx</Path>
    <User>SARSGOV\s2024134</User>
    <Url>http://localhost/fdr/pages/mnedetails.aspx</Url>
    <Time>15:55:50 PM +02</Time>
  </SystemRequest>
  <SystemRequest>
    <RequestTime>2018-02-12</RequestTime>
    <Path>/fdr/pages/mnedetails.aspx</Path>
    <User>SARSGOV\s2024134</User>
    <Url>http://localhost/fdr/pages/mnedetails.aspx</Url>
    <Time>15:56:23 PM +02</Time>
  </SystemRequest>
  <SystemRequest>
    <RequestTime>2018-02-12</RequestTime>
    <Path>/fdr/pages/mnedetails.aspx</Path>
    <User>SARSGOV\s2024134</User>
    <Url>http://localhost/fdr/pages/mnedetails.aspx</Url>
    <Time>15:57:21 PM +02</Time>
  </SystemRequest>
  <SystemRequest>
    <RequestTime>2018-02-12</RequestTime>
    <Path>/FDR/Default.aspx</Path>
    <User>SARSGOV\s2024134</User>
    <Url>http://localhost/FDR/Default.aspx</Url>
    <Time>16:05:15 PM +02</Time>
  </SystemRequest>
  <SystemRequest>
    <RequestTime>2018-02-12</RequestTime>
    <Path>/fdr/pages/mnedetails.aspx</Path>
    <User>SARSGOV\s2024134</User>
    <Url>http://localhost/fdr/pages/mnedetails.aspx</Url>
    <Time>16:05:21 PM +02</Time>
  </SystemRequest>
  <SystemRequest>
    <RequestTime>2018-02-12</RequestTime>
    <Path>/fdr/pages/mnedetails.aspx</Path>
    <User>SARSGOV\s2024134</User>
    <Url>http://localhost/fdr/pages/mnedetails.aspx</Url>
    <Time>16:08:33 PM +02</Time>
  </SystemRequest>
  <SystemRequest>
    <RequestTime>2018-02-12</RequestTime>
    <Path>/FDR/Default.aspx</Path>
    <User>SARSGOV\s2024134</User>
    <Url>http://localhost/FDR/Default.aspx</Url>
    <Time>16:09:30 PM +02</Time>
  </SystemRequest>
  <SystemRequest>
    <RequestTime>2018-02-12</RequestTime>
    <Path>/fdr/pages/mnedetails.aspx</Path>
    <User>SARSGOV\s2024134</User>
    <Url>http://localhost/fdr/pages/mnedetails.aspx</Url>
    <Time>16:09:42 PM +02</Time>
  </SystemRequest>
  <SystemRequest>
    <RequestTime>2018-02-12</RequestTime>
    <Path>/fdr/pages/mnedetails.aspx</Path>
    <User>SARSGOV\s2024134</User>
    <Url>http://localhost/fdr/pages/mnedetails.aspx</Url>
    <Time>16:12:02 PM +02</Time>
  </SystemRequest>
  <SystemRequest>
    <RequestTime>2018-02-12</RequestTime>
    <Path>/FDR/Default.aspx</Path>
    <User>SARSGOV\s2024134</User>
    <Url>http://localhost/FDR/Default.aspx</Url>
    <Time>16:13:48 PM +02</Time>
  </SystemRequest>
  <SystemRequest>
    <RequestTime>2018-02-12</RequestTime>
    <Path>/fdr/pages/mnedetails.aspx</Path>
    <User>SARSGOV\s2024134</User>
    <Url>http://localhost/fdr/pages/mnedetails.aspx</Url>
    <Time>16:13:54 PM +02</Time>
  </SystemRequest>
  <SystemRequest>
    <RequestTime>2018-02-12</RequestTime>
    <Path>/fdr/pages/mnedetails.aspx</Path>
    <User>SARSGOV\s2024134</User>
    <Url>http://localhost/fdr/pages/mnedetails.aspx</Url>
    <Time>16:15:29 PM +02</Time>
  </SystemRequest>
  <SystemRequest>
    <RequestTime>2018-02-12</RequestTime>
    <Path>/fdr/pages/managemne.aspx</Path>
    <User>SARSGOV\s2024134</User>
    <Url>http://localhost/fdr/pages/managemne.aspx</Url>
    <Time>16:16:07 PM +02</Time>
  </SystemRequest>
  <SystemRequest>
    <RequestTime>2018-02-12</RequestTime>
    <Path>/fdr/pages/managemne.aspx</Path>
    <User>SARSGOV\s2024134</User>
    <Url>http://localhost/fdr/pages/managemne.aspx</Url>
    <Time>16:16:35 PM +02</Time>
  </SystemRequest>
  <SystemRequest>
    <RequestTime>2018-02-12</RequestTime>
    <Path>/fdr/pages/modifymnedetails.aspx</Path>
    <User>SARSGOV\s2024134</User>
    <Url>http://localhost/fdr/pages/modifymnedetails.aspx?Id=47767</Url>
    <Time>16:16:36 PM +02</Time>
  </SystemRequest>
  <SystemRequest>
    <RequestTime>2018-02-12</RequestTime>
    <Path>/fdr/pages/modifymnedetails.aspx</Path>
    <User>SARSGOV\s2024134</User>
    <Url>http://localhost/fdr/pages/modifymnedetails.aspx?Id=47767</Url>
    <Time>16:16:49 PM +02</Time>
  </SystemRequest>
  <SystemRequest>
    <RequestTime>2018-02-12</RequestTime>
    <Path>/fdr/pages/ManageMNE.aspx</Path>
    <User>SARSGOV\s2024134</User>
    <Url>http://localhost/fdr/pages/ManageMNE.aspx</Url>
    <Time>16:16:50 PM +02</Time>
  </SystemRequest>
  <SystemRequest>
    <RequestTime>2018-02-12</RequestTime>
    <Path>/FDR/Default.aspx</Path>
    <User>SARSGOV\s2024134</User>
    <Url>http://localhost/FDR/Default.aspx</Url>
    <Time>16:17:47 PM +02</Time>
  </SystemRequest>
  <SystemRequest>
    <RequestTime>2018-02-12</RequestTime>
    <Path>/fdr/pages/managemne.aspx</Path>
    <User>SARSGOV\s2024134</User>
    <Url>http://localhost/fdr/pages/managemne.aspx</Url>
    <Time>16:19:20 PM +02</Time>
  </SystemRequest>
  <SystemRequest>
    <RequestTime>2018-02-12</RequestTime>
    <Path>/FDR/Default.aspx</Path>
    <User>SARSGOV\s2024134</User>
    <Url>http://localhost/FDR/Default.aspx</Url>
    <Time>16:22:49 PM +02</Time>
  </SystemRequest>
  <SystemRequest>
    <RequestTime>2018-02-12</RequestTime>
    <Path>/fdr/admin/default2.aspx</Path>
    <User>SARSGOV\s2024134</User>
    <Url>http://localhost/fdr/admin/default2.aspx</Url>
    <Time>16:29:37 PM +02</Time>
  </SystemRequest>
  <SystemRequest>
    <RequestTime>2018-02-12</RequestTime>
    <Path>/fdr/pages/managemne.aspx</Path>
    <User>SARSGOV\s2024134</User>
    <Url>http://localhost/fdr/pages/managemne.aspx</Url>
    <Time>16:29:43 PM +02</Time>
  </SystemRequest>
  <SystemRequest>
    <RequestTime>2018-02-12</RequestTime>
    <Path>/fdr/pages/managemne.aspx</Path>
    <User>SARSGOV\s2024134</User>
    <Url>http://localhost/fdr/pages/managemne.aspx</Url>
    <Time>16:31:00 PM +02</Time>
  </SystemRequest>
  <SystemRequest>
    <RequestTime>2018-02-12</RequestTime>
    <Path>/fdr/pages/managemne.aspx</Path>
    <User>SARSGOV\s2024134</User>
    <Url>http://localhost/fdr/pages/managemne.aspx</Url>
    <Time>16:31:15 PM +02</Time>
  </SystemRequest>
  <SystemRequest>
    <RequestTime>2018-02-12</RequestTime>
    <Path>/FDR/Default.aspx</Path>
    <User>SARSGOV\s2024134</User>
    <Url>http://localhost/FDR/Default.aspx</Url>
    <Time>17:06:11 PM +02</Time>
  </SystemRequest>
  <SystemRequest>
    <RequestTime>2018-02-12</RequestTime>
    <Path>/fdr/pages/managemne.aspx</Path>
    <User>SARSGOV\s2024134</User>
    <Url>http://localhost/fdr/pages/managemne.aspx</Url>
    <Time>17:06:31 PM +02</Time>
  </SystemRequest>
  <SystemRequest>
    <RequestTime>2018-02-12</RequestTime>
    <Path>/fdr/pages/managemne.aspx</Path>
    <User>SARSGOV\s2024134</User>
    <Url>http://localhost/fdr/pages/managemne.aspx</Url>
    <Time>17:06:57 PM +02</Time>
  </SystemRequest>
  <SystemRequest>
    <RequestTime>2018-02-12</RequestTime>
    <Path>/fdr/pages/managemne.aspx</Path>
    <User>SARSGOV\s2024134</User>
    <Url>http://localhost/fdr/pages/managemne.aspx</Url>
    <Time>17:08:00 PM +02</Time>
  </SystemRequest>
</ArrayOfSystemRequest>