<?xml version="1.0" encoding="utf-8"?>
<ArrayOfSystemRequest>
  <SystemRequest>
    <RequestTime>2018-03-15</RequestTime>
    <Path>/FDR/pages/CaseDetails.aspx</Path>
    <User>SARSGOV\s2024134</User>
    <Url>http://localhost/FDR/pages/CaseDetails.aspx</Url>
    <Time>08:44:56 AM +02</Time>
  </SystemRequest>
  <SystemRequest>
    <RequestTime>2018-03-15</RequestTime>
    <Path>/fdr/pages/approveoutgoincbc.aspx</Path>
    <User>SARSGOV\s2024134</User>
    <Url>http://localhost/fdr/pages/approveoutgoincbc.aspx</Url>
    <Time>08:45:07 AM +02</Time>
  </SystemRequest>
  <SystemRequest>
    <RequestTime>2018-03-15</RequestTime>
    <Path>/fdr/pages/approveoutgoincbc.aspx</Path>
    <User>SARSGOV\s2024134</User>
    <Url>http://localhost/fdr/pages/approveoutgoincbc.aspx</Url>
    <Time>08:45:12 AM +02</Time>
  </SystemRequest>
  <SystemRequest>
    <RequestTime>2018-03-15</RequestTime>
    <Path>/fdr/pages/VerifyOutgoingCBC.aspx</Path>
    <User>SARSGOV\s2024134</User>
    <Url>http://localhost/fdr/pages/VerifyOutgoingCBC.aspx?xCountry=AX&amp;Period=2018</Url>
    <Time>08:45:13 AM +02</Time>
  </SystemRequest>
  <SystemRequest>
    <RequestTime>2018-03-15</RequestTime>
    <Path>/fdr/pages/VerifyOutgoingCBC.aspx</Path>
    <User>SARSGOV\s2024134</User>
    <Url>http://localhost/fdr/pages/VerifyOutgoingCBC.aspx?xCountry=AX&amp;Period=2018</Url>
    <Time>09:05:05 AM +02</Time>
  </SystemRequest>
  <SystemRequest>
    <RequestTime>2018-03-15</RequestTime>
    <Path>/fdr/pages/VerifyOutgoingCBC.aspx</Path>
    <User>SARSGOV\s2024134</User>
    <Url>http://localhost/fdr/pages/VerifyOutgoingCBC.aspx?xCountry=AX&amp;Period=2018</Url>
    <Time>09:09:08 AM +02</Time>
  </SystemRequest>
  <SystemRequest>
    <RequestTime>2018-03-15</RequestTime>
    <Path>/fdr/pages/VerifyOutgoingCBC.aspx</Path>
    <User>SARSGOV\s2024134</User>
    <Url>http://localhost/fdr/pages/VerifyOutgoingCBC.aspx?xCountry=AX&amp;Period=2018</Url>
    <Time>09:09:37 AM +02</Time>
  </SystemRequest>
  <SystemRequest>
    <RequestTime>2018-03-15</RequestTime>
    <Path>/fdr/pages/VerifyOutgoingCBC.aspx</Path>
    <User>SARSGOV\s2024134</User>
    <Url>http://localhost/fdr/pages/VerifyOutgoingCBC.aspx?xCountry=AX&amp;Period=2018</Url>
    <Time>09:10:02 AM +02</Time>
  </SystemRequest>
  <SystemRequest>
    <RequestTime>2018-03-15</RequestTime>
    <Path>/fdr/pages/VerifyOutgoingCBC.aspx</Path>
    <User>SARSGOV\s2024134</User>
    <Url>http://localhost/fdr/pages/VerifyOutgoingCBC.aspx?xCountry=AX&amp;Period=2018</Url>
    <Time>09:10:38 AM +02</Time>
  </SystemRequest>
  <SystemRequest>
    <RequestTime>2018-03-15</RequestTime>
    <Path>/fdr/pages/VerifyOutgoingCBC.aspx</Path>
    <User>SARSGOV\s2024134</User>
    <Url>http://localhost/fdr/pages/VerifyOutgoingCBC.aspx?xCountry=AX&amp;Period=2018</Url>
    <Time>09:10:52 AM +02</Time>
  </SystemRequest>
  <SystemRequest>
    <RequestTime>2018-03-15</RequestTime>
    <Path>/fdr/pages/VerifyOutgoingCBC.aspx</Path>
    <User>SARSGOV\s2024134</User>
    <Url>http://localhost/fdr/pages/VerifyOutgoingCBC.aspx?xCountry=AX&amp;Period=2018</Url>
    <Time>09:11:23 AM +02</Time>
  </SystemRequest>
  <SystemRequest>
    <RequestTime>2018-03-15</RequestTime>
    <Path>/fdr/pages/VerifyOutgoingCBC.aspx</Path>
    <User>SARSGOV\s2024134</User>
    <Url>http://localhost/fdr/pages/VerifyOutgoingCBC.aspx?xCountry=AX&amp;Period=2018</Url>
    <Time>09:11:35 AM +02</Time>
  </SystemRequest>
  <SystemRequest>
    <RequestTime>2018-03-15</RequestTime>
    <Path>/fdr/pages/VerifyOutgoingCBC.aspx</Path>
    <User>SARSGOV\s2024134</User>
    <Url>http://localhost/fdr/pages/VerifyOutgoingCBC.aspx?xCountry=AX&amp;Period=2018</Url>
    <Time>09:12:14 AM +02</Time>
  </SystemRequest>
  <SystemRequest>
    <RequestTime>2018-03-15</RequestTime>
    <Path>/fdr/pages/VerifyOutgoingCBC.aspx</Path>
    <User>SARSGOV\s2024134</User>
    <Url>http://localhost/fdr/pages/VerifyOutgoingCBC.aspx?xCountry=AX&amp;Period=2018</Url>
    <Time>09:13:10 AM +02</Time>
  </SystemRequest>
  <SystemRequest>
    <RequestTime>2018-03-15</RequestTime>
    <Path>/fdr/pages/VerifyOutgoingCBC.aspx</Path>
    <User>SARSGOV\s2024134</User>
    <Url>http://localhost/fdr/pages/VerifyOutgoingCBC.aspx?xCountry=AX&amp;Period=2018</Url>
    <Time>09:13:55 AM +02</Time>
  </SystemRequest>
  <SystemRequest>
    <RequestTime>2018-03-15</RequestTime>
    <Path>/FDR/pages/CaseDetails.aspx</Path>
    <User>SARSGOV\s2024134</User>
    <Url>http://localhost/FDR/pages/CaseDetails.aspx</Url>
    <Time>11:35:49 AM +02</Time>
  </SystemRequest>
  <SystemRequest>
    <RequestTime>2018-03-15</RequestTime>
    <Path>/fdr/pages/approveoutgoincbc.aspx</Path>
    <User>SARSGOV\s2024134</User>
    <Url>http://localhost/fdr/pages/approveoutgoincbc.aspx</Url>
    <Time>11:36:18 AM +02</Time>
  </SystemRequest>
  <SystemRequest>
    <RequestTime>2018-03-15</RequestTime>
    <Path>/fdr/pages/approveoutgoincbc.aspx</Path>
    <User>SARSGOV\s2024134</User>
    <Url>http://localhost/fdr/pages/approveoutgoincbc.aspx</Url>
    <Time>11:36:22 AM +02</Time>
  </SystemRequest>
  <SystemRequest>
    <RequestTime>2018-03-15</RequestTime>
    <Path>/fdr/pages/VerifyOutgoingCBC.aspx</Path>
    <User>SARSGOV\s2024134</User>
    <Url>http://localhost/fdr/pages/VerifyOutgoingCBC.aspx?xCountry=AX&amp;Period=2018</Url>
    <Time>11:36:23 AM +02</Time>
  </SystemRequest>
  <SystemRequest>
    <RequestTime>2018-03-15</RequestTime>
    <Path>/fdr/pages/VerifyOutgoingCBC.aspx</Path>
    <User>SARSGOV\s2024134</User>
    <Url>http://localhost/fdr/pages/VerifyOutgoingCBC.aspx?xCountry=AX&amp;Period=2018</Url>
    <Time>11:37:08 AM +02</Time>
  </SystemRequest>
  <SystemRequest>
    <RequestTime>2018-03-15</RequestTime>
    <Path>/fdr/admin/default2.aspx</Path>
    <User>SARSGOV\s2024134</User>
    <Url>http://localhost/fdr/admin/default2.aspx</Url>
    <Time>11:40:18 AM +02</Time>
  </SystemRequest>
  <SystemRequest>
    <RequestTime>2018-03-15</RequestTime>
    <Path>/fdr/admin/default2.aspx</Path>
    <User>SARSGOV\s2024134</User>
    <Url>http://localhost/fdr/admin/default2.aspx</Url>
    <Time>11:40:25 AM +02</Time>
  </SystemRequest>
  <SystemRequest>
    <RequestTime>2018-03-15</RequestTime>
    <Path>/fdr/admin/default2.aspx</Path>
    <User>SARSGOV\s2024134</User>
    <Url>http://localhost/fdr/admin/default2.aspx</Url>
    <Time>11:40:26 AM +02</Time>
  </SystemRequest>
  <SystemRequest>
    <RequestTime>2018-03-15</RequestTime>
    <Path>/fdr/Default.aspx</Path>
    <User>SARSGOV\s2024134</User>
    <Url>http://localhost/fdr/Default.aspx</Url>
    <Time>11:40:29 AM +02</Time>
  </SystemRequest>
  <SystemRequest>
    <RequestTime>2018-03-15</RequestTime>
    <Path>/fdr/pages/generateoutgoingcbcr.aspx</Path>
    <User>SARSGOV\s2024134</User>
    <Url>http://localhost/fdr/pages/generateoutgoingcbcr.aspx</Url>
    <Time>11:40:31 AM +02</Time>
  </SystemRequest>
  <SystemRequest>
    <RequestTime>2018-03-15</RequestTime>
    <Path>/fdr/pages/generateoutgoingcbcr.aspx</Path>
    <User>SARSGOV\s2024134</User>
    <Url>http://localhost/fdr/pages/generateoutgoingcbcr.aspx</Url>
    <Time>11:41:00 AM +02</Time>
  </SystemRequest>
  <SystemRequest>
    <RequestTime>2018-03-15</RequestTime>
    <Path>/fdr/pages/generateoutgoingcbcr.aspx</Path>
    <User>SARSGOV\s2024134</User>
    <Url>http://localhost/fdr/pages/generateoutgoingcbcr.aspx</Url>
    <Time>11:41:03 AM +02</Time>
  </SystemRequest>
  <SystemRequest>
    <RequestTime>2018-03-15</RequestTime>
    <Path>/fdr/pages/generateoutgoingcbcr.aspx</Path>
    <User>SARSGOV\s2024134</User>
    <Url>http://localhost/fdr/pages/generateoutgoingcbcr.aspx</Url>
    <Time>11:41:05 AM +02</Time>
  </SystemRequest>
  <SystemRequest>
    <RequestTime>2018-03-15</RequestTime>
    <Path>/FDR/pages/CaseDetails.aspx</Path>
    <User>SARSGOV\s2024134</User>
    <Url>http://localhost/FDR/pages/CaseDetails.aspx</Url>
    <Time>11:49:33 AM +02</Time>
  </SystemRequest>
  <SystemRequest>
    <RequestTime>2018-03-15</RequestTime>
    <Path>/fdr/pages/generateoutgoingcbcr.aspx</Path>
    <User>SARSGOV\s2024134</User>
    <Url>http://localhost/fdr/pages/generateoutgoingcbcr.aspx</Url>
    <Time>11:49:50 AM +02</Time>
  </SystemRequest>
  <SystemRequest>
    <RequestTime>2018-03-15</RequestTime>
    <Path>/fdr/pages/generateoutgoingcbcr.aspx</Path>
    <User>SARSGOV\s2024134</User>
    <Url>http://localhost/fdr/pages/generateoutgoingcbcr.aspx</Url>
    <Time>11:50:38 AM +02</Time>
  </SystemRequest>
  <SystemRequest>
    <RequestTime>2018-03-15</RequestTime>
    <Path>/fdr/pages/VerifyOutgoingCBC.aspx</Path>
    <User>SARSGOV\s2024134</User>
    <Url>http://localhost/fdr/pages/VerifyOutgoingCBC.aspx?xCountry=AX&amp;Period=2019</Url>
    <Time>11:50:39 AM +02</Time>
  </SystemRequest>
  <SystemRequest>
    <RequestTime>2018-03-15</RequestTime>
    <Path>/fdr/pages/newoutgoingcbcr.aspx</Path>
    <User>SARSGOV\s2024134</User>
    <Url>http://localhost/fdr/pages/newoutgoingcbcr.aspx</Url>
    <Time>11:55:25 AM +02</Time>
  </SystemRequest>
  <SystemRequest>
    <RequestTime>2018-03-15</RequestTime>
    <Path>/fdr/pages/verifiedoutgoingcbcr.aspx</Path>
    <User>SARSGOV\s2024134</User>
    <Url>http://localhost/fdr/pages/verifiedoutgoingcbcr.aspx</Url>
    <Time>11:55:59 AM +02</Time>
  </SystemRequest>
  <SystemRequest>
    <RequestTime>2018-03-15</RequestTime>
    <Path>/fdr/pages/approveoutgoincbc.aspx</Path>
    <User>SARSGOV\s2024134</User>
    <Url>http://localhost/fdr/pages/approveoutgoincbc.aspx</Url>
    <Time>11:56:03 AM +02</Time>
  </SystemRequest>
  <SystemRequest>
    <RequestTime>2018-03-15</RequestTime>
    <Path>/fdr/pages/newoutgoingcbcr.aspx</Path>
    <User>SARSGOV\s2024134</User>
    <Url>http://localhost/fdr/pages/newoutgoingcbcr.aspx</Url>
    <Time>11:56:11 AM +02</Time>
  </SystemRequest>
  <SystemRequest>
    <RequestTime>2018-03-15</RequestTime>
    <Path>/fdr/pages/newoutgoingcbcr.aspx</Path>
    <User>SARSGOV\s2024134</User>
    <Url>http://localhost/fdr/pages/newoutgoingcbcr.aspx</Url>
    <Time>11:56:16 AM +02</Time>
  </SystemRequest>
  <SystemRequest>
    <RequestTime>2018-03-15</RequestTime>
    <Path>/fdr/pages/VerifyOutgoingCBC.aspx</Path>
    <User>SARSGOV\s2024134</User>
    <Url>http://localhost/fdr/pages/VerifyOutgoingCBC.aspx?xCountry=AL&amp;Period=2018</Url>
    <Time>11:56:16 AM +02</Time>
  </SystemRequest>
  <SystemRequest>
    <RequestTime>2018-03-15</RequestTime>
    <Path>/fdr/pages/generateoutgoingcbcr.aspx</Path>
    <User>SARSGOV\s2024134</User>
    <Url>http://localhost/fdr/pages/generateoutgoingcbcr.aspx</Url>
    <Time>11:56:24 AM +02</Time>
  </SystemRequest>
  <SystemRequest>
    <RequestTime>2018-03-15</RequestTime>
    <Path>/fdr/pages/generateoutgoingcbcr.aspx</Path>
    <User>SARSGOV\s2024134</User>
    <Url>http://localhost/fdr/pages/generateoutgoingcbcr.aspx</Url>
    <Time>11:56:57 AM +02</Time>
  </SystemRequest>
  <SystemRequest>
    <RequestTime>2018-03-15</RequestTime>
    <Path>/fdr/pages/generateoutgoingcbcr.aspx</Path>
    <User>SARSGOV\s2024134</User>
    <Url>http://localhost/fdr/pages/generateoutgoingcbcr.aspx</Url>
    <Time>11:57:07 AM +02</Time>
  </SystemRequest>
  <SystemRequest>
    <RequestTime>2018-03-15</RequestTime>
    <Path>/FDR/pages/CaseDetails.aspx</Path>
    <User>SARSGOV\s2024134</User>
    <Url>http://localhost/FDR/pages/CaseDetails.aspx</Url>
    <Time>11:58:41 AM +02</Time>
  </SystemRequest>
  <SystemRequest>
    <RequestTime>2018-03-15</RequestTime>
    <Path>/fdr/pages/generateoutgoingcbcr.aspx</Path>
    <User>SARSGOV\s2024134</User>
    <Url>http://localhost/fdr/pages/generateoutgoingcbcr.aspx</Url>
    <Time>11:58:49 AM +02</Time>
  </SystemRequest>
  <SystemRequest>
    <RequestTime>2018-03-15</RequestTime>
    <Path>/fdr/pages/generateoutgoingcbcr.aspx</Path>
    <User>SARSGOV\s2024134</User>
    <Url>http://localhost/fdr/pages/generateoutgoingcbcr.aspx</Url>
    <Time>11:59:05 AM +02</Time>
  </SystemRequest>
  <SystemRequest>
    <RequestTime>2018-03-15</RequestTime>
    <Path>/fdr/pages/generateoutgoingcbcr.aspx</Path>
    <User>SARSGOV\s2024134</User>
    <Url>http://localhost/fdr/pages/generateoutgoingcbcr.aspx</Url>
    <Time>11:59:08 AM +02</Time>
  </SystemRequest>
  <SystemRequest>
    <RequestTime>2018-03-15</RequestTime>
    <Path>/fdr/pages/generateoutgoingcbcr.aspx</Path>
    <User>SARSGOV\s2024134</User>
    <Url>http://localhost/fdr/pages/generateoutgoingcbcr.aspx</Url>
    <Time>11:59:27 AM +02</Time>
  </SystemRequest>
  <SystemRequest>
    <RequestTime>2018-03-15</RequestTime>
    <Path>/fdr/secureurl/menu.aspx</Path>
    <User>SARSGOV\s2024134</User>
    <Url>http://localhost/fdr/secureurl/menu.aspx</Url>
    <Time>12:07:04 PM +02</Time>
  </SystemRequest>
  <SystemRequest>
    <RequestTime>2018-03-15</RequestTime>
    <Path>/fdr/secureurl/ViewFunctions.aspx</Path>
    <User>SARSGOV\s2024134</User>
    <Url>http://localhost/fdr/secureurl/ViewFunctions.aspx</Url>
    <Time>12:07:14 PM +02</Time>
  </SystemRequest>
  <SystemRequest>
    <RequestTime>2018-03-15</RequestTime>
    <Path>/fdr/secureurl/ViewFunctions.aspx</Path>
    <User>SARSGOV\s2024134</User>
    <Url>http://localhost/fdr/secureurl/ViewFunctions.aspx</Url>
    <Time>12:07:21 PM +02</Time>
  </SystemRequest>
  <SystemRequest>
    <RequestTime>2018-03-15</RequestTime>
    <Path>/fdr/secureurl/ViewFunctions.aspx</Path>
    <User>SARSGOV\s2024134</User>
    <Url>http://localhost/fdr/secureurl/ViewFunctions.aspx</Url>
    <Time>12:07:35 PM +02</Time>
  </SystemRequest>
  <SystemRequest>
    <RequestTime>2018-03-15</RequestTime>
    <Path>/fdr/secureurl/ViewFunctions.aspx</Path>
    <User>SARSGOV\s2024134</User>
    <Url>http://localhost/fdr/secureurl/ViewFunctions.aspx</Url>
    <Time>12:07:37 PM +02</Time>
  </SystemRequest>
  <SystemRequest>
    <RequestTime>2018-03-15</RequestTime>
    <Path>/fdr/Default.aspx</Path>
    <User>SARSGOV\s2024134</User>
    <Url>http://localhost/fdr/Default.aspx</Url>
    <Time>12:07:44 PM +02</Time>
  </SystemRequest>
  <SystemRequest>
    <RequestTime>2018-03-15</RequestTime>
    <Path>/fdr/Default.aspx</Path>
    <User>SARSGOV\s2024134</User>
    <Url>http://localhost/fdr/Default.aspx</Url>
    <Time>12:07:46 PM +02</Time>
  </SystemRequest>
  <SystemRequest>
    <RequestTime>2018-03-15</RequestTime>
    <Path>/fdr/secureurl/menu.aspx</Path>
    <User>SARSGOV\s2024134</User>
    <Url>http://localhost/fdr/secureurl/menu.aspx</Url>
    <Time>12:07:48 PM +02</Time>
  </SystemRequest>
  <SystemRequest>
    <RequestTime>2018-03-15</RequestTime>
    <Path>/fdr/secureurl/refreshmenu.aspx</Path>
    <User>SARSGOV\s2024134</User>
    <Url>http://localhost/fdr/secureurl/refreshmenu.aspx</Url>
    <Time>12:07:51 PM +02</Time>
  </SystemRequest>
  <SystemRequest>
    <RequestTime>2018-03-15</RequestTime>
    <Path>/fdr/secureurl/refreshmenu.aspx</Path>
    <User>SARSGOV\s2024134</User>
    <Url>http://localhost/fdr/secureurl/refreshmenu.aspx</Url>
    <Time>12:07:52 PM +02</Time>
  </SystemRequest>
  <SystemRequest>
    <RequestTime>2018-03-15</RequestTime>
    <Path>/fdr/secureurl/refreshmenu.aspx</Path>
    <User>SARSGOV\s2024134</User>
    <Url>http://localhost/fdr/secureurl/refreshmenu.aspx</Url>
    <Time>12:07:55 PM +02</Time>
  </SystemRequest>
  <SystemRequest>
    <RequestTime>2018-03-15</RequestTime>
    <Path>/fdr/secureurl/refreshmenu.aspx</Path>
    <User>SARSGOV\s2024134</User>
    <Url>http://localhost/fdr/secureurl/refreshmenu.aspx</Url>
    <Time>12:07:57 PM +02</Time>
  </SystemRequest>
  <SystemRequest>
    <RequestTime>2018-03-15</RequestTime>
    <Path>/fdr/secureurl/refreshmenu.aspx</Path>
    <User>SARSGOV\s2024134</User>
    <Url>http://localhost/fdr/secureurl/refreshmenu.aspx</Url>
    <Time>12:07:59 PM +02</Time>
  </SystemRequest>
  <SystemRequest>
    <RequestTime>2018-03-15</RequestTime>
    <Path>/fdr/Default.aspx</Path>
    <User>SARSGOV\s2024134</User>
    <Url>http://localhost/fdr/Default.aspx</Url>
    <Time>12:08:00 PM +02</Time>
  </SystemRequest>
  <SystemRequest>
    <RequestTime>2018-03-15</RequestTime>
    <Path>/fdr/pages/newoutgoingcbcr.aspx</Path>
    <User>SARSGOV\s2024134</User>
    <Url>http://localhost/fdr/pages/newoutgoingcbcr.aspx</Url>
    <Time>12:08:03 PM +02</Time>
  </SystemRequest>
  <SystemRequest>
    <RequestTime>2018-03-15</RequestTime>
    <Path>/fdr/pages/verifiedoutgoingcbcr.aspx</Path>
    <User>SARSGOV\s2024134</User>
    <Url>http://localhost/fdr/pages/verifiedoutgoingcbcr.aspx</Url>
    <Time>12:08:05 PM +02</Time>
  </SystemRequest>
  <SystemRequest>
    <RequestTime>2018-03-15</RequestTime>
    <Path>/fdr/secureurl/menu.aspx</Path>
    <User>SARSGOV\s2024134</User>
    <Url>http://localhost/fdr/secureurl/menu.aspx</Url>
    <Time>12:08:11 PM +02</Time>
  </SystemRequest>
  <SystemRequest>
    <RequestTime>2018-03-15</RequestTime>
    <Path>/fdr/secureurl/ViewFunctions.aspx</Path>
    <User>SARSGOV\s2024134</User>
    <Url>http://localhost/fdr/secureurl/ViewFunctions.aspx</Url>
    <Time>12:08:23 PM +02</Time>
  </SystemRequest>
  <SystemRequest>
    <RequestTime>2018-03-15</RequestTime>
    <Path>/fdr/secureurl/ViewFunctions.aspx</Path>
    <User>SARSGOV\s2024134</User>
    <Url>http://localhost/fdr/secureurl/ViewFunctions.aspx</Url>
    <Time>12:09:23 PM +02</Time>
  </SystemRequest>
  <SystemRequest>
    <RequestTime>2018-03-15</RequestTime>
    <Path>/fdr/secureurl/ViewFunctions.aspx</Path>
    <User>SARSGOV\s2024134</User>
    <Url>http://localhost/fdr/secureurl/ViewFunctions.aspx</Url>
    <Time>12:09:32 PM +02</Time>
  </SystemRequest>
  <SystemRequest>
    <RequestTime>2018-03-15</RequestTime>
    <Path>/fdr/secureurl/ViewFunctions.aspx</Path>
    <User>SARSGOV\s2024134</User>
    <Url>http://localhost/fdr/secureurl/ViewFunctions.aspx</Url>
    <Time>12:09:39 PM +02</Time>
  </SystemRequest>
  <SystemRequest>
    <RequestTime>2018-03-15</RequestTime>
    <Path>/fdr/secureurl/menu.aspx</Path>
    <User>SARSGOV\s2024134</User>
    <Url>http://localhost/fdr/secureurl/menu.aspx</Url>
    <Time>12:09:52 PM +02</Time>
  </SystemRequest>
  <SystemRequest>
    <RequestTime>2018-03-15</RequestTime>
    <Path>/fdr/secureurl/AssignFunctionToRole.aspx</Path>
    <User>SARSGOV\s2024134</User>
    <Url>http://localhost/fdr/secureurl/AssignFunctionToRole.aspx</Url>
    <Time>12:09:54 PM +02</Time>
  </SystemRequest>
  <SystemRequest>
    <RequestTime>2018-03-15</RequestTime>
    <Path>/fdr/secureurl/AssignFunctionToRole.aspx</Path>
    <User>SARSGOV\s2024134</User>
    <Url>http://localhost/fdr/secureurl/AssignFunctionToRole.aspx</Url>
    <Time>12:09:59 PM +02</Time>
  </SystemRequest>
  <SystemRequest>
    <RequestTime>2018-03-15</RequestTime>
    <Path>/fdr/secureurl/AssignFunctionToRole.aspx</Path>
    <User>SARSGOV\s2024134</User>
    <Url>http://localhost/fdr/secureurl/AssignFunctionToRole.aspx</Url>
    <Time>12:10:10 PM +02</Time>
  </SystemRequest>
  <SystemRequest>
    <RequestTime>2018-03-15</RequestTime>
    <Path>/fdr/secureurl/AssignFunctionToRole.aspx</Path>
    <User>SARSGOV\s2024134</User>
    <Url>http://localhost/fdr/secureurl/AssignFunctionToRole.aspx</Url>
    <Time>12:10:14 PM +02</Time>
  </SystemRequest>
  <SystemRequest>
    <RequestTime>2018-03-15</RequestTime>
    <Path>/fdr/secureurl/AssignFunctionToRole.aspx</Path>
    <User>SARSGOV\s2024134</User>
    <Url>http://localhost/fdr/secureurl/AssignFunctionToRole.aspx</Url>
    <Time>12:10:15 PM +02</Time>
  </SystemRequest>
  <SystemRequest>
    <RequestTime>2018-03-15</RequestTime>
    <Path>/fdr/secureurl/AssignFunctionToRole.aspx</Path>
    <User>SARSGOV\s2024134</User>
    <Url>http://localhost/fdr/secureurl/AssignFunctionToRole.aspx</Url>
    <Time>12:10:34 PM +02</Time>
  </SystemRequest>
  <SystemRequest>
    <RequestTime>2018-03-15</RequestTime>
    <Path>/fdr/secureurl/AssignFunctionToRole.aspx</Path>
    <User>SARSGOV\s2024134</User>
    <Url>http://localhost/fdr/secureurl/AssignFunctionToRole.aspx</Url>
    <Time>12:10:37 PM +02</Time>
  </SystemRequest>
  <SystemRequest>
    <RequestTime>2018-03-15</RequestTime>
    <Path>/fdr/secureurl/AssignFunctionToRole.aspx</Path>
    <User>SARSGOV\s2024134</User>
    <Url>http://localhost/fdr/secureurl/AssignFunctionToRole.aspx</Url>
    <Time>12:10:53 PM +02</Time>
  </SystemRequest>
  <SystemRequest>
    <RequestTime>2018-03-15</RequestTime>
    <Path>/fdr/secureurl/AssignFunctionToRole.aspx</Path>
    <User>SARSGOV\s2024134</User>
    <Url>http://localhost/fdr/secureurl/AssignFunctionToRole.aspx</Url>
    <Time>12:10:54 PM +02</Time>
  </SystemRequest>
  <SystemRequest>
    <RequestTime>2018-03-15</RequestTime>
    <Path>/fdr/secureurl/AssignFunctionToRole.aspx</Path>
    <User>SARSGOV\s2024134</User>
    <Url>http://localhost/fdr/secureurl/AssignFunctionToRole.aspx</Url>
    <Time>12:11:03 PM +02</Time>
  </SystemRequest>
  <SystemRequest>
    <RequestTime>2018-03-15</RequestTime>
    <Path>/fdr/admin/default2.aspx</Path>
    <User>SARSGOV\s2024134</User>
    <Url>http://localhost/fdr/admin/default2.aspx</Url>
    <Time>12:11:14 PM +02</Time>
  </SystemRequest>
  <SystemRequest>
    <RequestTime>2018-03-15</RequestTime>
    <Path>/fdr/admin/default2.aspx</Path>
    <User>SARSGOV\s2024134</User>
    <Url>http://localhost/fdr/admin/default2.aspx</Url>
    <Time>12:11:20 PM +02</Time>
  </SystemRequest>
  <SystemRequest>
    <RequestTime>2018-03-15</RequestTime>
    <Path>/fdr/admin/default2.aspx</Path>
    <User>SARSGOV\s2024134</User>
    <Url>http://localhost/fdr/admin/default2.aspx</Url>
    <Time>12:11:22 PM +02</Time>
  </SystemRequest>
  <SystemRequest>
    <RequestTime>2018-03-15</RequestTime>
    <Path>/fdr/Default.aspx</Path>
    <User>SARSGOV\s2024134</User>
    <Url>http://localhost/fdr/Default.aspx</Url>
    <Time>12:11:25 PM +02</Time>
  </SystemRequest>
  <SystemRequest>
    <RequestTime>2018-03-15</RequestTime>
    <Path>/fdr/secureurl/menu.aspx</Path>
    <User>SARSGOV\s2024134</User>
    <Url>http://localhost/fdr/secureurl/menu.aspx</Url>
    <Time>12:11:32 PM +02</Time>
  </SystemRequest>
  <SystemRequest>
    <RequestTime>2018-03-15</RequestTime>
    <Path>/fdr/secureurl/ViewFunctions.aspx</Path>
    <User>SARSGOV\s2024134</User>
    <Url>http://localhost/fdr/secureurl/ViewFunctions.aspx</Url>
    <Time>12:11:37 PM +02</Time>
  </SystemRequest>
  <SystemRequest>
    <RequestTime>2018-03-15</RequestTime>
    <Path>/fdr/secureurl/ViewFunctions.aspx</Path>
    <User>SARSGOV\s2024134</User>
    <Url>http://localhost/fdr/secureurl/ViewFunctions.aspx</Url>
    <Time>12:11:43 PM +02</Time>
  </SystemRequest>
  <SystemRequest>
    <RequestTime>2018-03-15</RequestTime>
    <Path>/fdr/secureurl/ViewFunctions.aspx</Path>
    <User>SARSGOV\s2024134</User>
    <Url>http://localhost/fdr/secureurl/ViewFunctions.aspx</Url>
    <Time>12:11:48 PM +02</Time>
  </SystemRequest>
  <SystemRequest>
    <RequestTime>2018-03-15</RequestTime>
    <Path>/fdr/secureurl/ViewFunctions.aspx</Path>
    <User>SARSGOV\s2024134</User>
    <Url>http://localhost/fdr/secureurl/ViewFunctions.aspx</Url>
    <Time>12:11:55 PM +02</Time>
  </SystemRequest>
  <SystemRequest>
    <RequestTime>2018-03-15</RequestTime>
    <Path>/fdr/secureurl/ViewFunctions.aspx</Path>
    <User>SARSGOV\s2024134</User>
    <Url>http://localhost/fdr/secureurl/ViewFunctions.aspx</Url>
    <Time>12:12:04 PM +02</Time>
  </SystemRequest>
  <SystemRequest>
    <RequestTime>2018-03-15</RequestTime>
    <Path>/fdr/pages/u3tm.aspx</Path>
    <User>SARSGOV\s2024134</User>
    <Url>http://localhost/fdr/pages/u3tm.aspx</Url>
    <Time>12:12:16 PM +02</Time>
  </SystemRequest>
  <SystemRequest>
    <RequestTime>2018-03-15</RequestTime>
    <Path>/fdr/admin/default2.aspx</Path>
    <User>SARSGOV\s2024134</User>
    <Url>http://localhost/fdr/admin/default2.aspx</Url>
    <Time>12:12:21 PM +02</Time>
  </SystemRequest>
  <SystemRequest>
    <RequestTime>2018-03-15</RequestTime>
    <Path>/fdr/admin/default2.aspx</Path>
    <User>SARSGOV\s2024134</User>
    <Url>http://localhost/fdr/admin/default2.aspx</Url>
    <Time>12:12:25 PM +02</Time>
  </SystemRequest>
  <SystemRequest>
    <RequestTime>2018-03-15</RequestTime>
    <Path>/fdr/admin/default2.aspx</Path>
    <User>SARSGOV\s2024134</User>
    <Url>http://localhost/fdr/admin/default2.aspx</Url>
    <Time>12:12:26 PM +02</Time>
  </SystemRequest>
  <SystemRequest>
    <RequestTime>2018-03-15</RequestTime>
    <Path>/fdr/Default.aspx</Path>
    <User>SARSGOV\s2024134</User>
    <Url>http://localhost/fdr/Default.aspx</Url>
    <Time>12:12:31 PM +02</Time>
  </SystemRequest>
  <SystemRequest>
    <RequestTime>2018-03-15</RequestTime>
    <Path>/fdr/pages/newoutgoingcbcr.aspx</Path>
    <User>SARSGOV\s2024134</User>
    <Url>http://localhost/fdr/pages/newoutgoingcbcr.aspx</Url>
    <Time>12:12:35 PM +02</Time>
  </SystemRequest>
  <SystemRequest>
    <RequestTime>2018-03-15</RequestTime>
    <Path>/fdr/secureurl/menu.aspx</Path>
    <User>SARSGOV\s2024134</User>
    <Url>http://localhost/fdr/secureurl/menu.aspx</Url>
    <Time>12:12:41 PM +02</Time>
  </SystemRequest>
  <SystemRequest>
    <RequestTime>2018-03-15</RequestTime>
    <Path>/fdr/secureurl/refreshmenu.aspx</Path>
    <User>SARSGOV\s2024134</User>
    <Url>http://localhost/fdr/secureurl/refreshmenu.aspx</Url>
    <Time>12:12:44 PM +02</Time>
  </SystemRequest>
  <SystemRequest>
    <RequestTime>2018-03-15</RequestTime>
    <Path>/fdr/secureurl/refreshmenu.aspx</Path>
    <User>SARSGOV\s2024134</User>
    <Url>http://localhost/fdr/secureurl/refreshmenu.aspx</Url>
    <Time>12:12:46 PM +02</Time>
  </SystemRequest>
  <SystemRequest>
    <RequestTime>2018-03-15</RequestTime>
    <Path>/fdr/secureurl/refreshmenu.aspx</Path>
    <User>SARSGOV\s2024134</User>
    <Url>http://localhost/fdr/secureurl/refreshmenu.aspx</Url>
    <Time>12:12:48 PM +02</Time>
  </SystemRequest>
  <SystemRequest>
    <RequestTime>2018-03-15</RequestTime>
    <Path>/fdr/Default.aspx</Path>
    <User>SARSGOV\s2024134</User>
    <Url>http://localhost/fdr/Default.aspx</Url>
    <Time>12:12:50 PM +02</Time>
  </SystemRequest>
  <SystemRequest>
    <RequestTime>2018-03-15</RequestTime>
    <Path>/fdr/pages/newoutgoingcbcr.aspx</Path>
    <User>SARSGOV\s2024134</User>
    <Url>http://localhost/fdr/pages/newoutgoingcbcr.aspx</Url>
    <Time>12:12:52 PM +02</Time>
  </SystemRequest>
  <SystemRequest>
    <RequestTime>2018-03-15</RequestTime>
    <Path>/fdr/admin/default2.aspx</Path>
    <User>SARSGOV\s2024134</User>
    <Url>http://localhost/fdr/admin/default2.aspx</Url>
    <Time>12:13:00 PM +02</Time>
  </SystemRequest>
  <SystemRequest>
    <RequestTime>2018-03-15</RequestTime>
    <Path>/fdr/admin/default2.aspx</Path>
    <User>SARSGOV\s2024134</User>
    <Url>http://localhost/fdr/admin/default2.aspx</Url>
    <Time>12:13:06 PM +02</Time>
  </SystemRequest>
  <SystemRequest>
    <RequestTime>2018-03-15</RequestTime>
    <Path>/fdr/admin/default2.aspx</Path>
    <User>SARSGOV\s2024134</User>
    <Url>http://localhost/fdr/admin/default2.aspx</Url>
    <Time>12:13:07 PM +02</Time>
  </SystemRequest>
  <SystemRequest>
    <RequestTime>2018-03-15</RequestTime>
    <Path>/fdr/secureurl/menu.aspx</Path>
    <User>SARSGOV\s2024134</User>
    <Url>http://localhost/fdr/secureurl/menu.aspx</Url>
    <Time>12:13:11 PM +02</Time>
  </SystemRequest>
  <SystemRequest>
    <RequestTime>2018-03-15</RequestTime>
    <Path>/fdr/secureurl/AssignFunctionToRole.aspx</Path>
    <User>SARSGOV\s2024134</User>
    <Url>http://localhost/fdr/secureurl/AssignFunctionToRole.aspx</Url>
    <Time>12:13:16 PM +02</Time>
  </SystemRequest>
  <SystemRequest>
    <RequestTime>2018-03-15</RequestTime>
    <Path>/fdr/secureurl/AssignFunctionToRole.aspx</Path>
    <User>SARSGOV\s2024134</User>
    <Url>http://localhost/fdr/secureurl/AssignFunctionToRole.aspx</Url>
    <Time>12:13:19 PM +02</Time>
  </SystemRequest>
  <SystemRequest>
    <RequestTime>2018-03-15</RequestTime>
    <Path>/fdr/secureurl/AssignFunctionToRole.aspx</Path>
    <User>SARSGOV\s2024134</User>
    <Url>http://localhost/fdr/secureurl/AssignFunctionToRole.aspx</Url>
    <Time>12:13:21 PM +02</Time>
  </SystemRequest>
  <SystemRequest>
    <RequestTime>2018-03-15</RequestTime>
    <Path>/fdr/secureurl/AssignFunctionToRole.aspx</Path>
    <User>SARSGOV\s2024134</User>
    <Url>http://localhost/fdr/secureurl/AssignFunctionToRole.aspx</Url>
    <Time>12:13:23 PM +02</Time>
  </SystemRequest>
  <SystemRequest>
    <RequestTime>2018-03-15</RequestTime>
    <Path>/fdr/secureurl/AssignFunctionToRole.aspx</Path>
    <User>SARSGOV\s2024134</User>
    <Url>http://localhost/fdr/secureurl/AssignFunctionToRole.aspx</Url>
    <Time>12:13:24 PM +02</Time>
  </SystemRequest>
  <SystemRequest>
    <RequestTime>2018-03-15</RequestTime>
    <Path>/FDR/pages/CaseDetails.aspx</Path>
    <User>SARSGOV\s2024134</User>
    <Url>http://localhost/FDR/pages/CaseDetails.aspx</Url>
    <Time>12:14:21 PM +02</Time>
  </SystemRequest>
  <SystemRequest>
    <RequestTime>2018-03-15</RequestTime>
    <Path>/fdr/secureurl/menu.aspx</Path>
    <User>SARSGOV\s2024134</User>
    <Url>http://localhost/fdr/secureurl/menu.aspx</Url>
    <Time>12:14:29 PM +02</Time>
  </SystemRequest>
  <SystemRequest>
    <RequestTime>2018-03-15</RequestTime>
    <Path>/fdr/secureurl/refreshmenu.aspx</Path>
    <User>SARSGOV\s2024134</User>
    <Url>http://localhost/fdr/secureurl/refreshmenu.aspx</Url>
    <Time>12:14:35 PM +02</Time>
  </SystemRequest>
  <SystemRequest>
    <RequestTime>2018-03-15</RequestTime>
    <Path>/fdr/secureurl/refreshmenu.aspx</Path>
    <User>SARSGOV\s2024134</User>
    <Url>http://localhost/fdr/secureurl/refreshmenu.aspx</Url>
    <Time>12:14:38 PM +02</Time>
  </SystemRequest>
  <SystemRequest>
    <RequestTime>2018-03-15</RequestTime>
    <Path>/fdr/Default.aspx</Path>
    <User>SARSGOV\s2024134</User>
    <Url>http://localhost/fdr/Default.aspx</Url>
    <Time>12:14:41 PM +02</Time>
  </SystemRequest>
  <SystemRequest>
    <RequestTime>2018-03-15</RequestTime>
    <Path>/fdr/admin/default2.aspx</Path>
    <User>SARSGOV\s2024134</User>
    <Url>http://localhost/fdr/admin/default2.aspx</Url>
    <Time>12:14:46 PM +02</Time>
  </SystemRequest>
  <SystemRequest>
    <RequestTime>2018-03-15</RequestTime>
    <Path>/fdr/admin/default2.aspx</Path>
    <User>SARSGOV\s2024134</User>
    <Url>http://localhost/fdr/admin/default2.aspx</Url>
    <Time>12:14:53 PM +02</Time>
  </SystemRequest>
  <SystemRequest>
    <RequestTime>2018-03-15</RequestTime>
    <Path>/fdr/admin/default2.aspx</Path>
    <User>SARSGOV\s2024134</User>
    <Url>http://localhost/fdr/admin/default2.aspx</Url>
    <Time>12:14:57 PM +02</Time>
  </SystemRequest>
  <SystemRequest>
    <RequestTime>2018-03-15</RequestTime>
    <Path>/fdr/Default.aspx</Path>
    <User>SARSGOV\s2024134</User>
    <Url>http://localhost/fdr/Default.aspx</Url>
    <Time>12:15:01 PM +02</Time>
  </SystemRequest>
  <SystemRequest>
    <RequestTime>2018-03-15</RequestTime>
    <Path>/fdr/pages/generateoutgoingcbcr.aspx</Path>
    <User>SARSGOV\s2024134</User>
    <Url>http://localhost/fdr/pages/generateoutgoingcbcr.aspx</Url>
    <Time>12:18:52 PM +02</Time>
  </SystemRequest>
  <SystemRequest>
    <RequestTime>2018-03-15</RequestTime>
    <Path>/fdr/admin/default2.aspx</Path>
    <User>SARSGOV\s2024134</User>
    <Url>http://localhost/fdr/admin/default2.aspx</Url>
    <Time>12:19:15 PM +02</Time>
  </SystemRequest>
  <SystemRequest>
    <RequestTime>2018-03-15</RequestTime>
    <Path>/fdr/admin/default2.aspx</Path>
    <User>SARSGOV\s2024134</User>
    <Url>http://localhost/fdr/admin/default2.aspx</Url>
    <Time>12:19:23 PM +02</Time>
  </SystemRequest>
  <SystemRequest>
    <RequestTime>2018-03-15</RequestTime>
    <Path>/fdr/admin/default2.aspx</Path>
    <User>SARSGOV\s2024134</User>
    <Url>http://localhost/fdr/admin/default2.aspx</Url>
    <Time>12:19:24 PM +02</Time>
  </SystemRequest>
  <SystemRequest>
    <RequestTime>2018-03-15</RequestTime>
    <Path>/fdr/secureurl/menu.aspx</Path>
    <User>SARSGOV\s2024134</User>
    <Url>http://localhost/fdr/secureurl/menu.aspx</Url>
    <Time>12:19:28 PM +02</Time>
  </SystemRequest>
  <SystemRequest>
    <RequestTime>2018-03-15</RequestTime>
    <Path>/fdr/secureurl/MapUrlToFunction.aspx</Path>
    <User>SARSGOV\s2024134</User>
    <Url>http://localhost/fdr/secureurl/MapUrlToFunction.aspx</Url>
    <Time>12:19:32 PM +02</Time>
  </SystemRequest>
  <SystemRequest>
    <RequestTime>2018-03-15</RequestTime>
    <Path>/fdr/secureurl/MapUrlToFunction.aspx</Path>
    <User>SARSGOV\s2024134</User>
    <Url>http://localhost/fdr/secureurl/MapUrlToFunction.aspx</Url>
    <Time>12:19:36 PM +02</Time>
  </SystemRequest>
  <SystemRequest>
    <RequestTime>2018-03-15</RequestTime>
    <Path>/fdr/secureurl/MapUrlToFunction.aspx</Path>
    <User>SARSGOV\s2024134</User>
    <Url>http://localhost/fdr/secureurl/MapUrlToFunction.aspx</Url>
    <Time>12:19:45 PM +02</Time>
  </SystemRequest>
</ArrayOfSystemRequest>